[2026-05-16T23:36:38.974+0000] {processor.py:186} INFO - Started process (PID=75) to work on /home/airflow/.local/lib/python3.12/site-packages/airflow/example_dags/example_dataset_alias_with_no_taskflow.py
[2026-05-16T23:36:38.975+0000] {processor.py:914} INFO - Processing file /home/airflow/.local/lib/python3.12/site-packages/airflow/example_dags/example_dataset_alias_with_no_taskflow.py for tasks to queue
[2026-05-16T23:36:38.977+0000] {logging_mixin.py:190} INFO - [2026-05-16T23:36:38.977+0000] {dagbag.py:588} INFO - Filling up the DagBag from /home/airflow/.local/lib/python3.12/site-packages/airflow/example_dags/example_dataset_alias_with_no_taskflow.py
[2026-05-16T23:36:40.304+0000] {processor.py:925} INFO - DAG(s) 'dataset_s3_bucket_consumer_with_no_taskflow', 'dataset_alias_example_alias_producer_with_no_taskflow', 'dataset_s3_bucket_producer_with_no_taskflow', 'dataset_alias_example_alias_consumer_with_no_taskflow' retrieved from /home/airflow/.local/lib/python3.12/site-packages/airflow/example_dags/example_dataset_alias_with_no_taskflow.py
[2026-05-16T23:36:40.462+0000] {logging_mixin.py:190} INFO - [2026-05-16T23:36:40.456+0000] {override.py:1900} INFO - Created Permission View: can delete on DAG:dataset_s3_bucket_consumer_with_no_taskflow
[2026-05-16T23:36:40.472+0000] {logging_mixin.py:190} INFO - [2026-05-16T23:36:40.472+0000] {override.py:1900} INFO - Created Permission View: can edit on DAG:dataset_s3_bucket_consumer_with_no_taskflow
[2026-05-16T23:36:40.479+0000] {logging_mixin.py:190} INFO - [2026-05-16T23:36:40.479+0000] {override.py:1900} INFO - Created Permission View: can read on DAG:dataset_s3_bucket_consumer_with_no_taskflow
[2026-05-16T23:36:40.487+0000] {logging_mixin.py:190} INFO - [2026-05-16T23:36:40.487+0000] {override.py:1900} INFO - Created Permission View: can delete on DAG Run:dataset_s3_bucket_consumer_with_no_taskflow
[2026-05-16T23:36:40.494+0000] {logging_mixin.py:190} INFO - [2026-05-16T23:36:40.494+0000] {override.py:1900} INFO - Created Permission View: menu access on DAG Run:dataset_s3_bucket_consumer_with_no_taskflow
[2026-05-16T23:36:40.500+0000] {logging_mixin.py:190} INFO - [2026-05-16T23:36:40.500+0000] {override.py:1900} INFO - Created Permission View: can create on DAG Run:dataset_s3_bucket_consumer_with_no_taskflow
[2026-05-16T23:36:40.517+0000] {logging_mixin.py:190} INFO - [2026-05-16T23:36:40.517+0000] {override.py:1900} INFO - Created Permission View: can read on DAG Run:dataset_s3_bucket_consumer_with_no_taskflow
[2026-05-16T23:36:40.532+0000] {logging_mixin.py:190} INFO - [2026-05-16T23:36:40.532+0000] {override.py:1900} INFO - Created Permission View: can delete on DAG:dataset_alias_example_alias_producer_with_no_taskflow
[2026-05-16T23:36:40.539+0000] {logging_mixin.py:190} INFO - [2026-05-16T23:36:40.538+0000] {override.py:1900} INFO - Created Permission View: can edit on DAG:dataset_alias_example_alias_producer_with_no_taskflow
[2026-05-16T23:36:40.545+0000] {logging_mixin.py:190} INFO - [2026-05-16T23:36:40.545+0000] {override.py:1900} INFO - Created Permission View: can read on DAG:dataset_alias_example_alias_producer_with_no_taskflow
[2026-05-16T23:36:40.553+0000] {logging_mixin.py:190} INFO - [2026-05-16T23:36:40.553+0000] {override.py:1900} INFO - Created Permission View: can delete on DAG Run:dataset_alias_example_alias_producer_with_no_taskflow
[2026-05-16T23:36:40.559+0000] {logging_mixin.py:190} INFO - [2026-05-16T23:36:40.559+0000] {override.py:1900} INFO - Created Permission View: menu access on DAG Run:dataset_alias_example_alias_producer_with_no_taskflow
[2026-05-16T23:36:40.580+0000] {logging_mixin.py:190} INFO - [2026-05-16T23:36:40.579+0000] {override.py:1900} INFO - Created Permission View: can create on DAG Run:dataset_alias_example_alias_producer_with_no_taskflow
[2026-05-16T23:36:40.587+0000] {logging_mixin.py:190} INFO - [2026-05-16T23:36:40.587+0000] {override.py:1900} INFO - Created Permission View: can read on DAG Run:dataset_alias_example_alias_producer_with_no_taskflow
[2026-05-16T23:36:40.603+0000] {logging_mixin.py:190} INFO - [2026-05-16T23:36:40.603+0000] {override.py:1900} INFO - Created Permission View: can delete on DAG:dataset_s3_bucket_producer_with_no_taskflow
[2026-05-16T23:36:40.611+0000] {logging_mixin.py:190} INFO - [2026-05-16T23:36:40.611+0000] {override.py:1900} INFO - Created Permission View: can edit on DAG:dataset_s3_bucket_producer_with_no_taskflow
[2026-05-16T23:36:40.619+0000] {logging_mixin.py:190} INFO - [2026-05-16T23:36:40.619+0000] {override.py:1900} INFO - Created Permission View: can read on DAG:dataset_s3_bucket_producer_with_no_taskflow
[2026-05-16T23:36:40.627+0000] {logging_mixin.py:190} INFO - [2026-05-16T23:36:40.627+0000] {override.py:1900} INFO - Created Permission View: can delete on DAG Run:dataset_s3_bucket_producer_with_no_taskflow
[2026-05-16T23:36:40.635+0000] {logging_mixin.py:190} INFO - [2026-05-16T23:36:40.635+0000] {override.py:1900} INFO - Created Permission View: menu access on DAG Run:dataset_s3_bucket_producer_with_no_taskflow
[2026-05-16T23:36:40.643+0000] {logging_mixin.py:190} INFO - [2026-05-16T23:36:40.642+0000] {override.py:1900} INFO - Created Permission View: can create on DAG Run:dataset_s3_bucket_producer_with_no_taskflow
[2026-05-16T23:36:40.650+0000] {logging_mixin.py:190} INFO - [2026-05-16T23:36:40.650+0000] {override.py:1900} INFO - Created Permission View: can read on DAG Run:dataset_s3_bucket_producer_with_no_taskflow
[2026-05-16T23:36:40.670+0000] {logging_mixin.py:190} INFO - [2026-05-16T23:36:40.670+0000] {override.py:1900} INFO - Created Permission View: can delete on DAG:dataset_alias_example_alias_consumer_with_no_taskflow
[2026-05-16T23:36:40.678+0000] {logging_mixin.py:190} INFO - [2026-05-16T23:36:40.678+0000] {override.py:1900} INFO - Created Permission View: can edit on DAG:dataset_alias_example_alias_consumer_with_no_taskflow
[2026-05-16T23:36:40.687+0000] {logging_mixin.py:190} INFO - [2026-05-16T23:36:40.686+0000] {override.py:1900} INFO - Created Permission View: can read on DAG:dataset_alias_example_alias_consumer_with_no_taskflow
[2026-05-16T23:36:40.696+0000] {logging_mixin.py:190} INFO - [2026-05-16T23:36:40.696+0000] {override.py:1900} INFO - Created Permission View: can delete on DAG Run:dataset_alias_example_alias_consumer_with_no_taskflow
[2026-05-16T23:36:40.705+0000] {logging_mixin.py:190} INFO - [2026-05-16T23:36:40.704+0000] {override.py:1900} INFO - Created Permission View: menu access on DAG Run:dataset_alias_example_alias_consumer_with_no_taskflow
[2026-05-16T23:36:40.712+0000] {logging_mixin.py:190} INFO - [2026-05-16T23:36:40.712+0000] {override.py:1900} INFO - Created Permission View: can create on DAG Run:dataset_alias_example_alias_consumer_with_no_taskflow
[2026-05-16T23:36:40.720+0000] {logging_mixin.py:190} INFO - [2026-05-16T23:36:40.719+0000] {override.py:1900} INFO - Created Permission View: can read on DAG Run:dataset_alias_example_alias_consumer_with_no_taskflow
[2026-05-16T23:36:40.720+0000] {logging_mixin.py:190} INFO - [2026-05-16T23:36:40.720+0000] {dag.py:3239} INFO - Sync 4 DAGs
[2026-05-16T23:36:40.735+0000] {logging_mixin.py:190} INFO - [2026-05-16T23:36:40.735+0000] {dag.py:3262} INFO - Creating ORM DAG for dataset_alias_example_alias_consumer_with_no_taskflow
[2026-05-16T23:36:40.737+0000] {logging_mixin.py:190} INFO - [2026-05-16T23:36:40.736+0000] {dag.py:3262} INFO - Creating ORM DAG for dataset_alias_example_alias_producer_with_no_taskflow
[2026-05-16T23:36:40.737+0000] {logging_mixin.py:190} INFO - [2026-05-16T23:36:40.737+0000] {dag.py:3262} INFO - Creating ORM DAG for dataset_s3_bucket_consumer_with_no_taskflow
[2026-05-16T23:36:40.739+0000] {logging_mixin.py:190} INFO - [2026-05-16T23:36:40.738+0000] {dag.py:3262} INFO - Creating ORM DAG for dataset_s3_bucket_producer_with_no_taskflow
[2026-05-16T23:36:40.754+0000] {logging_mixin.py:190} INFO - [2026-05-16T23:36:40.754+0000] {dag.py:4180} INFO - Setting next_dagrun for dataset_alias_example_alias_consumer_with_no_taskflow to None, run_after=None
[2026-05-16T23:36:40.756+0000] {logging_mixin.py:190} INFO - [2026-05-16T23:36:40.756+0000] {dag.py:4180} INFO - Setting next_dagrun for dataset_alias_example_alias_producer_with_no_taskflow to None, run_after=None
[2026-05-16T23:36:40.757+0000] {logging_mixin.py:190} INFO - [2026-05-16T23:36:40.757+0000] {dag.py:4180} INFO - Setting next_dagrun for dataset_s3_bucket_consumer_with_no_taskflow to None, run_after=None
[2026-05-16T23:36:40.758+0000] {logging_mixin.py:190} INFO - [2026-05-16T23:36:40.758+0000] {dag.py:4180} INFO - Setting next_dagrun for dataset_s3_bucket_producer_with_no_taskflow to None, run_after=None
[2026-05-16T23:36:40.796+0000] {processor.py:208} INFO - Processing /home/airflow/.local/lib/python3.12/site-packages/airflow/example_dags/example_dataset_alias_with_no_taskflow.py took 1.844 seconds
