[2026-05-16T23:36:40.125+0000] {processor.py:186} INFO - Started process (PID=77) to work on /home/airflow/.local/lib/python3.12/site-packages/airflow/example_dags/example_external_task_marker_dag.py
[2026-05-16T23:36:40.127+0000] {processor.py:914} INFO - Processing file /home/airflow/.local/lib/python3.12/site-packages/airflow/example_dags/example_external_task_marker_dag.py for tasks to queue
[2026-05-16T23:36:40.129+0000] {logging_mixin.py:190} INFO - [2026-05-16T23:36:40.129+0000] {dagbag.py:588} INFO - Filling up the DagBag from /home/airflow/.local/lib/python3.12/site-packages/airflow/example_dags/example_external_task_marker_dag.py
[2026-05-16T23:36:40.150+0000] {processor.py:925} INFO - DAG(s) 'example_external_task_marker_parent', 'example_external_task_marker_child' retrieved from /home/airflow/.local/lib/python3.12/site-packages/airflow/example_dags/example_external_task_marker_dag.py
[2026-05-16T23:36:40.462+0000] {logging_mixin.py:190} INFO - [2026-05-16T23:36:40.457+0000] {override.py:1900} INFO - Created Permission View: can delete on DAG:example_external_task_marker_parent
[2026-05-16T23:36:40.473+0000] {logging_mixin.py:190} INFO - [2026-05-16T23:36:40.473+0000] {override.py:1900} INFO - Created Permission View: can edit on DAG:example_external_task_marker_parent
[2026-05-16T23:36:40.480+0000] {logging_mixin.py:190} INFO - [2026-05-16T23:36:40.480+0000] {override.py:1900} INFO - Created Permission View: can read on DAG:example_external_task_marker_parent
[2026-05-16T23:36:40.488+0000] {logging_mixin.py:190} INFO - [2026-05-16T23:36:40.488+0000] {override.py:1900} INFO - Created Permission View: can delete on DAG Run:example_external_task_marker_parent
[2026-05-16T23:36:40.495+0000] {logging_mixin.py:190} INFO - [2026-05-16T23:36:40.495+0000] {override.py:1900} INFO - Created Permission View: menu access on DAG Run:example_external_task_marker_parent
[2026-05-16T23:36:40.516+0000] {logging_mixin.py:190} INFO - [2026-05-16T23:36:40.516+0000] {override.py:1900} INFO - Created Permission View: can create on DAG Run:example_external_task_marker_parent
[2026-05-16T23:36:40.523+0000] {logging_mixin.py:190} INFO - [2026-05-16T23:36:40.523+0000] {override.py:1900} INFO - Created Permission View: can read on DAG Run:example_external_task_marker_parent
[2026-05-16T23:36:40.538+0000] {logging_mixin.py:190} INFO - [2026-05-16T23:36:40.538+0000] {override.py:1900} INFO - Created Permission View: can delete on DAG:example_external_task_marker_child
[2026-05-16T23:36:40.546+0000] {logging_mixin.py:190} INFO - [2026-05-16T23:36:40.546+0000] {override.py:1900} INFO - Created Permission View: can edit on DAG:example_external_task_marker_child
[2026-05-16T23:36:40.554+0000] {logging_mixin.py:190} INFO - [2026-05-16T23:36:40.554+0000] {override.py:1900} INFO - Created Permission View: can read on DAG:example_external_task_marker_child
[2026-05-16T23:36:40.562+0000] {logging_mixin.py:190} INFO - [2026-05-16T23:36:40.562+0000] {override.py:1900} INFO - Created Permission View: can delete on DAG Run:example_external_task_marker_child
[2026-05-16T23:36:40.581+0000] {logging_mixin.py:190} INFO - [2026-05-16T23:36:40.581+0000] {override.py:1900} INFO - Created Permission View: menu access on DAG Run:example_external_task_marker_child
[2026-05-16T23:36:40.589+0000] {logging_mixin.py:190} INFO - [2026-05-16T23:36:40.589+0000] {override.py:1900} INFO - Created Permission View: can create on DAG Run:example_external_task_marker_child
[2026-05-16T23:36:40.598+0000] {logging_mixin.py:190} INFO - [2026-05-16T23:36:40.597+0000] {override.py:1900} INFO - Created Permission View: can read on DAG Run:example_external_task_marker_child
[2026-05-16T23:36:40.598+0000] {logging_mixin.py:190} INFO - [2026-05-16T23:36:40.598+0000] {dag.py:3239} INFO - Sync 2 DAGs
[2026-05-16T23:36:40.617+0000] {logging_mixin.py:190} INFO - [2026-05-16T23:36:40.616+0000] {dag.py:3262} INFO - Creating ORM DAG for example_external_task_marker_parent
[2026-05-16T23:36:40.618+0000] {logging_mixin.py:190} INFO - [2026-05-16T23:36:40.617+0000] {dag.py:3262} INFO - Creating ORM DAG for example_external_task_marker_child
[2026-05-16T23:36:40.619+0000] {logging_mixin.py:190} INFO - [2026-05-16T23:36:40.618+0000] {dag.py:4180} INFO - Setting next_dagrun for example_external_task_marker_child to None, run_after=None
[2026-05-16T23:36:40.619+0000] {logging_mixin.py:190} INFO - [2026-05-16T23:36:40.619+0000] {dag.py:4180} INFO - Setting next_dagrun for example_external_task_marker_parent to None, run_after=None
[2026-05-16T23:36:40.643+0000] {processor.py:208} INFO - Processing /home/airflow/.local/lib/python3.12/site-packages/airflow/example_dags/example_external_task_marker_dag.py took 0.528 seconds
