[2026-05-17T00:38:23.651+0000] {processor.py:186} INFO - Started process (PID=103) to work on /home/airflow/.local/lib/python3.12/site-packages/airflow/example_dags/example_task_group.py
[2026-05-17T00:38:23.653+0000] {processor.py:914} INFO - Processing file /home/airflow/.local/lib/python3.12/site-packages/airflow/example_dags/example_task_group.py for tasks to queue
[2026-05-17T00:38:23.660+0000] {logging_mixin.py:190} INFO - [2026-05-17T00:38:23.659+0000] {dagbag.py:588} INFO - Filling up the DagBag from /home/airflow/.local/lib/python3.12/site-packages/airflow/example_dags/example_task_group.py
[2026-05-17T00:38:23.685+0000] {processor.py:925} INFO - DAG(s) 'example_task_group' retrieved from /home/airflow/.local/lib/python3.12/site-packages/airflow/example_dags/example_task_group.py
[2026-05-17T00:38:24.026+0000] {logging_mixin.py:190} INFO - [2026-05-17T00:38:24.021+0000] {override.py:1900} INFO - Created Permission View: can read on DAG:example_task_group
[2026-05-17T00:38:24.072+0000] {logging_mixin.py:190} INFO - [2026-05-17T00:38:24.071+0000] {override.py:1900} INFO - Created Permission View: can edit on DAG:example_task_group
[2026-05-17T00:38:24.102+0000] {logging_mixin.py:190} INFO - [2026-05-17T00:38:24.100+0000] {override.py:1900} INFO - Created Permission View: can delete on DAG:example_task_group
[2026-05-17T00:38:24.140+0000] {logging_mixin.py:190} INFO - [2026-05-17T00:38:24.140+0000] {override.py:1900} INFO - Created Permission View: can read on DAG Run:example_task_group
[2026-05-17T00:38:24.171+0000] {logging_mixin.py:190} INFO - [2026-05-17T00:38:24.170+0000] {override.py:1900} INFO - Created Permission View: can create on DAG Run:example_task_group
[2026-05-17T00:38:24.193+0000] {logging_mixin.py:190} INFO - [2026-05-17T00:38:24.192+0000] {override.py:1900} INFO - Created Permission View: can delete on DAG Run:example_task_group
[2026-05-17T00:38:24.226+0000] {logging_mixin.py:190} INFO - [2026-05-17T00:38:24.225+0000] {override.py:1900} INFO - Created Permission View: menu access on DAG Run:example_task_group
[2026-05-17T00:38:24.227+0000] {logging_mixin.py:190} INFO - [2026-05-17T00:38:24.227+0000] {dag.py:3239} INFO - Sync 1 DAGs
[2026-05-17T00:38:24.261+0000] {logging_mixin.py:190} INFO - [2026-05-17T00:38:24.261+0000] {dag.py:3262} INFO - Creating ORM DAG for example_task_group
[2026-05-17T00:38:24.263+0000] {logging_mixin.py:190} INFO - [2026-05-17T00:38:24.263+0000] {dag.py:4180} INFO - Setting next_dagrun for example_task_group to None, run_after=None
[2026-05-17T00:38:24.319+0000] {processor.py:208} INFO - Processing /home/airflow/.local/lib/python3.12/site-packages/airflow/example_dags/example_task_group.py took 0.684 seconds
[2026-05-17T00:38:55.646+0000] {processor.py:186} INFO - Started process (PID=165) to work on /home/airflow/.local/lib/python3.12/site-packages/airflow/example_dags/example_task_group.py
[2026-05-17T00:38:55.650+0000] {processor.py:914} INFO - Processing file /home/airflow/.local/lib/python3.12/site-packages/airflow/example_dags/example_task_group.py for tasks to queue
[2026-05-17T00:38:55.658+0000] {logging_mixin.py:190} INFO - [2026-05-17T00:38:55.657+0000] {dagbag.py:588} INFO - Filling up the DagBag from /home/airflow/.local/lib/python3.12/site-packages/airflow/example_dags/example_task_group.py
[2026-05-17T00:38:55.693+0000] {processor.py:925} INFO - DAG(s) 'example_task_group' retrieved from /home/airflow/.local/lib/python3.12/site-packages/airflow/example_dags/example_task_group.py
[2026-05-17T00:38:55.803+0000] {logging_mixin.py:190} INFO - [2026-05-17T00:38:55.803+0000] {dag.py:3239} INFO - Sync 1 DAGs
[2026-05-17T00:38:55.858+0000] {logging_mixin.py:190} INFO - [2026-05-17T00:38:55.857+0000] {dag.py:4180} INFO - Setting next_dagrun for example_task_group to None, run_after=None
[2026-05-17T00:38:55.937+0000] {processor.py:208} INFO - Processing /home/airflow/.local/lib/python3.12/site-packages/airflow/example_dags/example_task_group.py took 0.313 seconds
[2026-05-17T01:21:44.242+0000] {processor.py:186} INFO - Started process (PID=113) to work on /home/airflow/.local/lib/python3.12/site-packages/airflow/example_dags/example_task_group.py
[2026-05-17T01:21:44.244+0000] {processor.py:914} INFO - Processing file /home/airflow/.local/lib/python3.12/site-packages/airflow/example_dags/example_task_group.py for tasks to queue
[2026-05-17T01:21:44.260+0000] {logging_mixin.py:190} INFO - [2026-05-17T01:21:44.259+0000] {dagbag.py:588} INFO - Filling up the DagBag from /home/airflow/.local/lib/python3.12/site-packages/airflow/example_dags/example_task_group.py
[2026-05-17T01:21:44.303+0000] {processor.py:925} INFO - DAG(s) 'example_task_group' retrieved from /home/airflow/.local/lib/python3.12/site-packages/airflow/example_dags/example_task_group.py
[2026-05-17T01:21:44.386+0000] {logging_mixin.py:190} INFO - [2026-05-17T01:21:44.386+0000] {dag.py:3239} INFO - Sync 1 DAGs
[2026-05-17T01:21:44.415+0000] {logging_mixin.py:190} INFO - [2026-05-17T01:21:44.415+0000] {dag.py:4180} INFO - Setting next_dagrun for example_task_group to None, run_after=None
[2026-05-17T01:21:44.477+0000] {processor.py:208} INFO - Processing /home/airflow/.local/lib/python3.12/site-packages/airflow/example_dags/example_task_group.py took 0.257 seconds
[2026-05-17T01:22:50.182+0000] {processor.py:186} INFO - Started process (PID=182) to work on /home/airflow/.local/lib/python3.12/site-packages/airflow/example_dags/example_task_group.py
[2026-05-17T01:22:50.184+0000] {processor.py:914} INFO - Processing file /home/airflow/.local/lib/python3.12/site-packages/airflow/example_dags/example_task_group.py for tasks to queue
[2026-05-17T01:22:50.189+0000] {logging_mixin.py:190} INFO - [2026-05-17T01:22:50.188+0000] {dagbag.py:588} INFO - Filling up the DagBag from /home/airflow/.local/lib/python3.12/site-packages/airflow/example_dags/example_task_group.py
[2026-05-17T01:22:50.208+0000] {processor.py:925} INFO - DAG(s) 'example_task_group' retrieved from /home/airflow/.local/lib/python3.12/site-packages/airflow/example_dags/example_task_group.py
[2026-05-17T01:22:50.266+0000] {logging_mixin.py:190} INFO - [2026-05-17T01:22:50.265+0000] {dag.py:3239} INFO - Sync 1 DAGs
[2026-05-17T01:22:50.299+0000] {logging_mixin.py:190} INFO - [2026-05-17T01:22:50.298+0000] {dag.py:4180} INFO - Setting next_dagrun for example_task_group to None, run_after=None
[2026-05-17T01:22:50.336+0000] {processor.py:208} INFO - Processing /home/airflow/.local/lib/python3.12/site-packages/airflow/example_dags/example_task_group.py took 0.164 seconds
[2026-05-17T01:51:47.935+0000] {processor.py:186} INFO - Started process (PID=268) to work on /home/airflow/.local/lib/python3.12/site-packages/airflow/example_dags/example_task_group.py
[2026-05-17T01:51:47.938+0000] {processor.py:914} INFO - Processing file /home/airflow/.local/lib/python3.12/site-packages/airflow/example_dags/example_task_group.py for tasks to queue
[2026-05-17T01:51:47.941+0000] {logging_mixin.py:190} INFO - [2026-05-17T01:51:47.941+0000] {dagbag.py:588} INFO - Filling up the DagBag from /home/airflow/.local/lib/python3.12/site-packages/airflow/example_dags/example_task_group.py
[2026-05-17T01:51:47.954+0000] {processor.py:925} INFO - DAG(s) 'example_task_group' retrieved from /home/airflow/.local/lib/python3.12/site-packages/airflow/example_dags/example_task_group.py
[2026-05-17T01:51:47.981+0000] {logging_mixin.py:190} INFO - [2026-05-17T01:51:47.981+0000] {dag.py:3239} INFO - Sync 1 DAGs
[2026-05-17T01:51:48.000+0000] {logging_mixin.py:190} INFO - [2026-05-17T01:51:48.000+0000] {dag.py:4180} INFO - Setting next_dagrun for example_task_group to None, run_after=None
[2026-05-17T01:51:48.035+0000] {processor.py:208} INFO - Processing /home/airflow/.local/lib/python3.12/site-packages/airflow/example_dags/example_task_group.py took 0.107 seconds
[2026-05-17T01:55:10.211+0000] {processor.py:186} INFO - Started process (PID=332) to work on /home/airflow/.local/lib/python3.12/site-packages/airflow/example_dags/example_task_group.py
[2026-05-17T01:55:10.223+0000] {processor.py:914} INFO - Processing file /home/airflow/.local/lib/python3.12/site-packages/airflow/example_dags/example_task_group.py for tasks to queue
[2026-05-17T01:55:10.225+0000] {logging_mixin.py:190} INFO - [2026-05-17T01:55:10.224+0000] {dagbag.py:588} INFO - Filling up the DagBag from /home/airflow/.local/lib/python3.12/site-packages/airflow/example_dags/example_task_group.py
[2026-05-17T01:55:10.242+0000] {processor.py:925} INFO - DAG(s) 'example_task_group' retrieved from /home/airflow/.local/lib/python3.12/site-packages/airflow/example_dags/example_task_group.py
[2026-05-17T01:55:10.283+0000] {logging_mixin.py:190} INFO - [2026-05-17T01:55:10.283+0000] {dag.py:3239} INFO - Sync 1 DAGs
[2026-05-17T01:55:10.310+0000] {logging_mixin.py:190} INFO - [2026-05-17T01:55:10.310+0000] {dag.py:4180} INFO - Setting next_dagrun for example_task_group to None, run_after=None
[2026-05-17T01:55:10.341+0000] {processor.py:208} INFO - Processing /home/airflow/.local/lib/python3.12/site-packages/airflow/example_dags/example_task_group.py took 0.140 seconds
[2026-05-17T01:55:45.272+0000] {processor.py:186} INFO - Started process (PID=395) to work on /home/airflow/.local/lib/python3.12/site-packages/airflow/example_dags/example_task_group.py
[2026-05-17T01:55:45.274+0000] {processor.py:914} INFO - Processing file /home/airflow/.local/lib/python3.12/site-packages/airflow/example_dags/example_task_group.py for tasks to queue
[2026-05-17T01:55:45.285+0000] {logging_mixin.py:190} INFO - [2026-05-17T01:55:45.284+0000] {dagbag.py:588} INFO - Filling up the DagBag from /home/airflow/.local/lib/python3.12/site-packages/airflow/example_dags/example_task_group.py
[2026-05-17T01:55:45.301+0000] {processor.py:925} INFO - DAG(s) 'example_task_group' retrieved from /home/airflow/.local/lib/python3.12/site-packages/airflow/example_dags/example_task_group.py
[2026-05-17T01:55:45.336+0000] {logging_mixin.py:190} INFO - [2026-05-17T01:55:45.336+0000] {dag.py:3239} INFO - Sync 1 DAGs
[2026-05-17T01:55:45.358+0000] {logging_mixin.py:190} INFO - [2026-05-17T01:55:45.357+0000] {dag.py:4180} INFO - Setting next_dagrun for example_task_group to None, run_after=None
[2026-05-17T01:55:45.435+0000] {processor.py:208} INFO - Processing /home/airflow/.local/lib/python3.12/site-packages/airflow/example_dags/example_task_group.py took 0.171 seconds
[2026-05-17T01:56:18.706+0000] {processor.py:186} INFO - Started process (PID=452) to work on /home/airflow/.local/lib/python3.12/site-packages/airflow/example_dags/example_task_group.py
[2026-05-17T01:56:18.707+0000] {processor.py:914} INFO - Processing file /home/airflow/.local/lib/python3.12/site-packages/airflow/example_dags/example_task_group.py for tasks to queue
[2026-05-17T01:56:18.709+0000] {logging_mixin.py:190} INFO - [2026-05-17T01:56:18.709+0000] {dagbag.py:588} INFO - Filling up the DagBag from /home/airflow/.local/lib/python3.12/site-packages/airflow/example_dags/example_task_group.py
[2026-05-17T01:56:18.814+0000] {processor.py:925} INFO - DAG(s) 'example_task_group' retrieved from /home/airflow/.local/lib/python3.12/site-packages/airflow/example_dags/example_task_group.py
[2026-05-17T01:56:18.848+0000] {logging_mixin.py:190} INFO - [2026-05-17T01:56:18.848+0000] {dag.py:3239} INFO - Sync 1 DAGs
[2026-05-17T01:56:18.867+0000] {logging_mixin.py:190} INFO - [2026-05-17T01:56:18.866+0000] {dag.py:4180} INFO - Setting next_dagrun for example_task_group to None, run_after=None
[2026-05-17T01:56:18.921+0000] {processor.py:208} INFO - Processing /home/airflow/.local/lib/python3.12/site-packages/airflow/example_dags/example_task_group.py took 0.225 seconds
[2026-05-17T13:16:26.256+0000] {processor.py:186} INFO - Started process (PID=111) to work on /home/airflow/.local/lib/python3.12/site-packages/airflow/example_dags/example_task_group.py
[2026-05-17T13:16:26.261+0000] {processor.py:914} INFO - Processing file /home/airflow/.local/lib/python3.12/site-packages/airflow/example_dags/example_task_group.py for tasks to queue
[2026-05-17T13:16:26.276+0000] {logging_mixin.py:190} INFO - [2026-05-17T13:16:26.274+0000] {dagbag.py:588} INFO - Filling up the DagBag from /home/airflow/.local/lib/python3.12/site-packages/airflow/example_dags/example_task_group.py
[2026-05-17T13:16:26.320+0000] {processor.py:925} INFO - DAG(s) 'example_task_group' retrieved from /home/airflow/.local/lib/python3.12/site-packages/airflow/example_dags/example_task_group.py
[2026-05-17T13:16:26.410+0000] {logging_mixin.py:190} INFO - [2026-05-17T13:16:26.409+0000] {dag.py:3239} INFO - Sync 1 DAGs
[2026-05-17T13:16:26.456+0000] {logging_mixin.py:190} INFO - [2026-05-17T13:16:26.456+0000] {dag.py:4180} INFO - Setting next_dagrun for example_task_group to None, run_after=None
[2026-05-17T13:16:26.519+0000] {processor.py:208} INFO - Processing /home/airflow/.local/lib/python3.12/site-packages/airflow/example_dags/example_task_group.py took 0.288 seconds
[2026-05-17T13:37:30.758+0000] {processor.py:186} INFO - Started process (PID=102) to work on /home/airflow/.local/lib/python3.12/site-packages/airflow/example_dags/example_task_group.py
[2026-05-17T13:37:30.829+0000] {processor.py:914} INFO - Processing file /home/airflow/.local/lib/python3.12/site-packages/airflow/example_dags/example_task_group.py for tasks to queue
[2026-05-17T13:37:30.832+0000] {logging_mixin.py:190} INFO - [2026-05-17T13:37:30.832+0000] {dagbag.py:588} INFO - Filling up the DagBag from /home/airflow/.local/lib/python3.12/site-packages/airflow/example_dags/example_task_group.py
[2026-05-17T13:37:30.840+0000] {processor.py:925} INFO - DAG(s) 'example_task_group' retrieved from /home/airflow/.local/lib/python3.12/site-packages/airflow/example_dags/example_task_group.py
[2026-05-17T13:37:30.864+0000] {logging_mixin.py:190} INFO - [2026-05-17T13:37:30.864+0000] {dag.py:3239} INFO - Sync 1 DAGs
[2026-05-17T13:37:30.888+0000] {logging_mixin.py:190} INFO - [2026-05-17T13:37:30.888+0000] {dag.py:4180} INFO - Setting next_dagrun for example_task_group to None, run_after=None
[2026-05-17T13:37:30.930+0000] {processor.py:208} INFO - Processing /home/airflow/.local/lib/python3.12/site-packages/airflow/example_dags/example_task_group.py took 0.178 seconds
[2026-05-17T13:38:27.367+0000] {processor.py:186} INFO - Started process (PID=159) to work on /home/airflow/.local/lib/python3.12/site-packages/airflow/example_dags/example_task_group.py
[2026-05-17T13:38:27.368+0000] {processor.py:914} INFO - Processing file /home/airflow/.local/lib/python3.12/site-packages/airflow/example_dags/example_task_group.py for tasks to queue
[2026-05-17T13:38:27.370+0000] {logging_mixin.py:190} INFO - [2026-05-17T13:38:27.370+0000] {dagbag.py:588} INFO - Filling up the DagBag from /home/airflow/.local/lib/python3.12/site-packages/airflow/example_dags/example_task_group.py
[2026-05-17T13:38:27.382+0000] {processor.py:925} INFO - DAG(s) 'example_task_group' retrieved from /home/airflow/.local/lib/python3.12/site-packages/airflow/example_dags/example_task_group.py
[2026-05-17T13:38:27.410+0000] {logging_mixin.py:190} INFO - [2026-05-17T13:38:27.410+0000] {dag.py:3239} INFO - Sync 1 DAGs
[2026-05-17T13:38:27.429+0000] {logging_mixin.py:190} INFO - [2026-05-17T13:38:27.429+0000] {dag.py:4180} INFO - Setting next_dagrun for example_task_group to None, run_after=None
[2026-05-17T13:38:27.452+0000] {processor.py:208} INFO - Processing /home/airflow/.local/lib/python3.12/site-packages/airflow/example_dags/example_task_group.py took 0.091 seconds
[2026-05-17T13:50:55.808+0000] {processor.py:186} INFO - Started process (PID=106) to work on /home/airflow/.local/lib/python3.12/site-packages/airflow/example_dags/example_task_group.py
[2026-05-17T13:50:55.811+0000] {processor.py:914} INFO - Processing file /home/airflow/.local/lib/python3.12/site-packages/airflow/example_dags/example_task_group.py for tasks to queue
[2026-05-17T13:50:55.821+0000] {logging_mixin.py:190} INFO - [2026-05-17T13:50:55.820+0000] {dagbag.py:588} INFO - Filling up the DagBag from /home/airflow/.local/lib/python3.12/site-packages/airflow/example_dags/example_task_group.py
[2026-05-17T13:50:55.853+0000] {processor.py:925} INFO - DAG(s) 'example_task_group' retrieved from /home/airflow/.local/lib/python3.12/site-packages/airflow/example_dags/example_task_group.py
[2026-05-17T13:50:55.926+0000] {logging_mixin.py:190} INFO - [2026-05-17T13:50:55.925+0000] {dag.py:3239} INFO - Sync 1 DAGs
[2026-05-17T13:50:56.152+0000] {logging_mixin.py:190} INFO - [2026-05-17T13:50:56.151+0000] {dag.py:4180} INFO - Setting next_dagrun for example_task_group to None, run_after=None
[2026-05-17T13:50:56.279+0000] {processor.py:208} INFO - Processing /home/airflow/.local/lib/python3.12/site-packages/airflow/example_dags/example_task_group.py took 0.485 seconds
[2026-05-17T16:13:01.945+0000] {processor.py:186} INFO - Started process (PID=114) to work on /home/airflow/.local/lib/python3.12/site-packages/airflow/example_dags/example_task_group.py
[2026-05-17T16:13:01.951+0000] {processor.py:914} INFO - Processing file /home/airflow/.local/lib/python3.12/site-packages/airflow/example_dags/example_task_group.py for tasks to queue
[2026-05-17T16:13:01.976+0000] {logging_mixin.py:190} INFO - [2026-05-17T16:13:01.975+0000] {dagbag.py:588} INFO - Filling up the DagBag from /home/airflow/.local/lib/python3.12/site-packages/airflow/example_dags/example_task_group.py
[2026-05-17T16:13:02.014+0000] {processor.py:925} INFO - DAG(s) 'example_task_group' retrieved from /home/airflow/.local/lib/python3.12/site-packages/airflow/example_dags/example_task_group.py
[2026-05-17T16:13:02.101+0000] {logging_mixin.py:190} INFO - [2026-05-17T16:13:02.100+0000] {dag.py:3239} INFO - Sync 1 DAGs
[2026-05-17T16:13:02.184+0000] {logging_mixin.py:190} INFO - [2026-05-17T16:13:02.183+0000] {dag.py:4180} INFO - Setting next_dagrun for example_task_group to None, run_after=None
[2026-05-17T16:13:02.267+0000] {processor.py:208} INFO - Processing /home/airflow/.local/lib/python3.12/site-packages/airflow/example_dags/example_task_group.py took 0.347 seconds
[2026-05-17T16:23:29.658+0000] {processor.py:186} INFO - Started process (PID=106) to work on /home/airflow/.local/lib/python3.12/site-packages/airflow/example_dags/example_task_group.py
[2026-05-17T16:23:29.669+0000] {processor.py:914} INFO - Processing file /home/airflow/.local/lib/python3.12/site-packages/airflow/example_dags/example_task_group.py for tasks to queue
[2026-05-17T16:23:29.688+0000] {logging_mixin.py:190} INFO - [2026-05-17T16:23:29.684+0000] {dagbag.py:588} INFO - Filling up the DagBag from /home/airflow/.local/lib/python3.12/site-packages/airflow/example_dags/example_task_group.py
[2026-05-17T16:23:29.834+0000] {processor.py:925} INFO - DAG(s) 'example_task_group' retrieved from /home/airflow/.local/lib/python3.12/site-packages/airflow/example_dags/example_task_group.py
[2026-05-17T16:23:29.958+0000] {logging_mixin.py:190} INFO - [2026-05-17T16:23:29.957+0000] {dag.py:3239} INFO - Sync 1 DAGs
[2026-05-17T16:23:30.030+0000] {logging_mixin.py:190} INFO - [2026-05-17T16:23:30.025+0000] {dag.py:4180} INFO - Setting next_dagrun for example_task_group to None, run_after=None
[2026-05-17T16:23:30.108+0000] {processor.py:208} INFO - Processing /home/airflow/.local/lib/python3.12/site-packages/airflow/example_dags/example_task_group.py took 0.481 seconds
[2026-05-17T16:24:22.197+0000] {processor.py:186} INFO - Started process (PID=163) to work on /home/airflow/.local/lib/python3.12/site-packages/airflow/example_dags/example_task_group.py
[2026-05-17T16:24:22.200+0000] {processor.py:914} INFO - Processing file /home/airflow/.local/lib/python3.12/site-packages/airflow/example_dags/example_task_group.py for tasks to queue
[2026-05-17T16:24:22.204+0000] {logging_mixin.py:190} INFO - [2026-05-17T16:24:22.203+0000] {dagbag.py:588} INFO - Filling up the DagBag from /home/airflow/.local/lib/python3.12/site-packages/airflow/example_dags/example_task_group.py
[2026-05-17T16:24:22.245+0000] {processor.py:925} INFO - DAG(s) 'example_task_group' retrieved from /home/airflow/.local/lib/python3.12/site-packages/airflow/example_dags/example_task_group.py
[2026-05-17T16:24:22.310+0000] {logging_mixin.py:190} INFO - [2026-05-17T16:24:22.310+0000] {dag.py:3239} INFO - Sync 1 DAGs
[2026-05-17T16:24:22.363+0000] {logging_mixin.py:190} INFO - [2026-05-17T16:24:22.363+0000] {dag.py:4180} INFO - Setting next_dagrun for example_task_group to None, run_after=None
[2026-05-17T16:24:22.450+0000] {processor.py:208} INFO - Processing /home/airflow/.local/lib/python3.12/site-packages/airflow/example_dags/example_task_group.py took 0.272 seconds
[2026-05-17T18:14:43.175+0000] {processor.py:186} INFO - Started process (PID=109) to work on /home/airflow/.local/lib/python3.12/site-packages/airflow/example_dags/example_task_group.py
[2026-05-17T18:14:43.179+0000] {processor.py:914} INFO - Processing file /home/airflow/.local/lib/python3.12/site-packages/airflow/example_dags/example_task_group.py for tasks to queue
[2026-05-17T18:14:43.197+0000] {logging_mixin.py:190} INFO - [2026-05-17T18:14:43.196+0000] {dagbag.py:588} INFO - Filling up the DagBag from /home/airflow/.local/lib/python3.12/site-packages/airflow/example_dags/example_task_group.py
[2026-05-17T18:14:43.273+0000] {processor.py:925} INFO - DAG(s) 'example_task_group' retrieved from /home/airflow/.local/lib/python3.12/site-packages/airflow/example_dags/example_task_group.py
[2026-05-17T18:14:43.375+0000] {logging_mixin.py:190} INFO - [2026-05-17T18:14:43.374+0000] {dag.py:3239} INFO - Sync 1 DAGs
[2026-05-17T18:14:43.409+0000] {logging_mixin.py:190} INFO - [2026-05-17T18:14:43.409+0000] {dag.py:4180} INFO - Setting next_dagrun for example_task_group to None, run_after=None
[2026-05-17T18:14:43.492+0000] {processor.py:208} INFO - Processing /home/airflow/.local/lib/python3.12/site-packages/airflow/example_dags/example_task_group.py took 0.336 seconds
[2026-05-17T18:15:40.279+0000] {processor.py:186} INFO - Started process (PID=179) to work on /home/airflow/.local/lib/python3.12/site-packages/airflow/example_dags/example_task_group.py
[2026-05-17T18:15:40.288+0000] {processor.py:914} INFO - Processing file /home/airflow/.local/lib/python3.12/site-packages/airflow/example_dags/example_task_group.py for tasks to queue
[2026-05-17T18:15:40.300+0000] {logging_mixin.py:190} INFO - [2026-05-17T18:15:40.300+0000] {dagbag.py:588} INFO - Filling up the DagBag from /home/airflow/.local/lib/python3.12/site-packages/airflow/example_dags/example_task_group.py
[2026-05-17T18:15:40.342+0000] {processor.py:925} INFO - DAG(s) 'example_task_group' retrieved from /home/airflow/.local/lib/python3.12/site-packages/airflow/example_dags/example_task_group.py
[2026-05-17T18:15:40.425+0000] {logging_mixin.py:190} INFO - [2026-05-17T18:15:40.425+0000] {dag.py:3239} INFO - Sync 1 DAGs
[2026-05-17T18:15:40.474+0000] {logging_mixin.py:190} INFO - [2026-05-17T18:15:40.473+0000] {dag.py:4180} INFO - Setting next_dagrun for example_task_group to None, run_after=None
[2026-05-17T18:15:40.549+0000] {processor.py:208} INFO - Processing /home/airflow/.local/lib/python3.12/site-packages/airflow/example_dags/example_task_group.py took 0.299 seconds
[2026-05-17T18:23:08.030+0000] {processor.py:186} INFO - Started process (PID=106) to work on /home/airflow/.local/lib/python3.12/site-packages/airflow/example_dags/example_task_group.py
[2026-05-17T18:23:08.038+0000] {processor.py:914} INFO - Processing file /home/airflow/.local/lib/python3.12/site-packages/airflow/example_dags/example_task_group.py for tasks to queue
[2026-05-17T18:23:08.044+0000] {logging_mixin.py:190} INFO - [2026-05-17T18:23:08.044+0000] {dagbag.py:588} INFO - Filling up the DagBag from /home/airflow/.local/lib/python3.12/site-packages/airflow/example_dags/example_task_group.py
[2026-05-17T18:23:08.066+0000] {processor.py:925} INFO - DAG(s) 'example_task_group' retrieved from /home/airflow/.local/lib/python3.12/site-packages/airflow/example_dags/example_task_group.py
[2026-05-17T18:23:08.136+0000] {logging_mixin.py:190} INFO - [2026-05-17T18:23:08.136+0000] {dag.py:3239} INFO - Sync 1 DAGs
[2026-05-17T18:23:08.182+0000] {logging_mixin.py:190} INFO - [2026-05-17T18:23:08.180+0000] {dag.py:4180} INFO - Setting next_dagrun for example_task_group to None, run_after=None
[2026-05-17T18:23:08.262+0000] {processor.py:208} INFO - Processing /home/airflow/.local/lib/python3.12/site-packages/airflow/example_dags/example_task_group.py took 0.250 seconds
