[2026-05-17T00:38:18.741+0000] {processor.py:186} INFO - Started process (PID=92) to work on /home/airflow/.local/lib/python3.12/site-packages/airflow/example_dags/example_nested_branch_dag.py
[2026-05-17T00:38:18.745+0000] {processor.py:914} INFO - Processing file /home/airflow/.local/lib/python3.12/site-packages/airflow/example_dags/example_nested_branch_dag.py for tasks to queue
[2026-05-17T00:38:18.751+0000] {logging_mixin.py:190} INFO - [2026-05-17T00:38:18.751+0000] {dagbag.py:588} INFO - Filling up the DagBag from /home/airflow/.local/lib/python3.12/site-packages/airflow/example_dags/example_nested_branch_dag.py
[2026-05-17T00:38:18.793+0000] {processor.py:925} INFO - DAG(s) 'example_nested_branch_dag' retrieved from /home/airflow/.local/lib/python3.12/site-packages/airflow/example_dags/example_nested_branch_dag.py
[2026-05-17T00:38:18.868+0000] {logging_mixin.py:190} INFO - [2026-05-17T00:38:18.867+0000] {dag.py:3239} INFO - Sync 1 DAGs
[2026-05-17T00:38:18.958+0000] {logging_mixin.py:190} INFO - [2026-05-17T00:38:18.957+0000] {dag.py:4180} INFO - Setting next_dagrun for example_nested_branch_dag to 2026-05-16 00:00:00+00:00, run_after=2026-05-17 00:00:00+00:00
[2026-05-17T00:38:19.009+0000] {processor.py:208} INFO - Processing /home/airflow/.local/lib/python3.12/site-packages/airflow/example_dags/example_nested_branch_dag.py took 0.288 seconds
[2026-05-17T00:38:50.675+0000] {processor.py:186} INFO - Started process (PID=154) to work on /home/airflow/.local/lib/python3.12/site-packages/airflow/example_dags/example_nested_branch_dag.py
[2026-05-17T00:38:50.678+0000] {processor.py:914} INFO - Processing file /home/airflow/.local/lib/python3.12/site-packages/airflow/example_dags/example_nested_branch_dag.py for tasks to queue
[2026-05-17T00:38:50.693+0000] {logging_mixin.py:190} INFO - [2026-05-17T00:38:50.691+0000] {dagbag.py:588} INFO - Filling up the DagBag from /home/airflow/.local/lib/python3.12/site-packages/airflow/example_dags/example_nested_branch_dag.py
[2026-05-17T00:38:50.760+0000] {processor.py:925} INFO - DAG(s) 'example_nested_branch_dag' retrieved from /home/airflow/.local/lib/python3.12/site-packages/airflow/example_dags/example_nested_branch_dag.py
[2026-05-17T00:38:51.693+0000] {logging_mixin.py:190} INFO - [2026-05-17T00:38:51.681+0000] {dag.py:3239} INFO - Sync 1 DAGs
[2026-05-17T00:38:51.770+0000] {logging_mixin.py:190} INFO - [2026-05-17T00:38:51.769+0000] {dag.py:4180} INFO - Setting next_dagrun for example_nested_branch_dag to 2026-05-16 00:00:00+00:00, run_after=2026-05-17 00:00:00+00:00
[2026-05-17T00:38:51.827+0000] {processor.py:208} INFO - Processing /home/airflow/.local/lib/python3.12/site-packages/airflow/example_dags/example_nested_branch_dag.py took 1.201 seconds
[2026-05-17T01:21:40.904+0000] {processor.py:186} INFO - Started process (PID=102) to work on /home/airflow/.local/lib/python3.12/site-packages/airflow/example_dags/example_nested_branch_dag.py
[2026-05-17T01:21:40.912+0000] {processor.py:914} INFO - Processing file /home/airflow/.local/lib/python3.12/site-packages/airflow/example_dags/example_nested_branch_dag.py for tasks to queue
[2026-05-17T01:21:40.938+0000] {logging_mixin.py:190} INFO - [2026-05-17T01:21:40.937+0000] {dagbag.py:588} INFO - Filling up the DagBag from /home/airflow/.local/lib/python3.12/site-packages/airflow/example_dags/example_nested_branch_dag.py
[2026-05-17T01:21:41.016+0000] {processor.py:925} INFO - DAG(s) 'example_nested_branch_dag' retrieved from /home/airflow/.local/lib/python3.12/site-packages/airflow/example_dags/example_nested_branch_dag.py
[2026-05-17T01:21:41.087+0000] {logging_mixin.py:190} INFO - [2026-05-17T01:21:41.086+0000] {dag.py:3239} INFO - Sync 1 DAGs
[2026-05-17T01:21:41.179+0000] {logging_mixin.py:190} INFO - [2026-05-17T01:21:41.179+0000] {dag.py:4180} INFO - Setting next_dagrun for example_nested_branch_dag to 2026-05-16 00:00:00+00:00, run_after=2026-05-17 00:00:00+00:00
[2026-05-17T01:21:41.236+0000] {processor.py:208} INFO - Processing /home/airflow/.local/lib/python3.12/site-packages/airflow/example_dags/example_nested_branch_dag.py took 0.455 seconds
[2026-05-17T01:22:48.751+0000] {processor.py:186} INFO - Started process (PID=171) to work on /home/airflow/.local/lib/python3.12/site-packages/airflow/example_dags/example_nested_branch_dag.py
[2026-05-17T01:22:48.757+0000] {processor.py:914} INFO - Processing file /home/airflow/.local/lib/python3.12/site-packages/airflow/example_dags/example_nested_branch_dag.py for tasks to queue
[2026-05-17T01:22:48.760+0000] {logging_mixin.py:190} INFO - [2026-05-17T01:22:48.760+0000] {dagbag.py:588} INFO - Filling up the DagBag from /home/airflow/.local/lib/python3.12/site-packages/airflow/example_dags/example_nested_branch_dag.py
[2026-05-17T01:22:48.780+0000] {processor.py:925} INFO - DAG(s) 'example_nested_branch_dag' retrieved from /home/airflow/.local/lib/python3.12/site-packages/airflow/example_dags/example_nested_branch_dag.py
[2026-05-17T01:22:48.822+0000] {logging_mixin.py:190} INFO - [2026-05-17T01:22:48.822+0000] {dag.py:3239} INFO - Sync 1 DAGs
[2026-05-17T01:22:48.870+0000] {logging_mixin.py:190} INFO - [2026-05-17T01:22:48.870+0000] {dag.py:4180} INFO - Setting next_dagrun for example_nested_branch_dag to 2026-05-16 00:00:00+00:00, run_after=2026-05-17 00:00:00+00:00
[2026-05-17T01:22:48.902+0000] {processor.py:208} INFO - Processing /home/airflow/.local/lib/python3.12/site-packages/airflow/example_dags/example_nested_branch_dag.py took 0.158 seconds
[2026-05-17T01:51:46.861+0000] {processor.py:186} INFO - Started process (PID=257) to work on /home/airflow/.local/lib/python3.12/site-packages/airflow/example_dags/example_nested_branch_dag.py
[2026-05-17T01:51:46.863+0000] {processor.py:914} INFO - Processing file /home/airflow/.local/lib/python3.12/site-packages/airflow/example_dags/example_nested_branch_dag.py for tasks to queue
[2026-05-17T01:51:46.866+0000] {logging_mixin.py:190} INFO - [2026-05-17T01:51:46.866+0000] {dagbag.py:588} INFO - Filling up the DagBag from /home/airflow/.local/lib/python3.12/site-packages/airflow/example_dags/example_nested_branch_dag.py
[2026-05-17T01:51:46.882+0000] {processor.py:925} INFO - DAG(s) 'example_nested_branch_dag' retrieved from /home/airflow/.local/lib/python3.12/site-packages/airflow/example_dags/example_nested_branch_dag.py
[2026-05-17T01:51:46.910+0000] {logging_mixin.py:190} INFO - [2026-05-17T01:51:46.910+0000] {dag.py:3239} INFO - Sync 1 DAGs
[2026-05-17T01:51:46.940+0000] {logging_mixin.py:190} INFO - [2026-05-17T01:51:46.940+0000] {dag.py:4180} INFO - Setting next_dagrun for example_nested_branch_dag to 2026-05-16 00:00:00+00:00, run_after=2026-05-17 00:00:00+00:00
[2026-05-17T01:51:46.960+0000] {processor.py:208} INFO - Processing /home/airflow/.local/lib/python3.12/site-packages/airflow/example_dags/example_nested_branch_dag.py took 0.107 seconds
[2026-05-17T01:55:08.641+0000] {processor.py:186} INFO - Started process (PID=321) to work on /home/airflow/.local/lib/python3.12/site-packages/airflow/example_dags/example_nested_branch_dag.py
[2026-05-17T01:55:08.644+0000] {processor.py:914} INFO - Processing file /home/airflow/.local/lib/python3.12/site-packages/airflow/example_dags/example_nested_branch_dag.py for tasks to queue
[2026-05-17T01:55:08.647+0000] {logging_mixin.py:190} INFO - [2026-05-17T01:55:08.647+0000] {dagbag.py:588} INFO - Filling up the DagBag from /home/airflow/.local/lib/python3.12/site-packages/airflow/example_dags/example_nested_branch_dag.py
[2026-05-17T01:55:08.681+0000] {processor.py:925} INFO - DAG(s) 'example_nested_branch_dag' retrieved from /home/airflow/.local/lib/python3.12/site-packages/airflow/example_dags/example_nested_branch_dag.py
[2026-05-17T01:55:08.732+0000] {logging_mixin.py:190} INFO - [2026-05-17T01:55:08.731+0000] {dag.py:3239} INFO - Sync 1 DAGs
[2026-05-17T01:55:08.783+0000] {logging_mixin.py:190} INFO - [2026-05-17T01:55:08.783+0000] {dag.py:4180} INFO - Setting next_dagrun for example_nested_branch_dag to 2026-05-16 00:00:00+00:00, run_after=2026-05-17 00:00:00+00:00
[2026-05-17T01:55:08.818+0000] {processor.py:208} INFO - Processing /home/airflow/.local/lib/python3.12/site-packages/airflow/example_dags/example_nested_branch_dag.py took 0.191 seconds
[2026-05-17T01:55:42.465+0000] {processor.py:186} INFO - Started process (PID=384) to work on /home/airflow/.local/lib/python3.12/site-packages/airflow/example_dags/example_nested_branch_dag.py
[2026-05-17T01:55:42.466+0000] {processor.py:914} INFO - Processing file /home/airflow/.local/lib/python3.12/site-packages/airflow/example_dags/example_nested_branch_dag.py for tasks to queue
[2026-05-17T01:55:42.468+0000] {logging_mixin.py:190} INFO - [2026-05-17T01:55:42.467+0000] {dagbag.py:588} INFO - Filling up the DagBag from /home/airflow/.local/lib/python3.12/site-packages/airflow/example_dags/example_nested_branch_dag.py
[2026-05-17T01:55:42.626+0000] {processor.py:925} INFO - DAG(s) 'example_nested_branch_dag' retrieved from /home/airflow/.local/lib/python3.12/site-packages/airflow/example_dags/example_nested_branch_dag.py
[2026-05-17T01:55:42.656+0000] {logging_mixin.py:190} INFO - [2026-05-17T01:55:42.655+0000] {dag.py:3239} INFO - Sync 1 DAGs
[2026-05-17T01:55:42.690+0000] {logging_mixin.py:190} INFO - [2026-05-17T01:55:42.689+0000] {dag.py:4180} INFO - Setting next_dagrun for example_nested_branch_dag to 2026-05-16 00:00:00+00:00, run_after=2026-05-17 00:00:00+00:00
[2026-05-17T01:55:42.846+0000] {processor.py:208} INFO - Processing /home/airflow/.local/lib/python3.12/site-packages/airflow/example_dags/example_nested_branch_dag.py took 0.390 seconds
[2026-05-17T01:56:16.311+0000] {processor.py:186} INFO - Started process (PID=441) to work on /home/airflow/.local/lib/python3.12/site-packages/airflow/example_dags/example_nested_branch_dag.py
[2026-05-17T01:56:16.314+0000] {processor.py:914} INFO - Processing file /home/airflow/.local/lib/python3.12/site-packages/airflow/example_dags/example_nested_branch_dag.py for tasks to queue
[2026-05-17T01:56:16.316+0000] {logging_mixin.py:190} INFO - [2026-05-17T01:56:16.315+0000] {dagbag.py:588} INFO - Filling up the DagBag from /home/airflow/.local/lib/python3.12/site-packages/airflow/example_dags/example_nested_branch_dag.py
[2026-05-17T01:56:16.433+0000] {processor.py:925} INFO - DAG(s) 'example_nested_branch_dag' retrieved from /home/airflow/.local/lib/python3.12/site-packages/airflow/example_dags/example_nested_branch_dag.py
[2026-05-17T01:56:16.480+0000] {logging_mixin.py:190} INFO - [2026-05-17T01:56:16.480+0000] {dag.py:3239} INFO - Sync 1 DAGs
[2026-05-17T01:56:16.518+0000] {logging_mixin.py:190} INFO - [2026-05-17T01:56:16.518+0000] {dag.py:4180} INFO - Setting next_dagrun for example_nested_branch_dag to 2026-05-16 00:00:00+00:00, run_after=2026-05-17 00:00:00+00:00
[2026-05-17T01:56:16.575+0000] {processor.py:208} INFO - Processing /home/airflow/.local/lib/python3.12/site-packages/airflow/example_dags/example_nested_branch_dag.py took 0.276 seconds
[2026-05-17T13:16:23.404+0000] {processor.py:186} INFO - Started process (PID=100) to work on /home/airflow/.local/lib/python3.12/site-packages/airflow/example_dags/example_nested_branch_dag.py
[2026-05-17T13:16:23.408+0000] {processor.py:914} INFO - Processing file /home/airflow/.local/lib/python3.12/site-packages/airflow/example_dags/example_nested_branch_dag.py for tasks to queue
[2026-05-17T13:16:23.425+0000] {logging_mixin.py:190} INFO - [2026-05-17T13:16:23.423+0000] {dagbag.py:588} INFO - Filling up the DagBag from /home/airflow/.local/lib/python3.12/site-packages/airflow/example_dags/example_nested_branch_dag.py
[2026-05-17T13:16:23.489+0000] {processor.py:925} INFO - DAG(s) 'example_nested_branch_dag' retrieved from /home/airflow/.local/lib/python3.12/site-packages/airflow/example_dags/example_nested_branch_dag.py
[2026-05-17T13:16:23.614+0000] {logging_mixin.py:190} INFO - [2026-05-17T13:16:23.614+0000] {dag.py:3239} INFO - Sync 1 DAGs
[2026-05-17T13:16:23.706+0000] {logging_mixin.py:190} INFO - [2026-05-17T13:16:23.706+0000] {dag.py:4180} INFO - Setting next_dagrun for example_nested_branch_dag to 2026-05-16 00:00:00+00:00, run_after=2026-05-17 00:00:00+00:00
[2026-05-17T13:16:23.768+0000] {processor.py:208} INFO - Processing /home/airflow/.local/lib/python3.12/site-packages/airflow/example_dags/example_nested_branch_dag.py took 0.405 seconds
[2026-05-17T13:37:29.057+0000] {processor.py:186} INFO - Started process (PID=91) to work on /home/airflow/.local/lib/python3.12/site-packages/airflow/example_dags/example_nested_branch_dag.py
[2026-05-17T13:37:29.059+0000] {processor.py:914} INFO - Processing file /home/airflow/.local/lib/python3.12/site-packages/airflow/example_dags/example_nested_branch_dag.py for tasks to queue
[2026-05-17T13:37:29.063+0000] {logging_mixin.py:190} INFO - [2026-05-17T13:37:29.062+0000] {dagbag.py:588} INFO - Filling up the DagBag from /home/airflow/.local/lib/python3.12/site-packages/airflow/example_dags/example_nested_branch_dag.py
[2026-05-17T13:37:29.084+0000] {processor.py:925} INFO - DAG(s) 'example_nested_branch_dag' retrieved from /home/airflow/.local/lib/python3.12/site-packages/airflow/example_dags/example_nested_branch_dag.py
[2026-05-17T13:37:29.137+0000] {logging_mixin.py:190} INFO - [2026-05-17T13:37:29.137+0000] {dag.py:3239} INFO - Sync 1 DAGs
[2026-05-17T13:37:29.187+0000] {logging_mixin.py:190} INFO - [2026-05-17T13:37:29.187+0000] {dag.py:4180} INFO - Setting next_dagrun for example_nested_branch_dag to 2026-05-16 00:00:00+00:00, run_after=2026-05-17 00:00:00+00:00
[2026-05-17T13:37:29.230+0000] {processor.py:208} INFO - Processing /home/airflow/.local/lib/python3.12/site-packages/airflow/example_dags/example_nested_branch_dag.py took 0.184 seconds
[2026-05-17T13:38:26.546+0000] {processor.py:186} INFO - Started process (PID=148) to work on /home/airflow/.local/lib/python3.12/site-packages/airflow/example_dags/example_nested_branch_dag.py
[2026-05-17T13:38:26.547+0000] {processor.py:914} INFO - Processing file /home/airflow/.local/lib/python3.12/site-packages/airflow/example_dags/example_nested_branch_dag.py for tasks to queue
[2026-05-17T13:38:26.548+0000] {logging_mixin.py:190} INFO - [2026-05-17T13:38:26.547+0000] {dagbag.py:588} INFO - Filling up the DagBag from /home/airflow/.local/lib/python3.12/site-packages/airflow/example_dags/example_nested_branch_dag.py
[2026-05-17T13:38:26.561+0000] {processor.py:925} INFO - DAG(s) 'example_nested_branch_dag' retrieved from /home/airflow/.local/lib/python3.12/site-packages/airflow/example_dags/example_nested_branch_dag.py
[2026-05-17T13:38:26.584+0000] {logging_mixin.py:190} INFO - [2026-05-17T13:38:26.584+0000] {dag.py:3239} INFO - Sync 1 DAGs
[2026-05-17T13:38:26.612+0000] {logging_mixin.py:190} INFO - [2026-05-17T13:38:26.612+0000] {dag.py:4180} INFO - Setting next_dagrun for example_nested_branch_dag to 2026-05-16 00:00:00+00:00, run_after=2026-05-17 00:00:00+00:00
[2026-05-17T13:38:26.633+0000] {processor.py:208} INFO - Processing /home/airflow/.local/lib/python3.12/site-packages/airflow/example_dags/example_nested_branch_dag.py took 0.093 seconds
[2026-05-17T13:50:51.648+0000] {processor.py:186} INFO - Started process (PID=95) to work on /home/airflow/.local/lib/python3.12/site-packages/airflow/example_dags/example_nested_branch_dag.py
[2026-05-17T13:50:51.650+0000] {processor.py:914} INFO - Processing file /home/airflow/.local/lib/python3.12/site-packages/airflow/example_dags/example_nested_branch_dag.py for tasks to queue
[2026-05-17T13:50:51.666+0000] {logging_mixin.py:190} INFO - [2026-05-17T13:50:51.666+0000] {dagbag.py:588} INFO - Filling up the DagBag from /home/airflow/.local/lib/python3.12/site-packages/airflow/example_dags/example_nested_branch_dag.py
[2026-05-17T13:50:51.733+0000] {processor.py:925} INFO - DAG(s) 'example_nested_branch_dag' retrieved from /home/airflow/.local/lib/python3.12/site-packages/airflow/example_dags/example_nested_branch_dag.py
[2026-05-17T13:50:51.909+0000] {logging_mixin.py:190} INFO - [2026-05-17T13:50:51.881+0000] {dag.py:3239} INFO - Sync 1 DAGs
[2026-05-17T13:50:52.105+0000] {logging_mixin.py:190} INFO - [2026-05-17T13:50:52.105+0000] {dag.py:4180} INFO - Setting next_dagrun for example_nested_branch_dag to 2026-05-16 00:00:00+00:00, run_after=2026-05-17 00:00:00+00:00
[2026-05-17T13:50:52.278+0000] {processor.py:208} INFO - Processing /home/airflow/.local/lib/python3.12/site-packages/airflow/example_dags/example_nested_branch_dag.py took 0.654 seconds
[2026-05-17T16:12:59.508+0000] {processor.py:186} INFO - Started process (PID=103) to work on /home/airflow/.local/lib/python3.12/site-packages/airflow/example_dags/example_nested_branch_dag.py
[2026-05-17T16:12:59.517+0000] {processor.py:914} INFO - Processing file /home/airflow/.local/lib/python3.12/site-packages/airflow/example_dags/example_nested_branch_dag.py for tasks to queue
[2026-05-17T16:12:59.530+0000] {logging_mixin.py:190} INFO - [2026-05-17T16:12:59.530+0000] {dagbag.py:588} INFO - Filling up the DagBag from /home/airflow/.local/lib/python3.12/site-packages/airflow/example_dags/example_nested_branch_dag.py
[2026-05-17T16:12:59.616+0000] {processor.py:925} INFO - DAG(s) 'example_nested_branch_dag' retrieved from /home/airflow/.local/lib/python3.12/site-packages/airflow/example_dags/example_nested_branch_dag.py
[2026-05-17T16:12:59.728+0000] {logging_mixin.py:190} INFO - [2026-05-17T16:12:59.727+0000] {dag.py:3239} INFO - Sync 1 DAGs
[2026-05-17T16:12:59.805+0000] {logging_mixin.py:190} INFO - [2026-05-17T16:12:59.805+0000] {dag.py:4180} INFO - Setting next_dagrun for example_nested_branch_dag to 2026-05-16 00:00:00+00:00, run_after=2026-05-17 00:00:00+00:00
[2026-05-17T16:12:59.844+0000] {processor.py:208} INFO - Processing /home/airflow/.local/lib/python3.12/site-packages/airflow/example_dags/example_nested_branch_dag.py took 0.379 seconds
[2026-05-17T16:23:24.107+0000] {processor.py:186} INFO - Started process (PID=95) to work on /home/airflow/.local/lib/python3.12/site-packages/airflow/example_dags/example_nested_branch_dag.py
[2026-05-17T16:23:24.112+0000] {processor.py:914} INFO - Processing file /home/airflow/.local/lib/python3.12/site-packages/airflow/example_dags/example_nested_branch_dag.py for tasks to queue
[2026-05-17T16:23:24.117+0000] {logging_mixin.py:190} INFO - [2026-05-17T16:23:24.116+0000] {dagbag.py:588} INFO - Filling up the DagBag from /home/airflow/.local/lib/python3.12/site-packages/airflow/example_dags/example_nested_branch_dag.py
[2026-05-17T16:23:24.183+0000] {processor.py:925} INFO - DAG(s) 'example_nested_branch_dag' retrieved from /home/airflow/.local/lib/python3.12/site-packages/airflow/example_dags/example_nested_branch_dag.py
[2026-05-17T16:23:24.278+0000] {logging_mixin.py:190} INFO - [2026-05-17T16:23:24.278+0000] {dag.py:3239} INFO - Sync 1 DAGs
[2026-05-17T16:23:24.487+0000] {logging_mixin.py:190} INFO - [2026-05-17T16:23:24.484+0000] {dag.py:4180} INFO - Setting next_dagrun for example_nested_branch_dag to 2026-05-16 00:00:00+00:00, run_after=2026-05-17 00:00:00+00:00
[2026-05-17T16:23:24.582+0000] {processor.py:208} INFO - Processing /home/airflow/.local/lib/python3.12/site-packages/airflow/example_dags/example_nested_branch_dag.py took 0.493 seconds
[2026-05-17T16:24:19.752+0000] {processor.py:186} INFO - Started process (PID=152) to work on /home/airflow/.local/lib/python3.12/site-packages/airflow/example_dags/example_nested_branch_dag.py
[2026-05-17T16:24:19.754+0000] {processor.py:914} INFO - Processing file /home/airflow/.local/lib/python3.12/site-packages/airflow/example_dags/example_nested_branch_dag.py for tasks to queue
[2026-05-17T16:24:19.758+0000] {logging_mixin.py:190} INFO - [2026-05-17T16:24:19.757+0000] {dagbag.py:588} INFO - Filling up the DagBag from /home/airflow/.local/lib/python3.12/site-packages/airflow/example_dags/example_nested_branch_dag.py
[2026-05-17T16:24:19.794+0000] {processor.py:925} INFO - DAG(s) 'example_nested_branch_dag' retrieved from /home/airflow/.local/lib/python3.12/site-packages/airflow/example_dags/example_nested_branch_dag.py
[2026-05-17T16:24:19.852+0000] {logging_mixin.py:190} INFO - [2026-05-17T16:24:19.852+0000] {dag.py:3239} INFO - Sync 1 DAGs
[2026-05-17T16:24:19.930+0000] {logging_mixin.py:190} INFO - [2026-05-17T16:24:19.927+0000] {dag.py:4180} INFO - Setting next_dagrun for example_nested_branch_dag to 2026-05-16 00:00:00+00:00, run_after=2026-05-17 00:00:00+00:00
[2026-05-17T16:24:19.993+0000] {processor.py:208} INFO - Processing /home/airflow/.local/lib/python3.12/site-packages/airflow/example_dags/example_nested_branch_dag.py took 0.261 seconds
[2026-05-17T18:14:34.912+0000] {processor.py:186} INFO - Started process (PID=98) to work on /home/airflow/.local/lib/python3.12/site-packages/airflow/example_dags/example_nested_branch_dag.py
[2026-05-17T18:14:34.922+0000] {processor.py:914} INFO - Processing file /home/airflow/.local/lib/python3.12/site-packages/airflow/example_dags/example_nested_branch_dag.py for tasks to queue
[2026-05-17T18:14:34.956+0000] {logging_mixin.py:190} INFO - [2026-05-17T18:14:34.953+0000] {dagbag.py:588} INFO - Filling up the DagBag from /home/airflow/.local/lib/python3.12/site-packages/airflow/example_dags/example_nested_branch_dag.py
[2026-05-17T18:14:35.237+0000] {processor.py:925} INFO - DAG(s) 'example_nested_branch_dag' retrieved from /home/airflow/.local/lib/python3.12/site-packages/airflow/example_dags/example_nested_branch_dag.py
[2026-05-17T18:14:35.517+0000] {logging_mixin.py:190} INFO - [2026-05-17T18:14:35.517+0000] {dag.py:3239} INFO - Sync 1 DAGs
[2026-05-17T18:14:36.005+0000] {logging_mixin.py:190} INFO - [2026-05-17T18:14:36.004+0000] {dag.py:4180} INFO - Setting next_dagrun for example_nested_branch_dag to 2026-05-16 00:00:00+00:00, run_after=2026-05-17 00:00:00+00:00
[2026-05-17T18:14:36.203+0000] {processor.py:208} INFO - Processing /home/airflow/.local/lib/python3.12/site-packages/airflow/example_dags/example_nested_branch_dag.py took 1.402 seconds
[2026-05-17T18:15:38.019+0000] {processor.py:186} INFO - Started process (PID=168) to work on /home/airflow/.local/lib/python3.12/site-packages/airflow/example_dags/example_nested_branch_dag.py
[2026-05-17T18:15:38.027+0000] {processor.py:914} INFO - Processing file /home/airflow/.local/lib/python3.12/site-packages/airflow/example_dags/example_nested_branch_dag.py for tasks to queue
[2026-05-17T18:15:38.037+0000] {logging_mixin.py:190} INFO - [2026-05-17T18:15:38.036+0000] {dagbag.py:588} INFO - Filling up the DagBag from /home/airflow/.local/lib/python3.12/site-packages/airflow/example_dags/example_nested_branch_dag.py
[2026-05-17T18:15:38.090+0000] {processor.py:925} INFO - DAG(s) 'example_nested_branch_dag' retrieved from /home/airflow/.local/lib/python3.12/site-packages/airflow/example_dags/example_nested_branch_dag.py
[2026-05-17T18:15:38.160+0000] {logging_mixin.py:190} INFO - [2026-05-17T18:15:38.159+0000] {dag.py:3239} INFO - Sync 1 DAGs
[2026-05-17T18:15:38.253+0000] {logging_mixin.py:190} INFO - [2026-05-17T18:15:38.253+0000] {dag.py:4180} INFO - Setting next_dagrun for example_nested_branch_dag to 2026-05-16 00:00:00+00:00, run_after=2026-05-17 00:00:00+00:00
[2026-05-17T18:15:38.326+0000] {processor.py:208} INFO - Processing /home/airflow/.local/lib/python3.12/site-packages/airflow/example_dags/example_nested_branch_dag.py took 0.317 seconds
[2026-05-17T18:23:05.671+0000] {processor.py:186} INFO - Started process (PID=95) to work on /home/airflow/.local/lib/python3.12/site-packages/airflow/example_dags/example_nested_branch_dag.py
[2026-05-17T18:23:05.674+0000] {processor.py:914} INFO - Processing file /home/airflow/.local/lib/python3.12/site-packages/airflow/example_dags/example_nested_branch_dag.py for tasks to queue
[2026-05-17T18:23:05.679+0000] {logging_mixin.py:190} INFO - [2026-05-17T18:23:05.678+0000] {dagbag.py:588} INFO - Filling up the DagBag from /home/airflow/.local/lib/python3.12/site-packages/airflow/example_dags/example_nested_branch_dag.py
[2026-05-17T18:23:05.702+0000] {processor.py:925} INFO - DAG(s) 'example_nested_branch_dag' retrieved from /home/airflow/.local/lib/python3.12/site-packages/airflow/example_dags/example_nested_branch_dag.py
[2026-05-17T18:23:05.755+0000] {logging_mixin.py:190} INFO - [2026-05-17T18:23:05.753+0000] {dag.py:3239} INFO - Sync 1 DAGs
[2026-05-17T18:23:05.810+0000] {logging_mixin.py:190} INFO - [2026-05-17T18:23:05.809+0000] {dag.py:4180} INFO - Setting next_dagrun for example_nested_branch_dag to 2026-05-16 00:00:00+00:00, run_after=2026-05-17 00:00:00+00:00
[2026-05-17T18:23:05.861+0000] {processor.py:208} INFO - Processing /home/airflow/.local/lib/python3.12/site-packages/airflow/example_dags/example_nested_branch_dag.py took 0.203 seconds
