[2026-05-17T00:38:22.506+0000] {processor.py:186} INFO - Started process (PID=100) to work on /home/airflow/.local/lib/python3.12/site-packages/airflow/example_dags/example_branch_labels.py
[2026-05-17T00:38:22.514+0000] {processor.py:914} INFO - Processing file /home/airflow/.local/lib/python3.12/site-packages/airflow/example_dags/example_branch_labels.py for tasks to queue
[2026-05-17T00:38:22.527+0000] {logging_mixin.py:190} INFO - [2026-05-17T00:38:22.520+0000] {dagbag.py:588} INFO - Filling up the DagBag from /home/airflow/.local/lib/python3.12/site-packages/airflow/example_dags/example_branch_labels.py
[2026-05-17T00:38:22.586+0000] {processor.py:925} INFO - DAG(s) 'example_branch_labels' retrieved from /home/airflow/.local/lib/python3.12/site-packages/airflow/example_dags/example_branch_labels.py
[2026-05-17T00:38:23.092+0000] {logging_mixin.py:190} INFO - [2026-05-17T00:38:23.091+0000] {override.py:1900} INFO - Created Permission View: can read on DAG:example_branch_labels
[2026-05-17T00:38:23.119+0000] {logging_mixin.py:190} INFO - [2026-05-17T00:38:23.118+0000] {override.py:1900} INFO - Created Permission View: can edit on DAG:example_branch_labels
[2026-05-17T00:38:23.137+0000] {logging_mixin.py:190} INFO - [2026-05-17T00:38:23.136+0000] {override.py:1900} INFO - Created Permission View: can delete on DAG:example_branch_labels
[2026-05-17T00:38:23.170+0000] {logging_mixin.py:190} INFO - [2026-05-17T00:38:23.169+0000] {override.py:1900} INFO - Created Permission View: can read on DAG Run:example_branch_labels
[2026-05-17T00:38:23.192+0000] {logging_mixin.py:190} INFO - [2026-05-17T00:38:23.191+0000] {override.py:1900} INFO - Created Permission View: can create on DAG Run:example_branch_labels
[2026-05-17T00:38:23.213+0000] {logging_mixin.py:190} INFO - [2026-05-17T00:38:23.213+0000] {override.py:1900} INFO - Created Permission View: can delete on DAG Run:example_branch_labels
[2026-05-17T00:38:23.230+0000] {logging_mixin.py:190} INFO - [2026-05-17T00:38:23.229+0000] {override.py:1900} INFO - Created Permission View: menu access on DAG Run:example_branch_labels
[2026-05-17T00:38:23.232+0000] {logging_mixin.py:190} INFO - [2026-05-17T00:38:23.231+0000] {dag.py:3239} INFO - Sync 1 DAGs
[2026-05-17T00:38:23.262+0000] {logging_mixin.py:190} INFO - [2026-05-17T00:38:23.262+0000] {dag.py:3262} INFO - Creating ORM DAG for example_branch_labels
[2026-05-17T00:38:23.289+0000] {logging_mixin.py:190} INFO - [2026-05-17T00:38:23.288+0000] {dag.py:4180} INFO - Setting next_dagrun for example_branch_labels to 2026-05-16 00:00:00+00:00, run_after=2026-05-17 00:00:00+00:00
[2026-05-17T00:38:23.343+0000] {processor.py:208} INFO - Processing /home/airflow/.local/lib/python3.12/site-packages/airflow/example_dags/example_branch_labels.py took 0.867 seconds
[2026-05-17T00:38:54.630+0000] {processor.py:186} INFO - Started process (PID=162) to work on /home/airflow/.local/lib/python3.12/site-packages/airflow/example_dags/example_branch_labels.py
[2026-05-17T00:38:54.632+0000] {processor.py:914} INFO - Processing file /home/airflow/.local/lib/python3.12/site-packages/airflow/example_dags/example_branch_labels.py for tasks to queue
[2026-05-17T00:38:54.641+0000] {logging_mixin.py:190} INFO - [2026-05-17T00:38:54.640+0000] {dagbag.py:588} INFO - Filling up the DagBag from /home/airflow/.local/lib/python3.12/site-packages/airflow/example_dags/example_branch_labels.py
[2026-05-17T00:38:54.679+0000] {processor.py:925} INFO - DAG(s) 'example_branch_labels' retrieved from /home/airflow/.local/lib/python3.12/site-packages/airflow/example_dags/example_branch_labels.py
[2026-05-17T00:38:54.865+0000] {logging_mixin.py:190} INFO - [2026-05-17T00:38:54.864+0000] {dag.py:3239} INFO - Sync 1 DAGs
[2026-05-17T00:38:54.959+0000] {logging_mixin.py:190} INFO - [2026-05-17T00:38:54.958+0000] {dag.py:4180} INFO - Setting next_dagrun for example_branch_labels to 2026-05-16 00:00:00+00:00, run_after=2026-05-17 00:00:00+00:00
[2026-05-17T00:38:55.035+0000] {processor.py:208} INFO - Processing /home/airflow/.local/lib/python3.12/site-packages/airflow/example_dags/example_branch_labels.py took 0.424 seconds
[2026-05-17T01:21:42.864+0000] {processor.py:186} INFO - Started process (PID=110) to work on /home/airflow/.local/lib/python3.12/site-packages/airflow/example_dags/example_branch_labels.py
[2026-05-17T01:21:42.867+0000] {processor.py:914} INFO - Processing file /home/airflow/.local/lib/python3.12/site-packages/airflow/example_dags/example_branch_labels.py for tasks to queue
[2026-05-17T01:21:42.874+0000] {logging_mixin.py:190} INFO - [2026-05-17T01:21:42.873+0000] {dagbag.py:588} INFO - Filling up the DagBag from /home/airflow/.local/lib/python3.12/site-packages/airflow/example_dags/example_branch_labels.py
[2026-05-17T01:21:42.928+0000] {processor.py:925} INFO - DAG(s) 'example_branch_labels' retrieved from /home/airflow/.local/lib/python3.12/site-packages/airflow/example_dags/example_branch_labels.py
[2026-05-17T01:21:42.997+0000] {logging_mixin.py:190} INFO - [2026-05-17T01:21:42.997+0000] {dag.py:3239} INFO - Sync 1 DAGs
[2026-05-17T01:21:43.073+0000] {logging_mixin.py:190} INFO - [2026-05-17T01:21:43.073+0000] {dag.py:4180} INFO - Setting next_dagrun for example_branch_labels to 2026-05-16 00:00:00+00:00, run_after=2026-05-17 00:00:00+00:00
[2026-05-17T01:21:43.333+0000] {processor.py:208} INFO - Processing /home/airflow/.local/lib/python3.12/site-packages/airflow/example_dags/example_branch_labels.py took 0.489 seconds
[2026-05-17T01:22:49.809+0000] {processor.py:186} INFO - Started process (PID=179) to work on /home/airflow/.local/lib/python3.12/site-packages/airflow/example_dags/example_branch_labels.py
[2026-05-17T01:22:49.814+0000] {processor.py:914} INFO - Processing file /home/airflow/.local/lib/python3.12/site-packages/airflow/example_dags/example_branch_labels.py for tasks to queue
[2026-05-17T01:22:49.819+0000] {logging_mixin.py:190} INFO - [2026-05-17T01:22:49.819+0000] {dagbag.py:588} INFO - Filling up the DagBag from /home/airflow/.local/lib/python3.12/site-packages/airflow/example_dags/example_branch_labels.py
[2026-05-17T01:22:49.846+0000] {processor.py:925} INFO - DAG(s) 'example_branch_labels' retrieved from /home/airflow/.local/lib/python3.12/site-packages/airflow/example_dags/example_branch_labels.py
[2026-05-17T01:22:49.888+0000] {logging_mixin.py:190} INFO - [2026-05-17T01:22:49.888+0000] {dag.py:3239} INFO - Sync 1 DAGs
[2026-05-17T01:22:49.944+0000] {logging_mixin.py:190} INFO - [2026-05-17T01:22:49.943+0000] {dag.py:4180} INFO - Setting next_dagrun for example_branch_labels to 2026-05-16 00:00:00+00:00, run_after=2026-05-17 00:00:00+00:00
[2026-05-17T01:22:49.982+0000] {processor.py:208} INFO - Processing /home/airflow/.local/lib/python3.12/site-packages/airflow/example_dags/example_branch_labels.py took 0.180 seconds
[2026-05-17T01:51:47.691+0000] {processor.py:186} INFO - Started process (PID=265) to work on /home/airflow/.local/lib/python3.12/site-packages/airflow/example_dags/example_branch_labels.py
[2026-05-17T01:51:47.705+0000] {processor.py:914} INFO - Processing file /home/airflow/.local/lib/python3.12/site-packages/airflow/example_dags/example_branch_labels.py for tasks to queue
[2026-05-17T01:51:47.711+0000] {logging_mixin.py:190} INFO - [2026-05-17T01:51:47.711+0000] {dagbag.py:588} INFO - Filling up the DagBag from /home/airflow/.local/lib/python3.12/site-packages/airflow/example_dags/example_branch_labels.py
[2026-05-17T01:51:47.732+0000] {processor.py:925} INFO - DAG(s) 'example_branch_labels' retrieved from /home/airflow/.local/lib/python3.12/site-packages/airflow/example_dags/example_branch_labels.py
[2026-05-17T01:51:47.772+0000] {logging_mixin.py:190} INFO - [2026-05-17T01:51:47.771+0000] {dag.py:3239} INFO - Sync 1 DAGs
[2026-05-17T01:51:47.813+0000] {logging_mixin.py:190} INFO - [2026-05-17T01:51:47.813+0000] {dag.py:4180} INFO - Setting next_dagrun for example_branch_labels to 2026-05-16 00:00:00+00:00, run_after=2026-05-17 00:00:00+00:00
[2026-05-17T01:51:47.841+0000] {processor.py:208} INFO - Processing /home/airflow/.local/lib/python3.12/site-packages/airflow/example_dags/example_branch_labels.py took 0.160 seconds
[2026-05-17T01:55:09.854+0000] {processor.py:186} INFO - Started process (PID=329) to work on /home/airflow/.local/lib/python3.12/site-packages/airflow/example_dags/example_branch_labels.py
[2026-05-17T01:55:09.856+0000] {processor.py:914} INFO - Processing file /home/airflow/.local/lib/python3.12/site-packages/airflow/example_dags/example_branch_labels.py for tasks to queue
[2026-05-17T01:55:09.860+0000] {logging_mixin.py:190} INFO - [2026-05-17T01:55:09.857+0000] {dagbag.py:588} INFO - Filling up the DagBag from /home/airflow/.local/lib/python3.12/site-packages/airflow/example_dags/example_branch_labels.py
[2026-05-17T01:55:09.878+0000] {processor.py:925} INFO - DAG(s) 'example_branch_labels' retrieved from /home/airflow/.local/lib/python3.12/site-packages/airflow/example_dags/example_branch_labels.py
[2026-05-17T01:55:09.909+0000] {logging_mixin.py:190} INFO - [2026-05-17T01:55:09.908+0000] {dag.py:3239} INFO - Sync 1 DAGs
[2026-05-17T01:55:09.941+0000] {logging_mixin.py:190} INFO - [2026-05-17T01:55:09.940+0000] {dag.py:4180} INFO - Setting next_dagrun for example_branch_labels to 2026-05-16 00:00:00+00:00, run_after=2026-05-17 00:00:00+00:00
[2026-05-17T01:55:10.000+0000] {processor.py:208} INFO - Processing /home/airflow/.local/lib/python3.12/site-packages/airflow/example_dags/example_branch_labels.py took 0.161 seconds
[2026-05-17T01:55:44.648+0000] {processor.py:186} INFO - Started process (PID=392) to work on /home/airflow/.local/lib/python3.12/site-packages/airflow/example_dags/example_branch_labels.py
[2026-05-17T01:55:44.649+0000] {processor.py:914} INFO - Processing file /home/airflow/.local/lib/python3.12/site-packages/airflow/example_dags/example_branch_labels.py for tasks to queue
[2026-05-17T01:55:44.650+0000] {logging_mixin.py:190} INFO - [2026-05-17T01:55:44.650+0000] {dagbag.py:588} INFO - Filling up the DagBag from /home/airflow/.local/lib/python3.12/site-packages/airflow/example_dags/example_branch_labels.py
[2026-05-17T01:55:44.670+0000] {processor.py:925} INFO - DAG(s) 'example_branch_labels' retrieved from /home/airflow/.local/lib/python3.12/site-packages/airflow/example_dags/example_branch_labels.py
[2026-05-17T01:55:44.826+0000] {logging_mixin.py:190} INFO - [2026-05-17T01:55:44.825+0000] {dag.py:3239} INFO - Sync 1 DAGs
[2026-05-17T01:55:44.862+0000] {logging_mixin.py:190} INFO - [2026-05-17T01:55:44.862+0000] {dag.py:4180} INFO - Setting next_dagrun for example_branch_labels to 2026-05-16 00:00:00+00:00, run_after=2026-05-17 00:00:00+00:00
[2026-05-17T01:55:45.121+0000] {processor.py:208} INFO - Processing /home/airflow/.local/lib/python3.12/site-packages/airflow/example_dags/example_branch_labels.py took 0.481 seconds
[2026-05-17T01:56:17.931+0000] {processor.py:186} INFO - Started process (PID=449) to work on /home/airflow/.local/lib/python3.12/site-packages/airflow/example_dags/example_branch_labels.py
[2026-05-17T01:56:17.934+0000] {processor.py:914} INFO - Processing file /home/airflow/.local/lib/python3.12/site-packages/airflow/example_dags/example_branch_labels.py for tasks to queue
[2026-05-17T01:56:17.937+0000] {logging_mixin.py:190} INFO - [2026-05-17T01:56:17.936+0000] {dagbag.py:588} INFO - Filling up the DagBag from /home/airflow/.local/lib/python3.12/site-packages/airflow/example_dags/example_branch_labels.py
[2026-05-17T01:56:18.023+0000] {processor.py:925} INFO - DAG(s) 'example_branch_labels' retrieved from /home/airflow/.local/lib/python3.12/site-packages/airflow/example_dags/example_branch_labels.py
[2026-05-17T01:56:18.053+0000] {logging_mixin.py:190} INFO - [2026-05-17T01:56:18.053+0000] {dag.py:3239} INFO - Sync 1 DAGs
[2026-05-17T01:56:18.091+0000] {logging_mixin.py:190} INFO - [2026-05-17T01:56:18.090+0000] {dag.py:4180} INFO - Setting next_dagrun for example_branch_labels to 2026-05-16 00:00:00+00:00, run_after=2026-05-17 00:00:00+00:00
[2026-05-17T01:56:18.157+0000] {processor.py:208} INFO - Processing /home/airflow/.local/lib/python3.12/site-packages/airflow/example_dags/example_branch_labels.py took 0.235 seconds
[2026-05-17T13:16:25.691+0000] {processor.py:186} INFO - Started process (PID=108) to work on /home/airflow/.local/lib/python3.12/site-packages/airflow/example_dags/example_branch_labels.py
[2026-05-17T13:16:25.699+0000] {processor.py:914} INFO - Processing file /home/airflow/.local/lib/python3.12/site-packages/airflow/example_dags/example_branch_labels.py for tasks to queue
[2026-05-17T13:16:25.711+0000] {logging_mixin.py:190} INFO - [2026-05-17T13:16:25.709+0000] {dagbag.py:588} INFO - Filling up the DagBag from /home/airflow/.local/lib/python3.12/site-packages/airflow/example_dags/example_branch_labels.py
[2026-05-17T13:16:25.741+0000] {processor.py:925} INFO - DAG(s) 'example_branch_labels' retrieved from /home/airflow/.local/lib/python3.12/site-packages/airflow/example_dags/example_branch_labels.py
[2026-05-17T13:16:25.852+0000] {logging_mixin.py:190} INFO - [2026-05-17T13:16:25.852+0000] {dag.py:3239} INFO - Sync 1 DAGs
[2026-05-17T13:16:25.956+0000] {logging_mixin.py:190} INFO - [2026-05-17T13:16:25.955+0000] {dag.py:4180} INFO - Setting next_dagrun for example_branch_labels to 2026-05-16 00:00:00+00:00, run_after=2026-05-17 00:00:00+00:00
[2026-05-17T13:16:26.044+0000] {processor.py:208} INFO - Processing /home/airflow/.local/lib/python3.12/site-packages/airflow/example_dags/example_branch_labels.py took 0.392 seconds
[2026-05-17T13:37:30.352+0000] {processor.py:186} INFO - Started process (PID=99) to work on /home/airflow/.local/lib/python3.12/site-packages/airflow/example_dags/example_branch_labels.py
[2026-05-17T13:37:30.424+0000] {processor.py:914} INFO - Processing file /home/airflow/.local/lib/python3.12/site-packages/airflow/example_dags/example_branch_labels.py for tasks to queue
[2026-05-17T13:37:30.426+0000] {logging_mixin.py:190} INFO - [2026-05-17T13:37:30.426+0000] {dagbag.py:588} INFO - Filling up the DagBag from /home/airflow/.local/lib/python3.12/site-packages/airflow/example_dags/example_branch_labels.py
[2026-05-17T13:37:30.436+0000] {processor.py:925} INFO - DAG(s) 'example_branch_labels' retrieved from /home/airflow/.local/lib/python3.12/site-packages/airflow/example_dags/example_branch_labels.py
[2026-05-17T13:37:30.454+0000] {logging_mixin.py:190} INFO - [2026-05-17T13:37:30.454+0000] {dag.py:3239} INFO - Sync 1 DAGs
[2026-05-17T13:37:30.475+0000] {logging_mixin.py:190} INFO - [2026-05-17T13:37:30.474+0000] {dag.py:4180} INFO - Setting next_dagrun for example_branch_labels to 2026-05-16 00:00:00+00:00, run_after=2026-05-17 00:00:00+00:00
[2026-05-17T13:37:30.596+0000] {processor.py:208} INFO - Processing /home/airflow/.local/lib/python3.12/site-packages/airflow/example_dags/example_branch_labels.py took 0.251 seconds
[2026-05-17T13:38:27.098+0000] {processor.py:186} INFO - Started process (PID=156) to work on /home/airflow/.local/lib/python3.12/site-packages/airflow/example_dags/example_branch_labels.py
[2026-05-17T13:38:27.099+0000] {processor.py:914} INFO - Processing file /home/airflow/.local/lib/python3.12/site-packages/airflow/example_dags/example_branch_labels.py for tasks to queue
[2026-05-17T13:38:27.101+0000] {logging_mixin.py:190} INFO - [2026-05-17T13:38:27.100+0000] {dagbag.py:588} INFO - Filling up the DagBag from /home/airflow/.local/lib/python3.12/site-packages/airflow/example_dags/example_branch_labels.py
[2026-05-17T13:38:27.114+0000] {processor.py:925} INFO - DAG(s) 'example_branch_labels' retrieved from /home/airflow/.local/lib/python3.12/site-packages/airflow/example_dags/example_branch_labels.py
[2026-05-17T13:38:27.139+0000] {logging_mixin.py:190} INFO - [2026-05-17T13:38:27.139+0000] {dag.py:3239} INFO - Sync 1 DAGs
[2026-05-17T13:38:27.167+0000] {logging_mixin.py:190} INFO - [2026-05-17T13:38:27.167+0000] {dag.py:4180} INFO - Setting next_dagrun for example_branch_labels to 2026-05-16 00:00:00+00:00, run_after=2026-05-17 00:00:00+00:00
[2026-05-17T13:38:27.191+0000] {processor.py:208} INFO - Processing /home/airflow/.local/lib/python3.12/site-packages/airflow/example_dags/example_branch_labels.py took 0.102 seconds
[2026-05-17T13:50:55.081+0000] {processor.py:186} INFO - Started process (PID=103) to work on /home/airflow/.local/lib/python3.12/site-packages/airflow/example_dags/example_branch_labels.py
[2026-05-17T13:50:55.085+0000] {processor.py:914} INFO - Processing file /home/airflow/.local/lib/python3.12/site-packages/airflow/example_dags/example_branch_labels.py for tasks to queue
[2026-05-17T13:50:55.097+0000] {logging_mixin.py:190} INFO - [2026-05-17T13:50:55.097+0000] {dagbag.py:588} INFO - Filling up the DagBag from /home/airflow/.local/lib/python3.12/site-packages/airflow/example_dags/example_branch_labels.py
[2026-05-17T13:50:55.132+0000] {processor.py:925} INFO - DAG(s) 'example_branch_labels' retrieved from /home/airflow/.local/lib/python3.12/site-packages/airflow/example_dags/example_branch_labels.py
[2026-05-17T13:50:55.246+0000] {logging_mixin.py:190} INFO - [2026-05-17T13:50:55.245+0000] {dag.py:3239} INFO - Sync 1 DAGs
[2026-05-17T13:50:55.553+0000] {logging_mixin.py:190} INFO - [2026-05-17T13:50:55.550+0000] {dag.py:4180} INFO - Setting next_dagrun for example_branch_labels to 2026-05-16 00:00:00+00:00, run_after=2026-05-17 00:00:00+00:00
[2026-05-17T13:50:55.622+0000] {processor.py:208} INFO - Processing /home/airflow/.local/lib/python3.12/site-packages/airflow/example_dags/example_branch_labels.py took 0.557 seconds
[2026-05-17T16:13:01.428+0000] {processor.py:186} INFO - Started process (PID=111) to work on /home/airflow/.local/lib/python3.12/site-packages/airflow/example_dags/example_branch_labels.py
[2026-05-17T16:13:01.430+0000] {processor.py:914} INFO - Processing file /home/airflow/.local/lib/python3.12/site-packages/airflow/example_dags/example_branch_labels.py for tasks to queue
[2026-05-17T16:13:01.434+0000] {logging_mixin.py:190} INFO - [2026-05-17T16:13:01.434+0000] {dagbag.py:588} INFO - Filling up the DagBag from /home/airflow/.local/lib/python3.12/site-packages/airflow/example_dags/example_branch_labels.py
[2026-05-17T16:13:01.487+0000] {processor.py:925} INFO - DAG(s) 'example_branch_labels' retrieved from /home/airflow/.local/lib/python3.12/site-packages/airflow/example_dags/example_branch_labels.py
[2026-05-17T16:13:01.529+0000] {logging_mixin.py:190} INFO - [2026-05-17T16:13:01.528+0000] {dag.py:3239} INFO - Sync 1 DAGs
[2026-05-17T16:13:01.588+0000] {logging_mixin.py:190} INFO - [2026-05-17T16:13:01.588+0000] {dag.py:4180} INFO - Setting next_dagrun for example_branch_labels to 2026-05-16 00:00:00+00:00, run_after=2026-05-17 00:00:00+00:00
[2026-05-17T16:13:01.659+0000] {processor.py:208} INFO - Processing /home/airflow/.local/lib/python3.12/site-packages/airflow/example_dags/example_branch_labels.py took 0.249 seconds
[2026-05-17T16:23:28.481+0000] {processor.py:186} INFO - Started process (PID=103) to work on /home/airflow/.local/lib/python3.12/site-packages/airflow/example_dags/example_branch_labels.py
[2026-05-17T16:23:28.486+0000] {processor.py:914} INFO - Processing file /home/airflow/.local/lib/python3.12/site-packages/airflow/example_dags/example_branch_labels.py for tasks to queue
[2026-05-17T16:23:28.506+0000] {logging_mixin.py:190} INFO - [2026-05-17T16:23:28.504+0000] {dagbag.py:588} INFO - Filling up the DagBag from /home/airflow/.local/lib/python3.12/site-packages/airflow/example_dags/example_branch_labels.py
[2026-05-17T16:23:28.601+0000] {processor.py:925} INFO - DAG(s) 'example_branch_labels' retrieved from /home/airflow/.local/lib/python3.12/site-packages/airflow/example_dags/example_branch_labels.py
[2026-05-17T16:23:28.787+0000] {logging_mixin.py:190} INFO - [2026-05-17T16:23:28.787+0000] {dag.py:3239} INFO - Sync 1 DAGs
[2026-05-17T16:23:28.906+0000] {logging_mixin.py:190} INFO - [2026-05-17T16:23:28.905+0000] {dag.py:4180} INFO - Setting next_dagrun for example_branch_labels to 2026-05-16 00:00:00+00:00, run_after=2026-05-17 00:00:00+00:00
[2026-05-17T16:23:28.994+0000] {processor.py:208} INFO - Processing /home/airflow/.local/lib/python3.12/site-packages/airflow/example_dags/example_branch_labels.py took 0.546 seconds
[2026-05-17T16:24:21.583+0000] {processor.py:186} INFO - Started process (PID=160) to work on /home/airflow/.local/lib/python3.12/site-packages/airflow/example_dags/example_branch_labels.py
[2026-05-17T16:24:21.588+0000] {processor.py:914} INFO - Processing file /home/airflow/.local/lib/python3.12/site-packages/airflow/example_dags/example_branch_labels.py for tasks to queue
[2026-05-17T16:24:21.596+0000] {logging_mixin.py:190} INFO - [2026-05-17T16:24:21.596+0000] {dagbag.py:588} INFO - Filling up the DagBag from /home/airflow/.local/lib/python3.12/site-packages/airflow/example_dags/example_branch_labels.py
[2026-05-17T16:24:21.653+0000] {processor.py:925} INFO - DAG(s) 'example_branch_labels' retrieved from /home/airflow/.local/lib/python3.12/site-packages/airflow/example_dags/example_branch_labels.py
[2026-05-17T16:24:21.724+0000] {logging_mixin.py:190} INFO - [2026-05-17T16:24:21.723+0000] {dag.py:3239} INFO - Sync 1 DAGs
[2026-05-17T16:24:21.810+0000] {logging_mixin.py:190} INFO - [2026-05-17T16:24:21.808+0000] {dag.py:4180} INFO - Setting next_dagrun for example_branch_labels to 2026-05-16 00:00:00+00:00, run_after=2026-05-17 00:00:00+00:00
[2026-05-17T16:24:21.864+0000] {processor.py:208} INFO - Processing /home/airflow/.local/lib/python3.12/site-packages/airflow/example_dags/example_branch_labels.py took 0.315 seconds
[2026-05-17T18:14:41.859+0000] {processor.py:186} INFO - Started process (PID=106) to work on /home/airflow/.local/lib/python3.12/site-packages/airflow/example_dags/example_branch_labels.py
[2026-05-17T18:14:41.883+0000] {processor.py:914} INFO - Processing file /home/airflow/.local/lib/python3.12/site-packages/airflow/example_dags/example_branch_labels.py for tasks to queue
[2026-05-17T18:14:41.889+0000] {logging_mixin.py:190} INFO - [2026-05-17T18:14:41.888+0000] {dagbag.py:588} INFO - Filling up the DagBag from /home/airflow/.local/lib/python3.12/site-packages/airflow/example_dags/example_branch_labels.py
[2026-05-17T18:14:42.043+0000] {processor.py:925} INFO - DAG(s) 'example_branch_labels' retrieved from /home/airflow/.local/lib/python3.12/site-packages/airflow/example_dags/example_branch_labels.py
[2026-05-17T18:14:42.335+0000] {logging_mixin.py:190} INFO - [2026-05-17T18:14:42.335+0000] {dag.py:3239} INFO - Sync 1 DAGs
[2026-05-17T18:14:42.537+0000] {logging_mixin.py:190} INFO - [2026-05-17T18:14:42.536+0000] {dag.py:4180} INFO - Setting next_dagrun for example_branch_labels to 2026-05-16 00:00:00+00:00, run_after=2026-05-17 00:00:00+00:00
[2026-05-17T18:14:42.815+0000] {processor.py:208} INFO - Processing /home/airflow/.local/lib/python3.12/site-packages/airflow/example_dags/example_branch_labels.py took 1.057 seconds
[2026-05-17T18:15:39.590+0000] {processor.py:186} INFO - Started process (PID=176) to work on /home/airflow/.local/lib/python3.12/site-packages/airflow/example_dags/example_branch_labels.py
[2026-05-17T18:15:39.594+0000] {processor.py:914} INFO - Processing file /home/airflow/.local/lib/python3.12/site-packages/airflow/example_dags/example_branch_labels.py for tasks to queue
[2026-05-17T18:15:39.606+0000] {logging_mixin.py:190} INFO - [2026-05-17T18:15:39.605+0000] {dagbag.py:588} INFO - Filling up the DagBag from /home/airflow/.local/lib/python3.12/site-packages/airflow/example_dags/example_branch_labels.py
[2026-05-17T18:15:39.644+0000] {processor.py:925} INFO - DAG(s) 'example_branch_labels' retrieved from /home/airflow/.local/lib/python3.12/site-packages/airflow/example_dags/example_branch_labels.py
[2026-05-17T18:15:39.703+0000] {logging_mixin.py:190} INFO - [2026-05-17T18:15:39.702+0000] {dag.py:3239} INFO - Sync 1 DAGs
[2026-05-17T18:15:39.788+0000] {logging_mixin.py:190} INFO - [2026-05-17T18:15:39.788+0000] {dag.py:4180} INFO - Setting next_dagrun for example_branch_labels to 2026-05-16 00:00:00+00:00, run_after=2026-05-17 00:00:00+00:00
[2026-05-17T18:15:39.844+0000] {processor.py:208} INFO - Processing /home/airflow/.local/lib/python3.12/site-packages/airflow/example_dags/example_branch_labels.py took 0.271 seconds
[2026-05-17T18:23:07.135+0000] {processor.py:186} INFO - Started process (PID=103) to work on /home/airflow/.local/lib/python3.12/site-packages/airflow/example_dags/example_branch_labels.py
[2026-05-17T18:23:07.137+0000] {processor.py:914} INFO - Processing file /home/airflow/.local/lib/python3.12/site-packages/airflow/example_dags/example_branch_labels.py for tasks to queue
[2026-05-17T18:23:07.146+0000] {logging_mixin.py:190} INFO - [2026-05-17T18:23:07.145+0000] {dagbag.py:588} INFO - Filling up the DagBag from /home/airflow/.local/lib/python3.12/site-packages/airflow/example_dags/example_branch_labels.py
[2026-05-17T18:23:07.170+0000] {processor.py:925} INFO - DAG(s) 'example_branch_labels' retrieved from /home/airflow/.local/lib/python3.12/site-packages/airflow/example_dags/example_branch_labels.py
[2026-05-17T18:23:07.222+0000] {logging_mixin.py:190} INFO - [2026-05-17T18:23:07.222+0000] {dag.py:3239} INFO - Sync 1 DAGs
[2026-05-17T18:23:07.289+0000] {logging_mixin.py:190} INFO - [2026-05-17T18:23:07.287+0000] {dag.py:4180} INFO - Setting next_dagrun for example_branch_labels to 2026-05-16 00:00:00+00:00, run_after=2026-05-17 00:00:00+00:00
[2026-05-17T18:23:07.358+0000] {processor.py:208} INFO - Processing /home/airflow/.local/lib/python3.12/site-packages/airflow/example_dags/example_branch_labels.py took 0.234 seconds
