[2026-05-17T00:38:14.518+0000] {processor.py:186} INFO - Started process (PID=80) to work on /home/airflow/.local/lib/python3.12/site-packages/airflow/example_dags/example_bash_operator.py
[2026-05-17T00:38:14.520+0000] {processor.py:914} INFO - Processing file /home/airflow/.local/lib/python3.12/site-packages/airflow/example_dags/example_bash_operator.py for tasks to queue
[2026-05-17T00:38:14.527+0000] {logging_mixin.py:190} INFO - [2026-05-17T00:38:14.526+0000] {dagbag.py:588} INFO - Filling up the DagBag from /home/airflow/.local/lib/python3.12/site-packages/airflow/example_dags/example_bash_operator.py
[2026-05-17T00:38:14.564+0000] {processor.py:925} INFO - DAG(s) 'example_bash_operator' retrieved from /home/airflow/.local/lib/python3.12/site-packages/airflow/example_dags/example_bash_operator.py
[2026-05-17T00:38:14.648+0000] {logging_mixin.py:190} INFO - [2026-05-17T00:38:14.648+0000] {dag.py:3239} INFO - Sync 1 DAGs
[2026-05-17T00:38:14.698+0000] {logging_mixin.py:190} INFO - [2026-05-17T00:38:14.697+0000] {dag.py:4180} INFO - Setting next_dagrun for example_bash_operator to 2026-05-16 00:00:00+00:00, run_after=2026-05-17 00:00:00+00:00
[2026-05-17T00:38:14.822+0000] {processor.py:208} INFO - Processing /home/airflow/.local/lib/python3.12/site-packages/airflow/example_dags/example_bash_operator.py took 0.317 seconds
[2026-05-17T00:38:45.112+0000] {processor.py:186} INFO - Started process (PID=141) to work on /home/airflow/.local/lib/python3.12/site-packages/airflow/example_dags/example_bash_operator.py
[2026-05-17T00:38:45.115+0000] {processor.py:914} INFO - Processing file /home/airflow/.local/lib/python3.12/site-packages/airflow/example_dags/example_bash_operator.py for tasks to queue
[2026-05-17T00:38:45.120+0000] {logging_mixin.py:190} INFO - [2026-05-17T00:38:45.120+0000] {dagbag.py:588} INFO - Filling up the DagBag from /home/airflow/.local/lib/python3.12/site-packages/airflow/example_dags/example_bash_operator.py
[2026-05-17T00:38:45.150+0000] {processor.py:925} INFO - DAG(s) 'example_bash_operator' retrieved from /home/airflow/.local/lib/python3.12/site-packages/airflow/example_dags/example_bash_operator.py
[2026-05-17T00:38:45.214+0000] {logging_mixin.py:190} INFO - [2026-05-17T00:38:45.213+0000] {dag.py:3239} INFO - Sync 1 DAGs
[2026-05-17T00:38:45.273+0000] {logging_mixin.py:190} INFO - [2026-05-17T00:38:45.273+0000] {dag.py:4180} INFO - Setting next_dagrun for example_bash_operator to 2026-05-16 00:00:00+00:00, run_after=2026-05-17 00:00:00+00:00
[2026-05-17T00:38:45.315+0000] {processor.py:208} INFO - Processing /home/airflow/.local/lib/python3.12/site-packages/airflow/example_dags/example_bash_operator.py took 0.212 seconds
[2026-05-17T01:18:22.433+0000] {processor.py:186} INFO - Started process (PID=204) to work on /home/airflow/.local/lib/python3.12/site-packages/airflow/example_dags/example_bash_operator.py
[2026-05-17T01:18:22.435+0000] {processor.py:914} INFO - Processing file /home/airflow/.local/lib/python3.12/site-packages/airflow/example_dags/example_bash_operator.py for tasks to queue
[2026-05-17T01:18:22.439+0000] {logging_mixin.py:190} INFO - [2026-05-17T01:18:22.437+0000] {dagbag.py:588} INFO - Filling up the DagBag from /home/airflow/.local/lib/python3.12/site-packages/airflow/example_dags/example_bash_operator.py
[2026-05-17T01:18:22.501+0000] {processor.py:925} INFO - DAG(s) 'example_bash_operator' retrieved from /home/airflow/.local/lib/python3.12/site-packages/airflow/example_dags/example_bash_operator.py
[2026-05-17T01:18:22.774+0000] {logging_mixin.py:190} INFO - [2026-05-17T01:18:22.773+0000] {dag.py:3239} INFO - Sync 1 DAGs
[2026-05-17T01:18:22.829+0000] {logging_mixin.py:190} INFO - [2026-05-17T01:18:22.829+0000] {dag.py:4180} INFO - Setting next_dagrun for example_bash_operator to 2026-05-16 00:00:00+00:00, run_after=2026-05-17 00:00:00+00:00
[2026-05-17T01:18:22.879+0000] {processor.py:208} INFO - Processing /home/airflow/.local/lib/python3.12/site-packages/airflow/example_dags/example_bash_operator.py took 0.457 seconds
[2026-05-17T01:21:20.496+0000] {processor.py:186} INFO - Started process (PID=90) to work on /home/airflow/.local/lib/python3.12/site-packages/airflow/example_dags/example_bash_operator.py
[2026-05-17T01:21:20.509+0000] {processor.py:914} INFO - Processing file /home/airflow/.local/lib/python3.12/site-packages/airflow/example_dags/example_bash_operator.py for tasks to queue
[2026-05-17T01:21:20.572+0000] {logging_mixin.py:190} INFO - [2026-05-17T01:21:20.565+0000] {dagbag.py:588} INFO - Filling up the DagBag from /home/airflow/.local/lib/python3.12/site-packages/airflow/example_dags/example_bash_operator.py
[2026-05-17T01:21:21.704+0000] {processor.py:925} INFO - DAG(s) 'example_bash_operator' retrieved from /home/airflow/.local/lib/python3.12/site-packages/airflow/example_dags/example_bash_operator.py
[2026-05-17T01:21:24.346+0000] {logging_mixin.py:190} INFO - [2026-05-17T01:21:24.346+0000] {dag.py:3239} INFO - Sync 1 DAGs
[2026-05-17T01:21:25.542+0000] {logging_mixin.py:190} INFO - [2026-05-17T01:21:25.542+0000] {dag.py:4180} INFO - Setting next_dagrun for example_bash_operator to 2026-05-16 00:00:00+00:00, run_after=2026-05-17 00:00:00+00:00
[2026-05-17T01:21:27.672+0000] {processor.py:208} INFO - Processing /home/airflow/.local/lib/python3.12/site-packages/airflow/example_dags/example_bash_operator.py took 7.187 seconds
[2026-05-17T01:22:47.357+0000] {processor.py:186} INFO - Started process (PID=159) to work on /home/airflow/.local/lib/python3.12/site-packages/airflow/example_dags/example_bash_operator.py
[2026-05-17T01:22:47.359+0000] {processor.py:914} INFO - Processing file /home/airflow/.local/lib/python3.12/site-packages/airflow/example_dags/example_bash_operator.py for tasks to queue
[2026-05-17T01:22:47.364+0000] {logging_mixin.py:190} INFO - [2026-05-17T01:22:47.364+0000] {dagbag.py:588} INFO - Filling up the DagBag from /home/airflow/.local/lib/python3.12/site-packages/airflow/example_dags/example_bash_operator.py
[2026-05-17T01:22:47.394+0000] {processor.py:925} INFO - DAG(s) 'example_bash_operator' retrieved from /home/airflow/.local/lib/python3.12/site-packages/airflow/example_dags/example_bash_operator.py
[2026-05-17T01:22:47.441+0000] {logging_mixin.py:190} INFO - [2026-05-17T01:22:47.441+0000] {dag.py:3239} INFO - Sync 1 DAGs
[2026-05-17T01:22:47.486+0000] {logging_mixin.py:190} INFO - [2026-05-17T01:22:47.486+0000] {dag.py:4180} INFO - Setting next_dagrun for example_bash_operator to 2026-05-16 00:00:00+00:00, run_after=2026-05-17 00:00:00+00:00
[2026-05-17T01:22:47.536+0000] {processor.py:208} INFO - Processing /home/airflow/.local/lib/python3.12/site-packages/airflow/example_dags/example_bash_operator.py took 0.190 seconds
[2026-05-17T01:23:18.499+0000] {processor.py:186} INFO - Started process (PID=222) to work on /home/airflow/.local/lib/python3.12/site-packages/airflow/example_dags/example_bash_operator.py
[2026-05-17T01:23:18.501+0000] {processor.py:914} INFO - Processing file /home/airflow/.local/lib/python3.12/site-packages/airflow/example_dags/example_bash_operator.py for tasks to queue
[2026-05-17T01:23:18.505+0000] {logging_mixin.py:190} INFO - [2026-05-17T01:23:18.504+0000] {dagbag.py:588} INFO - Filling up the DagBag from /home/airflow/.local/lib/python3.12/site-packages/airflow/example_dags/example_bash_operator.py
[2026-05-17T01:23:18.534+0000] {processor.py:925} INFO - DAG(s) 'example_bash_operator' retrieved from /home/airflow/.local/lib/python3.12/site-packages/airflow/example_dags/example_bash_operator.py
[2026-05-17T01:23:18.609+0000] {logging_mixin.py:190} INFO - [2026-05-17T01:23:18.608+0000] {dag.py:3239} INFO - Sync 1 DAGs
[2026-05-17T01:23:18.668+0000] {logging_mixin.py:190} INFO - [2026-05-17T01:23:18.668+0000] {dag.py:4180} INFO - Setting next_dagrun for example_bash_operator to 2026-05-16 00:00:00+00:00, run_after=2026-05-17 00:00:00+00:00
[2026-05-17T01:23:18.713+0000] {processor.py:208} INFO - Processing /home/airflow/.local/lib/python3.12/site-packages/airflow/example_dags/example_bash_operator.py took 0.225 seconds
[2026-05-17T01:51:44.952+0000] {processor.py:186} INFO - Started process (PID=245) to work on /home/airflow/.local/lib/python3.12/site-packages/airflow/example_dags/example_bash_operator.py
[2026-05-17T01:51:44.980+0000] {processor.py:914} INFO - Processing file /home/airflow/.local/lib/python3.12/site-packages/airflow/example_dags/example_bash_operator.py for tasks to queue
[2026-05-17T01:51:44.984+0000] {logging_mixin.py:190} INFO - [2026-05-17T01:51:44.984+0000] {dagbag.py:588} INFO - Filling up the DagBag from /home/airflow/.local/lib/python3.12/site-packages/airflow/example_dags/example_bash_operator.py
[2026-05-17T01:51:45.009+0000] {processor.py:925} INFO - DAG(s) 'example_bash_operator' retrieved from /home/airflow/.local/lib/python3.12/site-packages/airflow/example_dags/example_bash_operator.py
[2026-05-17T01:51:45.072+0000] {logging_mixin.py:190} INFO - [2026-05-17T01:51:45.072+0000] {dag.py:3239} INFO - Sync 1 DAGs
[2026-05-17T01:51:45.107+0000] {logging_mixin.py:190} INFO - [2026-05-17T01:51:45.107+0000] {dag.py:4180} INFO - Setting next_dagrun for example_bash_operator to 2026-05-16 00:00:00+00:00, run_after=2026-05-17 00:00:00+00:00
[2026-05-17T01:51:45.137+0000] {processor.py:208} INFO - Processing /home/airflow/.local/lib/python3.12/site-packages/airflow/example_dags/example_bash_operator.py took 0.197 seconds
[2026-05-17T01:55:03.781+0000] {processor.py:186} INFO - Started process (PID=303) to work on /home/airflow/.local/lib/python3.12/site-packages/airflow/example_dags/example_bash_operator.py
[2026-05-17T01:55:03.782+0000] {processor.py:914} INFO - Processing file /home/airflow/.local/lib/python3.12/site-packages/airflow/example_dags/example_bash_operator.py for tasks to queue
[2026-05-17T01:55:03.960+0000] {logging_mixin.py:190} INFO - [2026-05-17T01:55:03.783+0000] {dagbag.py:588} INFO - Filling up the DagBag from /home/airflow/.local/lib/python3.12/site-packages/airflow/example_dags/example_bash_operator.py
[2026-05-17T01:55:03.975+0000] {processor.py:925} INFO - DAG(s) 'example_bash_operator' retrieved from /home/airflow/.local/lib/python3.12/site-packages/airflow/example_dags/example_bash_operator.py
[2026-05-17T01:55:04.004+0000] {logging_mixin.py:190} INFO - [2026-05-17T01:55:04.004+0000] {dag.py:3239} INFO - Sync 1 DAGs
[2026-05-17T01:55:04.030+0000] {logging_mixin.py:190} INFO - [2026-05-17T01:55:04.030+0000] {dag.py:4180} INFO - Setting next_dagrun for example_bash_operator to 2026-05-16 00:00:00+00:00, run_after=2026-05-17 00:00:00+00:00
[2026-05-17T01:55:05.581+0000] {processor.py:208} INFO - Processing /home/airflow/.local/lib/python3.12/site-packages/airflow/example_dags/example_bash_operator.py took 1.806 seconds
[2026-05-17T01:55:36.148+0000] {processor.py:186} INFO - Started process (PID=365) to work on /home/airflow/.local/lib/python3.12/site-packages/airflow/example_dags/example_bash_operator.py
[2026-05-17T01:55:36.149+0000] {processor.py:914} INFO - Processing file /home/airflow/.local/lib/python3.12/site-packages/airflow/example_dags/example_bash_operator.py for tasks to queue
[2026-05-17T01:55:36.151+0000] {logging_mixin.py:190} INFO - [2026-05-17T01:55:36.150+0000] {dagbag.py:588} INFO - Filling up the DagBag from /home/airflow/.local/lib/python3.12/site-packages/airflow/example_dags/example_bash_operator.py
[2026-05-17T01:55:36.268+0000] {processor.py:925} INFO - DAG(s) 'example_bash_operator' retrieved from /home/airflow/.local/lib/python3.12/site-packages/airflow/example_dags/example_bash_operator.py
[2026-05-17T01:55:36.294+0000] {logging_mixin.py:190} INFO - [2026-05-17T01:55:36.294+0000] {dag.py:3239} INFO - Sync 1 DAGs
[2026-05-17T01:55:36.323+0000] {logging_mixin.py:190} INFO - [2026-05-17T01:55:36.322+0000] {dag.py:4180} INFO - Setting next_dagrun for example_bash_operator to 2026-05-16 00:00:00+00:00, run_after=2026-05-17 00:00:00+00:00
[2026-05-17T01:55:36.429+0000] {processor.py:208} INFO - Processing /home/airflow/.local/lib/python3.12/site-packages/airflow/example_dags/example_bash_operator.py took 0.287 seconds
[2026-05-17T01:56:07.093+0000] {processor.py:186} INFO - Started process (PID=428) to work on /home/airflow/.local/lib/python3.12/site-packages/airflow/example_dags/example_bash_operator.py
[2026-05-17T01:56:07.095+0000] {processor.py:914} INFO - Processing file /home/airflow/.local/lib/python3.12/site-packages/airflow/example_dags/example_bash_operator.py for tasks to queue
[2026-05-17T01:56:07.099+0000] {logging_mixin.py:190} INFO - [2026-05-17T01:56:07.098+0000] {dagbag.py:588} INFO - Filling up the DagBag from /home/airflow/.local/lib/python3.12/site-packages/airflow/example_dags/example_bash_operator.py
[2026-05-17T01:56:07.128+0000] {processor.py:925} INFO - DAG(s) 'example_bash_operator' retrieved from /home/airflow/.local/lib/python3.12/site-packages/airflow/example_dags/example_bash_operator.py
[2026-05-17T01:56:07.195+0000] {logging_mixin.py:190} INFO - [2026-05-17T01:56:07.194+0000] {dag.py:3239} INFO - Sync 1 DAGs
[2026-05-17T01:56:07.226+0000] {logging_mixin.py:190} INFO - [2026-05-17T01:56:07.226+0000] {dag.py:4180} INFO - Setting next_dagrun for example_bash_operator to 2026-05-16 00:00:00+00:00, run_after=2026-05-17 00:00:00+00:00
[2026-05-17T01:56:07.429+0000] {processor.py:208} INFO - Processing /home/airflow/.local/lib/python3.12/site-packages/airflow/example_dags/example_bash_operator.py took 0.362 seconds
[2026-05-17T02:03:14.497+0000] {processor.py:186} INFO - Started process (PID=484) to work on /home/airflow/.local/lib/python3.12/site-packages/airflow/example_dags/example_bash_operator.py
[2026-05-17T02:03:14.499+0000] {processor.py:914} INFO - Processing file /home/airflow/.local/lib/python3.12/site-packages/airflow/example_dags/example_bash_operator.py for tasks to queue
[2026-05-17T02:03:14.502+0000] {logging_mixin.py:190} INFO - [2026-05-17T02:03:14.501+0000] {dagbag.py:588} INFO - Filling up the DagBag from /home/airflow/.local/lib/python3.12/site-packages/airflow/example_dags/example_bash_operator.py
[2026-05-17T02:03:14.540+0000] {processor.py:925} INFO - DAG(s) 'example_bash_operator' retrieved from /home/airflow/.local/lib/python3.12/site-packages/airflow/example_dags/example_bash_operator.py
[2026-05-17T02:03:14.733+0000] {logging_mixin.py:190} INFO - [2026-05-17T02:03:14.733+0000] {dag.py:3239} INFO - Sync 1 DAGs
[2026-05-17T02:03:14.757+0000] {logging_mixin.py:190} INFO - [2026-05-17T02:03:14.757+0000] {dag.py:4180} INFO - Setting next_dagrun for example_bash_operator to 2026-05-16 00:00:00+00:00, run_after=2026-05-17 00:00:00+00:00
[2026-05-17T02:03:15.317+0000] {processor.py:208} INFO - Processing /home/airflow/.local/lib/python3.12/site-packages/airflow/example_dags/example_bash_operator.py took 0.840 seconds
[2026-05-17T13:16:19.353+0000] {processor.py:186} INFO - Started process (PID=88) to work on /home/airflow/.local/lib/python3.12/site-packages/airflow/example_dags/example_bash_operator.py
[2026-05-17T13:16:19.355+0000] {processor.py:914} INFO - Processing file /home/airflow/.local/lib/python3.12/site-packages/airflow/example_dags/example_bash_operator.py for tasks to queue
[2026-05-17T13:16:19.375+0000] {logging_mixin.py:190} INFO - [2026-05-17T13:16:19.373+0000] {dagbag.py:588} INFO - Filling up the DagBag from /home/airflow/.local/lib/python3.12/site-packages/airflow/example_dags/example_bash_operator.py
[2026-05-17T13:16:19.424+0000] {processor.py:925} INFO - DAG(s) 'example_bash_operator' retrieved from /home/airflow/.local/lib/python3.12/site-packages/airflow/example_dags/example_bash_operator.py
[2026-05-17T13:16:19.584+0000] {logging_mixin.py:190} INFO - [2026-05-17T13:16:19.584+0000] {dag.py:3239} INFO - Sync 1 DAGs
[2026-05-17T13:16:19.668+0000] {logging_mixin.py:190} INFO - [2026-05-17T13:16:19.668+0000] {dag.py:4180} INFO - Setting next_dagrun for example_bash_operator to 2026-05-16 00:00:00+00:00, run_after=2026-05-17 00:00:00+00:00
[2026-05-17T13:16:19.764+0000] {processor.py:208} INFO - Processing /home/airflow/.local/lib/python3.12/site-packages/airflow/example_dags/example_bash_operator.py took 0.427 seconds
[2026-05-17T13:37:25.364+0000] {processor.py:186} INFO - Started process (PID=79) to work on /home/airflow/.local/lib/python3.12/site-packages/airflow/example_dags/example_bash_operator.py
[2026-05-17T13:37:25.368+0000] {processor.py:914} INFO - Processing file /home/airflow/.local/lib/python3.12/site-packages/airflow/example_dags/example_bash_operator.py for tasks to queue
[2026-05-17T13:37:25.374+0000] {logging_mixin.py:190} INFO - [2026-05-17T13:37:25.374+0000] {dagbag.py:588} INFO - Filling up the DagBag from /home/airflow/.local/lib/python3.12/site-packages/airflow/example_dags/example_bash_operator.py
[2026-05-17T13:37:25.414+0000] {processor.py:925} INFO - DAG(s) 'example_bash_operator' retrieved from /home/airflow/.local/lib/python3.12/site-packages/airflow/example_dags/example_bash_operator.py
[2026-05-17T13:37:25.495+0000] {logging_mixin.py:190} INFO - [2026-05-17T13:37:25.494+0000] {dag.py:3239} INFO - Sync 1 DAGs
[2026-05-17T13:37:25.551+0000] {logging_mixin.py:190} INFO - [2026-05-17T13:37:25.551+0000] {dag.py:4180} INFO - Setting next_dagrun for example_bash_operator to 2026-05-16 00:00:00+00:00, run_after=2026-05-17 00:00:00+00:00
[2026-05-17T13:37:25.598+0000] {processor.py:208} INFO - Processing /home/airflow/.local/lib/python3.12/site-packages/airflow/example_dags/example_bash_operator.py took 0.268 seconds
[2026-05-17T13:38:25.736+0000] {processor.py:186} INFO - Started process (PID=136) to work on /home/airflow/.local/lib/python3.12/site-packages/airflow/example_dags/example_bash_operator.py
[2026-05-17T13:38:25.738+0000] {processor.py:914} INFO - Processing file /home/airflow/.local/lib/python3.12/site-packages/airflow/example_dags/example_bash_operator.py for tasks to queue
[2026-05-17T13:38:25.739+0000] {logging_mixin.py:190} INFO - [2026-05-17T13:38:25.739+0000] {dagbag.py:588} INFO - Filling up the DagBag from /home/airflow/.local/lib/python3.12/site-packages/airflow/example_dags/example_bash_operator.py
[2026-05-17T13:38:25.752+0000] {processor.py:925} INFO - DAG(s) 'example_bash_operator' retrieved from /home/airflow/.local/lib/python3.12/site-packages/airflow/example_dags/example_bash_operator.py
[2026-05-17T13:38:25.789+0000] {logging_mixin.py:190} INFO - [2026-05-17T13:38:25.789+0000] {dag.py:3239} INFO - Sync 1 DAGs
[2026-05-17T13:38:25.818+0000] {logging_mixin.py:190} INFO - [2026-05-17T13:38:25.818+0000] {dag.py:4180} INFO - Setting next_dagrun for example_bash_operator to 2026-05-16 00:00:00+00:00, run_after=2026-05-17 00:00:00+00:00
[2026-05-17T13:38:25.840+0000] {processor.py:208} INFO - Processing /home/airflow/.local/lib/python3.12/site-packages/airflow/example_dags/example_bash_operator.py took 0.110 seconds
[2026-05-17T13:50:46.002+0000] {processor.py:186} INFO - Started process (PID=77) to work on /home/airflow/.local/lib/python3.12/site-packages/airflow/example_dags/example_bash_operator.py
[2026-05-17T13:50:46.004+0000] {processor.py:914} INFO - Processing file /home/airflow/.local/lib/python3.12/site-packages/airflow/example_dags/example_bash_operator.py for tasks to queue
[2026-05-17T13:50:46.014+0000] {logging_mixin.py:190} INFO - [2026-05-17T13:50:46.013+0000] {dagbag.py:588} INFO - Filling up the DagBag from /home/airflow/.local/lib/python3.12/site-packages/airflow/example_dags/example_bash_operator.py
[2026-05-17T13:50:46.046+0000] {processor.py:925} INFO - DAG(s) 'example_bash_operator' retrieved from /home/airflow/.local/lib/python3.12/site-packages/airflow/example_dags/example_bash_operator.py
[2026-05-17T13:50:46.130+0000] {logging_mixin.py:190} INFO - [2026-05-17T13:50:46.129+0000] {dag.py:3239} INFO - Sync 1 DAGs
[2026-05-17T13:50:46.177+0000] {logging_mixin.py:190} INFO - [2026-05-17T13:50:46.176+0000] {dag.py:4180} INFO - Setting next_dagrun for example_bash_operator to 2026-05-16 00:00:00+00:00, run_after=2026-05-17 00:00:00+00:00
[2026-05-17T13:50:46.222+0000] {processor.py:208} INFO - Processing /home/airflow/.local/lib/python3.12/site-packages/airflow/example_dags/example_bash_operator.py took 0.232 seconds
[2026-05-17T16:12:55.631+0000] {processor.py:186} INFO - Started process (PID=91) to work on /home/airflow/.local/lib/python3.12/site-packages/airflow/example_dags/example_bash_operator.py
[2026-05-17T16:12:55.641+0000] {processor.py:914} INFO - Processing file /home/airflow/.local/lib/python3.12/site-packages/airflow/example_dags/example_bash_operator.py for tasks to queue
[2026-05-17T16:12:55.704+0000] {logging_mixin.py:190} INFO - [2026-05-17T16:12:55.702+0000] {dagbag.py:588} INFO - Filling up the DagBag from /home/airflow/.local/lib/python3.12/site-packages/airflow/example_dags/example_bash_operator.py
[2026-05-17T16:12:55.853+0000] {processor.py:925} INFO - DAG(s) 'example_bash_operator' retrieved from /home/airflow/.local/lib/python3.12/site-packages/airflow/example_dags/example_bash_operator.py
[2026-05-17T16:12:56.164+0000] {logging_mixin.py:190} INFO - [2026-05-17T16:12:56.163+0000] {dag.py:3239} INFO - Sync 1 DAGs
[2026-05-17T16:12:56.301+0000] {logging_mixin.py:190} INFO - [2026-05-17T16:12:56.299+0000] {dag.py:4180} INFO - Setting next_dagrun for example_bash_operator to 2026-05-16 00:00:00+00:00, run_after=2026-05-17 00:00:00+00:00
[2026-05-17T16:12:56.350+0000] {processor.py:208} INFO - Processing /home/airflow/.local/lib/python3.12/site-packages/airflow/example_dags/example_bash_operator.py took 0.780 seconds
[2026-05-17T16:23:18.641+0000] {processor.py:186} INFO - Started process (PID=83) to work on /home/airflow/.local/lib/python3.12/site-packages/airflow/example_dags/example_bash_operator.py
[2026-05-17T16:23:18.643+0000] {processor.py:914} INFO - Processing file /home/airflow/.local/lib/python3.12/site-packages/airflow/example_dags/example_bash_operator.py for tasks to queue
[2026-05-17T16:23:18.674+0000] {logging_mixin.py:190} INFO - [2026-05-17T16:23:18.673+0000] {dagbag.py:588} INFO - Filling up the DagBag from /home/airflow/.local/lib/python3.12/site-packages/airflow/example_dags/example_bash_operator.py
[2026-05-17T16:23:18.745+0000] {processor.py:925} INFO - DAG(s) 'example_bash_operator' retrieved from /home/airflow/.local/lib/python3.12/site-packages/airflow/example_dags/example_bash_operator.py
[2026-05-17T16:23:18.882+0000] {logging_mixin.py:190} INFO - [2026-05-17T16:23:18.880+0000] {dag.py:3239} INFO - Sync 1 DAGs
[2026-05-17T16:23:19.046+0000] {logging_mixin.py:190} INFO - [2026-05-17T16:23:19.045+0000] {dag.py:4180} INFO - Setting next_dagrun for example_bash_operator to 2026-05-16 00:00:00+00:00, run_after=2026-05-17 00:00:00+00:00
[2026-05-17T16:23:19.156+0000] {processor.py:208} INFO - Processing /home/airflow/.local/lib/python3.12/site-packages/airflow/example_dags/example_bash_operator.py took 0.543 seconds
[2026-05-17T16:24:15.723+0000] {processor.py:186} INFO - Started process (PID=140) to work on /home/airflow/.local/lib/python3.12/site-packages/airflow/example_dags/example_bash_operator.py
[2026-05-17T16:24:15.727+0000] {processor.py:914} INFO - Processing file /home/airflow/.local/lib/python3.12/site-packages/airflow/example_dags/example_bash_operator.py for tasks to queue
[2026-05-17T16:24:15.739+0000] {logging_mixin.py:190} INFO - [2026-05-17T16:24:15.738+0000] {dagbag.py:588} INFO - Filling up the DagBag from /home/airflow/.local/lib/python3.12/site-packages/airflow/example_dags/example_bash_operator.py
[2026-05-17T16:24:15.814+0000] {processor.py:925} INFO - DAG(s) 'example_bash_operator' retrieved from /home/airflow/.local/lib/python3.12/site-packages/airflow/example_dags/example_bash_operator.py
[2026-05-17T16:24:15.955+0000] {logging_mixin.py:190} INFO - [2026-05-17T16:24:15.954+0000] {dag.py:3239} INFO - Sync 1 DAGs
[2026-05-17T16:24:16.050+0000] {logging_mixin.py:190} INFO - [2026-05-17T16:24:16.050+0000] {dag.py:4180} INFO - Setting next_dagrun for example_bash_operator to 2026-05-16 00:00:00+00:00, run_after=2026-05-17 00:00:00+00:00
[2026-05-17T16:24:16.143+0000] {processor.py:208} INFO - Processing /home/airflow/.local/lib/python3.12/site-packages/airflow/example_dags/example_bash_operator.py took 0.441 seconds
[2026-05-17T18:14:24.608+0000] {processor.py:186} INFO - Started process (PID=86) to work on /home/airflow/.local/lib/python3.12/site-packages/airflow/example_dags/example_bash_operator.py
[2026-05-17T18:14:24.627+0000] {processor.py:914} INFO - Processing file /home/airflow/.local/lib/python3.12/site-packages/airflow/example_dags/example_bash_operator.py for tasks to queue
[2026-05-17T18:14:24.653+0000] {logging_mixin.py:190} INFO - [2026-05-17T18:14:24.652+0000] {dagbag.py:588} INFO - Filling up the DagBag from /home/airflow/.local/lib/python3.12/site-packages/airflow/example_dags/example_bash_operator.py
[2026-05-17T18:14:24.771+0000] {processor.py:925} INFO - DAG(s) 'example_bash_operator' retrieved from /home/airflow/.local/lib/python3.12/site-packages/airflow/example_dags/example_bash_operator.py
[2026-05-17T18:14:24.965+0000] {logging_mixin.py:190} INFO - [2026-05-17T18:14:24.964+0000] {dag.py:3239} INFO - Sync 1 DAGs
[2026-05-17T18:14:25.107+0000] {logging_mixin.py:190} INFO - [2026-05-17T18:14:25.106+0000] {dag.py:4180} INFO - Setting next_dagrun for example_bash_operator to 2026-05-16 00:00:00+00:00, run_after=2026-05-17 00:00:00+00:00
[2026-05-17T18:14:25.248+0000] {processor.py:208} INFO - Processing /home/airflow/.local/lib/python3.12/site-packages/airflow/example_dags/example_bash_operator.py took 0.679 seconds
[2026-05-17T18:15:30.874+0000] {processor.py:186} INFO - Started process (PID=149) to work on /home/airflow/.local/lib/python3.12/site-packages/airflow/example_dags/example_bash_operator.py
[2026-05-17T18:15:30.878+0000] {processor.py:914} INFO - Processing file /home/airflow/.local/lib/python3.12/site-packages/airflow/example_dags/example_bash_operator.py for tasks to queue
[2026-05-17T18:15:30.885+0000] {logging_mixin.py:190} INFO - [2026-05-17T18:15:30.885+0000] {dagbag.py:588} INFO - Filling up the DagBag from /home/airflow/.local/lib/python3.12/site-packages/airflow/example_dags/example_bash_operator.py
[2026-05-17T18:15:31.256+0000] {processor.py:925} INFO - DAG(s) 'example_bash_operator' retrieved from /home/airflow/.local/lib/python3.12/site-packages/airflow/example_dags/example_bash_operator.py
[2026-05-17T18:15:31.372+0000] {logging_mixin.py:190} INFO - [2026-05-17T18:15:31.371+0000] {dag.py:3239} INFO - Sync 1 DAGs
[2026-05-17T18:15:32.155+0000] {logging_mixin.py:190} INFO - [2026-05-17T18:15:32.154+0000] {dag.py:4180} INFO - Setting next_dagrun for example_bash_operator to 2026-05-16 00:00:00+00:00, run_after=2026-05-17 00:00:00+00:00
[2026-05-17T18:15:32.401+0000] {processor.py:208} INFO - Processing /home/airflow/.local/lib/python3.12/site-packages/airflow/example_dags/example_bash_operator.py took 1.576 seconds
[2026-05-17T18:23:01.171+0000] {processor.py:186} INFO - Started process (PID=83) to work on /home/airflow/.local/lib/python3.12/site-packages/airflow/example_dags/example_bash_operator.py
[2026-05-17T18:23:01.182+0000] {processor.py:914} INFO - Processing file /home/airflow/.local/lib/python3.12/site-packages/airflow/example_dags/example_bash_operator.py for tasks to queue
[2026-05-17T18:23:01.191+0000] {logging_mixin.py:190} INFO - [2026-05-17T18:23:01.190+0000] {dagbag.py:588} INFO - Filling up the DagBag from /home/airflow/.local/lib/python3.12/site-packages/airflow/example_dags/example_bash_operator.py
[2026-05-17T18:23:01.227+0000] {processor.py:925} INFO - DAG(s) 'example_bash_operator' retrieved from /home/airflow/.local/lib/python3.12/site-packages/airflow/example_dags/example_bash_operator.py
[2026-05-17T18:23:01.336+0000] {logging_mixin.py:190} INFO - [2026-05-17T18:23:01.336+0000] {dag.py:3239} INFO - Sync 1 DAGs
[2026-05-17T18:23:01.413+0000] {logging_mixin.py:190} INFO - [2026-05-17T18:23:01.412+0000] {dag.py:4180} INFO - Setting next_dagrun for example_bash_operator to 2026-05-16 00:00:00+00:00, run_after=2026-05-17 00:00:00+00:00
[2026-05-17T18:23:01.467+0000] {processor.py:208} INFO - Processing /home/airflow/.local/lib/python3.12/site-packages/airflow/example_dags/example_bash_operator.py took 0.316 seconds
