[2026-05-17T00:38:35.473+0000] {processor.py:186} INFO - Started process (PID=128) to work on /home/airflow/.local/lib/python3.12/site-packages/airflow/example_dags/example_xcomargs.py
[2026-05-17T00:38:35.475+0000] {processor.py:914} INFO - Processing file /home/airflow/.local/lib/python3.12/site-packages/airflow/example_dags/example_xcomargs.py for tasks to queue
[2026-05-17T00:38:35.487+0000] {logging_mixin.py:190} INFO - [2026-05-17T00:38:35.486+0000] {dagbag.py:588} INFO - Filling up the DagBag from /home/airflow/.local/lib/python3.12/site-packages/airflow/example_dags/example_xcomargs.py
[2026-05-17T00:38:35.529+0000] {processor.py:925} INFO - DAG(s) 'example_xcom_args', 'example_xcom_args_with_operators' retrieved from /home/airflow/.local/lib/python3.12/site-packages/airflow/example_dags/example_xcomargs.py
[2026-05-17T00:38:36.668+0000] {logging_mixin.py:190} INFO - [2026-05-17T00:38:36.621+0000] {override.py:1900} INFO - Created Permission View: can read on DAG:example_xcom_args
[2026-05-17T00:38:36.741+0000] {logging_mixin.py:190} INFO - [2026-05-17T00:38:36.741+0000] {override.py:1900} INFO - Created Permission View: can edit on DAG:example_xcom_args
[2026-05-17T00:38:36.768+0000] {logging_mixin.py:190} INFO - [2026-05-17T00:38:36.767+0000] {override.py:1900} INFO - Created Permission View: can delete on DAG:example_xcom_args
[2026-05-17T00:38:36.802+0000] {logging_mixin.py:190} INFO - [2026-05-17T00:38:36.801+0000] {override.py:1900} INFO - Created Permission View: can read on DAG Run:example_xcom_args
[2026-05-17T00:38:36.869+0000] {logging_mixin.py:190} INFO - [2026-05-17T00:38:36.869+0000] {override.py:1900} INFO - Created Permission View: can create on DAG Run:example_xcom_args
[2026-05-17T00:38:36.911+0000] {logging_mixin.py:190} INFO - [2026-05-17T00:38:36.910+0000] {override.py:1900} INFO - Created Permission View: can delete on DAG Run:example_xcom_args
[2026-05-17T00:38:36.940+0000] {logging_mixin.py:190} INFO - [2026-05-17T00:38:36.940+0000] {override.py:1900} INFO - Created Permission View: menu access on DAG Run:example_xcom_args
[2026-05-17T00:38:36.993+0000] {logging_mixin.py:190} INFO - [2026-05-17T00:38:36.992+0000] {override.py:1900} INFO - Created Permission View: can read on DAG:example_xcom_args_with_operators
[2026-05-17T00:38:37.011+0000] {logging_mixin.py:190} INFO - [2026-05-17T00:38:37.010+0000] {override.py:1900} INFO - Created Permission View: can edit on DAG:example_xcom_args_with_operators
[2026-05-17T00:38:37.035+0000] {logging_mixin.py:190} INFO - [2026-05-17T00:38:37.035+0000] {override.py:1900} INFO - Created Permission View: can delete on DAG:example_xcom_args_with_operators
[2026-05-17T00:38:37.053+0000] {logging_mixin.py:190} INFO - [2026-05-17T00:38:37.052+0000] {override.py:1900} INFO - Created Permission View: can read on DAG Run:example_xcom_args_with_operators
[2026-05-17T00:38:37.069+0000] {logging_mixin.py:190} INFO - [2026-05-17T00:38:37.069+0000] {override.py:1900} INFO - Created Permission View: can create on DAG Run:example_xcom_args_with_operators
[2026-05-17T00:38:37.087+0000] {logging_mixin.py:190} INFO - [2026-05-17T00:38:37.087+0000] {override.py:1900} INFO - Created Permission View: can delete on DAG Run:example_xcom_args_with_operators
[2026-05-17T00:38:37.108+0000] {logging_mixin.py:190} INFO - [2026-05-17T00:38:37.108+0000] {override.py:1900} INFO - Created Permission View: menu access on DAG Run:example_xcom_args_with_operators
[2026-05-17T00:38:37.111+0000] {logging_mixin.py:190} INFO - [2026-05-17T00:38:37.110+0000] {dag.py:3239} INFO - Sync 2 DAGs
[2026-05-17T00:38:37.145+0000] {logging_mixin.py:190} INFO - [2026-05-17T00:38:37.144+0000] {dag.py:3262} INFO - Creating ORM DAG for example_xcom_args
[2026-05-17T00:38:37.146+0000] {logging_mixin.py:190} INFO - [2026-05-17T00:38:37.146+0000] {dag.py:3262} INFO - Creating ORM DAG for example_xcom_args_with_operators
[2026-05-17T00:38:37.151+0000] {logging_mixin.py:190} INFO - [2026-05-17T00:38:37.150+0000] {dag.py:4180} INFO - Setting next_dagrun for example_xcom_args to None, run_after=None
[2026-05-17T00:38:37.153+0000] {logging_mixin.py:190} INFO - [2026-05-17T00:38:37.153+0000] {dag.py:4180} INFO - Setting next_dagrun for example_xcom_args_with_operators to None, run_after=None
[2026-05-17T00:38:37.199+0000] {processor.py:208} INFO - Processing /home/airflow/.local/lib/python3.12/site-packages/airflow/example_dags/example_xcomargs.py took 1.741 seconds
[2026-05-17T00:39:07.362+0000] {processor.py:186} INFO - Started process (PID=190) to work on /home/airflow/.local/lib/python3.12/site-packages/airflow/example_dags/example_xcomargs.py
[2026-05-17T00:39:07.365+0000] {processor.py:914} INFO - Processing file /home/airflow/.local/lib/python3.12/site-packages/airflow/example_dags/example_xcomargs.py for tasks to queue
[2026-05-17T00:39:07.382+0000] {logging_mixin.py:190} INFO - [2026-05-17T00:39:07.380+0000] {dagbag.py:588} INFO - Filling up the DagBag from /home/airflow/.local/lib/python3.12/site-packages/airflow/example_dags/example_xcomargs.py
[2026-05-17T00:39:07.445+0000] {processor.py:925} INFO - DAG(s) 'example_xcom_args_with_operators', 'example_xcom_args' retrieved from /home/airflow/.local/lib/python3.12/site-packages/airflow/example_dags/example_xcomargs.py
[2026-05-17T00:39:07.529+0000] {logging_mixin.py:190} INFO - [2026-05-17T00:39:07.527+0000] {dag.py:3239} INFO - Sync 2 DAGs
[2026-05-17T00:39:07.572+0000] {logging_mixin.py:190} INFO - [2026-05-17T00:39:07.572+0000] {dag.py:4180} INFO - Setting next_dagrun for example_xcom_args to None, run_after=None
[2026-05-17T00:39:07.588+0000] {logging_mixin.py:190} INFO - [2026-05-17T00:39:07.585+0000] {dag.py:4180} INFO - Setting next_dagrun for example_xcom_args_with_operators to None, run_after=None
[2026-05-17T00:39:07.676+0000] {processor.py:208} INFO - Processing /home/airflow/.local/lib/python3.12/site-packages/airflow/example_dags/example_xcomargs.py took 0.335 seconds
[2026-05-17T01:22:04.766+0000] {processor.py:186} INFO - Started process (PID=138) to work on /home/airflow/.local/lib/python3.12/site-packages/airflow/example_dags/example_xcomargs.py
[2026-05-17T01:22:04.769+0000] {processor.py:914} INFO - Processing file /home/airflow/.local/lib/python3.12/site-packages/airflow/example_dags/example_xcomargs.py for tasks to queue
[2026-05-17T01:22:04.801+0000] {logging_mixin.py:190} INFO - [2026-05-17T01:22:04.800+0000] {dagbag.py:588} INFO - Filling up the DagBag from /home/airflow/.local/lib/python3.12/site-packages/airflow/example_dags/example_xcomargs.py
[2026-05-17T01:22:04.871+0000] {processor.py:925} INFO - DAG(s) 'example_xcom_args_with_operators', 'example_xcom_args' retrieved from /home/airflow/.local/lib/python3.12/site-packages/airflow/example_dags/example_xcomargs.py
[2026-05-17T01:22:04.982+0000] {logging_mixin.py:190} INFO - [2026-05-17T01:22:04.982+0000] {dag.py:3239} INFO - Sync 2 DAGs
[2026-05-17T01:22:05.202+0000] {logging_mixin.py:190} INFO - [2026-05-17T01:22:05.201+0000] {dag.py:4180} INFO - Setting next_dagrun for example_xcom_args to None, run_after=None
[2026-05-17T01:22:05.349+0000] {logging_mixin.py:190} INFO - [2026-05-17T01:22:05.349+0000] {dag.py:4180} INFO - Setting next_dagrun for example_xcom_args_with_operators to None, run_after=None
[2026-05-17T01:22:05.384+0000] {processor.py:208} INFO - Processing /home/airflow/.local/lib/python3.12/site-packages/airflow/example_dags/example_xcomargs.py took 0.669 seconds
[2026-05-17T01:22:55.622+0000] {processor.py:186} INFO - Started process (PID=201) to work on /home/airflow/.local/lib/python3.12/site-packages/airflow/example_dags/example_xcomargs.py
[2026-05-17T01:22:55.623+0000] {processor.py:914} INFO - Processing file /home/airflow/.local/lib/python3.12/site-packages/airflow/example_dags/example_xcomargs.py for tasks to queue
[2026-05-17T01:22:55.626+0000] {logging_mixin.py:190} INFO - [2026-05-17T01:22:55.625+0000] {dagbag.py:588} INFO - Filling up the DagBag from /home/airflow/.local/lib/python3.12/site-packages/airflow/example_dags/example_xcomargs.py
[2026-05-17T01:22:55.681+0000] {processor.py:925} INFO - DAG(s) 'example_xcom_args_with_operators', 'example_xcom_args' retrieved from /home/airflow/.local/lib/python3.12/site-packages/airflow/example_dags/example_xcomargs.py
[2026-05-17T01:22:55.703+0000] {logging_mixin.py:190} INFO - [2026-05-17T01:22:55.702+0000] {dag.py:3239} INFO - Sync 2 DAGs
[2026-05-17T01:22:55.718+0000] {logging_mixin.py:190} INFO - [2026-05-17T01:22:55.717+0000] {dag.py:4180} INFO - Setting next_dagrun for example_xcom_args to None, run_after=None
[2026-05-17T01:22:55.721+0000] {logging_mixin.py:190} INFO - [2026-05-17T01:22:55.721+0000] {dag.py:4180} INFO - Setting next_dagrun for example_xcom_args_with_operators to None, run_after=None
[2026-05-17T01:22:55.744+0000] {processor.py:208} INFO - Processing /home/airflow/.local/lib/python3.12/site-packages/airflow/example_dags/example_xcomargs.py took 0.128 seconds
[2026-05-17T01:51:50.286+0000] {processor.py:186} INFO - Started process (PID=287) to work on /home/airflow/.local/lib/python3.12/site-packages/airflow/example_dags/example_xcomargs.py
[2026-05-17T01:51:50.288+0000] {processor.py:914} INFO - Processing file /home/airflow/.local/lib/python3.12/site-packages/airflow/example_dags/example_xcomargs.py for tasks to queue
[2026-05-17T01:51:50.294+0000] {logging_mixin.py:190} INFO - [2026-05-17T01:51:50.293+0000] {dagbag.py:588} INFO - Filling up the DagBag from /home/airflow/.local/lib/python3.12/site-packages/airflow/example_dags/example_xcomargs.py
[2026-05-17T01:51:50.309+0000] {processor.py:925} INFO - DAG(s) 'example_xcom_args', 'example_xcom_args_with_operators' retrieved from /home/airflow/.local/lib/python3.12/site-packages/airflow/example_dags/example_xcomargs.py
[2026-05-17T01:51:50.347+0000] {logging_mixin.py:190} INFO - [2026-05-17T01:51:50.346+0000] {dag.py:3239} INFO - Sync 2 DAGs
[2026-05-17T01:51:50.369+0000] {logging_mixin.py:190} INFO - [2026-05-17T01:51:50.369+0000] {dag.py:4180} INFO - Setting next_dagrun for example_xcom_args to None, run_after=None
[2026-05-17T01:51:50.375+0000] {logging_mixin.py:190} INFO - [2026-05-17T01:51:50.375+0000] {dag.py:4180} INFO - Setting next_dagrun for example_xcom_args_with_operators to None, run_after=None
[2026-05-17T01:51:50.398+0000] {processor.py:208} INFO - Processing /home/airflow/.local/lib/python3.12/site-packages/airflow/example_dags/example_xcomargs.py took 0.120 seconds
[2026-05-17T01:55:14.656+0000] {processor.py:186} INFO - Started process (PID=351) to work on /home/airflow/.local/lib/python3.12/site-packages/airflow/example_dags/example_xcomargs.py
[2026-05-17T01:55:14.657+0000] {processor.py:914} INFO - Processing file /home/airflow/.local/lib/python3.12/site-packages/airflow/example_dags/example_xcomargs.py for tasks to queue
[2026-05-17T01:55:14.661+0000] {logging_mixin.py:190} INFO - [2026-05-17T01:55:14.659+0000] {dagbag.py:588} INFO - Filling up the DagBag from /home/airflow/.local/lib/python3.12/site-packages/airflow/example_dags/example_xcomargs.py
[2026-05-17T01:55:14.740+0000] {processor.py:925} INFO - DAG(s) 'example_xcom_args_with_operators', 'example_xcom_args' retrieved from /home/airflow/.local/lib/python3.12/site-packages/airflow/example_dags/example_xcomargs.py
[2026-05-17T01:55:14.783+0000] {logging_mixin.py:190} INFO - [2026-05-17T01:55:14.783+0000] {dag.py:3239} INFO - Sync 2 DAGs
[2026-05-17T01:55:14.811+0000] {logging_mixin.py:190} INFO - [2026-05-17T01:55:14.810+0000] {dag.py:4180} INFO - Setting next_dagrun for example_xcom_args to None, run_after=None
[2026-05-17T01:55:14.827+0000] {logging_mixin.py:190} INFO - [2026-05-17T01:55:14.827+0000] {dag.py:4180} INFO - Setting next_dagrun for example_xcom_args_with_operators to None, run_after=None
[2026-05-17T01:55:14.981+0000] {processor.py:208} INFO - Processing /home/airflow/.local/lib/python3.12/site-packages/airflow/example_dags/example_xcomargs.py took 0.337 seconds
[2026-05-17T01:55:51.999+0000] {processor.py:186} INFO - Started process (PID=414) to work on /home/airflow/.local/lib/python3.12/site-packages/airflow/example_dags/example_xcomargs.py
[2026-05-17T01:55:52.000+0000] {processor.py:914} INFO - Processing file /home/airflow/.local/lib/python3.12/site-packages/airflow/example_dags/example_xcomargs.py for tasks to queue
[2026-05-17T01:55:52.002+0000] {logging_mixin.py:190} INFO - [2026-05-17T01:55:52.002+0000] {dagbag.py:588} INFO - Filling up the DagBag from /home/airflow/.local/lib/python3.12/site-packages/airflow/example_dags/example_xcomargs.py
[2026-05-17T01:55:52.038+0000] {processor.py:925} INFO - DAG(s) 'example_xcom_args', 'example_xcom_args_with_operators' retrieved from /home/airflow/.local/lib/python3.12/site-packages/airflow/example_dags/example_xcomargs.py
[2026-05-17T01:55:52.098+0000] {logging_mixin.py:190} INFO - [2026-05-17T01:55:52.098+0000] {dag.py:3239} INFO - Sync 2 DAGs
[2026-05-17T01:55:52.122+0000] {logging_mixin.py:190} INFO - [2026-05-17T01:55:52.121+0000] {dag.py:4180} INFO - Setting next_dagrun for example_xcom_args to None, run_after=None
[2026-05-17T01:55:52.128+0000] {logging_mixin.py:190} INFO - [2026-05-17T01:55:52.128+0000] {dag.py:4180} INFO - Setting next_dagrun for example_xcom_args_with_operators to None, run_after=None
[2026-05-17T01:55:52.256+0000] {processor.py:208} INFO - Processing /home/airflow/.local/lib/python3.12/site-packages/airflow/example_dags/example_xcomargs.py took 0.268 seconds
[2026-05-17T02:03:12.018+0000] {processor.py:186} INFO - Started process (PID=477) to work on /home/airflow/.local/lib/python3.12/site-packages/airflow/example_dags/example_xcomargs.py
[2026-05-17T02:03:12.019+0000] {processor.py:914} INFO - Processing file /home/airflow/.local/lib/python3.12/site-packages/airflow/example_dags/example_xcomargs.py for tasks to queue
[2026-05-17T02:03:12.032+0000] {logging_mixin.py:190} INFO - [2026-05-17T02:03:12.024+0000] {dagbag.py:588} INFO - Filling up the DagBag from /home/airflow/.local/lib/python3.12/site-packages/airflow/example_dags/example_xcomargs.py
[2026-05-17T02:03:12.070+0000] {processor.py:925} INFO - DAG(s) 'example_xcom_args', 'example_xcom_args_with_operators' retrieved from /home/airflow/.local/lib/python3.12/site-packages/airflow/example_dags/example_xcomargs.py
[2026-05-17T02:03:12.152+0000] {logging_mixin.py:190} INFO - [2026-05-17T02:03:12.151+0000] {dag.py:3239} INFO - Sync 2 DAGs
[2026-05-17T02:03:12.189+0000] {logging_mixin.py:190} INFO - [2026-05-17T02:03:12.189+0000] {dag.py:4180} INFO - Setting next_dagrun for example_xcom_args to None, run_after=None
[2026-05-17T02:03:12.216+0000] {logging_mixin.py:190} INFO - [2026-05-17T02:03:12.216+0000] {dag.py:4180} INFO - Setting next_dagrun for example_xcom_args_with_operators to None, run_after=None
[2026-05-17T02:03:12.286+0000] {processor.py:208} INFO - Processing /home/airflow/.local/lib/python3.12/site-packages/airflow/example_dags/example_xcomargs.py took 0.278 seconds
[2026-05-17T13:37:33.715+0000] {processor.py:186} INFO - Started process (PID=121) to work on /home/airflow/.local/lib/python3.12/site-packages/airflow/example_dags/example_xcomargs.py
[2026-05-17T13:37:33.717+0000] {processor.py:914} INFO - Processing file /home/airflow/.local/lib/python3.12/site-packages/airflow/example_dags/example_xcomargs.py for tasks to queue
[2026-05-17T13:37:33.721+0000] {logging_mixin.py:190} INFO - [2026-05-17T13:37:33.721+0000] {dagbag.py:588} INFO - Filling up the DagBag from /home/airflow/.local/lib/python3.12/site-packages/airflow/example_dags/example_xcomargs.py
[2026-05-17T13:37:33.744+0000] {processor.py:925} INFO - DAG(s) 'example_xcom_args', 'example_xcom_args_with_operators' retrieved from /home/airflow/.local/lib/python3.12/site-packages/airflow/example_dags/example_xcomargs.py
[2026-05-17T13:37:33.784+0000] {logging_mixin.py:190} INFO - [2026-05-17T13:37:33.783+0000] {dag.py:3239} INFO - Sync 2 DAGs
[2026-05-17T13:37:33.820+0000] {logging_mixin.py:190} INFO - [2026-05-17T13:37:33.819+0000] {dag.py:4180} INFO - Setting next_dagrun for example_xcom_args to None, run_after=None
[2026-05-17T13:37:33.828+0000] {logging_mixin.py:190} INFO - [2026-05-17T13:37:33.828+0000] {dag.py:4180} INFO - Setting next_dagrun for example_xcom_args_with_operators to None, run_after=None
[2026-05-17T13:37:33.868+0000] {processor.py:208} INFO - Processing /home/airflow/.local/lib/python3.12/site-packages/airflow/example_dags/example_xcomargs.py took 0.164 seconds
[2026-05-17T13:38:29.176+0000] {processor.py:186} INFO - Started process (PID=178) to work on /home/airflow/.local/lib/python3.12/site-packages/airflow/example_dags/example_xcomargs.py
[2026-05-17T13:38:29.177+0000] {processor.py:914} INFO - Processing file /home/airflow/.local/lib/python3.12/site-packages/airflow/example_dags/example_xcomargs.py for tasks to queue
[2026-05-17T13:38:29.179+0000] {logging_mixin.py:190} INFO - [2026-05-17T13:38:29.179+0000] {dagbag.py:588} INFO - Filling up the DagBag from /home/airflow/.local/lib/python3.12/site-packages/airflow/example_dags/example_xcomargs.py
[2026-05-17T13:38:29.197+0000] {processor.py:925} INFO - DAG(s) 'example_xcom_args', 'example_xcom_args_with_operators' retrieved from /home/airflow/.local/lib/python3.12/site-packages/airflow/example_dags/example_xcomargs.py
[2026-05-17T13:38:29.226+0000] {logging_mixin.py:190} INFO - [2026-05-17T13:38:29.226+0000] {dag.py:3239} INFO - Sync 2 DAGs
[2026-05-17T13:38:29.246+0000] {logging_mixin.py:190} INFO - [2026-05-17T13:38:29.246+0000] {dag.py:4180} INFO - Setting next_dagrun for example_xcom_args to None, run_after=None
[2026-05-17T13:38:29.252+0000] {logging_mixin.py:190} INFO - [2026-05-17T13:38:29.251+0000] {dag.py:4180} INFO - Setting next_dagrun for example_xcom_args_with_operators to None, run_after=None
[2026-05-17T13:38:29.274+0000] {processor.py:208} INFO - Processing /home/airflow/.local/lib/python3.12/site-packages/airflow/example_dags/example_xcomargs.py took 0.105 seconds
[2026-05-17T13:51:34.010+0000] {processor.py:186} INFO - Started process (PID=131) to work on /home/airflow/.local/lib/python3.12/site-packages/airflow/example_dags/example_xcomargs.py
[2026-05-17T13:51:34.014+0000] {processor.py:914} INFO - Processing file /home/airflow/.local/lib/python3.12/site-packages/airflow/example_dags/example_xcomargs.py for tasks to queue
[2026-05-17T13:51:34.019+0000] {logging_mixin.py:190} INFO - [2026-05-17T13:51:34.019+0000] {dagbag.py:588} INFO - Filling up the DagBag from /home/airflow/.local/lib/python3.12/site-packages/airflow/example_dags/example_xcomargs.py
[2026-05-17T13:51:34.215+0000] {processor.py:925} INFO - DAG(s) 'example_xcom_args', 'example_xcom_args_with_operators' retrieved from /home/airflow/.local/lib/python3.12/site-packages/airflow/example_dags/example_xcomargs.py
[2026-05-17T16:24:09.355+0000] {processor.py:186} INFO - Started process (PID=125) to work on /home/airflow/.local/lib/python3.12/site-packages/airflow/example_dags/example_xcomargs.py
[2026-05-17T16:24:09.358+0000] {processor.py:914} INFO - Processing file /home/airflow/.local/lib/python3.12/site-packages/airflow/example_dags/example_xcomargs.py for tasks to queue
[2026-05-17T16:24:09.365+0000] {logging_mixin.py:190} INFO - [2026-05-17T16:24:09.365+0000] {dagbag.py:588} INFO - Filling up the DagBag from /home/airflow/.local/lib/python3.12/site-packages/airflow/example_dags/example_xcomargs.py
[2026-05-17T16:24:09.402+0000] {processor.py:925} INFO - DAG(s) 'example_xcom_args', 'example_xcom_args_with_operators' retrieved from /home/airflow/.local/lib/python3.12/site-packages/airflow/example_dags/example_xcomargs.py
[2026-05-17T16:24:10.717+0000] {logging_mixin.py:190} INFO - [2026-05-17T16:24:10.713+0000] {dag.py:3239} INFO - Sync 2 DAGs
[2026-05-17T16:24:10.828+0000] {logging_mixin.py:190} INFO - [2026-05-17T16:24:10.826+0000] {dag.py:4180} INFO - Setting next_dagrun for example_xcom_args to None, run_after=None
[2026-05-17T16:24:10.846+0000] {logging_mixin.py:190} INFO - [2026-05-17T16:24:10.843+0000] {dag.py:4180} INFO - Setting next_dagrun for example_xcom_args_with_operators to None, run_after=None
[2026-05-17T16:24:10.937+0000] {processor.py:208} INFO - Processing /home/airflow/.local/lib/python3.12/site-packages/airflow/example_dags/example_xcomargs.py took 1.599 seconds
[2026-05-17T18:15:03.218+0000] {processor.py:186} INFO - Started process (PID=134) to work on /home/airflow/.local/lib/python3.12/site-packages/airflow/example_dags/example_xcomargs.py
[2026-05-17T18:15:03.231+0000] {processor.py:914} INFO - Processing file /home/airflow/.local/lib/python3.12/site-packages/airflow/example_dags/example_xcomargs.py for tasks to queue
[2026-05-17T18:15:03.252+0000] {logging_mixin.py:190} INFO - [2026-05-17T18:15:03.241+0000] {dagbag.py:588} INFO - Filling up the DagBag from /home/airflow/.local/lib/python3.12/site-packages/airflow/example_dags/example_xcomargs.py
[2026-05-17T18:15:03.345+0000] {processor.py:925} INFO - DAG(s) 'example_xcom_args', 'example_xcom_args_with_operators' retrieved from /home/airflow/.local/lib/python3.12/site-packages/airflow/example_dags/example_xcomargs.py
[2026-05-17T18:15:03.445+0000] {logging_mixin.py:190} INFO - [2026-05-17T18:15:03.444+0000] {dag.py:3239} INFO - Sync 2 DAGs
[2026-05-17T18:15:03.525+0000] {logging_mixin.py:190} INFO - [2026-05-17T18:15:03.525+0000] {dag.py:4180} INFO - Setting next_dagrun for example_xcom_args to None, run_after=None
[2026-05-17T18:15:03.545+0000] {logging_mixin.py:190} INFO - [2026-05-17T18:15:03.544+0000] {dag.py:4180} INFO - Setting next_dagrun for example_xcom_args_with_operators to None, run_after=None
[2026-05-17T18:15:03.699+0000] {processor.py:208} INFO - Processing /home/airflow/.local/lib/python3.12/site-packages/airflow/example_dags/example_xcomargs.py took 0.500 seconds
[2026-05-17T18:15:48.361+0000] {processor.py:186} INFO - Started process (PID=198) to work on /home/airflow/.local/lib/python3.12/site-packages/airflow/example_dags/example_xcomargs.py
[2026-05-17T18:15:48.365+0000] {processor.py:914} INFO - Processing file /home/airflow/.local/lib/python3.12/site-packages/airflow/example_dags/example_xcomargs.py for tasks to queue
[2026-05-17T18:15:48.371+0000] {logging_mixin.py:190} INFO - [2026-05-17T18:15:48.370+0000] {dagbag.py:588} INFO - Filling up the DagBag from /home/airflow/.local/lib/python3.12/site-packages/airflow/example_dags/example_xcomargs.py
[2026-05-17T18:15:48.415+0000] {processor.py:925} INFO - DAG(s) 'example_xcom_args_with_operators', 'example_xcom_args' retrieved from /home/airflow/.local/lib/python3.12/site-packages/airflow/example_dags/example_xcomargs.py
[2026-05-17T18:15:48.501+0000] {logging_mixin.py:190} INFO - [2026-05-17T18:15:48.500+0000] {dag.py:3239} INFO - Sync 2 DAGs
[2026-05-17T18:15:48.551+0000] {logging_mixin.py:190} INFO - [2026-05-17T18:15:48.550+0000] {dag.py:4180} INFO - Setting next_dagrun for example_xcom_args to None, run_after=None
[2026-05-17T18:15:48.562+0000] {logging_mixin.py:190} INFO - [2026-05-17T18:15:48.562+0000] {dag.py:4180} INFO - Setting next_dagrun for example_xcom_args_with_operators to None, run_after=None
[2026-05-17T18:15:48.624+0000] {processor.py:208} INFO - Processing /home/airflow/.local/lib/python3.12/site-packages/airflow/example_dags/example_xcomargs.py took 0.276 seconds
[2026-05-17T18:23:44.179+0000] {processor.py:186} INFO - Started process (PID=131) to work on /home/airflow/.local/lib/python3.12/site-packages/airflow/example_dags/example_xcomargs.py
[2026-05-17T18:23:44.184+0000] {processor.py:914} INFO - Processing file /home/airflow/.local/lib/python3.12/site-packages/airflow/example_dags/example_xcomargs.py for tasks to queue
[2026-05-17T18:23:44.193+0000] {logging_mixin.py:190} INFO - [2026-05-17T18:23:44.191+0000] {dagbag.py:588} INFO - Filling up the DagBag from /home/airflow/.local/lib/python3.12/site-packages/airflow/example_dags/example_xcomargs.py
[2026-05-17T18:23:44.300+0000] {processor.py:925} INFO - DAG(s) 'example_xcom_args_with_operators', 'example_xcom_args' retrieved from /home/airflow/.local/lib/python3.12/site-packages/airflow/example_dags/example_xcomargs.py
[2026-05-17T18:23:44.361+0000] {logging_mixin.py:190} INFO - [2026-05-17T18:23:44.361+0000] {dag.py:3239} INFO - Sync 2 DAGs
[2026-05-17T18:23:44.409+0000] {logging_mixin.py:190} INFO - [2026-05-17T18:23:44.409+0000] {dag.py:4180} INFO - Setting next_dagrun for example_xcom_args to None, run_after=None
[2026-05-17T18:23:44.420+0000] {logging_mixin.py:190} INFO - [2026-05-17T18:23:44.419+0000] {dag.py:4180} INFO - Setting next_dagrun for example_xcom_args_with_operators to None, run_after=None
[2026-05-17T18:23:44.500+0000] {processor.py:208} INFO - Processing /home/airflow/.local/lib/python3.12/site-packages/airflow/example_dags/example_xcomargs.py took 0.332 seconds
