[2026-05-17T00:38:16.248+0000] {processor.py:186} INFO - Started process (PID=84) to work on /home/airflow/.local/lib/python3.12/site-packages/airflow/example_dags/example_branch_operator_decorator.py
[2026-05-17T00:38:16.251+0000] {processor.py:914} INFO - Processing file /home/airflow/.local/lib/python3.12/site-packages/airflow/example_dags/example_branch_operator_decorator.py for tasks to queue
[2026-05-17T00:38:16.260+0000] {logging_mixin.py:190} INFO - [2026-05-17T00:38:16.259+0000] {dagbag.py:588} INFO - Filling up the DagBag from /home/airflow/.local/lib/python3.12/site-packages/airflow/example_dags/example_branch_operator_decorator.py
[2026-05-17T00:38:16.361+0000] {processor.py:925} INFO - DAG(s) 'example_branch_python_operator_decorator' retrieved from /home/airflow/.local/lib/python3.12/site-packages/airflow/example_dags/example_branch_operator_decorator.py
[2026-05-17T00:38:17.091+0000] {logging_mixin.py:190} INFO - [2026-05-17T00:38:17.090+0000] {dag.py:3239} INFO - Sync 1 DAGs
[2026-05-17T00:38:17.181+0000] {logging_mixin.py:190} INFO - [2026-05-17T00:38:17.180+0000] {dag.py:4180} INFO - Setting next_dagrun for example_branch_python_operator_decorator to 2026-05-16 00:00:00+00:00, run_after=2026-05-17 00:00:00+00:00
[2026-05-17T00:38:17.246+0000] {processor.py:208} INFO - Processing /home/airflow/.local/lib/python3.12/site-packages/airflow/example_dags/example_branch_operator_decorator.py took 1.015 seconds
[2026-05-17T00:38:48.098+0000] {processor.py:186} INFO - Started process (PID=146) to work on /home/airflow/.local/lib/python3.12/site-packages/airflow/example_dags/example_branch_operator_decorator.py
[2026-05-17T00:38:48.102+0000] {processor.py:914} INFO - Processing file /home/airflow/.local/lib/python3.12/site-packages/airflow/example_dags/example_branch_operator_decorator.py for tasks to queue
[2026-05-17T00:38:48.108+0000] {logging_mixin.py:190} INFO - [2026-05-17T00:38:48.107+0000] {dagbag.py:588} INFO - Filling up the DagBag from /home/airflow/.local/lib/python3.12/site-packages/airflow/example_dags/example_branch_operator_decorator.py
[2026-05-17T00:38:48.208+0000] {processor.py:925} INFO - DAG(s) 'example_branch_python_operator_decorator' retrieved from /home/airflow/.local/lib/python3.12/site-packages/airflow/example_dags/example_branch_operator_decorator.py
[2026-05-17T00:38:48.289+0000] {logging_mixin.py:190} INFO - [2026-05-17T00:38:48.289+0000] {dag.py:3239} INFO - Sync 1 DAGs
[2026-05-17T00:38:48.356+0000] {logging_mixin.py:190} INFO - [2026-05-17T00:38:48.356+0000] {dag.py:4180} INFO - Setting next_dagrun for example_branch_python_operator_decorator to 2026-05-16 00:00:00+00:00, run_after=2026-05-17 00:00:00+00:00
[2026-05-17T00:38:48.402+0000] {processor.py:208} INFO - Processing /home/airflow/.local/lib/python3.12/site-packages/airflow/example_dags/example_branch_operator_decorator.py took 0.323 seconds
[2026-05-17T01:18:25.928+0000] {processor.py:186} INFO - Started process (PID=209) to work on /home/airflow/.local/lib/python3.12/site-packages/airflow/example_dags/example_branch_operator_decorator.py
[2026-05-17T01:18:25.931+0000] {processor.py:914} INFO - Processing file /home/airflow/.local/lib/python3.12/site-packages/airflow/example_dags/example_branch_operator_decorator.py for tasks to queue
[2026-05-17T01:18:25.937+0000] {logging_mixin.py:190} INFO - [2026-05-17T01:18:25.936+0000] {dagbag.py:588} INFO - Filling up the DagBag from /home/airflow/.local/lib/python3.12/site-packages/airflow/example_dags/example_branch_operator_decorator.py
[2026-05-17T01:18:25.991+0000] {processor.py:925} INFO - DAG(s) 'example_branch_python_operator_decorator' retrieved from /home/airflow/.local/lib/python3.12/site-packages/airflow/example_dags/example_branch_operator_decorator.py
[2026-05-17T01:18:26.086+0000] {logging_mixin.py:190} INFO - [2026-05-17T01:18:26.085+0000] {dag.py:3239} INFO - Sync 1 DAGs
[2026-05-17T01:21:37.111+0000] {processor.py:186} INFO - Started process (PID=94) to work on /home/airflow/.local/lib/python3.12/site-packages/airflow/example_dags/example_branch_operator_decorator.py
[2026-05-17T01:21:37.122+0000] {processor.py:914} INFO - Processing file /home/airflow/.local/lib/python3.12/site-packages/airflow/example_dags/example_branch_operator_decorator.py for tasks to queue
[2026-05-17T01:21:37.126+0000] {logging_mixin.py:190} INFO - [2026-05-17T01:21:37.125+0000] {dagbag.py:588} INFO - Filling up the DagBag from /home/airflow/.local/lib/python3.12/site-packages/airflow/example_dags/example_branch_operator_decorator.py
[2026-05-17T01:21:37.331+0000] {processor.py:925} INFO - DAG(s) 'example_branch_python_operator_decorator' retrieved from /home/airflow/.local/lib/python3.12/site-packages/airflow/example_dags/example_branch_operator_decorator.py
[2026-05-17T01:21:38.086+0000] {logging_mixin.py:190} INFO - [2026-05-17T01:21:38.086+0000] {dag.py:3239} INFO - Sync 1 DAGs
[2026-05-17T01:21:38.255+0000] {logging_mixin.py:190} INFO - [2026-05-17T01:21:38.255+0000] {dag.py:4180} INFO - Setting next_dagrun for example_branch_python_operator_decorator to 2026-05-16 00:00:00+00:00, run_after=2026-05-17 00:00:00+00:00
[2026-05-17T01:21:38.390+0000] {processor.py:208} INFO - Processing /home/airflow/.local/lib/python3.12/site-packages/airflow/example_dags/example_branch_operator_decorator.py took 1.331 seconds
[2026-05-17T01:22:47.893+0000] {processor.py:186} INFO - Started process (PID=163) to work on /home/airflow/.local/lib/python3.12/site-packages/airflow/example_dags/example_branch_operator_decorator.py
[2026-05-17T01:22:47.897+0000] {processor.py:914} INFO - Processing file /home/airflow/.local/lib/python3.12/site-packages/airflow/example_dags/example_branch_operator_decorator.py for tasks to queue
[2026-05-17T01:22:47.904+0000] {logging_mixin.py:190} INFO - [2026-05-17T01:22:47.904+0000] {dagbag.py:588} INFO - Filling up the DagBag from /home/airflow/.local/lib/python3.12/site-packages/airflow/example_dags/example_branch_operator_decorator.py
[2026-05-17T01:22:47.951+0000] {processor.py:925} INFO - DAG(s) 'example_branch_python_operator_decorator' retrieved from /home/airflow/.local/lib/python3.12/site-packages/airflow/example_dags/example_branch_operator_decorator.py
[2026-05-17T01:22:47.996+0000] {logging_mixin.py:190} INFO - [2026-05-17T01:22:47.996+0000] {dag.py:3239} INFO - Sync 1 DAGs
[2026-05-17T01:22:48.045+0000] {logging_mixin.py:190} INFO - [2026-05-17T01:22:48.045+0000] {dag.py:4180} INFO - Setting next_dagrun for example_branch_python_operator_decorator to 2026-05-16 00:00:00+00:00, run_after=2026-05-17 00:00:00+00:00
[2026-05-17T01:22:48.078+0000] {processor.py:208} INFO - Processing /home/airflow/.local/lib/python3.12/site-packages/airflow/example_dags/example_branch_operator_decorator.py took 0.199 seconds
[2026-05-17T01:23:19.545+0000] {processor.py:186} INFO - Started process (PID=226) to work on /home/airflow/.local/lib/python3.12/site-packages/airflow/example_dags/example_branch_operator_decorator.py
[2026-05-17T01:23:19.548+0000] {processor.py:914} INFO - Processing file /home/airflow/.local/lib/python3.12/site-packages/airflow/example_dags/example_branch_operator_decorator.py for tasks to queue
[2026-05-17T01:23:19.552+0000] {logging_mixin.py:190} INFO - [2026-05-17T01:23:19.552+0000] {dagbag.py:588} INFO - Filling up the DagBag from /home/airflow/.local/lib/python3.12/site-packages/airflow/example_dags/example_branch_operator_decorator.py
[2026-05-17T01:23:19.612+0000] {processor.py:925} INFO - DAG(s) 'example_branch_python_operator_decorator' retrieved from /home/airflow/.local/lib/python3.12/site-packages/airflow/example_dags/example_branch_operator_decorator.py
[2026-05-17T01:23:19.762+0000] {logging_mixin.py:190} INFO - [2026-05-17T01:23:19.761+0000] {dag.py:3239} INFO - Sync 1 DAGs
[2026-05-17T01:23:19.862+0000] {logging_mixin.py:190} INFO - [2026-05-17T01:23:19.861+0000] {dag.py:4180} INFO - Setting next_dagrun for example_branch_python_operator_decorator to 2026-05-16 00:00:00+00:00, run_after=2026-05-17 00:00:00+00:00
[2026-05-17T01:23:19.938+0000] {processor.py:208} INFO - Processing /home/airflow/.local/lib/python3.12/site-packages/airflow/example_dags/example_branch_operator_decorator.py took 0.402 seconds
[2026-05-17T01:51:45.604+0000] {processor.py:186} INFO - Started process (PID=249) to work on /home/airflow/.local/lib/python3.12/site-packages/airflow/example_dags/example_branch_operator_decorator.py
[2026-05-17T01:51:45.618+0000] {processor.py:914} INFO - Processing file /home/airflow/.local/lib/python3.12/site-packages/airflow/example_dags/example_branch_operator_decorator.py for tasks to queue
[2026-05-17T01:51:45.622+0000] {logging_mixin.py:190} INFO - [2026-05-17T01:51:45.622+0000] {dagbag.py:588} INFO - Filling up the DagBag from /home/airflow/.local/lib/python3.12/site-packages/airflow/example_dags/example_branch_operator_decorator.py
[2026-05-17T01:51:45.717+0000] {processor.py:925} INFO - DAG(s) 'example_branch_python_operator_decorator' retrieved from /home/airflow/.local/lib/python3.12/site-packages/airflow/example_dags/example_branch_operator_decorator.py
[2026-05-17T01:51:45.761+0000] {logging_mixin.py:190} INFO - [2026-05-17T01:51:45.761+0000] {dag.py:3239} INFO - Sync 1 DAGs
[2026-05-17T01:51:45.796+0000] {logging_mixin.py:190} INFO - [2026-05-17T01:51:45.795+0000] {dag.py:4180} INFO - Setting next_dagrun for example_branch_python_operator_decorator to 2026-05-16 00:00:00+00:00, run_after=2026-05-17 00:00:00+00:00
[2026-05-17T01:51:45.835+0000] {processor.py:208} INFO - Processing /home/airflow/.local/lib/python3.12/site-packages/airflow/example_dags/example_branch_operator_decorator.py took 0.239 seconds
[2026-05-17T01:55:06.653+0000] {processor.py:186} INFO - Started process (PID=307) to work on /home/airflow/.local/lib/python3.12/site-packages/airflow/example_dags/example_branch_operator_decorator.py
[2026-05-17T01:55:06.655+0000] {processor.py:914} INFO - Processing file /home/airflow/.local/lib/python3.12/site-packages/airflow/example_dags/example_branch_operator_decorator.py for tasks to queue
[2026-05-17T01:55:06.656+0000] {logging_mixin.py:190} INFO - [2026-05-17T01:55:06.656+0000] {dagbag.py:588} INFO - Filling up the DagBag from /home/airflow/.local/lib/python3.12/site-packages/airflow/example_dags/example_branch_operator_decorator.py
[2026-05-17T01:55:06.711+0000] {processor.py:925} INFO - DAG(s) 'example_branch_python_operator_decorator' retrieved from /home/airflow/.local/lib/python3.12/site-packages/airflow/example_dags/example_branch_operator_decorator.py
[2026-05-17T01:55:06.776+0000] {logging_mixin.py:190} INFO - [2026-05-17T01:55:06.775+0000] {dag.py:3239} INFO - Sync 1 DAGs
[2026-05-17T01:55:06.817+0000] {logging_mixin.py:190} INFO - [2026-05-17T01:55:06.816+0000] {dag.py:4180} INFO - Setting next_dagrun for example_branch_python_operator_decorator to 2026-05-16 00:00:00+00:00, run_after=2026-05-17 00:00:00+00:00
[2026-05-17T01:55:06.848+0000] {processor.py:208} INFO - Processing /home/airflow/.local/lib/python3.12/site-packages/airflow/example_dags/example_branch_operator_decorator.py took 0.206 seconds
[2026-05-17T01:55:37.678+0000] {processor.py:186} INFO - Started process (PID=370) to work on /home/airflow/.local/lib/python3.12/site-packages/airflow/example_dags/example_branch_operator_decorator.py
[2026-05-17T01:55:37.679+0000] {processor.py:914} INFO - Processing file /home/airflow/.local/lib/python3.12/site-packages/airflow/example_dags/example_branch_operator_decorator.py for tasks to queue
[2026-05-17T01:55:37.680+0000] {logging_mixin.py:190} INFO - [2026-05-17T01:55:37.680+0000] {dagbag.py:588} INFO - Filling up the DagBag from /home/airflow/.local/lib/python3.12/site-packages/airflow/example_dags/example_branch_operator_decorator.py
[2026-05-17T01:55:37.973+0000] {processor.py:925} INFO - DAG(s) 'example_branch_python_operator_decorator' retrieved from /home/airflow/.local/lib/python3.12/site-packages/airflow/example_dags/example_branch_operator_decorator.py
[2026-05-17T01:55:38.014+0000] {logging_mixin.py:190} INFO - [2026-05-17T01:55:38.013+0000] {dag.py:3239} INFO - Sync 1 DAGs
[2026-05-17T01:55:38.049+0000] {logging_mixin.py:190} INFO - [2026-05-17T01:55:38.048+0000] {dag.py:4180} INFO - Setting next_dagrun for example_branch_python_operator_decorator to 2026-05-16 00:00:00+00:00, run_after=2026-05-17 00:00:00+00:00
[2026-05-17T01:55:38.132+0000] {processor.py:208} INFO - Processing /home/airflow/.local/lib/python3.12/site-packages/airflow/example_dags/example_branch_operator_decorator.py took 0.463 seconds
[2026-05-17T01:56:08.376+0000] {processor.py:186} INFO - Started process (PID=432) to work on /home/airflow/.local/lib/python3.12/site-packages/airflow/example_dags/example_branch_operator_decorator.py
[2026-05-17T01:56:08.378+0000] {processor.py:914} INFO - Processing file /home/airflow/.local/lib/python3.12/site-packages/airflow/example_dags/example_branch_operator_decorator.py for tasks to queue
[2026-05-17T01:56:08.380+0000] {logging_mixin.py:190} INFO - [2026-05-17T01:56:08.380+0000] {dagbag.py:588} INFO - Filling up the DagBag from /home/airflow/.local/lib/python3.12/site-packages/airflow/example_dags/example_branch_operator_decorator.py
[2026-05-17T01:56:08.586+0000] {processor.py:925} INFO - DAG(s) 'example_branch_python_operator_decorator' retrieved from /home/airflow/.local/lib/python3.12/site-packages/airflow/example_dags/example_branch_operator_decorator.py
[2026-05-17T01:56:08.655+0000] {logging_mixin.py:190} INFO - [2026-05-17T01:56:08.655+0000] {dag.py:3239} INFO - Sync 1 DAGs
[2026-05-17T01:56:08.690+0000] {logging_mixin.py:190} INFO - [2026-05-17T01:56:08.689+0000] {dag.py:4180} INFO - Setting next_dagrun for example_branch_python_operator_decorator to 2026-05-16 00:00:00+00:00, run_after=2026-05-17 00:00:00+00:00
[2026-05-17T01:56:08.769+0000] {processor.py:208} INFO - Processing /home/airflow/.local/lib/python3.12/site-packages/airflow/example_dags/example_branch_operator_decorator.py took 0.402 seconds
[2026-05-17T02:03:16.063+0000] {processor.py:186} INFO - Started process (PID=488) to work on /home/airflow/.local/lib/python3.12/site-packages/airflow/example_dags/example_branch_operator_decorator.py
[2026-05-17T02:03:16.068+0000] {processor.py:914} INFO - Processing file /home/airflow/.local/lib/python3.12/site-packages/airflow/example_dags/example_branch_operator_decorator.py for tasks to queue
[2026-05-17T02:03:16.075+0000] {logging_mixin.py:190} INFO - [2026-05-17T02:03:16.075+0000] {dagbag.py:588} INFO - Filling up the DagBag from /home/airflow/.local/lib/python3.12/site-packages/airflow/example_dags/example_branch_operator_decorator.py
[2026-05-17T02:03:16.167+0000] {processor.py:925} INFO - DAG(s) 'example_branch_python_operator_decorator' retrieved from /home/airflow/.local/lib/python3.12/site-packages/airflow/example_dags/example_branch_operator_decorator.py
[2026-05-17T02:03:16.215+0000] {logging_mixin.py:190} INFO - [2026-05-17T02:03:16.214+0000] {dag.py:3239} INFO - Sync 1 DAGs
[2026-05-17T02:03:16.265+0000] {logging_mixin.py:190} INFO - [2026-05-17T02:03:16.265+0000] {dag.py:4180} INFO - Setting next_dagrun for example_branch_python_operator_decorator to 2026-05-16 00:00:00+00:00, run_after=2026-05-17 00:00:00+00:00
[2026-05-17T02:03:16.329+0000] {processor.py:208} INFO - Processing /home/airflow/.local/lib/python3.12/site-packages/airflow/example_dags/example_branch_operator_decorator.py took 0.288 seconds
[2026-05-17T13:16:21.003+0000] {processor.py:186} INFO - Started process (PID=92) to work on /home/airflow/.local/lib/python3.12/site-packages/airflow/example_dags/example_branch_operator_decorator.py
[2026-05-17T13:16:21.005+0000] {processor.py:914} INFO - Processing file /home/airflow/.local/lib/python3.12/site-packages/airflow/example_dags/example_branch_operator_decorator.py for tasks to queue
[2026-05-17T13:16:21.010+0000] {logging_mixin.py:190} INFO - [2026-05-17T13:16:21.010+0000] {dagbag.py:588} INFO - Filling up the DagBag from /home/airflow/.local/lib/python3.12/site-packages/airflow/example_dags/example_branch_operator_decorator.py
[2026-05-17T13:16:21.086+0000] {processor.py:925} INFO - DAG(s) 'example_branch_python_operator_decorator' retrieved from /home/airflow/.local/lib/python3.12/site-packages/airflow/example_dags/example_branch_operator_decorator.py
[2026-05-17T13:16:21.764+0000] {logging_mixin.py:190} INFO - [2026-05-17T13:16:21.763+0000] {dag.py:3239} INFO - Sync 1 DAGs
[2026-05-17T13:16:21.839+0000] {logging_mixin.py:190} INFO - [2026-05-17T13:16:21.839+0000] {dag.py:4180} INFO - Setting next_dagrun for example_branch_python_operator_decorator to 2026-05-16 00:00:00+00:00, run_after=2026-05-17 00:00:00+00:00
[2026-05-17T13:16:21.907+0000] {processor.py:208} INFO - Processing /home/airflow/.local/lib/python3.12/site-packages/airflow/example_dags/example_branch_operator_decorator.py took 0.916 seconds
[2026-05-17T13:37:27.229+0000] {processor.py:186} INFO - Started process (PID=83) to work on /home/airflow/.local/lib/python3.12/site-packages/airflow/example_dags/example_branch_operator_decorator.py
[2026-05-17T13:37:27.233+0000] {processor.py:914} INFO - Processing file /home/airflow/.local/lib/python3.12/site-packages/airflow/example_dags/example_branch_operator_decorator.py for tasks to queue
[2026-05-17T13:37:27.261+0000] {logging_mixin.py:190} INFO - [2026-05-17T13:37:27.258+0000] {dagbag.py:588} INFO - Filling up the DagBag from /home/airflow/.local/lib/python3.12/site-packages/airflow/example_dags/example_branch_operator_decorator.py
[2026-05-17T13:37:27.398+0000] {processor.py:925} INFO - DAG(s) 'example_branch_python_operator_decorator' retrieved from /home/airflow/.local/lib/python3.12/site-packages/airflow/example_dags/example_branch_operator_decorator.py
[2026-05-17T13:37:27.815+0000] {logging_mixin.py:190} INFO - [2026-05-17T13:37:27.814+0000] {dag.py:3239} INFO - Sync 1 DAGs
[2026-05-17T13:37:27.864+0000] {logging_mixin.py:190} INFO - [2026-05-17T13:37:27.864+0000] {dag.py:4180} INFO - Setting next_dagrun for example_branch_python_operator_decorator to 2026-05-16 00:00:00+00:00, run_after=2026-05-17 00:00:00+00:00
[2026-05-17T13:37:27.898+0000] {processor.py:208} INFO - Processing /home/airflow/.local/lib/python3.12/site-packages/airflow/example_dags/example_branch_operator_decorator.py took 0.738 seconds
[2026-05-17T13:38:25.969+0000] {processor.py:186} INFO - Started process (PID=140) to work on /home/airflow/.local/lib/python3.12/site-packages/airflow/example_dags/example_branch_operator_decorator.py
[2026-05-17T13:38:25.970+0000] {processor.py:914} INFO - Processing file /home/airflow/.local/lib/python3.12/site-packages/airflow/example_dags/example_branch_operator_decorator.py for tasks to queue
[2026-05-17T13:38:25.971+0000] {logging_mixin.py:190} INFO - [2026-05-17T13:38:25.971+0000] {dagbag.py:588} INFO - Filling up the DagBag from /home/airflow/.local/lib/python3.12/site-packages/airflow/example_dags/example_branch_operator_decorator.py
[2026-05-17T13:38:25.998+0000] {processor.py:925} INFO - DAG(s) 'example_branch_python_operator_decorator' retrieved from /home/airflow/.local/lib/python3.12/site-packages/airflow/example_dags/example_branch_operator_decorator.py
[2026-05-17T13:38:26.028+0000] {logging_mixin.py:190} INFO - [2026-05-17T13:38:26.027+0000] {dag.py:3239} INFO - Sync 1 DAGs
[2026-05-17T13:38:26.056+0000] {logging_mixin.py:190} INFO - [2026-05-17T13:38:26.055+0000] {dag.py:4180} INFO - Setting next_dagrun for example_branch_python_operator_decorator to 2026-05-16 00:00:00+00:00, run_after=2026-05-17 00:00:00+00:00
[2026-05-17T13:38:26.076+0000] {processor.py:208} INFO - Processing /home/airflow/.local/lib/python3.12/site-packages/airflow/example_dags/example_branch_operator_decorator.py took 0.114 seconds
[2026-05-17T13:50:47.278+0000] {processor.py:186} INFO - Started process (PID=81) to work on /home/airflow/.local/lib/python3.12/site-packages/airflow/example_dags/example_branch_operator_decorator.py
[2026-05-17T13:50:47.303+0000] {processor.py:914} INFO - Processing file /home/airflow/.local/lib/python3.12/site-packages/airflow/example_dags/example_branch_operator_decorator.py for tasks to queue
[2026-05-17T13:50:47.308+0000] {logging_mixin.py:190} INFO - [2026-05-17T13:50:47.308+0000] {dagbag.py:588} INFO - Filling up the DagBag from /home/airflow/.local/lib/python3.12/site-packages/airflow/example_dags/example_branch_operator_decorator.py
[2026-05-17T13:50:47.366+0000] {processor.py:925} INFO - DAG(s) 'example_branch_python_operator_decorator' retrieved from /home/airflow/.local/lib/python3.12/site-packages/airflow/example_dags/example_branch_operator_decorator.py
[2026-05-17T13:50:47.673+0000] {logging_mixin.py:190} INFO - [2026-05-17T13:50:47.673+0000] {dag.py:3239} INFO - Sync 1 DAGs
[2026-05-17T13:50:47.706+0000] {logging_mixin.py:190} INFO - [2026-05-17T13:50:47.706+0000] {dag.py:4180} INFO - Setting next_dagrun for example_branch_python_operator_decorator to 2026-05-16 00:00:00+00:00, run_after=2026-05-17 00:00:00+00:00
[2026-05-17T13:50:48.107+0000] {processor.py:208} INFO - Processing /home/airflow/.local/lib/python3.12/site-packages/airflow/example_dags/example_branch_operator_decorator.py took 0.837 seconds
[2026-05-17T16:12:57.170+0000] {processor.py:186} INFO - Started process (PID=95) to work on /home/airflow/.local/lib/python3.12/site-packages/airflow/example_dags/example_branch_operator_decorator.py
[2026-05-17T16:12:57.176+0000] {processor.py:914} INFO - Processing file /home/airflow/.local/lib/python3.12/site-packages/airflow/example_dags/example_branch_operator_decorator.py for tasks to queue
[2026-05-17T16:12:57.201+0000] {logging_mixin.py:190} INFO - [2026-05-17T16:12:57.199+0000] {dagbag.py:588} INFO - Filling up the DagBag from /home/airflow/.local/lib/python3.12/site-packages/airflow/example_dags/example_branch_operator_decorator.py
[2026-05-17T16:12:57.391+0000] {processor.py:925} INFO - DAG(s) 'example_branch_python_operator_decorator' retrieved from /home/airflow/.local/lib/python3.12/site-packages/airflow/example_dags/example_branch_operator_decorator.py
[2026-05-17T16:12:58.188+0000] {logging_mixin.py:190} INFO - [2026-05-17T16:12:58.188+0000] {dag.py:3239} INFO - Sync 1 DAGs
[2026-05-17T16:12:58.268+0000] {logging_mixin.py:190} INFO - [2026-05-17T16:12:58.268+0000] {dag.py:4180} INFO - Setting next_dagrun for example_branch_python_operator_decorator to 2026-05-16 00:00:00+00:00, run_after=2026-05-17 00:00:00+00:00
[2026-05-17T16:12:58.330+0000] {processor.py:208} INFO - Processing /home/airflow/.local/lib/python3.12/site-packages/airflow/example_dags/example_branch_operator_decorator.py took 1.212 seconds
[2026-05-17T16:23:20.820+0000] {processor.py:186} INFO - Started process (PID=87) to work on /home/airflow/.local/lib/python3.12/site-packages/airflow/example_dags/example_branch_operator_decorator.py
[2026-05-17T16:23:20.826+0000] {processor.py:914} INFO - Processing file /home/airflow/.local/lib/python3.12/site-packages/airflow/example_dags/example_branch_operator_decorator.py for tasks to queue
[2026-05-17T16:23:20.845+0000] {logging_mixin.py:190} INFO - [2026-05-17T16:23:20.840+0000] {dagbag.py:588} INFO - Filling up the DagBag from /home/airflow/.local/lib/python3.12/site-packages/airflow/example_dags/example_branch_operator_decorator.py
[2026-05-17T16:23:20.961+0000] {processor.py:925} INFO - DAG(s) 'example_branch_python_operator_decorator' retrieved from /home/airflow/.local/lib/python3.12/site-packages/airflow/example_dags/example_branch_operator_decorator.py
[2026-05-17T16:23:22.038+0000] {logging_mixin.py:190} INFO - [2026-05-17T16:23:22.036+0000] {dag.py:3239} INFO - Sync 1 DAGs
[2026-05-17T16:23:22.148+0000] {logging_mixin.py:190} INFO - [2026-05-17T16:23:22.148+0000] {dag.py:4180} INFO - Setting next_dagrun for example_branch_python_operator_decorator to 2026-05-16 00:00:00+00:00, run_after=2026-05-17 00:00:00+00:00
[2026-05-17T16:23:22.261+0000] {processor.py:208} INFO - Processing /home/airflow/.local/lib/python3.12/site-packages/airflow/example_dags/example_branch_operator_decorator.py took 1.456 seconds
[2026-05-17T16:24:17.878+0000] {processor.py:186} INFO - Started process (PID=144) to work on /home/airflow/.local/lib/python3.12/site-packages/airflow/example_dags/example_branch_operator_decorator.py
[2026-05-17T16:24:17.883+0000] {processor.py:914} INFO - Processing file /home/airflow/.local/lib/python3.12/site-packages/airflow/example_dags/example_branch_operator_decorator.py for tasks to queue
[2026-05-17T16:24:17.887+0000] {logging_mixin.py:190} INFO - [2026-05-17T16:24:17.886+0000] {dagbag.py:588} INFO - Filling up the DagBag from /home/airflow/.local/lib/python3.12/site-packages/airflow/example_dags/example_branch_operator_decorator.py
[2026-05-17T16:24:18.039+0000] {processor.py:925} INFO - DAG(s) 'example_branch_python_operator_decorator' retrieved from /home/airflow/.local/lib/python3.12/site-packages/airflow/example_dags/example_branch_operator_decorator.py
[2026-05-17T16:24:18.158+0000] {logging_mixin.py:190} INFO - [2026-05-17T16:24:18.157+0000] {dag.py:3239} INFO - Sync 1 DAGs
[2026-05-17T16:24:18.259+0000] {logging_mixin.py:190} INFO - [2026-05-17T16:24:18.259+0000] {dag.py:4180} INFO - Setting next_dagrun for example_branch_python_operator_decorator to 2026-05-16 00:00:00+00:00, run_after=2026-05-17 00:00:00+00:00
[2026-05-17T16:24:18.362+0000] {processor.py:208} INFO - Processing /home/airflow/.local/lib/python3.12/site-packages/airflow/example_dags/example_branch_operator_decorator.py took 0.500 seconds
[2026-05-17T18:14:28.031+0000] {processor.py:186} INFO - Started process (PID=90) to work on /home/airflow/.local/lib/python3.12/site-packages/airflow/example_dags/example_branch_operator_decorator.py
[2026-05-17T18:14:28.049+0000] {processor.py:914} INFO - Processing file /home/airflow/.local/lib/python3.12/site-packages/airflow/example_dags/example_branch_operator_decorator.py for tasks to queue
[2026-05-17T18:14:28.079+0000] {logging_mixin.py:190} INFO - [2026-05-17T18:14:28.078+0000] {dagbag.py:588} INFO - Filling up the DagBag from /home/airflow/.local/lib/python3.12/site-packages/airflow/example_dags/example_branch_operator_decorator.py
[2026-05-17T18:14:28.208+0000] {processor.py:925} INFO - DAG(s) 'example_branch_python_operator_decorator' retrieved from /home/airflow/.local/lib/python3.12/site-packages/airflow/example_dags/example_branch_operator_decorator.py
[2026-05-17T18:14:29.641+0000] {logging_mixin.py:190} INFO - [2026-05-17T18:14:29.640+0000] {dag.py:3239} INFO - Sync 1 DAGs
[2026-05-17T18:14:30.007+0000] {logging_mixin.py:190} INFO - [2026-05-17T18:14:30.006+0000] {dag.py:4180} INFO - Setting next_dagrun for example_branch_python_operator_decorator to 2026-05-16 00:00:00+00:00, run_after=2026-05-17 00:00:00+00:00
[2026-05-17T18:14:30.284+0000] {processor.py:208} INFO - Processing /home/airflow/.local/lib/python3.12/site-packages/airflow/example_dags/example_branch_operator_decorator.py took 2.331 seconds
[2026-05-17T18:15:35.135+0000] {processor.py:186} INFO - Started process (PID=160) to work on /home/airflow/.local/lib/python3.12/site-packages/airflow/example_dags/example_branch_operator_decorator.py
[2026-05-17T18:15:35.140+0000] {processor.py:914} INFO - Processing file /home/airflow/.local/lib/python3.12/site-packages/airflow/example_dags/example_branch_operator_decorator.py for tasks to queue
[2026-05-17T18:15:35.165+0000] {logging_mixin.py:190} INFO - [2026-05-17T18:15:35.165+0000] {dagbag.py:588} INFO - Filling up the DagBag from /home/airflow/.local/lib/python3.12/site-packages/airflow/example_dags/example_branch_operator_decorator.py
[2026-05-17T18:15:35.392+0000] {processor.py:925} INFO - DAG(s) 'example_branch_python_operator_decorator' retrieved from /home/airflow/.local/lib/python3.12/site-packages/airflow/example_dags/example_branch_operator_decorator.py
[2026-05-17T18:15:35.510+0000] {logging_mixin.py:190} INFO - [2026-05-17T18:15:35.509+0000] {dag.py:3239} INFO - Sync 1 DAGs
[2026-05-17T18:15:35.710+0000] {logging_mixin.py:190} INFO - [2026-05-17T18:15:35.708+0000] {dag.py:4180} INFO - Setting next_dagrun for example_branch_python_operator_decorator to 2026-05-16 00:00:00+00:00, run_after=2026-05-17 00:00:00+00:00
[2026-05-17T18:15:35.868+0000] {processor.py:208} INFO - Processing /home/airflow/.local/lib/python3.12/site-packages/airflow/example_dags/example_branch_operator_decorator.py took 0.757 seconds
[2026-05-17T18:23:02.848+0000] {processor.py:186} INFO - Started process (PID=87) to work on /home/airflow/.local/lib/python3.12/site-packages/airflow/example_dags/example_branch_operator_decorator.py
[2026-05-17T18:23:02.850+0000] {processor.py:914} INFO - Processing file /home/airflow/.local/lib/python3.12/site-packages/airflow/example_dags/example_branch_operator_decorator.py for tasks to queue
[2026-05-17T18:23:02.854+0000] {logging_mixin.py:190} INFO - [2026-05-17T18:23:02.854+0000] {dagbag.py:588} INFO - Filling up the DagBag from /home/airflow/.local/lib/python3.12/site-packages/airflow/example_dags/example_branch_operator_decorator.py
[2026-05-17T18:23:02.946+0000] {processor.py:925} INFO - DAG(s) 'example_branch_python_operator_decorator' retrieved from /home/airflow/.local/lib/python3.12/site-packages/airflow/example_dags/example_branch_operator_decorator.py
[2026-05-17T18:23:04.409+0000] {logging_mixin.py:190} INFO - [2026-05-17T18:23:04.408+0000] {dag.py:3239} INFO - Sync 1 DAGs
[2026-05-17T18:23:04.477+0000] {logging_mixin.py:190} INFO - [2026-05-17T18:23:04.477+0000] {dag.py:4180} INFO - Setting next_dagrun for example_branch_python_operator_decorator to 2026-05-16 00:00:00+00:00, run_after=2026-05-17 00:00:00+00:00
[2026-05-17T18:23:04.543+0000] {processor.py:208} INFO - Processing /home/airflow/.local/lib/python3.12/site-packages/airflow/example_dags/example_branch_operator_decorator.py took 1.706 seconds
