[2026-05-17T00:38:31.475+0000] {processor.py:186} INFO - Started process (PID=121) to work on /home/airflow/.local/lib/python3.12/site-packages/airflow/example_dags/example_sla_dag.py
[2026-05-17T00:38:31.478+0000] {processor.py:914} INFO - Processing file /home/airflow/.local/lib/python3.12/site-packages/airflow/example_dags/example_sla_dag.py for tasks to queue
[2026-05-17T00:38:31.484+0000] {logging_mixin.py:190} INFO - [2026-05-17T00:38:31.483+0000] {dagbag.py:588} INFO - Filling up the DagBag from /home/airflow/.local/lib/python3.12/site-packages/airflow/example_dags/example_sla_dag.py
[2026-05-17T00:38:31.511+0000] {processor.py:925} INFO - DAG(s) 'example_sla_dag' retrieved from /home/airflow/.local/lib/python3.12/site-packages/airflow/example_dags/example_sla_dag.py
[2026-05-17T00:38:31.740+0000] {logging_mixin.py:190} INFO - [2026-05-17T00:38:31.739+0000] {override.py:1900} INFO - Created Permission View: can read on DAG:example_sla_dag
[2026-05-17T00:38:31.763+0000] {logging_mixin.py:190} INFO - [2026-05-17T00:38:31.762+0000] {override.py:1900} INFO - Created Permission View: can edit on DAG:example_sla_dag
[2026-05-17T00:38:31.781+0000] {logging_mixin.py:190} INFO - [2026-05-17T00:38:31.779+0000] {override.py:1900} INFO - Created Permission View: can delete on DAG:example_sla_dag
[2026-05-17T00:38:31.795+0000] {logging_mixin.py:190} INFO - [2026-05-17T00:38:31.794+0000] {override.py:1900} INFO - Created Permission View: can read on DAG Run:example_sla_dag
[2026-05-17T00:38:31.814+0000] {logging_mixin.py:190} INFO - [2026-05-17T00:38:31.812+0000] {override.py:1900} INFO - Created Permission View: can create on DAG Run:example_sla_dag
[2026-05-17T00:38:31.840+0000] {logging_mixin.py:190} INFO - [2026-05-17T00:38:31.840+0000] {override.py:1900} INFO - Created Permission View: can delete on DAG Run:example_sla_dag
[2026-05-17T00:38:31.866+0000] {logging_mixin.py:190} INFO - [2026-05-17T00:38:31.866+0000] {override.py:1900} INFO - Created Permission View: menu access on DAG Run:example_sla_dag
[2026-05-17T00:38:31.870+0000] {logging_mixin.py:190} INFO - [2026-05-17T00:38:31.870+0000] {dag.py:3239} INFO - Sync 1 DAGs
[2026-05-17T00:38:31.893+0000] {logging_mixin.py:190} INFO - [2026-05-17T00:38:31.892+0000] {dag.py:3262} INFO - Creating ORM DAG for example_sla_dag
[2026-05-17T00:38:31.923+0000] {logging_mixin.py:190} INFO - [2026-05-17T00:38:31.923+0000] {dag.py:4180} INFO - Setting next_dagrun for example_sla_dag to 2026-05-17 00:36:00+00:00, run_after=2026-05-17 00:38:00+00:00
[2026-05-17T00:38:31.954+0000] {processor.py:208} INFO - Processing /home/airflow/.local/lib/python3.12/site-packages/airflow/example_dags/example_sla_dag.py took 0.492 seconds
[2026-05-17T00:39:02.393+0000] {processor.py:186} INFO - Started process (PID=182) to work on /home/airflow/.local/lib/python3.12/site-packages/airflow/example_dags/example_sla_dag.py
[2026-05-17T00:39:02.397+0000] {processor.py:914} INFO - Processing file /home/airflow/.local/lib/python3.12/site-packages/airflow/example_dags/example_sla_dag.py for tasks to queue
[2026-05-17T00:39:02.406+0000] {logging_mixin.py:190} INFO - [2026-05-17T00:39:02.405+0000] {dagbag.py:588} INFO - Filling up the DagBag from /home/airflow/.local/lib/python3.12/site-packages/airflow/example_dags/example_sla_dag.py
[2026-05-17T00:39:02.443+0000] {processor.py:925} INFO - DAG(s) 'example_sla_dag' retrieved from /home/airflow/.local/lib/python3.12/site-packages/airflow/example_dags/example_sla_dag.py
[2026-05-17T00:39:02.530+0000] {logging_mixin.py:190} INFO - [2026-05-17T00:39:02.530+0000] {dag.py:3239} INFO - Sync 1 DAGs
[2026-05-17T00:39:02.684+0000] {logging_mixin.py:190} INFO - [2026-05-17T00:39:02.684+0000] {dag.py:4180} INFO - Setting next_dagrun for example_sla_dag to 2026-05-17 00:36:00+00:00, run_after=2026-05-17 00:38:00+00:00
[2026-05-17T00:39:02.770+0000] {processor.py:208} INFO - Processing /home/airflow/.local/lib/python3.12/site-packages/airflow/example_dags/example_sla_dag.py took 0.394 seconds
[2026-05-17T01:21:53.096+0000] {processor.py:186} INFO - Started process (PID=131) to work on /home/airflow/.local/lib/python3.12/site-packages/airflow/example_dags/example_sla_dag.py
[2026-05-17T01:21:53.166+0000] {processor.py:914} INFO - Processing file /home/airflow/.local/lib/python3.12/site-packages/airflow/example_dags/example_sla_dag.py for tasks to queue
[2026-05-17T01:21:53.204+0000] {logging_mixin.py:190} INFO - [2026-05-17T01:21:53.204+0000] {dagbag.py:588} INFO - Filling up the DagBag from /home/airflow/.local/lib/python3.12/site-packages/airflow/example_dags/example_sla_dag.py
[2026-05-17T01:21:53.306+0000] {processor.py:925} INFO - DAG(s) 'example_sla_dag' retrieved from /home/airflow/.local/lib/python3.12/site-packages/airflow/example_dags/example_sla_dag.py
[2026-05-17T01:21:53.390+0000] {logging_mixin.py:190} INFO - [2026-05-17T01:21:53.390+0000] {dag.py:3239} INFO - Sync 1 DAGs
[2026-05-17T01:21:53.465+0000] {logging_mixin.py:190} INFO - [2026-05-17T01:21:53.464+0000] {dag.py:4180} INFO - Setting next_dagrun for example_sla_dag to 2026-05-17 01:18:00+00:00, run_after=2026-05-17 01:20:00+00:00
[2026-05-17T01:21:53.533+0000] {processor.py:208} INFO - Processing /home/airflow/.local/lib/python3.12/site-packages/airflow/example_dags/example_sla_dag.py took 0.449 seconds
[2026-05-17T01:22:53.724+0000] {processor.py:186} INFO - Started process (PID=194) to work on /home/airflow/.local/lib/python3.12/site-packages/airflow/example_dags/example_sla_dag.py
[2026-05-17T01:22:53.775+0000] {processor.py:914} INFO - Processing file /home/airflow/.local/lib/python3.12/site-packages/airflow/example_dags/example_sla_dag.py for tasks to queue
[2026-05-17T01:22:53.778+0000] {logging_mixin.py:190} INFO - [2026-05-17T01:22:53.778+0000] {dagbag.py:588} INFO - Filling up the DagBag from /home/airflow/.local/lib/python3.12/site-packages/airflow/example_dags/example_sla_dag.py
[2026-05-17T01:22:53.934+0000] {processor.py:925} INFO - DAG(s) 'example_sla_dag' retrieved from /home/airflow/.local/lib/python3.12/site-packages/airflow/example_dags/example_sla_dag.py
[2026-05-17T01:22:53.955+0000] {logging_mixin.py:190} INFO - [2026-05-17T01:22:53.955+0000] {dag.py:3239} INFO - Sync 1 DAGs
[2026-05-17T01:22:54.090+0000] {logging_mixin.py:190} INFO - [2026-05-17T01:22:54.090+0000] {dag.py:4180} INFO - Setting next_dagrun for example_sla_dag to 2026-05-17 01:20:00+00:00, run_after=2026-05-17 01:22:00+00:00
[2026-05-17T01:22:54.255+0000] {processor.py:208} INFO - Processing /home/airflow/.local/lib/python3.12/site-packages/airflow/example_dags/example_sla_dag.py took 0.539 seconds
[2026-05-17T01:51:49.316+0000] {processor.py:186} INFO - Started process (PID=280) to work on /home/airflow/.local/lib/python3.12/site-packages/airflow/example_dags/example_sla_dag.py
[2026-05-17T01:51:49.540+0000] {processor.py:914} INFO - Processing file /home/airflow/.local/lib/python3.12/site-packages/airflow/example_dags/example_sla_dag.py for tasks to queue
[2026-05-17T01:51:49.546+0000] {logging_mixin.py:190} INFO - [2026-05-17T01:51:49.546+0000] {dagbag.py:588} INFO - Filling up the DagBag from /home/airflow/.local/lib/python3.12/site-packages/airflow/example_dags/example_sla_dag.py
[2026-05-17T01:51:49.565+0000] {processor.py:925} INFO - DAG(s) 'example_sla_dag' retrieved from /home/airflow/.local/lib/python3.12/site-packages/airflow/example_dags/example_sla_dag.py
[2026-05-17T01:51:49.588+0000] {logging_mixin.py:190} INFO - [2026-05-17T01:51:49.588+0000] {dag.py:3239} INFO - Sync 1 DAGs
[2026-05-17T01:51:49.611+0000] {logging_mixin.py:190} INFO - [2026-05-17T01:51:49.611+0000] {dag.py:4180} INFO - Setting next_dagrun for example_sla_dag to 2026-05-17 01:48:00+00:00, run_after=2026-05-17 01:50:00+00:00
[2026-05-17T01:51:49.632+0000] {processor.py:208} INFO - Processing /home/airflow/.local/lib/python3.12/site-packages/airflow/example_dags/example_sla_dag.py took 0.325 seconds
[2026-05-17T01:55:12.488+0000] {processor.py:186} INFO - Started process (PID=344) to work on /home/airflow/.local/lib/python3.12/site-packages/airflow/example_dags/example_sla_dag.py
[2026-05-17T01:55:12.489+0000] {processor.py:914} INFO - Processing file /home/airflow/.local/lib/python3.12/site-packages/airflow/example_dags/example_sla_dag.py for tasks to queue
[2026-05-17T01:55:12.492+0000] {logging_mixin.py:190} INFO - [2026-05-17T01:55:12.491+0000] {dagbag.py:588} INFO - Filling up the DagBag from /home/airflow/.local/lib/python3.12/site-packages/airflow/example_dags/example_sla_dag.py
[2026-05-17T01:55:12.513+0000] {processor.py:925} INFO - DAG(s) 'example_sla_dag' retrieved from /home/airflow/.local/lib/python3.12/site-packages/airflow/example_dags/example_sla_dag.py
[2026-05-17T01:55:12.548+0000] {logging_mixin.py:190} INFO - [2026-05-17T01:55:12.548+0000] {dag.py:3239} INFO - Sync 1 DAGs
[2026-05-17T01:55:12.590+0000] {logging_mixin.py:190} INFO - [2026-05-17T01:55:12.590+0000] {dag.py:4180} INFO - Setting next_dagrun for example_sla_dag to 2026-05-17 01:52:00+00:00, run_after=2026-05-17 01:54:00+00:00
[2026-05-17T01:55:12.623+0000] {processor.py:208} INFO - Processing /home/airflow/.local/lib/python3.12/site-packages/airflow/example_dags/example_sla_dag.py took 0.145 seconds
[2026-05-17T01:55:48.801+0000] {processor.py:186} INFO - Started process (PID=407) to work on /home/airflow/.local/lib/python3.12/site-packages/airflow/example_dags/example_sla_dag.py
[2026-05-17T01:55:48.802+0000] {processor.py:914} INFO - Processing file /home/airflow/.local/lib/python3.12/site-packages/airflow/example_dags/example_sla_dag.py for tasks to queue
[2026-05-17T01:55:48.804+0000] {logging_mixin.py:190} INFO - [2026-05-17T01:55:48.803+0000] {dagbag.py:588} INFO - Filling up the DagBag from /home/airflow/.local/lib/python3.12/site-packages/airflow/example_dags/example_sla_dag.py
[2026-05-17T01:55:48.958+0000] {processor.py:925} INFO - DAG(s) 'example_sla_dag' retrieved from /home/airflow/.local/lib/python3.12/site-packages/airflow/example_dags/example_sla_dag.py
[2026-05-17T01:55:49.010+0000] {logging_mixin.py:190} INFO - [2026-05-17T01:55:49.010+0000] {dag.py:3239} INFO - Sync 1 DAGs
[2026-05-17T01:55:49.090+0000] {logging_mixin.py:190} INFO - [2026-05-17T01:55:49.089+0000] {dag.py:4180} INFO - Setting next_dagrun for example_sla_dag to 2026-05-17 01:52:00+00:00, run_after=2026-05-17 01:54:00+00:00
[2026-05-17T01:55:49.179+0000] {processor.py:208} INFO - Processing /home/airflow/.local/lib/python3.12/site-packages/airflow/example_dags/example_sla_dag.py took 0.388 seconds
[2026-05-17T02:03:10.425+0000] {processor.py:186} INFO - Started process (PID=470) to work on /home/airflow/.local/lib/python3.12/site-packages/airflow/example_dags/example_sla_dag.py
[2026-05-17T02:03:10.426+0000] {processor.py:914} INFO - Processing file /home/airflow/.local/lib/python3.12/site-packages/airflow/example_dags/example_sla_dag.py for tasks to queue
[2026-05-17T02:03:10.431+0000] {logging_mixin.py:190} INFO - [2026-05-17T02:03:10.430+0000] {dagbag.py:588} INFO - Filling up the DagBag from /home/airflow/.local/lib/python3.12/site-packages/airflow/example_dags/example_sla_dag.py
[2026-05-17T02:03:10.451+0000] {processor.py:925} INFO - DAG(s) 'example_sla_dag' retrieved from /home/airflow/.local/lib/python3.12/site-packages/airflow/example_dags/example_sla_dag.py
[2026-05-17T02:03:10.486+0000] {logging_mixin.py:190} INFO - [2026-05-17T02:03:10.486+0000] {dag.py:3239} INFO - Sync 1 DAGs
[2026-05-17T02:03:10.600+0000] {logging_mixin.py:190} INFO - [2026-05-17T02:03:10.600+0000] {dag.py:4180} INFO - Setting next_dagrun for example_sla_dag to 2026-05-17 02:00:00+00:00, run_after=2026-05-17 02:02:00+00:00
[2026-05-17T02:03:10.643+0000] {processor.py:208} INFO - Processing /home/airflow/.local/lib/python3.12/site-packages/airflow/example_dags/example_sla_dag.py took 0.228 seconds
[2026-05-17T13:16:36.396+0000] {processor.py:186} INFO - Started process (PID=123) to work on /home/airflow/.local/lib/python3.12/site-packages/airflow/example_dags/example_sla_dag.py
[2026-05-17T13:16:36.399+0000] {processor.py:914} INFO - Processing file /home/airflow/.local/lib/python3.12/site-packages/airflow/example_dags/example_sla_dag.py for tasks to queue
[2026-05-17T13:16:36.411+0000] {logging_mixin.py:190} INFO - [2026-05-17T13:16:36.405+0000] {dagbag.py:588} INFO - Filling up the DagBag from /home/airflow/.local/lib/python3.12/site-packages/airflow/example_dags/example_sla_dag.py
[2026-05-17T13:16:36.485+0000] {processor.py:925} INFO - DAG(s) 'example_sla_dag' retrieved from /home/airflow/.local/lib/python3.12/site-packages/airflow/example_dags/example_sla_dag.py
[2026-05-17T13:37:32.365+0000] {processor.py:186} INFO - Started process (PID=114) to work on /home/airflow/.local/lib/python3.12/site-packages/airflow/example_dags/example_sla_dag.py
[2026-05-17T13:37:32.368+0000] {processor.py:914} INFO - Processing file /home/airflow/.local/lib/python3.12/site-packages/airflow/example_dags/example_sla_dag.py for tasks to queue
[2026-05-17T13:37:32.375+0000] {logging_mixin.py:190} INFO - [2026-05-17T13:37:32.374+0000] {dagbag.py:588} INFO - Filling up the DagBag from /home/airflow/.local/lib/python3.12/site-packages/airflow/example_dags/example_sla_dag.py
[2026-05-17T13:37:32.393+0000] {processor.py:925} INFO - DAG(s) 'example_sla_dag' retrieved from /home/airflow/.local/lib/python3.12/site-packages/airflow/example_dags/example_sla_dag.py
[2026-05-17T13:37:32.437+0000] {logging_mixin.py:190} INFO - [2026-05-17T13:37:32.436+0000] {dag.py:3239} INFO - Sync 1 DAGs
[2026-05-17T13:37:32.481+0000] {logging_mixin.py:190} INFO - [2026-05-17T13:37:32.480+0000] {dag.py:4180} INFO - Setting next_dagrun for example_sla_dag to 2026-05-17 13:34:00+00:00, run_after=2026-05-17 13:36:00+00:00
[2026-05-17T13:37:32.766+0000] {processor.py:208} INFO - Processing /home/airflow/.local/lib/python3.12/site-packages/airflow/example_dags/example_sla_dag.py took 0.418 seconds
[2026-05-17T13:38:28.495+0000] {processor.py:186} INFO - Started process (PID=171) to work on /home/airflow/.local/lib/python3.12/site-packages/airflow/example_dags/example_sla_dag.py
[2026-05-17T13:38:28.496+0000] {processor.py:914} INFO - Processing file /home/airflow/.local/lib/python3.12/site-packages/airflow/example_dags/example_sla_dag.py for tasks to queue
[2026-05-17T13:38:28.497+0000] {logging_mixin.py:190} INFO - [2026-05-17T13:38:28.497+0000] {dagbag.py:588} INFO - Filling up the DagBag from /home/airflow/.local/lib/python3.12/site-packages/airflow/example_dags/example_sla_dag.py
[2026-05-17T13:38:28.512+0000] {processor.py:925} INFO - DAG(s) 'example_sla_dag' retrieved from /home/airflow/.local/lib/python3.12/site-packages/airflow/example_dags/example_sla_dag.py
[2026-05-17T13:38:28.537+0000] {logging_mixin.py:190} INFO - [2026-05-17T13:38:28.537+0000] {dag.py:3239} INFO - Sync 1 DAGs
[2026-05-17T13:38:28.567+0000] {logging_mixin.py:190} INFO - [2026-05-17T13:38:28.567+0000] {dag.py:4180} INFO - Setting next_dagrun for example_sla_dag to 2026-05-17 13:36:00+00:00, run_after=2026-05-17 13:38:00+00:00
[2026-05-17T13:38:28.587+0000] {processor.py:208} INFO - Processing /home/airflow/.local/lib/python3.12/site-packages/airflow/example_dags/example_sla_dag.py took 0.098 seconds
[2026-05-17T13:51:30.789+0000] {processor.py:186} INFO - Started process (PID=118) to work on /home/airflow/.local/lib/python3.12/site-packages/airflow/example_dags/example_sla_dag.py
[2026-05-17T13:51:30.792+0000] {processor.py:914} INFO - Processing file /home/airflow/.local/lib/python3.12/site-packages/airflow/example_dags/example_sla_dag.py for tasks to queue
[2026-05-17T13:51:30.797+0000] {logging_mixin.py:190} INFO - [2026-05-17T13:51:30.797+0000] {dagbag.py:588} INFO - Filling up the DagBag from /home/airflow/.local/lib/python3.12/site-packages/airflow/example_dags/example_sla_dag.py
[2026-05-17T13:51:30.913+0000] {processor.py:925} INFO - DAG(s) 'example_sla_dag' retrieved from /home/airflow/.local/lib/python3.12/site-packages/airflow/example_dags/example_sla_dag.py
[2026-05-17T13:51:30.978+0000] {logging_mixin.py:190} INFO - [2026-05-17T13:51:30.976+0000] {dag.py:3239} INFO - Sync 1 DAGs
[2026-05-17T13:51:30.844+0000] {logging_mixin.py:190} INFO - [2026-05-17T13:51:30.841+0000] {dag.py:4180} INFO - Setting next_dagrun for example_sla_dag to 2026-05-17 13:48:00+00:00, run_after=2026-05-17 13:50:00+00:00
[2026-05-17T13:51:30.907+0000] {processor.py:208} INFO - Processing /home/airflow/.local/lib/python3.12/site-packages/airflow/example_dags/example_sla_dag.py took 0.392 seconds
[2026-05-17T16:13:33.168+0000] {processor.py:186} INFO - Started process (PID=126) to work on /home/airflow/.local/lib/python3.12/site-packages/airflow/example_dags/example_sla_dag.py
[2026-05-17T16:13:33.225+0000] {processor.py:914} INFO - Processing file /home/airflow/.local/lib/python3.12/site-packages/airflow/example_dags/example_sla_dag.py for tasks to queue
[2026-05-17T16:13:33.228+0000] {logging_mixin.py:190} INFO - [2026-05-17T16:13:33.228+0000] {dagbag.py:588} INFO - Filling up the DagBag from /home/airflow/.local/lib/python3.12/site-packages/airflow/example_dags/example_sla_dag.py
[2026-05-17T16:13:33.374+0000] {processor.py:925} INFO - DAG(s) 'example_sla_dag' retrieved from /home/airflow/.local/lib/python3.12/site-packages/airflow/example_dags/example_sla_dag.py
[2026-05-17T16:13:33.516+0000] {logging_mixin.py:190} INFO - [2026-05-17T16:13:33.515+0000] {dag.py:3239} INFO - Sync 1 DAGs
[2026-05-17T16:13:33.687+0000] {logging_mixin.py:190} INFO - [2026-05-17T16:13:33.686+0000] {dag.py:4180} INFO - Setting next_dagrun for example_sla_dag to 2026-05-17 16:10:00+00:00, run_after=2026-05-17 16:12:00+00:00
[2026-05-17T16:13:33.754+0000] {processor.py:208} INFO - Processing /home/airflow/.local/lib/python3.12/site-packages/airflow/example_dags/example_sla_dag.py took 0.592 seconds
[2026-05-17T16:24:06.512+0000] {processor.py:186} INFO - Started process (PID=118) to work on /home/airflow/.local/lib/python3.12/site-packages/airflow/example_dags/example_sla_dag.py
[2026-05-17T16:24:06.515+0000] {processor.py:914} INFO - Processing file /home/airflow/.local/lib/python3.12/site-packages/airflow/example_dags/example_sla_dag.py for tasks to queue
[2026-05-17T16:24:06.521+0000] {logging_mixin.py:190} INFO - [2026-05-17T16:24:06.520+0000] {dagbag.py:588} INFO - Filling up the DagBag from /home/airflow/.local/lib/python3.12/site-packages/airflow/example_dags/example_sla_dag.py
[2026-05-17T16:24:06.556+0000] {processor.py:925} INFO - DAG(s) 'example_sla_dag' retrieved from /home/airflow/.local/lib/python3.12/site-packages/airflow/example_dags/example_sla_dag.py
[2026-05-17T16:24:06.603+0000] {logging_mixin.py:190} INFO - [2026-05-17T16:24:06.602+0000] {dag.py:3239} INFO - Sync 1 DAGs
[2026-05-17T16:24:06.688+0000] {logging_mixin.py:190} INFO - [2026-05-17T16:24:06.687+0000] {dag.py:4180} INFO - Setting next_dagrun for example_sla_dag to 2026-05-17 16:22:00+00:00, run_after=2026-05-17 16:24:00+00:00
[2026-05-17T16:24:06.752+0000] {processor.py:208} INFO - Processing /home/airflow/.local/lib/python3.12/site-packages/airflow/example_dags/example_sla_dag.py took 0.254 seconds
[2026-05-17T18:14:57.218+0000] {processor.py:186} INFO - Started process (PID=127) to work on /home/airflow/.local/lib/python3.12/site-packages/airflow/example_dags/example_sla_dag.py
[2026-05-17T18:14:57.237+0000] {processor.py:914} INFO - Processing file /home/airflow/.local/lib/python3.12/site-packages/airflow/example_dags/example_sla_dag.py for tasks to queue
[2026-05-17T18:14:57.293+0000] {logging_mixin.py:190} INFO - [2026-05-17T18:14:57.292+0000] {dagbag.py:588} INFO - Filling up the DagBag from /home/airflow/.local/lib/python3.12/site-packages/airflow/example_dags/example_sla_dag.py
[2026-05-17T18:14:57.387+0000] {processor.py:925} INFO - DAG(s) 'example_sla_dag' retrieved from /home/airflow/.local/lib/python3.12/site-packages/airflow/example_dags/example_sla_dag.py
[2026-05-17T18:14:57.523+0000] {logging_mixin.py:190} INFO - [2026-05-17T18:14:57.522+0000] {dag.py:3239} INFO - Sync 1 DAGs
[2026-05-17T18:14:57.691+0000] {logging_mixin.py:190} INFO - [2026-05-17T18:14:57.690+0000] {dag.py:4180} INFO - Setting next_dagrun for example_sla_dag to 2026-05-17 18:12:00+00:00, run_after=2026-05-17 18:14:00+00:00
[2026-05-17T18:14:57.801+0000] {processor.py:208} INFO - Processing /home/airflow/.local/lib/python3.12/site-packages/airflow/example_dags/example_sla_dag.py took 0.878 seconds
[2026-05-17T18:15:45.215+0000] {processor.py:186} INFO - Started process (PID=191) to work on /home/airflow/.local/lib/python3.12/site-packages/airflow/example_dags/example_sla_dag.py
[2026-05-17T18:15:45.218+0000] {processor.py:914} INFO - Processing file /home/airflow/.local/lib/python3.12/site-packages/airflow/example_dags/example_sla_dag.py for tasks to queue
[2026-05-17T18:15:45.226+0000] {logging_mixin.py:190} INFO - [2026-05-17T18:15:45.225+0000] {dagbag.py:588} INFO - Filling up the DagBag from /home/airflow/.local/lib/python3.12/site-packages/airflow/example_dags/example_sla_dag.py
[2026-05-17T18:15:45.264+0000] {processor.py:925} INFO - DAG(s) 'example_sla_dag' retrieved from /home/airflow/.local/lib/python3.12/site-packages/airflow/example_dags/example_sla_dag.py
[2026-05-17T18:15:45.367+0000] {logging_mixin.py:190} INFO - [2026-05-17T18:15:45.367+0000] {dag.py:3239} INFO - Sync 1 DAGs
[2026-05-17T18:15:45.532+0000] {logging_mixin.py:190} INFO - [2026-05-17T18:15:45.531+0000] {dag.py:4180} INFO - Setting next_dagrun for example_sla_dag to 2026-05-17 18:12:00+00:00, run_after=2026-05-17 18:14:00+00:00
[2026-05-17T18:15:45.601+0000] {processor.py:208} INFO - Processing /home/airflow/.local/lib/python3.12/site-packages/airflow/example_dags/example_sla_dag.py took 0.401 seconds
[2026-05-17T18:23:12.348+0000] {processor.py:186} INFO - Started process (PID=118) to work on /home/airflow/.local/lib/python3.12/site-packages/airflow/example_dags/example_sla_dag.py
[2026-05-17T18:23:12.364+0000] {processor.py:914} INFO - Processing file /home/airflow/.local/lib/python3.12/site-packages/airflow/example_dags/example_sla_dag.py for tasks to queue
[2026-05-17T18:23:12.376+0000] {logging_mixin.py:190} INFO - [2026-05-17T18:23:12.375+0000] {dagbag.py:588} INFO - Filling up the DagBag from /home/airflow/.local/lib/python3.12/site-packages/airflow/example_dags/example_sla_dag.py
[2026-05-17T18:23:12.491+0000] {processor.py:925} INFO - DAG(s) 'example_sla_dag' retrieved from /home/airflow/.local/lib/python3.12/site-packages/airflow/example_dags/example_sla_dag.py
[2026-05-17T18:23:12.539+0000] {logging_mixin.py:190} INFO - [2026-05-17T18:23:12.538+0000] {dag.py:3239} INFO - Sync 1 DAGs
[2026-05-17T18:23:13.451+0000] {logging_mixin.py:190} INFO - [2026-05-17T18:23:13.450+0000] {dag.py:4180} INFO - Setting next_dagrun for example_sla_dag to 2026-05-17 18:20:00+00:00, run_after=2026-05-17 18:22:00+00:00
[2026-05-17T18:23:13.564+0000] {processor.py:208} INFO - Processing /home/airflow/.local/lib/python3.12/site-packages/airflow/example_dags/example_sla_dag.py took 1.237 seconds
