[2026-05-17T00:38:26.022+0000] {processor.py:186} INFO - Started process (PID=106) to work on /home/airflow/.local/lib/python3.12/site-packages/airflow/example_dags/example_workday_timetable.py
[2026-05-17T00:38:26.026+0000] {processor.py:914} INFO - Processing file /home/airflow/.local/lib/python3.12/site-packages/airflow/example_dags/example_workday_timetable.py for tasks to queue
[2026-05-17T00:38:26.038+0000] {logging_mixin.py:190} INFO - [2026-05-17T00:38:26.038+0000] {dagbag.py:588} INFO - Filling up the DagBag from /home/airflow/.local/lib/python3.12/site-packages/airflow/example_dags/example_workday_timetable.py
[2026-05-17T00:38:26.092+0000] {processor.py:925} INFO - DAG(s) 'example_workday_timetable' retrieved from /home/airflow/.local/lib/python3.12/site-packages/airflow/example_dags/example_workday_timetable.py
[2026-05-17T00:38:27.177+0000] {logging_mixin.py:190} INFO - [2026-05-17T00:38:27.161+0000] {override.py:1900} INFO - Created Permission View: can read on DAG:example_workday_timetable
[2026-05-17T00:38:27.224+0000] {logging_mixin.py:190} INFO - [2026-05-17T00:38:27.223+0000] {override.py:1900} INFO - Created Permission View: can edit on DAG:example_workday_timetable
[2026-05-17T00:38:27.250+0000] {logging_mixin.py:190} INFO - [2026-05-17T00:38:27.249+0000] {override.py:1900} INFO - Created Permission View: can delete on DAG:example_workday_timetable
[2026-05-17T00:38:27.270+0000] {logging_mixin.py:190} INFO - [2026-05-17T00:38:27.269+0000] {override.py:1900} INFO - Created Permission View: can read on DAG Run:example_workday_timetable
[2026-05-17T00:38:27.289+0000] {logging_mixin.py:190} INFO - [2026-05-17T00:38:27.288+0000] {override.py:1900} INFO - Created Permission View: can create on DAG Run:example_workday_timetable
[2026-05-17T00:38:27.309+0000] {logging_mixin.py:190} INFO - [2026-05-17T00:38:27.308+0000] {override.py:1900} INFO - Created Permission View: can delete on DAG Run:example_workday_timetable
[2026-05-17T00:38:27.329+0000] {logging_mixin.py:190} INFO - [2026-05-17T00:38:27.329+0000] {override.py:1900} INFO - Created Permission View: menu access on DAG Run:example_workday_timetable
[2026-05-17T00:38:27.330+0000] {logging_mixin.py:190} INFO - [2026-05-17T00:38:27.330+0000] {dag.py:3239} INFO - Sync 1 DAGs
[2026-05-17T00:38:27.358+0000] {logging_mixin.py:190} INFO - [2026-05-17T00:38:27.357+0000] {dag.py:3262} INFO - Creating ORM DAG for example_workday_timetable
[2026-05-17T00:38:27.664+0000] {logging_mixin.py:190} INFO - [2026-05-17T00:38:27.664+0000] {dag.py:4180} INFO - Setting next_dagrun for example_workday_timetable to 2021-01-04 00:00:00+00:00, run_after=2021-01-05 00:00:00+00:00
[2026-05-17T00:38:27.683+0000] {processor.py:208} INFO - Processing /home/airflow/.local/lib/python3.12/site-packages/airflow/example_dags/example_workday_timetable.py took 1.731 seconds
[2026-05-17T00:38:57.992+0000] {processor.py:186} INFO - Started process (PID=169) to work on /home/airflow/.local/lib/python3.12/site-packages/airflow/example_dags/example_workday_timetable.py
[2026-05-17T00:38:57.994+0000] {processor.py:914} INFO - Processing file /home/airflow/.local/lib/python3.12/site-packages/airflow/example_dags/example_workday_timetable.py for tasks to queue
[2026-05-17T00:38:58.003+0000] {logging_mixin.py:190} INFO - [2026-05-17T00:38:58.002+0000] {dagbag.py:588} INFO - Filling up the DagBag from /home/airflow/.local/lib/python3.12/site-packages/airflow/example_dags/example_workday_timetable.py
[2026-05-17T00:38:58.028+0000] {processor.py:925} INFO - DAG(s) 'example_workday_timetable' retrieved from /home/airflow/.local/lib/python3.12/site-packages/airflow/example_dags/example_workday_timetable.py
[2026-05-17T00:38:58.086+0000] {logging_mixin.py:190} INFO - [2026-05-17T00:38:58.085+0000] {dag.py:3239} INFO - Sync 1 DAGs
[2026-05-17T00:38:58.356+0000] {logging_mixin.py:190} INFO - [2026-05-17T00:38:58.355+0000] {dag.py:4180} INFO - Setting next_dagrun for example_workday_timetable to 2021-01-04 00:00:00+00:00, run_after=2021-01-05 00:00:00+00:00
[2026-05-17T00:38:58.404+0000] {processor.py:208} INFO - Processing /home/airflow/.local/lib/python3.12/site-packages/airflow/example_dags/example_workday_timetable.py took 0.431 seconds
[2026-05-17T01:21:45.166+0000] {processor.py:186} INFO - Started process (PID=116) to work on /home/airflow/.local/lib/python3.12/site-packages/airflow/example_dags/example_workday_timetable.py
[2026-05-17T01:21:45.181+0000] {processor.py:914} INFO - Processing file /home/airflow/.local/lib/python3.12/site-packages/airflow/example_dags/example_workday_timetable.py for tasks to queue
[2026-05-17T01:21:45.209+0000] {logging_mixin.py:190} INFO - [2026-05-17T01:21:45.204+0000] {dagbag.py:588} INFO - Filling up the DagBag from /home/airflow/.local/lib/python3.12/site-packages/airflow/example_dags/example_workday_timetable.py
[2026-05-17T01:21:45.266+0000] {processor.py:925} INFO - DAG(s) 'example_workday_timetable' retrieved from /home/airflow/.local/lib/python3.12/site-packages/airflow/example_dags/example_workday_timetable.py
[2026-05-17T01:21:45.754+0000] {logging_mixin.py:190} INFO - [2026-05-17T01:21:45.753+0000] {dag.py:3239} INFO - Sync 1 DAGs
[2026-05-17T01:21:46.161+0000] {logging_mixin.py:190} INFO - [2026-05-17T01:21:46.161+0000] {dag.py:4180} INFO - Setting next_dagrun for example_workday_timetable to 2021-01-04 00:00:00+00:00, run_after=2021-01-05 00:00:00+00:00
[2026-05-17T01:21:46.217+0000] {processor.py:208} INFO - Processing /home/airflow/.local/lib/python3.12/site-packages/airflow/example_dags/example_workday_timetable.py took 1.135 seconds
[2026-05-17T01:22:50.640+0000] {processor.py:186} INFO - Started process (PID=185) to work on /home/airflow/.local/lib/python3.12/site-packages/airflow/example_dags/example_workday_timetable.py
[2026-05-17T01:22:50.646+0000] {processor.py:914} INFO - Processing file /home/airflow/.local/lib/python3.12/site-packages/airflow/example_dags/example_workday_timetable.py for tasks to queue
[2026-05-17T01:22:50.655+0000] {logging_mixin.py:190} INFO - [2026-05-17T01:22:50.655+0000] {dagbag.py:588} INFO - Filling up the DagBag from /home/airflow/.local/lib/python3.12/site-packages/airflow/example_dags/example_workday_timetable.py
[2026-05-17T01:22:50.670+0000] {processor.py:925} INFO - DAG(s) 'example_workday_timetable' retrieved from /home/airflow/.local/lib/python3.12/site-packages/airflow/example_dags/example_workday_timetable.py
[2026-05-17T01:22:50.707+0000] {logging_mixin.py:190} INFO - [2026-05-17T01:22:50.707+0000] {dag.py:3239} INFO - Sync 1 DAGs
[2026-05-17T01:22:50.994+0000] {logging_mixin.py:190} INFO - [2026-05-17T01:22:50.994+0000] {dag.py:4180} INFO - Setting next_dagrun for example_workday_timetable to 2021-01-04 00:00:00+00:00, run_after=2021-01-05 00:00:00+00:00
[2026-05-17T01:22:51.044+0000] {processor.py:208} INFO - Processing /home/airflow/.local/lib/python3.12/site-packages/airflow/example_dags/example_workday_timetable.py took 0.418 seconds
[2026-05-17T01:51:48.264+0000] {processor.py:186} INFO - Started process (PID=271) to work on /home/airflow/.local/lib/python3.12/site-packages/airflow/example_dags/example_workday_timetable.py
[2026-05-17T01:51:48.266+0000] {processor.py:914} INFO - Processing file /home/airflow/.local/lib/python3.12/site-packages/airflow/example_dags/example_workday_timetable.py for tasks to queue
[2026-05-17T01:51:48.269+0000] {logging_mixin.py:190} INFO - [2026-05-17T01:51:48.268+0000] {dagbag.py:588} INFO - Filling up the DagBag from /home/airflow/.local/lib/python3.12/site-packages/airflow/example_dags/example_workday_timetable.py
[2026-05-17T01:51:48.276+0000] {processor.py:925} INFO - DAG(s) 'example_workday_timetable' retrieved from /home/airflow/.local/lib/python3.12/site-packages/airflow/example_dags/example_workday_timetable.py
[2026-05-17T01:51:48.297+0000] {logging_mixin.py:190} INFO - [2026-05-17T01:51:48.297+0000] {dag.py:3239} INFO - Sync 1 DAGs
[2026-05-17T01:51:48.475+0000] {logging_mixin.py:190} INFO - [2026-05-17T01:51:48.475+0000] {dag.py:4180} INFO - Setting next_dagrun for example_workday_timetable to 2021-01-04 00:00:00+00:00, run_after=2021-01-05 00:00:00+00:00
[2026-05-17T01:51:48.495+0000] {processor.py:208} INFO - Processing /home/airflow/.local/lib/python3.12/site-packages/airflow/example_dags/example_workday_timetable.py took 0.240 seconds
[2026-05-17T01:55:10.681+0000] {processor.py:186} INFO - Started process (PID=335) to work on /home/airflow/.local/lib/python3.12/site-packages/airflow/example_dags/example_workday_timetable.py
[2026-05-17T01:55:10.683+0000] {processor.py:914} INFO - Processing file /home/airflow/.local/lib/python3.12/site-packages/airflow/example_dags/example_workday_timetable.py for tasks to queue
[2026-05-17T01:55:10.692+0000] {logging_mixin.py:190} INFO - [2026-05-17T01:55:10.692+0000] {dagbag.py:588} INFO - Filling up the DagBag from /home/airflow/.local/lib/python3.12/site-packages/airflow/example_dags/example_workday_timetable.py
[2026-05-17T01:55:10.719+0000] {processor.py:925} INFO - DAG(s) 'example_workday_timetable' retrieved from /home/airflow/.local/lib/python3.12/site-packages/airflow/example_dags/example_workday_timetable.py
[2026-05-17T01:55:10.782+0000] {logging_mixin.py:190} INFO - [2026-05-17T01:55:10.782+0000] {dag.py:3239} INFO - Sync 1 DAGs
[2026-05-17T01:55:11.538+0000] {logging_mixin.py:190} INFO - [2026-05-17T01:55:11.537+0000] {dag.py:4180} INFO - Setting next_dagrun for example_workday_timetable to 2021-01-04 00:00:00+00:00, run_after=2021-01-05 00:00:00+00:00
[2026-05-17T01:55:11.570+0000] {processor.py:208} INFO - Processing /home/airflow/.local/lib/python3.12/site-packages/airflow/example_dags/example_workday_timetable.py took 0.905 seconds
[2026-05-17T01:55:46.585+0000] {processor.py:186} INFO - Started process (PID=399) to work on /home/airflow/.local/lib/python3.12/site-packages/airflow/example_dags/example_workday_timetable.py
[2026-05-17T01:55:46.587+0000] {processor.py:914} INFO - Processing file /home/airflow/.local/lib/python3.12/site-packages/airflow/example_dags/example_workday_timetable.py for tasks to queue
[2026-05-17T01:55:46.590+0000] {logging_mixin.py:190} INFO - [2026-05-17T01:55:46.589+0000] {dagbag.py:588} INFO - Filling up the DagBag from /home/airflow/.local/lib/python3.12/site-packages/airflow/example_dags/example_workday_timetable.py
[2026-05-17T01:55:46.725+0000] {processor.py:925} INFO - DAG(s) 'example_workday_timetable' retrieved from /home/airflow/.local/lib/python3.12/site-packages/airflow/example_dags/example_workday_timetable.py
[2026-05-17T01:55:46.759+0000] {logging_mixin.py:190} INFO - [2026-05-17T01:55:46.759+0000] {dag.py:3239} INFO - Sync 1 DAGs
[2026-05-17T01:55:47.073+0000] {logging_mixin.py:190} INFO - [2026-05-17T01:55:47.072+0000] {dag.py:4180} INFO - Setting next_dagrun for example_workday_timetable to 2021-01-04 00:00:00+00:00, run_after=2021-01-05 00:00:00+00:00
[2026-05-17T01:55:47.113+0000] {processor.py:208} INFO - Processing /home/airflow/.local/lib/python3.12/site-packages/airflow/example_dags/example_workday_timetable.py took 0.542 seconds
[2026-05-17T01:56:20.121+0000] {processor.py:186} INFO - Started process (PID=461) to work on /home/airflow/.local/lib/python3.12/site-packages/airflow/example_dags/example_workday_timetable.py
[2026-05-17T01:56:20.122+0000] {processor.py:914} INFO - Processing file /home/airflow/.local/lib/python3.12/site-packages/airflow/example_dags/example_workday_timetable.py for tasks to queue
[2026-05-17T01:56:20.125+0000] {logging_mixin.py:190} INFO - [2026-05-17T01:56:20.124+0000] {dagbag.py:588} INFO - Filling up the DagBag from /home/airflow/.local/lib/python3.12/site-packages/airflow/example_dags/example_workday_timetable.py
[2026-05-17T01:56:20.208+0000] {processor.py:925} INFO - DAG(s) 'example_workday_timetable' retrieved from /home/airflow/.local/lib/python3.12/site-packages/airflow/example_dags/example_workday_timetable.py
[2026-05-17T01:56:20.238+0000] {logging_mixin.py:190} INFO - [2026-05-17T01:56:20.238+0000] {dag.py:3239} INFO - Sync 1 DAGs
[2026-05-17T01:56:21.932+0000] {logging_mixin.py:190} INFO - [2026-05-17T01:56:21.931+0000] {dag.py:4180} INFO - Setting next_dagrun for example_workday_timetable to 2021-01-04 00:00:00+00:00, run_after=2021-01-05 00:00:00+00:00
[2026-05-17T01:56:22.098+0000] {processor.py:208} INFO - Processing /home/airflow/.local/lib/python3.12/site-packages/airflow/example_dags/example_workday_timetable.py took 1.989 seconds
[2026-05-17T13:16:27.053+0000] {processor.py:186} INFO - Started process (PID=114) to work on /home/airflow/.local/lib/python3.12/site-packages/airflow/example_dags/example_workday_timetable.py
[2026-05-17T13:16:27.061+0000] {processor.py:914} INFO - Processing file /home/airflow/.local/lib/python3.12/site-packages/airflow/example_dags/example_workday_timetable.py for tasks to queue
[2026-05-17T13:16:27.079+0000] {logging_mixin.py:190} INFO - [2026-05-17T13:16:27.078+0000] {dagbag.py:588} INFO - Filling up the DagBag from /home/airflow/.local/lib/python3.12/site-packages/airflow/example_dags/example_workday_timetable.py
[2026-05-17T13:16:27.120+0000] {processor.py:925} INFO - DAG(s) 'example_workday_timetable' retrieved from /home/airflow/.local/lib/python3.12/site-packages/airflow/example_dags/example_workday_timetable.py
[2026-05-17T13:16:27.250+0000] {logging_mixin.py:190} INFO - [2026-05-17T13:16:27.249+0000] {dag.py:3239} INFO - Sync 1 DAGs
[2026-05-17T13:16:28.101+0000] {logging_mixin.py:190} INFO - [2026-05-17T13:16:28.101+0000] {dag.py:4180} INFO - Setting next_dagrun for example_workday_timetable to 2021-01-04 00:00:00+00:00, run_after=2021-01-05 00:00:00+00:00
[2026-05-17T13:16:28.175+0000] {processor.py:208} INFO - Processing /home/airflow/.local/lib/python3.12/site-packages/airflow/example_dags/example_workday_timetable.py took 1.137 seconds
[2026-05-17T13:37:31.192+0000] {processor.py:186} INFO - Started process (PID=105) to work on /home/airflow/.local/lib/python3.12/site-packages/airflow/example_dags/example_workday_timetable.py
[2026-05-17T13:37:31.196+0000] {processor.py:914} INFO - Processing file /home/airflow/.local/lib/python3.12/site-packages/airflow/example_dags/example_workday_timetable.py for tasks to queue
[2026-05-17T13:37:31.200+0000] {logging_mixin.py:190} INFO - [2026-05-17T13:37:31.199+0000] {dagbag.py:588} INFO - Filling up the DagBag from /home/airflow/.local/lib/python3.12/site-packages/airflow/example_dags/example_workday_timetable.py
[2026-05-17T13:37:31.214+0000] {processor.py:925} INFO - DAG(s) 'example_workday_timetable' retrieved from /home/airflow/.local/lib/python3.12/site-packages/airflow/example_dags/example_workday_timetable.py
[2026-05-17T13:37:31.247+0000] {logging_mixin.py:190} INFO - [2026-05-17T13:37:31.246+0000] {dag.py:3239} INFO - Sync 1 DAGs
[2026-05-17T13:37:31.366+0000] {logging_mixin.py:190} INFO - [2026-05-17T13:37:31.366+0000] {dag.py:4180} INFO - Setting next_dagrun for example_workday_timetable to 2021-01-04 00:00:00+00:00, run_after=2021-01-05 00:00:00+00:00
[2026-05-17T13:37:31.394+0000] {processor.py:208} INFO - Processing /home/airflow/.local/lib/python3.12/site-packages/airflow/example_dags/example_workday_timetable.py took 0.212 seconds
[2026-05-17T13:38:27.653+0000] {processor.py:186} INFO - Started process (PID=162) to work on /home/airflow/.local/lib/python3.12/site-packages/airflow/example_dags/example_workday_timetable.py
[2026-05-17T13:38:27.654+0000] {processor.py:914} INFO - Processing file /home/airflow/.local/lib/python3.12/site-packages/airflow/example_dags/example_workday_timetable.py for tasks to queue
[2026-05-17T13:38:27.656+0000] {logging_mixin.py:190} INFO - [2026-05-17T13:38:27.655+0000] {dagbag.py:588} INFO - Filling up the DagBag from /home/airflow/.local/lib/python3.12/site-packages/airflow/example_dags/example_workday_timetable.py
[2026-05-17T13:38:27.663+0000] {processor.py:925} INFO - DAG(s) 'example_workday_timetable' retrieved from /home/airflow/.local/lib/python3.12/site-packages/airflow/example_dags/example_workday_timetable.py
[2026-05-17T13:38:27.686+0000] {logging_mixin.py:190} INFO - [2026-05-17T13:38:27.686+0000] {dag.py:3239} INFO - Sync 1 DAGs
[2026-05-17T13:38:27.836+0000] {logging_mixin.py:190} INFO - [2026-05-17T13:38:27.835+0000] {dag.py:4180} INFO - Setting next_dagrun for example_workday_timetable to 2021-01-04 00:00:00+00:00, run_after=2021-01-05 00:00:00+00:00
[2026-05-17T13:38:27.857+0000] {processor.py:208} INFO - Processing /home/airflow/.local/lib/python3.12/site-packages/airflow/example_dags/example_workday_timetable.py took 0.212 seconds
[2026-05-17T13:50:57.092+0000] {processor.py:186} INFO - Started process (PID=109) to work on /home/airflow/.local/lib/python3.12/site-packages/airflow/example_dags/example_workday_timetable.py
[2026-05-17T13:50:57.098+0000] {processor.py:914} INFO - Processing file /home/airflow/.local/lib/python3.12/site-packages/airflow/example_dags/example_workday_timetable.py for tasks to queue
[2026-05-17T13:50:57.107+0000] {logging_mixin.py:190} INFO - [2026-05-17T13:50:57.105+0000] {dagbag.py:588} INFO - Filling up the DagBag from /home/airflow/.local/lib/python3.12/site-packages/airflow/example_dags/example_workday_timetable.py
[2026-05-17T13:50:57.123+0000] {processor.py:925} INFO - DAG(s) 'example_workday_timetable' retrieved from /home/airflow/.local/lib/python3.12/site-packages/airflow/example_dags/example_workday_timetable.py
[2026-05-17T13:50:57.173+0000] {logging_mixin.py:190} INFO - [2026-05-17T13:50:57.172+0000] {dag.py:3239} INFO - Sync 1 DAGs
[2026-05-17T13:50:57.689+0000] {logging_mixin.py:190} INFO - [2026-05-17T13:50:57.689+0000] {dag.py:4180} INFO - Setting next_dagrun for example_workday_timetable to 2021-01-04 00:00:00+00:00, run_after=2021-01-05 00:00:00+00:00
[2026-05-17T13:50:57.759+0000] {processor.py:208} INFO - Processing /home/airflow/.local/lib/python3.12/site-packages/airflow/example_dags/example_workday_timetable.py took 0.684 seconds
[2026-05-17T16:13:03.157+0000] {processor.py:186} INFO - Started process (PID=117) to work on /home/airflow/.local/lib/python3.12/site-packages/airflow/example_dags/example_workday_timetable.py
[2026-05-17T16:13:03.160+0000] {processor.py:914} INFO - Processing file /home/airflow/.local/lib/python3.12/site-packages/airflow/example_dags/example_workday_timetable.py for tasks to queue
[2026-05-17T16:13:03.179+0000] {logging_mixin.py:190} INFO - [2026-05-17T16:13:03.178+0000] {dagbag.py:588} INFO - Filling up the DagBag from /home/airflow/.local/lib/python3.12/site-packages/airflow/example_dags/example_workday_timetable.py
[2026-05-17T16:13:03.201+0000] {processor.py:925} INFO - DAG(s) 'example_workday_timetable' retrieved from /home/airflow/.local/lib/python3.12/site-packages/airflow/example_dags/example_workday_timetable.py
[2026-05-17T16:13:03.371+0000] {logging_mixin.py:190} INFO - [2026-05-17T16:13:03.370+0000] {dag.py:3239} INFO - Sync 1 DAGs
[2026-05-17T16:13:05.015+0000] {logging_mixin.py:190} INFO - [2026-05-17T16:13:05.014+0000] {dag.py:4180} INFO - Setting next_dagrun for example_workday_timetable to 2021-01-04 00:00:00+00:00, run_after=2021-01-05 00:00:00+00:00
[2026-05-17T16:13:05.246+0000] {processor.py:208} INFO - Processing /home/airflow/.local/lib/python3.12/site-packages/airflow/example_dags/example_workday_timetable.py took 2.132 seconds
[2026-05-17T16:23:31.287+0000] {processor.py:186} INFO - Started process (PID=109) to work on /home/airflow/.local/lib/python3.12/site-packages/airflow/example_dags/example_workday_timetable.py
[2026-05-17T16:23:31.291+0000] {processor.py:914} INFO - Processing file /home/airflow/.local/lib/python3.12/site-packages/airflow/example_dags/example_workday_timetable.py for tasks to queue
[2026-05-17T16:23:31.300+0000] {logging_mixin.py:190} INFO - [2026-05-17T16:23:31.299+0000] {dagbag.py:588} INFO - Filling up the DagBag from /home/airflow/.local/lib/python3.12/site-packages/airflow/example_dags/example_workday_timetable.py
[2026-05-17T16:23:31.325+0000] {processor.py:925} INFO - DAG(s) 'example_workday_timetable' retrieved from /home/airflow/.local/lib/python3.12/site-packages/airflow/example_dags/example_workday_timetable.py
[2026-05-17T16:23:31.371+0000] {logging_mixin.py:190} INFO - [2026-05-17T16:23:31.370+0000] {dag.py:3239} INFO - Sync 1 DAGs
[2026-05-17T16:23:32.411+0000] {logging_mixin.py:190} INFO - [2026-05-17T16:23:32.403+0000] {dag.py:4180} INFO - Setting next_dagrun for example_workday_timetable to 2021-01-04 00:00:00+00:00, run_after=2021-01-05 00:00:00+00:00
[2026-05-17T16:23:32.501+0000] {processor.py:208} INFO - Processing /home/airflow/.local/lib/python3.12/site-packages/airflow/example_dags/example_workday_timetable.py took 1.226 seconds
[2026-05-17T16:24:22.993+0000] {processor.py:186} INFO - Started process (PID=166) to work on /home/airflow/.local/lib/python3.12/site-packages/airflow/example_dags/example_workday_timetable.py
[2026-05-17T16:24:22.996+0000] {processor.py:914} INFO - Processing file /home/airflow/.local/lib/python3.12/site-packages/airflow/example_dags/example_workday_timetable.py for tasks to queue
[2026-05-17T16:24:22.998+0000] {logging_mixin.py:190} INFO - [2026-05-17T16:24:22.998+0000] {dagbag.py:588} INFO - Filling up the DagBag from /home/airflow/.local/lib/python3.12/site-packages/airflow/example_dags/example_workday_timetable.py
[2026-05-17T16:24:23.018+0000] {processor.py:925} INFO - DAG(s) 'example_workday_timetable' retrieved from /home/airflow/.local/lib/python3.12/site-packages/airflow/example_dags/example_workday_timetable.py
[2026-05-17T16:24:23.067+0000] {logging_mixin.py:190} INFO - [2026-05-17T16:24:23.067+0000] {dag.py:3239} INFO - Sync 1 DAGs
[2026-05-17T16:24:23.504+0000] {logging_mixin.py:190} INFO - [2026-05-17T16:24:23.502+0000] {dag.py:4180} INFO - Setting next_dagrun for example_workday_timetable to 2021-01-04 00:00:00+00:00, run_after=2021-01-05 00:00:00+00:00
[2026-05-17T16:24:23.569+0000] {processor.py:208} INFO - Processing /home/airflow/.local/lib/python3.12/site-packages/airflow/example_dags/example_workday_timetable.py took 0.587 seconds
[2026-05-17T18:14:45.202+0000] {processor.py:186} INFO - Started process (PID=112) to work on /home/airflow/.local/lib/python3.12/site-packages/airflow/example_dags/example_workday_timetable.py
[2026-05-17T18:14:45.234+0000] {processor.py:914} INFO - Processing file /home/airflow/.local/lib/python3.12/site-packages/airflow/example_dags/example_workday_timetable.py for tasks to queue
[2026-05-17T18:14:45.241+0000] {logging_mixin.py:190} INFO - [2026-05-17T18:14:45.240+0000] {dagbag.py:588} INFO - Filling up the DagBag from /home/airflow/.local/lib/python3.12/site-packages/airflow/example_dags/example_workday_timetable.py
[2026-05-17T18:14:45.296+0000] {processor.py:925} INFO - DAG(s) 'example_workday_timetable' retrieved from /home/airflow/.local/lib/python3.12/site-packages/airflow/example_dags/example_workday_timetable.py
[2026-05-17T18:14:45.409+0000] {logging_mixin.py:190} INFO - [2026-05-17T18:14:45.407+0000] {dag.py:3239} INFO - Sync 1 DAGs
[2026-05-17T18:14:46.288+0000] {logging_mixin.py:190} INFO - [2026-05-17T18:14:46.288+0000] {dag.py:4180} INFO - Setting next_dagrun for example_workday_timetable to 2021-01-04 00:00:00+00:00, run_after=2021-01-05 00:00:00+00:00
[2026-05-17T18:14:46.384+0000] {processor.py:208} INFO - Processing /home/airflow/.local/lib/python3.12/site-packages/airflow/example_dags/example_workday_timetable.py took 1.222 seconds
[2026-05-17T18:15:41.080+0000] {processor.py:186} INFO - Started process (PID=182) to work on /home/airflow/.local/lib/python3.12/site-packages/airflow/example_dags/example_workday_timetable.py
[2026-05-17T18:15:41.087+0000] {processor.py:914} INFO - Processing file /home/airflow/.local/lib/python3.12/site-packages/airflow/example_dags/example_workday_timetable.py for tasks to queue
[2026-05-17T18:15:41.092+0000] {logging_mixin.py:190} INFO - [2026-05-17T18:15:41.092+0000] {dagbag.py:588} INFO - Filling up the DagBag from /home/airflow/.local/lib/python3.12/site-packages/airflow/example_dags/example_workday_timetable.py
[2026-05-17T18:15:41.425+0000] {processor.py:925} INFO - DAG(s) 'example_workday_timetable' retrieved from /home/airflow/.local/lib/python3.12/site-packages/airflow/example_dags/example_workday_timetable.py
[2026-05-17T18:15:41.736+0000] {logging_mixin.py:190} INFO - [2026-05-17T18:15:41.735+0000] {dag.py:3239} INFO - Sync 1 DAGs
[2026-05-17T18:15:42.613+0000] {logging_mixin.py:190} INFO - [2026-05-17T18:15:42.612+0000] {dag.py:4180} INFO - Setting next_dagrun for example_workday_timetable to 2021-01-04 00:00:00+00:00, run_after=2021-01-05 00:00:00+00:00
[2026-05-17T18:15:42.709+0000] {processor.py:208} INFO - Processing /home/airflow/.local/lib/python3.12/site-packages/airflow/example_dags/example_workday_timetable.py took 1.642 seconds
[2026-05-17T18:23:08.534+0000] {processor.py:186} INFO - Started process (PID=109) to work on /home/airflow/.local/lib/python3.12/site-packages/airflow/example_dags/example_workday_timetable.py
[2026-05-17T18:23:08.538+0000] {processor.py:914} INFO - Processing file /home/airflow/.local/lib/python3.12/site-packages/airflow/example_dags/example_workday_timetable.py for tasks to queue
[2026-05-17T18:23:08.544+0000] {logging_mixin.py:190} INFO - [2026-05-17T18:23:08.543+0000] {dagbag.py:588} INFO - Filling up the DagBag from /home/airflow/.local/lib/python3.12/site-packages/airflow/example_dags/example_workday_timetable.py
[2026-05-17T18:23:08.558+0000] {processor.py:925} INFO - DAG(s) 'example_workday_timetable' retrieved from /home/airflow/.local/lib/python3.12/site-packages/airflow/example_dags/example_workday_timetable.py
[2026-05-17T18:23:08.603+0000] {logging_mixin.py:190} INFO - [2026-05-17T18:23:08.602+0000] {dag.py:3239} INFO - Sync 1 DAGs
[2026-05-17T18:23:09.105+0000] {logging_mixin.py:190} INFO - [2026-05-17T18:23:09.105+0000] {dag.py:4180} INFO - Setting next_dagrun for example_workday_timetable to 2021-01-04 00:00:00+00:00, run_after=2021-01-05 00:00:00+00:00
[2026-05-17T18:23:09.155+0000] {processor.py:208} INFO - Processing /home/airflow/.local/lib/python3.12/site-packages/airflow/example_dags/example_workday_timetable.py took 0.632 seconds
