[2026-05-17T00:38:19.526+0000] {processor.py:186} INFO - Started process (PID=95) to work on /home/airflow/.local/lib/python3.12/site-packages/airflow/example_dags/example_xcom.py
[2026-05-17T00:38:19.530+0000] {processor.py:914} INFO - Processing file /home/airflow/.local/lib/python3.12/site-packages/airflow/example_dags/example_xcom.py for tasks to queue
[2026-05-17T00:38:19.538+0000] {logging_mixin.py:190} INFO - [2026-05-17T00:38:19.537+0000] {dagbag.py:588} INFO - Filling up the DagBag from /home/airflow/.local/lib/python3.12/site-packages/airflow/example_dags/example_xcom.py
[2026-05-17T00:38:19.577+0000] {processor.py:925} INFO - DAG(s) 'example_xcom' retrieved from /home/airflow/.local/lib/python3.12/site-packages/airflow/example_dags/example_xcom.py
[2026-05-17T00:38:19.941+0000] {logging_mixin.py:190} INFO - [2026-05-17T00:38:19.937+0000] {override.py:1900} INFO - Created Permission View: can read on DAG:example_xcom
[2026-05-17T00:38:19.980+0000] {logging_mixin.py:190} INFO - [2026-05-17T00:38:19.977+0000] {override.py:1900} INFO - Created Permission View: can edit on DAG:example_xcom
[2026-05-17T00:38:20.000+0000] {logging_mixin.py:190} INFO - [2026-05-17T00:38:19.999+0000] {override.py:1900} INFO - Created Permission View: can delete on DAG:example_xcom
[2026-05-17T00:38:20.023+0000] {logging_mixin.py:190} INFO - [2026-05-17T00:38:20.022+0000] {override.py:1900} INFO - Created Permission View: can read on DAG Run:example_xcom
[2026-05-17T00:38:20.051+0000] {logging_mixin.py:190} INFO - [2026-05-17T00:38:20.050+0000] {override.py:1900} INFO - Created Permission View: can create on DAG Run:example_xcom
[2026-05-17T00:38:20.071+0000] {logging_mixin.py:190} INFO - [2026-05-17T00:38:20.070+0000] {override.py:1900} INFO - Created Permission View: can delete on DAG Run:example_xcom
[2026-05-17T00:38:20.089+0000] {logging_mixin.py:190} INFO - [2026-05-17T00:38:20.088+0000] {override.py:1900} INFO - Created Permission View: menu access on DAG Run:example_xcom
[2026-05-17T00:38:20.091+0000] {logging_mixin.py:190} INFO - [2026-05-17T00:38:20.090+0000] {dag.py:3239} INFO - Sync 1 DAGs
[2026-05-17T00:38:20.132+0000] {logging_mixin.py:190} INFO - [2026-05-17T00:38:20.130+0000] {dag.py:3262} INFO - Creating ORM DAG for example_xcom
[2026-05-17T00:38:20.161+0000] {logging_mixin.py:190} INFO - [2026-05-17T00:38:20.161+0000] {dag.py:4180} INFO - Setting next_dagrun for example_xcom to 2021-01-01 00:00:00+00:00, run_after=2021-01-01 00:00:00+00:00
[2026-05-17T00:38:20.238+0000] {processor.py:208} INFO - Processing /home/airflow/.local/lib/python3.12/site-packages/airflow/example_dags/example_xcom.py took 0.740 seconds
[2026-05-17T00:38:52.789+0000] {processor.py:186} INFO - Started process (PID=157) to work on /home/airflow/.local/lib/python3.12/site-packages/airflow/example_dags/example_xcom.py
[2026-05-17T00:38:52.790+0000] {processor.py:914} INFO - Processing file /home/airflow/.local/lib/python3.12/site-packages/airflow/example_dags/example_xcom.py for tasks to queue
[2026-05-17T00:38:52.795+0000] {logging_mixin.py:190} INFO - [2026-05-17T00:38:52.794+0000] {dagbag.py:588} INFO - Filling up the DagBag from /home/airflow/.local/lib/python3.12/site-packages/airflow/example_dags/example_xcom.py
[2026-05-17T00:38:52.822+0000] {processor.py:925} INFO - DAG(s) 'example_xcom' retrieved from /home/airflow/.local/lib/python3.12/site-packages/airflow/example_dags/example_xcom.py
[2026-05-17T00:38:53.031+0000] {logging_mixin.py:190} INFO - [2026-05-17T00:38:53.031+0000] {dag.py:3239} INFO - Sync 1 DAGs
[2026-05-17T00:38:53.142+0000] {logging_mixin.py:190} INFO - [2026-05-17T00:38:53.139+0000] {dag.py:4180} INFO - Setting next_dagrun for example_xcom to 2021-01-01 00:00:00+00:00, run_after=2021-01-01 00:00:00+00:00
[2026-05-17T00:38:53.259+0000] {processor.py:208} INFO - Processing /home/airflow/.local/lib/python3.12/site-packages/airflow/example_dags/example_xcom.py took 0.483 seconds
[2026-05-17T01:21:41.724+0000] {processor.py:186} INFO - Started process (PID=105) to work on /home/airflow/.local/lib/python3.12/site-packages/airflow/example_dags/example_xcom.py
[2026-05-17T01:21:41.728+0000] {processor.py:914} INFO - Processing file /home/airflow/.local/lib/python3.12/site-packages/airflow/example_dags/example_xcom.py for tasks to queue
[2026-05-17T01:21:41.739+0000] {logging_mixin.py:190} INFO - [2026-05-17T01:21:41.738+0000] {dagbag.py:588} INFO - Filling up the DagBag from /home/airflow/.local/lib/python3.12/site-packages/airflow/example_dags/example_xcom.py
[2026-05-17T01:21:41.771+0000] {processor.py:925} INFO - DAG(s) 'example_xcom' retrieved from /home/airflow/.local/lib/python3.12/site-packages/airflow/example_dags/example_xcom.py
[2026-05-17T01:21:41.834+0000] {logging_mixin.py:190} INFO - [2026-05-17T01:21:41.834+0000] {dag.py:3239} INFO - Sync 1 DAGs
[2026-05-17T01:21:41.894+0000] {logging_mixin.py:190} INFO - [2026-05-17T01:21:41.894+0000] {dag.py:4180} INFO - Setting next_dagrun for example_xcom to 2021-01-01 00:00:00+00:00, run_after=2021-01-01 00:00:00+00:00
[2026-05-17T01:21:41.951+0000] {processor.py:208} INFO - Processing /home/airflow/.local/lib/python3.12/site-packages/airflow/example_dags/example_xcom.py took 0.244 seconds
[2026-05-17T01:22:49.159+0000] {processor.py:186} INFO - Started process (PID=174) to work on /home/airflow/.local/lib/python3.12/site-packages/airflow/example_dags/example_xcom.py
[2026-05-17T01:22:49.164+0000] {processor.py:914} INFO - Processing file /home/airflow/.local/lib/python3.12/site-packages/airflow/example_dags/example_xcom.py for tasks to queue
[2026-05-17T01:22:49.171+0000] {logging_mixin.py:190} INFO - [2026-05-17T01:22:49.170+0000] {dagbag.py:588} INFO - Filling up the DagBag from /home/airflow/.local/lib/python3.12/site-packages/airflow/example_dags/example_xcom.py
[2026-05-17T01:22:49.195+0000] {processor.py:925} INFO - DAG(s) 'example_xcom' retrieved from /home/airflow/.local/lib/python3.12/site-packages/airflow/example_dags/example_xcom.py
[2026-05-17T01:22:49.264+0000] {logging_mixin.py:190} INFO - [2026-05-17T01:22:49.264+0000] {dag.py:3239} INFO - Sync 1 DAGs
[2026-05-17T01:22:49.325+0000] {logging_mixin.py:190} INFO - [2026-05-17T01:22:49.325+0000] {dag.py:4180} INFO - Setting next_dagrun for example_xcom to 2021-01-01 00:00:00+00:00, run_after=2021-01-01 00:00:00+00:00
[2026-05-17T01:22:49.362+0000] {processor.py:208} INFO - Processing /home/airflow/.local/lib/python3.12/site-packages/airflow/example_dags/example_xcom.py took 0.218 seconds
[2026-05-17T01:51:47.174+0000] {processor.py:186} INFO - Started process (PID=260) to work on /home/airflow/.local/lib/python3.12/site-packages/airflow/example_dags/example_xcom.py
[2026-05-17T01:51:47.176+0000] {processor.py:914} INFO - Processing file /home/airflow/.local/lib/python3.12/site-packages/airflow/example_dags/example_xcom.py for tasks to queue
[2026-05-17T01:51:47.179+0000] {logging_mixin.py:190} INFO - [2026-05-17T01:51:47.178+0000] {dagbag.py:588} INFO - Filling up the DagBag from /home/airflow/.local/lib/python3.12/site-packages/airflow/example_dags/example_xcom.py
[2026-05-17T01:51:47.193+0000] {processor.py:925} INFO - DAG(s) 'example_xcom' retrieved from /home/airflow/.local/lib/python3.12/site-packages/airflow/example_dags/example_xcom.py
[2026-05-17T01:51:47.241+0000] {logging_mixin.py:190} INFO - [2026-05-17T01:51:47.240+0000] {dag.py:3239} INFO - Sync 1 DAGs
[2026-05-17T01:51:47.287+0000] {logging_mixin.py:190} INFO - [2026-05-17T01:51:47.287+0000] {dag.py:4180} INFO - Setting next_dagrun for example_xcom to 2021-01-01 00:00:00+00:00, run_after=2021-01-01 00:00:00+00:00
[2026-05-17T01:51:47.349+0000] {processor.py:208} INFO - Processing /home/airflow/.local/lib/python3.12/site-packages/airflow/example_dags/example_xcom.py took 0.183 seconds
[2026-05-17T01:55:09.162+0000] {processor.py:186} INFO - Started process (PID=324) to work on /home/airflow/.local/lib/python3.12/site-packages/airflow/example_dags/example_xcom.py
[2026-05-17T01:55:09.165+0000] {processor.py:914} INFO - Processing file /home/airflow/.local/lib/python3.12/site-packages/airflow/example_dags/example_xcom.py for tasks to queue
[2026-05-17T01:55:09.169+0000] {logging_mixin.py:190} INFO - [2026-05-17T01:55:09.168+0000] {dagbag.py:588} INFO - Filling up the DagBag from /home/airflow/.local/lib/python3.12/site-packages/airflow/example_dags/example_xcom.py
[2026-05-17T01:55:09.190+0000] {processor.py:925} INFO - DAG(s) 'example_xcom' retrieved from /home/airflow/.local/lib/python3.12/site-packages/airflow/example_dags/example_xcom.py
[2026-05-17T01:55:09.220+0000] {logging_mixin.py:190} INFO - [2026-05-17T01:55:09.220+0000] {dag.py:3239} INFO - Sync 1 DAGs
[2026-05-17T01:55:09.245+0000] {logging_mixin.py:190} INFO - [2026-05-17T01:55:09.244+0000] {dag.py:4180} INFO - Setting next_dagrun for example_xcom to 2021-01-01 00:00:00+00:00, run_after=2021-01-01 00:00:00+00:00
[2026-05-17T01:55:09.286+0000] {processor.py:208} INFO - Processing /home/airflow/.local/lib/python3.12/site-packages/airflow/example_dags/example_xcom.py took 0.139 seconds
[2026-05-17T01:55:43.566+0000] {processor.py:186} INFO - Started process (PID=387) to work on /home/airflow/.local/lib/python3.12/site-packages/airflow/example_dags/example_xcom.py
[2026-05-17T01:55:43.567+0000] {processor.py:914} INFO - Processing file /home/airflow/.local/lib/python3.12/site-packages/airflow/example_dags/example_xcom.py for tasks to queue
[2026-05-17T01:55:43.569+0000] {logging_mixin.py:190} INFO - [2026-05-17T01:55:43.569+0000] {dagbag.py:588} INFO - Filling up the DagBag from /home/airflow/.local/lib/python3.12/site-packages/airflow/example_dags/example_xcom.py
[2026-05-17T01:55:43.613+0000] {processor.py:925} INFO - DAG(s) 'example_xcom' retrieved from /home/airflow/.local/lib/python3.12/site-packages/airflow/example_dags/example_xcom.py
[2026-05-17T01:55:43.648+0000] {logging_mixin.py:190} INFO - [2026-05-17T01:55:43.647+0000] {dag.py:3239} INFO - Sync 1 DAGs
[2026-05-17T01:55:43.706+0000] {logging_mixin.py:190} INFO - [2026-05-17T01:55:43.706+0000] {dag.py:4180} INFO - Setting next_dagrun for example_xcom to 2021-01-01 00:00:00+00:00, run_after=2021-01-01 00:00:00+00:00
[2026-05-17T01:55:43.965+0000] {processor.py:208} INFO - Processing /home/airflow/.local/lib/python3.12/site-packages/airflow/example_dags/example_xcom.py took 0.408 seconds
[2026-05-17T01:56:16.854+0000] {processor.py:186} INFO - Started process (PID=444) to work on /home/airflow/.local/lib/python3.12/site-packages/airflow/example_dags/example_xcom.py
[2026-05-17T01:56:16.856+0000] {processor.py:914} INFO - Processing file /home/airflow/.local/lib/python3.12/site-packages/airflow/example_dags/example_xcom.py for tasks to queue
[2026-05-17T01:56:16.858+0000] {logging_mixin.py:190} INFO - [2026-05-17T01:56:16.857+0000] {dagbag.py:588} INFO - Filling up the DagBag from /home/airflow/.local/lib/python3.12/site-packages/airflow/example_dags/example_xcom.py
[2026-05-17T01:56:16.950+0000] {processor.py:925} INFO - DAG(s) 'example_xcom' retrieved from /home/airflow/.local/lib/python3.12/site-packages/airflow/example_dags/example_xcom.py
[2026-05-17T01:56:16.981+0000] {logging_mixin.py:190} INFO - [2026-05-17T01:56:16.981+0000] {dag.py:3239} INFO - Sync 1 DAGs
[2026-05-17T01:56:17.011+0000] {logging_mixin.py:190} INFO - [2026-05-17T01:56:17.011+0000] {dag.py:4180} INFO - Setting next_dagrun for example_xcom to 2021-01-01 00:00:00+00:00, run_after=2021-01-01 00:00:00+00:00
[2026-05-17T01:56:17.080+0000] {processor.py:208} INFO - Processing /home/airflow/.local/lib/python3.12/site-packages/airflow/example_dags/example_xcom.py took 0.235 seconds
[2026-05-17T13:16:24.402+0000] {processor.py:186} INFO - Started process (PID=103) to work on /home/airflow/.local/lib/python3.12/site-packages/airflow/example_dags/example_xcom.py
[2026-05-17T13:16:24.431+0000] {processor.py:914} INFO - Processing file /home/airflow/.local/lib/python3.12/site-packages/airflow/example_dags/example_xcom.py for tasks to queue
[2026-05-17T13:16:24.463+0000] {logging_mixin.py:190} INFO - [2026-05-17T13:16:24.461+0000] {dagbag.py:588} INFO - Filling up the DagBag from /home/airflow/.local/lib/python3.12/site-packages/airflow/example_dags/example_xcom.py
[2026-05-17T13:16:24.528+0000] {processor.py:925} INFO - DAG(s) 'example_xcom' retrieved from /home/airflow/.local/lib/python3.12/site-packages/airflow/example_dags/example_xcom.py
[2026-05-17T13:16:24.674+0000] {logging_mixin.py:190} INFO - [2026-05-17T13:16:24.674+0000] {dag.py:3239} INFO - Sync 1 DAGs
[2026-05-17T13:16:24.953+0000] {logging_mixin.py:190} INFO - [2026-05-17T13:16:24.953+0000] {dag.py:4180} INFO - Setting next_dagrun for example_xcom to 2021-01-01 00:00:00+00:00, run_after=2021-01-01 00:00:00+00:00
[2026-05-17T13:16:25.023+0000] {processor.py:208} INFO - Processing /home/airflow/.local/lib/python3.12/site-packages/airflow/example_dags/example_xcom.py took 0.674 seconds
[2026-05-17T13:37:29.467+0000] {processor.py:186} INFO - Started process (PID=94) to work on /home/airflow/.local/lib/python3.12/site-packages/airflow/example_dags/example_xcom.py
[2026-05-17T13:37:29.469+0000] {processor.py:914} INFO - Processing file /home/airflow/.local/lib/python3.12/site-packages/airflow/example_dags/example_xcom.py for tasks to queue
[2026-05-17T13:37:29.473+0000] {logging_mixin.py:190} INFO - [2026-05-17T13:37:29.472+0000] {dagbag.py:588} INFO - Filling up the DagBag from /home/airflow/.local/lib/python3.12/site-packages/airflow/example_dags/example_xcom.py
[2026-05-17T13:37:29.492+0000] {processor.py:925} INFO - DAG(s) 'example_xcom' retrieved from /home/airflow/.local/lib/python3.12/site-packages/airflow/example_dags/example_xcom.py
[2026-05-17T13:37:29.548+0000] {logging_mixin.py:190} INFO - [2026-05-17T13:37:29.548+0000] {dag.py:3239} INFO - Sync 1 DAGs
[2026-05-17T13:37:29.599+0000] {logging_mixin.py:190} INFO - [2026-05-17T13:37:29.599+0000] {dag.py:4180} INFO - Setting next_dagrun for example_xcom to 2021-01-01 00:00:00+00:00, run_after=2021-01-01 00:00:00+00:00
[2026-05-17T13:37:29.632+0000] {processor.py:208} INFO - Processing /home/airflow/.local/lib/python3.12/site-packages/airflow/example_dags/example_xcom.py took 0.179 seconds
[2026-05-17T13:38:26.719+0000] {processor.py:186} INFO - Started process (PID=151) to work on /home/airflow/.local/lib/python3.12/site-packages/airflow/example_dags/example_xcom.py
[2026-05-17T13:38:26.723+0000] {processor.py:914} INFO - Processing file /home/airflow/.local/lib/python3.12/site-packages/airflow/example_dags/example_xcom.py for tasks to queue
[2026-05-17T13:38:26.724+0000] {logging_mixin.py:190} INFO - [2026-05-17T13:38:26.724+0000] {dagbag.py:588} INFO - Filling up the DagBag from /home/airflow/.local/lib/python3.12/site-packages/airflow/example_dags/example_xcom.py
[2026-05-17T13:38:26.735+0000] {processor.py:925} INFO - DAG(s) 'example_xcom' retrieved from /home/airflow/.local/lib/python3.12/site-packages/airflow/example_dags/example_xcom.py
[2026-05-17T13:38:26.758+0000] {logging_mixin.py:190} INFO - [2026-05-17T13:38:26.758+0000] {dag.py:3239} INFO - Sync 1 DAGs
[2026-05-17T13:38:26.785+0000] {logging_mixin.py:190} INFO - [2026-05-17T13:38:26.784+0000] {dag.py:4180} INFO - Setting next_dagrun for example_xcom to 2021-01-01 00:00:00+00:00, run_after=2021-01-01 00:00:00+00:00
[2026-05-17T13:38:26.803+0000] {processor.py:208} INFO - Processing /home/airflow/.local/lib/python3.12/site-packages/airflow/example_dags/example_xcom.py took 0.089 seconds
[2026-05-17T13:50:53.089+0000] {processor.py:186} INFO - Started process (PID=98) to work on /home/airflow/.local/lib/python3.12/site-packages/airflow/example_dags/example_xcom.py
[2026-05-17T13:50:53.095+0000] {processor.py:914} INFO - Processing file /home/airflow/.local/lib/python3.12/site-packages/airflow/example_dags/example_xcom.py for tasks to queue
[2026-05-17T13:50:53.104+0000] {logging_mixin.py:190} INFO - [2026-05-17T13:50:53.102+0000] {dagbag.py:588} INFO - Filling up the DagBag from /home/airflow/.local/lib/python3.12/site-packages/airflow/example_dags/example_xcom.py
[2026-05-17T13:50:53.190+0000] {processor.py:925} INFO - DAG(s) 'example_xcom' retrieved from /home/airflow/.local/lib/python3.12/site-packages/airflow/example_dags/example_xcom.py
[2026-05-17T13:50:53.273+0000] {logging_mixin.py:190} INFO - [2026-05-17T13:50:53.273+0000] {dag.py:3239} INFO - Sync 1 DAGs
[2026-05-17T13:50:53.358+0000] {logging_mixin.py:190} INFO - [2026-05-17T13:50:53.357+0000] {dag.py:4180} INFO - Setting next_dagrun for example_xcom to 2021-01-01 00:00:00+00:00, run_after=2021-01-01 00:00:00+00:00
[2026-05-17T13:50:53.446+0000] {processor.py:208} INFO - Processing /home/airflow/.local/lib/python3.12/site-packages/airflow/example_dags/example_xcom.py took 0.374 seconds
[2026-05-17T16:13:00.344+0000] {processor.py:186} INFO - Started process (PID=106) to work on /home/airflow/.local/lib/python3.12/site-packages/airflow/example_dags/example_xcom.py
[2026-05-17T16:13:00.348+0000] {processor.py:914} INFO - Processing file /home/airflow/.local/lib/python3.12/site-packages/airflow/example_dags/example_xcom.py for tasks to queue
[2026-05-17T16:13:00.388+0000] {logging_mixin.py:190} INFO - [2026-05-17T16:13:00.387+0000] {dagbag.py:588} INFO - Filling up the DagBag from /home/airflow/.local/lib/python3.12/site-packages/airflow/example_dags/example_xcom.py
[2026-05-17T16:13:00.449+0000] {processor.py:925} INFO - DAG(s) 'example_xcom' retrieved from /home/airflow/.local/lib/python3.12/site-packages/airflow/example_dags/example_xcom.py
[2026-05-17T16:13:00.543+0000] {logging_mixin.py:190} INFO - [2026-05-17T16:13:00.542+0000] {dag.py:3239} INFO - Sync 1 DAGs
[2026-05-17T16:13:00.646+0000] {logging_mixin.py:190} INFO - [2026-05-17T16:13:00.644+0000] {dag.py:4180} INFO - Setting next_dagrun for example_xcom to 2021-01-01 00:00:00+00:00, run_after=2021-01-01 00:00:00+00:00
[2026-05-17T16:13:00.720+0000] {processor.py:208} INFO - Processing /home/airflow/.local/lib/python3.12/site-packages/airflow/example_dags/example_xcom.py took 0.399 seconds
[2026-05-17T16:23:25.413+0000] {processor.py:186} INFO - Started process (PID=98) to work on /home/airflow/.local/lib/python3.12/site-packages/airflow/example_dags/example_xcom.py
[2026-05-17T16:23:25.464+0000] {processor.py:914} INFO - Processing file /home/airflow/.local/lib/python3.12/site-packages/airflow/example_dags/example_xcom.py for tasks to queue
[2026-05-17T16:23:25.495+0000] {logging_mixin.py:190} INFO - [2026-05-17T16:23:25.494+0000] {dagbag.py:588} INFO - Filling up the DagBag from /home/airflow/.local/lib/python3.12/site-packages/airflow/example_dags/example_xcom.py
[2026-05-17T16:23:25.637+0000] {processor.py:925} INFO - DAG(s) 'example_xcom' retrieved from /home/airflow/.local/lib/python3.12/site-packages/airflow/example_dags/example_xcom.py
[2026-05-17T16:23:25.854+0000] {logging_mixin.py:190} INFO - [2026-05-17T16:23:25.854+0000] {dag.py:3239} INFO - Sync 1 DAGs
[2026-05-17T16:23:26.457+0000] {logging_mixin.py:190} INFO - [2026-05-17T16:23:26.454+0000] {dag.py:4180} INFO - Setting next_dagrun for example_xcom to 2021-01-01 00:00:00+00:00, run_after=2021-01-01 00:00:00+00:00
[2026-05-17T16:23:26.571+0000] {processor.py:208} INFO - Processing /home/airflow/.local/lib/python3.12/site-packages/airflow/example_dags/example_xcom.py took 1.195 seconds
[2026-05-17T16:24:20.351+0000] {processor.py:186} INFO - Started process (PID=155) to work on /home/airflow/.local/lib/python3.12/site-packages/airflow/example_dags/example_xcom.py
[2026-05-17T16:24:20.353+0000] {processor.py:914} INFO - Processing file /home/airflow/.local/lib/python3.12/site-packages/airflow/example_dags/example_xcom.py for tasks to queue
[2026-05-17T16:24:20.359+0000] {logging_mixin.py:190} INFO - [2026-05-17T16:24:20.357+0000] {dagbag.py:588} INFO - Filling up the DagBag from /home/airflow/.local/lib/python3.12/site-packages/airflow/example_dags/example_xcom.py
[2026-05-17T16:24:20.408+0000] {processor.py:925} INFO - DAG(s) 'example_xcom' retrieved from /home/airflow/.local/lib/python3.12/site-packages/airflow/example_dags/example_xcom.py
[2026-05-17T16:24:20.495+0000] {logging_mixin.py:190} INFO - [2026-05-17T16:24:20.493+0000] {dag.py:3239} INFO - Sync 1 DAGs
[2026-05-17T16:24:20.575+0000] {logging_mixin.py:190} INFO - [2026-05-17T16:24:20.575+0000] {dag.py:4180} INFO - Setting next_dagrun for example_xcom to 2021-01-01 00:00:00+00:00, run_after=2021-01-01 00:00:00+00:00
[2026-05-17T16:24:20.632+0000] {processor.py:208} INFO - Processing /home/airflow/.local/lib/python3.12/site-packages/airflow/example_dags/example_xcom.py took 0.297 seconds
[2026-05-17T18:14:37.329+0000] {processor.py:186} INFO - Started process (PID=101) to work on /home/airflow/.local/lib/python3.12/site-packages/airflow/example_dags/example_xcom.py
[2026-05-17T18:14:37.334+0000] {processor.py:914} INFO - Processing file /home/airflow/.local/lib/python3.12/site-packages/airflow/example_dags/example_xcom.py for tasks to queue
[2026-05-17T18:14:37.343+0000] {logging_mixin.py:190} INFO - [2026-05-17T18:14:37.342+0000] {dagbag.py:588} INFO - Filling up the DagBag from /home/airflow/.local/lib/python3.12/site-packages/airflow/example_dags/example_xcom.py
[2026-05-17T18:14:37.387+0000] {processor.py:925} INFO - DAG(s) 'example_xcom' retrieved from /home/airflow/.local/lib/python3.12/site-packages/airflow/example_dags/example_xcom.py
[2026-05-17T18:14:37.463+0000] {logging_mixin.py:190} INFO - [2026-05-17T18:14:37.463+0000] {dag.py:3239} INFO - Sync 1 DAGs
[2026-05-17T18:14:40.406+0000] {logging_mixin.py:190} INFO - [2026-05-17T18:14:40.405+0000] {dag.py:4180} INFO - Setting next_dagrun for example_xcom to 2021-01-01 00:00:00+00:00, run_after=2021-01-01 00:00:00+00:00
[2026-05-17T18:14:40.566+0000] {processor.py:208} INFO - Processing /home/airflow/.local/lib/python3.12/site-packages/airflow/example_dags/example_xcom.py took 3.261 seconds
[2026-05-17T18:15:38.489+0000] {processor.py:186} INFO - Started process (PID=171) to work on /home/airflow/.local/lib/python3.12/site-packages/airflow/example_dags/example_xcom.py
[2026-05-17T18:15:38.492+0000] {processor.py:914} INFO - Processing file /home/airflow/.local/lib/python3.12/site-packages/airflow/example_dags/example_xcom.py for tasks to queue
[2026-05-17T18:15:38.499+0000] {logging_mixin.py:190} INFO - [2026-05-17T18:15:38.498+0000] {dagbag.py:588} INFO - Filling up the DagBag from /home/airflow/.local/lib/python3.12/site-packages/airflow/example_dags/example_xcom.py
[2026-05-17T18:15:38.539+0000] {processor.py:925} INFO - DAG(s) 'example_xcom' retrieved from /home/airflow/.local/lib/python3.12/site-packages/airflow/example_dags/example_xcom.py
[2026-05-17T18:15:38.601+0000] {logging_mixin.py:190} INFO - [2026-05-17T18:15:38.601+0000] {dag.py:3239} INFO - Sync 1 DAGs
[2026-05-17T18:15:38.689+0000] {logging_mixin.py:190} INFO - [2026-05-17T18:15:38.688+0000] {dag.py:4180} INFO - Setting next_dagrun for example_xcom to 2021-01-01 00:00:00+00:00, run_after=2021-01-01 00:00:00+00:00
[2026-05-17T18:15:38.743+0000] {processor.py:208} INFO - Processing /home/airflow/.local/lib/python3.12/site-packages/airflow/example_dags/example_xcom.py took 0.274 seconds
[2026-05-17T18:23:06.240+0000] {processor.py:186} INFO - Started process (PID=98) to work on /home/airflow/.local/lib/python3.12/site-packages/airflow/example_dags/example_xcom.py
[2026-05-17T18:23:06.243+0000] {processor.py:914} INFO - Processing file /home/airflow/.local/lib/python3.12/site-packages/airflow/example_dags/example_xcom.py for tasks to queue
[2026-05-17T18:23:06.249+0000] {logging_mixin.py:190} INFO - [2026-05-17T18:23:06.249+0000] {dagbag.py:588} INFO - Filling up the DagBag from /home/airflow/.local/lib/python3.12/site-packages/airflow/example_dags/example_xcom.py
[2026-05-17T18:23:06.275+0000] {processor.py:925} INFO - DAG(s) 'example_xcom' retrieved from /home/airflow/.local/lib/python3.12/site-packages/airflow/example_dags/example_xcom.py
[2026-05-17T18:23:06.329+0000] {logging_mixin.py:190} INFO - [2026-05-17T18:23:06.328+0000] {dag.py:3239} INFO - Sync 1 DAGs
[2026-05-17T18:23:06.411+0000] {logging_mixin.py:190} INFO - [2026-05-17T18:23:06.410+0000] {dag.py:4180} INFO - Setting next_dagrun for example_xcom to 2021-01-01 00:00:00+00:00, run_after=2021-01-01 00:00:00+00:00
[2026-05-17T18:23:06.489+0000] {processor.py:208} INFO - Processing /home/airflow/.local/lib/python3.12/site-packages/airflow/example_dags/example_xcom.py took 0.264 seconds
