[2026-05-17T00:38:20.438+0000] {processor.py:186} INFO - Started process (PID=98) to work on /home/airflow/.local/lib/python3.12/site-packages/airflow/example_dags/example_params_ui_tutorial.py
[2026-05-17T00:38:20.451+0000] {processor.py:914} INFO - Processing file /home/airflow/.local/lib/python3.12/site-packages/airflow/example_dags/example_params_ui_tutorial.py for tasks to queue
[2026-05-17T00:38:20.469+0000] {logging_mixin.py:190} INFO - [2026-05-17T00:38:20.468+0000] {dagbag.py:588} INFO - Filling up the DagBag from /home/airflow/.local/lib/python3.12/site-packages/airflow/example_dags/example_params_ui_tutorial.py
[2026-05-17T00:38:20.527+0000] {processor.py:925} INFO - DAG(s) 'example_params_ui_tutorial' retrieved from /home/airflow/.local/lib/python3.12/site-packages/airflow/example_dags/example_params_ui_tutorial.py
[2026-05-17T00:38:21.241+0000] {logging_mixin.py:190} INFO - [2026-05-17T00:38:21.239+0000] {override.py:1900} INFO - Created Permission View: can read on DAG:example_params_ui_tutorial
[2026-05-17T00:38:21.293+0000] {logging_mixin.py:190} INFO - [2026-05-17T00:38:21.292+0000] {override.py:1900} INFO - Created Permission View: can edit on DAG:example_params_ui_tutorial
[2026-05-17T00:38:21.327+0000] {logging_mixin.py:190} INFO - [2026-05-17T00:38:21.325+0000] {override.py:1900} INFO - Created Permission View: can delete on DAG:example_params_ui_tutorial
[2026-05-17T00:38:21.364+0000] {logging_mixin.py:190} INFO - [2026-05-17T00:38:21.362+0000] {override.py:1900} INFO - Created Permission View: can read on DAG Run:example_params_ui_tutorial
[2026-05-17T00:38:21.395+0000] {logging_mixin.py:190} INFO - [2026-05-17T00:38:21.394+0000] {override.py:1900} INFO - Created Permission View: can create on DAG Run:example_params_ui_tutorial
[2026-05-17T00:38:21.423+0000] {logging_mixin.py:190} INFO - [2026-05-17T00:38:21.421+0000] {override.py:1900} INFO - Created Permission View: can delete on DAG Run:example_params_ui_tutorial
[2026-05-17T00:38:21.469+0000] {logging_mixin.py:190} INFO - [2026-05-17T00:38:21.469+0000] {override.py:1900} INFO - Created Permission View: menu access on DAG Run:example_params_ui_tutorial
[2026-05-17T00:38:21.471+0000] {logging_mixin.py:190} INFO - [2026-05-17T00:38:21.470+0000] {dag.py:3239} INFO - Sync 1 DAGs
[2026-05-17T00:38:21.511+0000] {logging_mixin.py:190} INFO - [2026-05-17T00:38:21.511+0000] {dag.py:3262} INFO - Creating ORM DAG for example_params_ui_tutorial
[2026-05-17T00:38:21.513+0000] {logging_mixin.py:190} INFO - [2026-05-17T00:38:21.513+0000] {dag.py:4180} INFO - Setting next_dagrun for example_params_ui_tutorial to None, run_after=None
[2026-05-17T00:38:21.607+0000] {processor.py:208} INFO - Processing /home/airflow/.local/lib/python3.12/site-packages/airflow/example_dags/example_params_ui_tutorial.py took 1.193 seconds
[2026-05-17T00:38:53.907+0000] {processor.py:186} INFO - Started process (PID=160) to work on /home/airflow/.local/lib/python3.12/site-packages/airflow/example_dags/example_params_ui_tutorial.py
[2026-05-17T00:38:53.909+0000] {processor.py:914} INFO - Processing file /home/airflow/.local/lib/python3.12/site-packages/airflow/example_dags/example_params_ui_tutorial.py for tasks to queue
[2026-05-17T00:38:53.916+0000] {logging_mixin.py:190} INFO - [2026-05-17T00:38:53.915+0000] {dagbag.py:588} INFO - Filling up the DagBag from /home/airflow/.local/lib/python3.12/site-packages/airflow/example_dags/example_params_ui_tutorial.py
[2026-05-17T00:38:53.948+0000] {processor.py:925} INFO - DAG(s) 'example_params_ui_tutorial' retrieved from /home/airflow/.local/lib/python3.12/site-packages/airflow/example_dags/example_params_ui_tutorial.py
[2026-05-17T00:38:54.069+0000] {logging_mixin.py:190} INFO - [2026-05-17T00:38:54.069+0000] {dag.py:3239} INFO - Sync 1 DAGs
[2026-05-17T00:38:54.111+0000] {logging_mixin.py:190} INFO - [2026-05-17T00:38:54.110+0000] {dag.py:4180} INFO - Setting next_dagrun for example_params_ui_tutorial to None, run_after=None
[2026-05-17T00:38:54.166+0000] {processor.py:208} INFO - Processing /home/airflow/.local/lib/python3.12/site-packages/airflow/example_dags/example_params_ui_tutorial.py took 0.274 seconds
[2026-05-17T01:21:42.459+0000] {processor.py:186} INFO - Started process (PID=108) to work on /home/airflow/.local/lib/python3.12/site-packages/airflow/example_dags/example_params_ui_tutorial.py
[2026-05-17T01:21:42.465+0000] {processor.py:914} INFO - Processing file /home/airflow/.local/lib/python3.12/site-packages/airflow/example_dags/example_params_ui_tutorial.py for tasks to queue
[2026-05-17T01:21:42.476+0000] {logging_mixin.py:190} INFO - [2026-05-17T01:21:42.476+0000] {dagbag.py:588} INFO - Filling up the DagBag from /home/airflow/.local/lib/python3.12/site-packages/airflow/example_dags/example_params_ui_tutorial.py
[2026-05-17T01:21:42.523+0000] {processor.py:925} INFO - DAG(s) 'example_params_ui_tutorial' retrieved from /home/airflow/.local/lib/python3.12/site-packages/airflow/example_dags/example_params_ui_tutorial.py
[2026-05-17T01:21:42.638+0000] {logging_mixin.py:190} INFO - [2026-05-17T01:21:42.637+0000] {dag.py:3239} INFO - Sync 1 DAGs
[2026-05-17T01:21:42.670+0000] {logging_mixin.py:190} INFO - [2026-05-17T01:21:42.670+0000] {dag.py:4180} INFO - Setting next_dagrun for example_params_ui_tutorial to None, run_after=None
[2026-05-17T01:21:42.724+0000] {processor.py:208} INFO - Processing /home/airflow/.local/lib/python3.12/site-packages/airflow/example_dags/example_params_ui_tutorial.py took 0.296 seconds
[2026-05-17T01:22:49.546+0000] {processor.py:186} INFO - Started process (PID=177) to work on /home/airflow/.local/lib/python3.12/site-packages/airflow/example_dags/example_params_ui_tutorial.py
[2026-05-17T01:22:49.550+0000] {processor.py:914} INFO - Processing file /home/airflow/.local/lib/python3.12/site-packages/airflow/example_dags/example_params_ui_tutorial.py for tasks to queue
[2026-05-17T01:22:49.554+0000] {logging_mixin.py:190} INFO - [2026-05-17T01:22:49.553+0000] {dagbag.py:588} INFO - Filling up the DagBag from /home/airflow/.local/lib/python3.12/site-packages/airflow/example_dags/example_params_ui_tutorial.py
[2026-05-17T01:22:49.571+0000] {processor.py:925} INFO - DAG(s) 'example_params_ui_tutorial' retrieved from /home/airflow/.local/lib/python3.12/site-packages/airflow/example_dags/example_params_ui_tutorial.py
[2026-05-17T01:22:49.678+0000] {logging_mixin.py:190} INFO - [2026-05-17T01:22:49.677+0000] {dag.py:3239} INFO - Sync 1 DAGs
[2026-05-17T01:22:49.709+0000] {logging_mixin.py:190} INFO - [2026-05-17T01:22:49.709+0000] {dag.py:4180} INFO - Setting next_dagrun for example_params_ui_tutorial to None, run_after=None
[2026-05-17T01:22:49.747+0000] {processor.py:208} INFO - Processing /home/airflow/.local/lib/python3.12/site-packages/airflow/example_dags/example_params_ui_tutorial.py took 0.211 seconds
[2026-05-17T01:51:47.553+0000] {processor.py:186} INFO - Started process (PID=263) to work on /home/airflow/.local/lib/python3.12/site-packages/airflow/example_dags/example_params_ui_tutorial.py
[2026-05-17T01:51:47.555+0000] {processor.py:914} INFO - Processing file /home/airflow/.local/lib/python3.12/site-packages/airflow/example_dags/example_params_ui_tutorial.py for tasks to queue
[2026-05-17T01:51:47.558+0000] {logging_mixin.py:190} INFO - [2026-05-17T01:51:47.557+0000] {dagbag.py:588} INFO - Filling up the DagBag from /home/airflow/.local/lib/python3.12/site-packages/airflow/example_dags/example_params_ui_tutorial.py
[2026-05-17T01:51:47.570+0000] {processor.py:925} INFO - DAG(s) 'example_params_ui_tutorial' retrieved from /home/airflow/.local/lib/python3.12/site-packages/airflow/example_dags/example_params_ui_tutorial.py
[2026-05-17T01:51:47.633+0000] {logging_mixin.py:190} INFO - [2026-05-17T01:51:47.633+0000] {dag.py:3239} INFO - Sync 1 DAGs
[2026-05-17T01:51:47.659+0000] {logging_mixin.py:190} INFO - [2026-05-17T01:51:47.658+0000] {dag.py:4180} INFO - Setting next_dagrun for example_params_ui_tutorial to None, run_after=None
[2026-05-17T01:51:47.722+0000] {processor.py:208} INFO - Processing /home/airflow/.local/lib/python3.12/site-packages/airflow/example_dags/example_params_ui_tutorial.py took 0.177 seconds
[2026-05-17T01:55:09.614+0000] {processor.py:186} INFO - Started process (PID=327) to work on /home/airflow/.local/lib/python3.12/site-packages/airflow/example_dags/example_params_ui_tutorial.py
[2026-05-17T01:55:09.616+0000] {processor.py:914} INFO - Processing file /home/airflow/.local/lib/python3.12/site-packages/airflow/example_dags/example_params_ui_tutorial.py for tasks to queue
[2026-05-17T01:55:09.619+0000] {logging_mixin.py:190} INFO - [2026-05-17T01:55:09.618+0000] {dagbag.py:588} INFO - Filling up the DagBag from /home/airflow/.local/lib/python3.12/site-packages/airflow/example_dags/example_params_ui_tutorial.py
[2026-05-17T01:55:09.639+0000] {processor.py:925} INFO - DAG(s) 'example_params_ui_tutorial' retrieved from /home/airflow/.local/lib/python3.12/site-packages/airflow/example_dags/example_params_ui_tutorial.py
[2026-05-17T01:55:09.718+0000] {logging_mixin.py:190} INFO - [2026-05-17T01:55:09.717+0000] {dag.py:3239} INFO - Sync 1 DAGs
[2026-05-17T01:55:09.746+0000] {logging_mixin.py:190} INFO - [2026-05-17T01:55:09.745+0000] {dag.py:4180} INFO - Setting next_dagrun for example_params_ui_tutorial to None, run_after=None
[2026-05-17T01:55:09.780+0000] {processor.py:208} INFO - Processing /home/airflow/.local/lib/python3.12/site-packages/airflow/example_dags/example_params_ui_tutorial.py took 0.176 seconds
[2026-05-17T01:55:44.178+0000] {processor.py:186} INFO - Started process (PID=390) to work on /home/airflow/.local/lib/python3.12/site-packages/airflow/example_dags/example_params_ui_tutorial.py
[2026-05-17T01:55:44.179+0000] {processor.py:914} INFO - Processing file /home/airflow/.local/lib/python3.12/site-packages/airflow/example_dags/example_params_ui_tutorial.py for tasks to queue
[2026-05-17T01:55:44.181+0000] {logging_mixin.py:190} INFO - [2026-05-17T01:55:44.181+0000] {dagbag.py:588} INFO - Filling up the DagBag from /home/airflow/.local/lib/python3.12/site-packages/airflow/example_dags/example_params_ui_tutorial.py
[2026-05-17T01:55:44.302+0000] {processor.py:925} INFO - DAG(s) 'example_params_ui_tutorial' retrieved from /home/airflow/.local/lib/python3.12/site-packages/airflow/example_dags/example_params_ui_tutorial.py
[2026-05-17T01:55:44.548+0000] {logging_mixin.py:190} INFO - [2026-05-17T01:55:44.548+0000] {dag.py:3239} INFO - Sync 1 DAGs
[2026-05-17T01:55:44.567+0000] {logging_mixin.py:190} INFO - [2026-05-17T01:55:44.566+0000] {dag.py:4180} INFO - Setting next_dagrun for example_params_ui_tutorial to None, run_after=None
[2026-05-17T01:55:44.596+0000] {processor.py:208} INFO - Processing /home/airflow/.local/lib/python3.12/site-packages/airflow/example_dags/example_params_ui_tutorial.py took 0.425 seconds
[2026-05-17T01:56:17.518+0000] {processor.py:186} INFO - Started process (PID=447) to work on /home/airflow/.local/lib/python3.12/site-packages/airflow/example_dags/example_params_ui_tutorial.py
[2026-05-17T01:56:17.520+0000] {processor.py:914} INFO - Processing file /home/airflow/.local/lib/python3.12/site-packages/airflow/example_dags/example_params_ui_tutorial.py for tasks to queue
[2026-05-17T01:56:17.523+0000] {logging_mixin.py:190} INFO - [2026-05-17T01:56:17.522+0000] {dagbag.py:588} INFO - Filling up the DagBag from /home/airflow/.local/lib/python3.12/site-packages/airflow/example_dags/example_params_ui_tutorial.py
[2026-05-17T01:56:17.547+0000] {processor.py:925} INFO - DAG(s) 'example_params_ui_tutorial' retrieved from /home/airflow/.local/lib/python3.12/site-packages/airflow/example_dags/example_params_ui_tutorial.py
[2026-05-17T01:56:17.688+0000] {logging_mixin.py:190} INFO - [2026-05-17T01:56:17.688+0000] {dag.py:3239} INFO - Sync 1 DAGs
[2026-05-17T01:56:17.712+0000] {logging_mixin.py:190} INFO - [2026-05-17T01:56:17.712+0000] {dag.py:4180} INFO - Setting next_dagrun for example_params_ui_tutorial to None, run_after=None
[2026-05-17T01:56:17.787+0000] {processor.py:208} INFO - Processing /home/airflow/.local/lib/python3.12/site-packages/airflow/example_dags/example_params_ui_tutorial.py took 0.283 seconds
[2026-05-17T13:16:25.218+0000] {processor.py:186} INFO - Started process (PID=106) to work on /home/airflow/.local/lib/python3.12/site-packages/airflow/example_dags/example_params_ui_tutorial.py
[2026-05-17T13:16:25.222+0000] {processor.py:914} INFO - Processing file /home/airflow/.local/lib/python3.12/site-packages/airflow/example_dags/example_params_ui_tutorial.py for tasks to queue
[2026-05-17T13:16:25.228+0000] {logging_mixin.py:190} INFO - [2026-05-17T13:16:25.227+0000] {dagbag.py:588} INFO - Filling up the DagBag from /home/airflow/.local/lib/python3.12/site-packages/airflow/example_dags/example_params_ui_tutorial.py
[2026-05-17T13:16:25.260+0000] {processor.py:925} INFO - DAG(s) 'example_params_ui_tutorial' retrieved from /home/airflow/.local/lib/python3.12/site-packages/airflow/example_dags/example_params_ui_tutorial.py
[2026-05-17T13:16:25.366+0000] {logging_mixin.py:190} INFO - [2026-05-17T13:16:25.365+0000] {dag.py:3239} INFO - Sync 1 DAGs
[2026-05-17T13:16:25.434+0000] {logging_mixin.py:190} INFO - [2026-05-17T13:16:25.434+0000] {dag.py:4180} INFO - Setting next_dagrun for example_params_ui_tutorial to None, run_after=None
[2026-05-17T13:16:25.568+0000] {processor.py:208} INFO - Processing /home/airflow/.local/lib/python3.12/site-packages/airflow/example_dags/example_params_ui_tutorial.py took 0.362 seconds
[2026-05-17T13:37:29.940+0000] {processor.py:186} INFO - Started process (PID=97) to work on /home/airflow/.local/lib/python3.12/site-packages/airflow/example_dags/example_params_ui_tutorial.py
[2026-05-17T13:37:30.107+0000] {processor.py:914} INFO - Processing file /home/airflow/.local/lib/python3.12/site-packages/airflow/example_dags/example_params_ui_tutorial.py for tasks to queue
[2026-05-17T13:37:30.110+0000] {logging_mixin.py:190} INFO - [2026-05-17T13:37:30.110+0000] {dagbag.py:588} INFO - Filling up the DagBag from /home/airflow/.local/lib/python3.12/site-packages/airflow/example_dags/example_params_ui_tutorial.py
[2026-05-17T13:37:30.121+0000] {processor.py:925} INFO - DAG(s) 'example_params_ui_tutorial' retrieved from /home/airflow/.local/lib/python3.12/site-packages/airflow/example_dags/example_params_ui_tutorial.py
[2026-05-17T13:37:30.190+0000] {logging_mixin.py:190} INFO - [2026-05-17T13:37:30.190+0000] {dag.py:3239} INFO - Sync 1 DAGs
[2026-05-17T13:37:30.217+0000] {logging_mixin.py:190} INFO - [2026-05-17T13:37:30.217+0000] {dag.py:4180} INFO - Setting next_dagrun for example_params_ui_tutorial to None, run_after=None
[2026-05-17T13:37:30.432+0000] {processor.py:208} INFO - Processing /home/airflow/.local/lib/python3.12/site-packages/airflow/example_dags/example_params_ui_tutorial.py took 0.501 seconds
[2026-05-17T13:38:26.923+0000] {processor.py:186} INFO - Started process (PID=154) to work on /home/airflow/.local/lib/python3.12/site-packages/airflow/example_dags/example_params_ui_tutorial.py
[2026-05-17T13:38:26.924+0000] {processor.py:914} INFO - Processing file /home/airflow/.local/lib/python3.12/site-packages/airflow/example_dags/example_params_ui_tutorial.py for tasks to queue
[2026-05-17T13:38:26.926+0000] {logging_mixin.py:190} INFO - [2026-05-17T13:38:26.925+0000] {dagbag.py:588} INFO - Filling up the DagBag from /home/airflow/.local/lib/python3.12/site-packages/airflow/example_dags/example_params_ui_tutorial.py
[2026-05-17T13:38:26.938+0000] {processor.py:925} INFO - DAG(s) 'example_params_ui_tutorial' retrieved from /home/airflow/.local/lib/python3.12/site-packages/airflow/example_dags/example_params_ui_tutorial.py
[2026-05-17T13:38:26.990+0000] {logging_mixin.py:190} INFO - [2026-05-17T13:38:26.989+0000] {dag.py:3239} INFO - Sync 1 DAGs
[2026-05-17T13:38:27.013+0000] {logging_mixin.py:190} INFO - [2026-05-17T13:38:27.013+0000] {dag.py:4180} INFO - Setting next_dagrun for example_params_ui_tutorial to None, run_after=None
[2026-05-17T13:38:27.044+0000] {processor.py:208} INFO - Processing /home/airflow/.local/lib/python3.12/site-packages/airflow/example_dags/example_params_ui_tutorial.py took 0.129 seconds
[2026-05-17T13:50:54.017+0000] {processor.py:186} INFO - Started process (PID=101) to work on /home/airflow/.local/lib/python3.12/site-packages/airflow/example_dags/example_params_ui_tutorial.py
[2026-05-17T13:50:54.030+0000] {processor.py:914} INFO - Processing file /home/airflow/.local/lib/python3.12/site-packages/airflow/example_dags/example_params_ui_tutorial.py for tasks to queue
[2026-05-17T13:50:54.043+0000] {logging_mixin.py:190} INFO - [2026-05-17T13:50:54.042+0000] {dagbag.py:588} INFO - Filling up the DagBag from /home/airflow/.local/lib/python3.12/site-packages/airflow/example_dags/example_params_ui_tutorial.py
[2026-05-17T13:50:54.082+0000] {processor.py:925} INFO - DAG(s) 'example_params_ui_tutorial' retrieved from /home/airflow/.local/lib/python3.12/site-packages/airflow/example_dags/example_params_ui_tutorial.py
[2026-05-17T13:50:54.240+0000] {logging_mixin.py:190} INFO - [2026-05-17T13:50:54.240+0000] {dag.py:3239} INFO - Sync 1 DAGs
[2026-05-17T13:50:54.308+0000] {logging_mixin.py:190} INFO - [2026-05-17T13:50:54.308+0000] {dag.py:4180} INFO - Setting next_dagrun for example_params_ui_tutorial to None, run_after=None
[2026-05-17T13:50:54.398+0000] {processor.py:208} INFO - Processing /home/airflow/.local/lib/python3.12/site-packages/airflow/example_dags/example_params_ui_tutorial.py took 0.407 seconds
[2026-05-17T16:13:01.038+0000] {processor.py:186} INFO - Started process (PID=109) to work on /home/airflow/.local/lib/python3.12/site-packages/airflow/example_dags/example_params_ui_tutorial.py
[2026-05-17T16:13:01.044+0000] {processor.py:914} INFO - Processing file /home/airflow/.local/lib/python3.12/site-packages/airflow/example_dags/example_params_ui_tutorial.py for tasks to queue
[2026-05-17T16:13:01.066+0000] {logging_mixin.py:190} INFO - [2026-05-17T16:13:01.066+0000] {dagbag.py:588} INFO - Filling up the DagBag from /home/airflow/.local/lib/python3.12/site-packages/airflow/example_dags/example_params_ui_tutorial.py
[2026-05-17T16:13:01.107+0000] {processor.py:925} INFO - DAG(s) 'example_params_ui_tutorial' retrieved from /home/airflow/.local/lib/python3.12/site-packages/airflow/example_dags/example_params_ui_tutorial.py
[2026-05-17T16:13:01.244+0000] {logging_mixin.py:190} INFO - [2026-05-17T16:13:01.244+0000] {dag.py:3239} INFO - Sync 1 DAGs
[2026-05-17T16:13:01.292+0000] {logging_mixin.py:190} INFO - [2026-05-17T16:13:01.291+0000] {dag.py:4180} INFO - Setting next_dagrun for example_params_ui_tutorial to None, run_after=None
[2026-05-17T16:13:01.346+0000] {processor.py:208} INFO - Processing /home/airflow/.local/lib/python3.12/site-packages/airflow/example_dags/example_params_ui_tutorial.py took 0.350 seconds
[2026-05-17T16:23:27.469+0000] {processor.py:186} INFO - Started process (PID=101) to work on /home/airflow/.local/lib/python3.12/site-packages/airflow/example_dags/example_params_ui_tutorial.py
[2026-05-17T16:23:27.477+0000] {processor.py:914} INFO - Processing file /home/airflow/.local/lib/python3.12/site-packages/airflow/example_dags/example_params_ui_tutorial.py for tasks to queue
[2026-05-17T16:23:27.484+0000] {logging_mixin.py:190} INFO - [2026-05-17T16:23:27.483+0000] {dagbag.py:588} INFO - Filling up the DagBag from /home/airflow/.local/lib/python3.12/site-packages/airflow/example_dags/example_params_ui_tutorial.py
[2026-05-17T16:23:27.516+0000] {processor.py:925} INFO - DAG(s) 'example_params_ui_tutorial' retrieved from /home/airflow/.local/lib/python3.12/site-packages/airflow/example_dags/example_params_ui_tutorial.py
[2026-05-17T16:23:27.657+0000] {logging_mixin.py:190} INFO - [2026-05-17T16:23:27.657+0000] {dag.py:3239} INFO - Sync 1 DAGs
[2026-05-17T16:23:27.604+0000] {logging_mixin.py:190} INFO - [2026-05-17T16:23:27.603+0000] {dag.py:4180} INFO - Setting next_dagrun for example_params_ui_tutorial to None, run_after=None
[2026-05-17T16:23:28.234+0000] {processor.py:208} INFO - Processing /home/airflow/.local/lib/python3.12/site-packages/airflow/example_dags/example_params_ui_tutorial.py took 0.400 seconds
[2026-05-17T16:24:21.025+0000] {processor.py:186} INFO - Started process (PID=158) to work on /home/airflow/.local/lib/python3.12/site-packages/airflow/example_dags/example_params_ui_tutorial.py
[2026-05-17T16:24:21.030+0000] {processor.py:914} INFO - Processing file /home/airflow/.local/lib/python3.12/site-packages/airflow/example_dags/example_params_ui_tutorial.py for tasks to queue
[2026-05-17T16:24:21.043+0000] {logging_mixin.py:190} INFO - [2026-05-17T16:24:21.038+0000] {dagbag.py:588} INFO - Filling up the DagBag from /home/airflow/.local/lib/python3.12/site-packages/airflow/example_dags/example_params_ui_tutorial.py
[2026-05-17T16:24:21.085+0000] {processor.py:925} INFO - DAG(s) 'example_params_ui_tutorial' retrieved from /home/airflow/.local/lib/python3.12/site-packages/airflow/example_dags/example_params_ui_tutorial.py
[2026-05-17T16:24:21.238+0000] {logging_mixin.py:190} INFO - [2026-05-17T16:24:21.235+0000] {dag.py:3239} INFO - Sync 1 DAGs
[2026-05-17T16:24:21.301+0000] {logging_mixin.py:190} INFO - [2026-05-17T16:24:21.299+0000] {dag.py:4180} INFO - Setting next_dagrun for example_params_ui_tutorial to None, run_after=None
[2026-05-17T16:24:21.372+0000] {processor.py:208} INFO - Processing /home/airflow/.local/lib/python3.12/site-packages/airflow/example_dags/example_params_ui_tutorial.py took 0.371 seconds
[2026-05-17T18:14:40.833+0000] {processor.py:186} INFO - Started process (PID=104) to work on /home/airflow/.local/lib/python3.12/site-packages/airflow/example_dags/example_params_ui_tutorial.py
[2026-05-17T18:14:40.847+0000] {processor.py:914} INFO - Processing file /home/airflow/.local/lib/python3.12/site-packages/airflow/example_dags/example_params_ui_tutorial.py for tasks to queue
[2026-05-17T18:14:40.868+0000] {logging_mixin.py:190} INFO - [2026-05-17T18:14:40.867+0000] {dagbag.py:588} INFO - Filling up the DagBag from /home/airflow/.local/lib/python3.12/site-packages/airflow/example_dags/example_params_ui_tutorial.py
[2026-05-17T18:14:40.919+0000] {processor.py:925} INFO - DAG(s) 'example_params_ui_tutorial' retrieved from /home/airflow/.local/lib/python3.12/site-packages/airflow/example_dags/example_params_ui_tutorial.py
[2026-05-17T18:14:41.299+0000] {logging_mixin.py:190} INFO - [2026-05-17T18:14:41.296+0000] {dag.py:3239} INFO - Sync 1 DAGs
[2026-05-17T18:14:41.409+0000] {logging_mixin.py:190} INFO - [2026-05-17T18:14:41.409+0000] {dag.py:4180} INFO - Setting next_dagrun for example_params_ui_tutorial to None, run_after=None
[2026-05-17T18:14:41.604+0000] {processor.py:208} INFO - Processing /home/airflow/.local/lib/python3.12/site-packages/airflow/example_dags/example_params_ui_tutorial.py took 0.737 seconds
[2026-05-17T18:15:39.171+0000] {processor.py:186} INFO - Started process (PID=174) to work on /home/airflow/.local/lib/python3.12/site-packages/airflow/example_dags/example_params_ui_tutorial.py
[2026-05-17T18:15:39.177+0000] {processor.py:914} INFO - Processing file /home/airflow/.local/lib/python3.12/site-packages/airflow/example_dags/example_params_ui_tutorial.py for tasks to queue
[2026-05-17T18:15:39.185+0000] {logging_mixin.py:190} INFO - [2026-05-17T18:15:39.184+0000] {dagbag.py:588} INFO - Filling up the DagBag from /home/airflow/.local/lib/python3.12/site-packages/airflow/example_dags/example_params_ui_tutorial.py
[2026-05-17T18:15:39.227+0000] {processor.py:925} INFO - DAG(s) 'example_params_ui_tutorial' retrieved from /home/airflow/.local/lib/python3.12/site-packages/airflow/example_dags/example_params_ui_tutorial.py
[2026-05-17T18:15:39.377+0000] {logging_mixin.py:190} INFO - [2026-05-17T18:15:39.376+0000] {dag.py:3239} INFO - Sync 1 DAGs
[2026-05-17T18:15:39.428+0000] {logging_mixin.py:190} INFO - [2026-05-17T18:15:39.427+0000] {dag.py:4180} INFO - Setting next_dagrun for example_params_ui_tutorial to None, run_after=None
[2026-05-17T18:15:39.490+0000] {processor.py:208} INFO - Processing /home/airflow/.local/lib/python3.12/site-packages/airflow/example_dags/example_params_ui_tutorial.py took 0.337 seconds
[2026-05-17T18:23:06.874+0000] {processor.py:186} INFO - Started process (PID=101) to work on /home/airflow/.local/lib/python3.12/site-packages/airflow/example_dags/example_params_ui_tutorial.py
[2026-05-17T18:23:06.876+0000] {processor.py:914} INFO - Processing file /home/airflow/.local/lib/python3.12/site-packages/airflow/example_dags/example_params_ui_tutorial.py for tasks to queue
[2026-05-17T18:23:06.885+0000] {logging_mixin.py:190} INFO - [2026-05-17T18:23:06.885+0000] {dagbag.py:588} INFO - Filling up the DagBag from /home/airflow/.local/lib/python3.12/site-packages/airflow/example_dags/example_params_ui_tutorial.py
[2026-05-17T18:23:06.913+0000] {processor.py:925} INFO - DAG(s) 'example_params_ui_tutorial' retrieved from /home/airflow/.local/lib/python3.12/site-packages/airflow/example_dags/example_params_ui_tutorial.py
[2026-05-17T18:23:07.025+0000] {logging_mixin.py:190} INFO - [2026-05-17T18:23:07.025+0000] {dag.py:3239} INFO - Sync 1 DAGs
[2026-05-17T18:23:07.059+0000] {logging_mixin.py:190} INFO - [2026-05-17T18:23:07.058+0000] {dag.py:4180} INFO - Setting next_dagrun for example_params_ui_tutorial to None, run_after=None
[2026-05-17T18:23:07.107+0000] {processor.py:208} INFO - Processing /home/airflow/.local/lib/python3.12/site-packages/airflow/example_dags/example_params_ui_tutorial.py took 0.245 seconds
