[2026-05-17T00:38:14.138+0000] {processor.py:186} INFO - Started process (PID=77) to work on /home/airflow/.local/lib/python3.12/site-packages/airflow/example_dags/example_skip_dag.py
[2026-05-17T00:38:14.142+0000] {processor.py:914} INFO - Processing file /home/airflow/.local/lib/python3.12/site-packages/airflow/example_dags/example_skip_dag.py for tasks to queue
[2026-05-17T00:38:14.152+0000] {logging_mixin.py:190} INFO - [2026-05-17T00:38:14.151+0000] {dagbag.py:588} INFO - Filling up the DagBag from /home/airflow/.local/lib/python3.12/site-packages/airflow/example_dags/example_skip_dag.py
[2026-05-17T00:38:14.172+0000] {processor.py:925} INFO - DAG(s) 'example_skip_dag' retrieved from /home/airflow/.local/lib/python3.12/site-packages/airflow/example_dags/example_skip_dag.py
[2026-05-17T00:38:14.242+0000] {logging_mixin.py:190} INFO - [2026-05-17T00:38:14.240+0000] {dag.py:3239} INFO - Sync 1 DAGs
[2026-05-17T00:38:14.318+0000] {logging_mixin.py:190} INFO - [2026-05-17T00:38:14.318+0000] {dag.py:4180} INFO - Setting next_dagrun for example_skip_dag to 2026-05-16 00:00:00+00:00, run_after=2026-05-17 00:00:00+00:00
[2026-05-17T00:38:14.363+0000] {processor.py:208} INFO - Processing /home/airflow/.local/lib/python3.12/site-packages/airflow/example_dags/example_skip_dag.py took 0.239 seconds
[2026-05-17T00:38:44.789+0000] {processor.py:186} INFO - Started process (PID=139) to work on /home/airflow/.local/lib/python3.12/site-packages/airflow/example_dags/example_skip_dag.py
[2026-05-17T00:38:44.791+0000] {processor.py:914} INFO - Processing file /home/airflow/.local/lib/python3.12/site-packages/airflow/example_dags/example_skip_dag.py for tasks to queue
[2026-05-17T00:38:44.798+0000] {logging_mixin.py:190} INFO - [2026-05-17T00:38:44.797+0000] {dagbag.py:588} INFO - Filling up the DagBag from /home/airflow/.local/lib/python3.12/site-packages/airflow/example_dags/example_skip_dag.py
[2026-05-17T00:38:44.828+0000] {processor.py:925} INFO - DAG(s) 'example_skip_dag' retrieved from /home/airflow/.local/lib/python3.12/site-packages/airflow/example_dags/example_skip_dag.py
[2026-05-17T00:38:44.898+0000] {logging_mixin.py:190} INFO - [2026-05-17T00:38:44.897+0000] {dag.py:3239} INFO - Sync 1 DAGs
[2026-05-17T00:38:44.966+0000] {logging_mixin.py:190} INFO - [2026-05-17T00:38:44.965+0000] {dag.py:4180} INFO - Setting next_dagrun for example_skip_dag to 2026-05-16 00:00:00+00:00, run_after=2026-05-17 00:00:00+00:00
[2026-05-17T00:38:45.016+0000] {processor.py:208} INFO - Processing /home/airflow/.local/lib/python3.12/site-packages/airflow/example_dags/example_skip_dag.py took 0.253 seconds
[2026-05-17T01:18:21.470+0000] {processor.py:186} INFO - Started process (PID=201) to work on /home/airflow/.local/lib/python3.12/site-packages/airflow/example_dags/example_skip_dag.py
[2026-05-17T01:18:21.480+0000] {processor.py:914} INFO - Processing file /home/airflow/.local/lib/python3.12/site-packages/airflow/example_dags/example_skip_dag.py for tasks to queue
[2026-05-17T01:18:21.494+0000] {logging_mixin.py:190} INFO - [2026-05-17T01:18:21.487+0000] {dagbag.py:588} INFO - Filling up the DagBag from /home/airflow/.local/lib/python3.12/site-packages/airflow/example_dags/example_skip_dag.py
[2026-05-17T01:18:21.636+0000] {processor.py:925} INFO - DAG(s) 'example_skip_dag' retrieved from /home/airflow/.local/lib/python3.12/site-packages/airflow/example_dags/example_skip_dag.py
[2026-05-17T01:18:22.122+0000] {logging_mixin.py:190} INFO - [2026-05-17T01:18:22.121+0000] {dag.py:3239} INFO - Sync 1 DAGs
[2026-05-17T01:18:22.244+0000] {logging_mixin.py:190} INFO - [2026-05-17T01:18:22.244+0000] {dag.py:4180} INFO - Setting next_dagrun for example_skip_dag to 2026-05-16 00:00:00+00:00, run_after=2026-05-17 00:00:00+00:00
[2026-05-17T01:18:22.313+0000] {processor.py:208} INFO - Processing /home/airflow/.local/lib/python3.12/site-packages/airflow/example_dags/example_skip_dag.py took 0.893 seconds
[2026-05-17T01:21:00.009+0000] {processor.py:186} INFO - Started process (PID=81) to work on /home/airflow/.local/lib/python3.12/site-packages/airflow/example_dags/example_skip_dag.py
[2026-05-17T01:21:00.027+0000] {processor.py:914} INFO - Processing file /home/airflow/.local/lib/python3.12/site-packages/airflow/example_dags/example_skip_dag.py for tasks to queue
[2026-05-17T01:21:00.302+0000] {logging_mixin.py:190} INFO - [2026-05-17T01:21:00.299+0000] {dagbag.py:588} INFO - Filling up the DagBag from /home/airflow/.local/lib/python3.12/site-packages/airflow/example_dags/example_skip_dag.py
[2026-05-17T01:21:01.877+0000] {processor.py:925} INFO - DAG(s) 'example_skip_dag' retrieved from /home/airflow/.local/lib/python3.12/site-packages/airflow/example_dags/example_skip_dag.py
[2026-05-17T01:21:02.655+0000] {logging_mixin.py:190} INFO - [2026-05-17T01:21:02.653+0000] {dag.py:3239} INFO - Sync 1 DAGs
[2026-05-17T01:21:16.992+0000] {logging_mixin.py:190} INFO - [2026-05-17T01:21:16.991+0000] {dag.py:4180} INFO - Setting next_dagrun for example_skip_dag to 2026-05-16 00:00:00+00:00, run_after=2026-05-17 00:00:00+00:00
[2026-05-17T01:21:17.134+0000] {processor.py:208} INFO - Processing /home/airflow/.local/lib/python3.12/site-packages/airflow/example_dags/example_skip_dag.py took 17.380 seconds
[2026-05-17T01:22:46.266+0000] {processor.py:186} INFO - Started process (PID=156) to work on /home/airflow/.local/lib/python3.12/site-packages/airflow/example_dags/example_skip_dag.py
[2026-05-17T01:22:46.312+0000] {processor.py:914} INFO - Processing file /home/airflow/.local/lib/python3.12/site-packages/airflow/example_dags/example_skip_dag.py for tasks to queue
[2026-05-17T01:22:46.315+0000] {logging_mixin.py:190} INFO - [2026-05-17T01:22:46.314+0000] {dagbag.py:588} INFO - Filling up the DagBag from /home/airflow/.local/lib/python3.12/site-packages/airflow/example_dags/example_skip_dag.py
[2026-05-17T01:22:46.428+0000] {processor.py:925} INFO - DAG(s) 'example_skip_dag' retrieved from /home/airflow/.local/lib/python3.12/site-packages/airflow/example_dags/example_skip_dag.py
[2026-05-17T01:22:46.941+0000] {logging_mixin.py:190} INFO - [2026-05-17T01:22:46.940+0000] {dag.py:3239} INFO - Sync 1 DAGs
[2026-05-17T01:22:47.003+0000] {logging_mixin.py:190} INFO - [2026-05-17T01:22:47.003+0000] {dag.py:4180} INFO - Setting next_dagrun for example_skip_dag to 2026-05-16 00:00:00+00:00, run_after=2026-05-17 00:00:00+00:00
[2026-05-17T01:22:47.054+0000] {processor.py:208} INFO - Processing /home/airflow/.local/lib/python3.12/site-packages/airflow/example_dags/example_skip_dag.py took 0.794 seconds
[2026-05-17T01:23:17.703+0000] {processor.py:186} INFO - Started process (PID=216) to work on /home/airflow/.local/lib/python3.12/site-packages/airflow/example_dags/example_skip_dag.py
[2026-05-17T01:23:17.705+0000] {processor.py:914} INFO - Processing file /home/airflow/.local/lib/python3.12/site-packages/airflow/example_dags/example_skip_dag.py for tasks to queue
[2026-05-17T01:23:17.718+0000] {logging_mixin.py:190} INFO - [2026-05-17T01:23:17.717+0000] {dagbag.py:588} INFO - Filling up the DagBag from /home/airflow/.local/lib/python3.12/site-packages/airflow/example_dags/example_skip_dag.py
[2026-05-17T01:23:17.752+0000] {processor.py:925} INFO - DAG(s) 'example_skip_dag' retrieved from /home/airflow/.local/lib/python3.12/site-packages/airflow/example_dags/example_skip_dag.py
[2026-05-17T01:23:17.822+0000] {logging_mixin.py:190} INFO - [2026-05-17T01:23:17.822+0000] {dag.py:3239} INFO - Sync 1 DAGs
[2026-05-17T01:23:17.887+0000] {logging_mixin.py:190} INFO - [2026-05-17T01:23:17.886+0000] {dag.py:4180} INFO - Setting next_dagrun for example_skip_dag to 2026-05-16 00:00:00+00:00, run_after=2026-05-17 00:00:00+00:00
[2026-05-17T01:23:17.954+0000] {processor.py:208} INFO - Processing /home/airflow/.local/lib/python3.12/site-packages/airflow/example_dags/example_skip_dag.py took 0.260 seconds
[2026-05-17T01:51:44.438+0000] {processor.py:186} INFO - Started process (PID=242) to work on /home/airflow/.local/lib/python3.12/site-packages/airflow/example_dags/example_skip_dag.py
[2026-05-17T01:51:44.442+0000] {processor.py:914} INFO - Processing file /home/airflow/.local/lib/python3.12/site-packages/airflow/example_dags/example_skip_dag.py for tasks to queue
[2026-05-17T01:51:44.459+0000] {logging_mixin.py:190} INFO - [2026-05-17T01:51:44.458+0000] {dagbag.py:588} INFO - Filling up the DagBag from /home/airflow/.local/lib/python3.12/site-packages/airflow/example_dags/example_skip_dag.py
[2026-05-17T01:51:44.481+0000] {processor.py:925} INFO - DAG(s) 'example_skip_dag' retrieved from /home/airflow/.local/lib/python3.12/site-packages/airflow/example_dags/example_skip_dag.py
[2026-05-17T01:51:44.537+0000] {logging_mixin.py:190} INFO - [2026-05-17T01:51:44.537+0000] {dag.py:3239} INFO - Sync 1 DAGs
[2026-05-17T01:51:44.580+0000] {logging_mixin.py:190} INFO - [2026-05-17T01:51:44.579+0000] {dag.py:4180} INFO - Setting next_dagrun for example_skip_dag to 2026-05-16 00:00:00+00:00, run_after=2026-05-17 00:00:00+00:00
[2026-05-17T01:51:44.608+0000] {processor.py:208} INFO - Processing /home/airflow/.local/lib/python3.12/site-packages/airflow/example_dags/example_skip_dag.py took 0.181 seconds
[2026-05-17T01:55:01.970+0000] {processor.py:186} INFO - Started process (PID=300) to work on /home/airflow/.local/lib/python3.12/site-packages/airflow/example_dags/example_skip_dag.py
[2026-05-17T01:55:01.972+0000] {processor.py:914} INFO - Processing file /home/airflow/.local/lib/python3.12/site-packages/airflow/example_dags/example_skip_dag.py for tasks to queue
[2026-05-17T01:55:01.974+0000] {logging_mixin.py:190} INFO - [2026-05-17T01:55:01.973+0000] {dagbag.py:588} INFO - Filling up the DagBag from /home/airflow/.local/lib/python3.12/site-packages/airflow/example_dags/example_skip_dag.py
[2026-05-17T01:55:02.520+0000] {processor.py:925} INFO - DAG(s) 'example_skip_dag' retrieved from /home/airflow/.local/lib/python3.12/site-packages/airflow/example_dags/example_skip_dag.py
[2026-05-17T01:55:02.965+0000] {logging_mixin.py:190} INFO - [2026-05-17T01:55:02.964+0000] {dag.py:3239} INFO - Sync 1 DAGs
[2026-05-17T01:55:03.129+0000] {logging_mixin.py:190} INFO - [2026-05-17T01:55:03.128+0000] {dag.py:4180} INFO - Setting next_dagrun for example_skip_dag to 2026-05-16 00:00:00+00:00, run_after=2026-05-17 00:00:00+00:00
[2026-05-17T01:55:03.365+0000] {processor.py:208} INFO - Processing /home/airflow/.local/lib/python3.12/site-packages/airflow/example_dags/example_skip_dag.py took 1.404 seconds
[2026-05-17T01:55:33.959+0000] {processor.py:186} INFO - Started process (PID=363) to work on /home/airflow/.local/lib/python3.12/site-packages/airflow/example_dags/example_skip_dag.py
[2026-05-17T01:55:33.960+0000] {processor.py:914} INFO - Processing file /home/airflow/.local/lib/python3.12/site-packages/airflow/example_dags/example_skip_dag.py for tasks to queue
[2026-05-17T01:55:33.962+0000] {logging_mixin.py:190} INFO - [2026-05-17T01:55:33.961+0000] {dagbag.py:588} INFO - Filling up the DagBag from /home/airflow/.local/lib/python3.12/site-packages/airflow/example_dags/example_skip_dag.py
[2026-05-17T01:55:34.039+0000] {processor.py:925} INFO - DAG(s) 'example_skip_dag' retrieved from /home/airflow/.local/lib/python3.12/site-packages/airflow/example_dags/example_skip_dag.py
[2026-05-17T01:55:34.070+0000] {logging_mixin.py:190} INFO - [2026-05-17T01:55:34.070+0000] {dag.py:3239} INFO - Sync 1 DAGs
[2026-05-17T01:55:34.151+0000] {logging_mixin.py:190} INFO - [2026-05-17T01:55:34.151+0000] {dag.py:4180} INFO - Setting next_dagrun for example_skip_dag to 2026-05-16 00:00:00+00:00, run_after=2026-05-17 00:00:00+00:00
[2026-05-17T01:55:34.271+0000] {processor.py:208} INFO - Processing /home/airflow/.local/lib/python3.12/site-packages/airflow/example_dags/example_skip_dag.py took 0.318 seconds
[2026-05-17T01:56:04.649+0000] {processor.py:186} INFO - Started process (PID=426) to work on /home/airflow/.local/lib/python3.12/site-packages/airflow/example_dags/example_skip_dag.py
[2026-05-17T01:56:04.651+0000] {processor.py:914} INFO - Processing file /home/airflow/.local/lib/python3.12/site-packages/airflow/example_dags/example_skip_dag.py for tasks to queue
[2026-05-17T01:56:04.652+0000] {logging_mixin.py:190} INFO - [2026-05-17T01:56:04.652+0000] {dagbag.py:588} INFO - Filling up the DagBag from /home/airflow/.local/lib/python3.12/site-packages/airflow/example_dags/example_skip_dag.py
[2026-05-17T01:56:04.819+0000] {processor.py:925} INFO - DAG(s) 'example_skip_dag' retrieved from /home/airflow/.local/lib/python3.12/site-packages/airflow/example_dags/example_skip_dag.py
[2026-05-17T01:56:04.862+0000] {logging_mixin.py:190} INFO - [2026-05-17T01:56:04.861+0000] {dag.py:3239} INFO - Sync 1 DAGs
[2026-05-17T01:56:04.943+0000] {logging_mixin.py:190} INFO - [2026-05-17T01:56:04.942+0000] {dag.py:4180} INFO - Setting next_dagrun for example_skip_dag to 2026-05-16 00:00:00+00:00, run_after=2026-05-17 00:00:00+00:00
[2026-05-17T01:56:04.987+0000] {processor.py:208} INFO - Processing /home/airflow/.local/lib/python3.12/site-packages/airflow/example_dags/example_skip_dag.py took 0.349 seconds
[2026-05-17T02:03:13.026+0000] {processor.py:186} INFO - Started process (PID=481) to work on /home/airflow/.local/lib/python3.12/site-packages/airflow/example_dags/example_skip_dag.py
[2026-05-17T02:03:13.027+0000] {processor.py:914} INFO - Processing file /home/airflow/.local/lib/python3.12/site-packages/airflow/example_dags/example_skip_dag.py for tasks to queue
[2026-05-17T02:03:13.029+0000] {logging_mixin.py:190} INFO - [2026-05-17T02:03:13.028+0000] {dagbag.py:588} INFO - Filling up the DagBag from /home/airflow/.local/lib/python3.12/site-packages/airflow/example_dags/example_skip_dag.py
[2026-05-17T02:03:13.041+0000] {processor.py:925} INFO - DAG(s) 'example_skip_dag' retrieved from /home/airflow/.local/lib/python3.12/site-packages/airflow/example_dags/example_skip_dag.py
[2026-05-17T02:03:13.078+0000] {logging_mixin.py:190} INFO - [2026-05-17T02:03:13.077+0000] {dag.py:3239} INFO - Sync 1 DAGs
[2026-05-17T02:03:13.158+0000] {logging_mixin.py:190} INFO - [2026-05-17T02:03:13.158+0000] {dag.py:4180} INFO - Setting next_dagrun for example_skip_dag to 2026-05-16 00:00:00+00:00, run_after=2026-05-17 00:00:00+00:00
[2026-05-17T02:03:13.275+0000] {processor.py:208} INFO - Processing /home/airflow/.local/lib/python3.12/site-packages/airflow/example_dags/example_skip_dag.py took 0.255 seconds
[2026-05-17T13:16:17.408+0000] {processor.py:186} INFO - Started process (PID=79) to work on /home/airflow/.local/lib/python3.12/site-packages/airflow/example_dags/example_skip_dag.py
[2026-05-17T13:16:17.438+0000] {processor.py:914} INFO - Processing file /home/airflow/.local/lib/python3.12/site-packages/airflow/example_dags/example_skip_dag.py for tasks to queue
[2026-05-17T13:16:17.517+0000] {logging_mixin.py:190} INFO - [2026-05-17T13:16:17.514+0000] {dagbag.py:588} INFO - Filling up the DagBag from /home/airflow/.local/lib/python3.12/site-packages/airflow/example_dags/example_skip_dag.py
[2026-05-17T13:16:17.707+0000] {processor.py:925} INFO - DAG(s) 'example_skip_dag' retrieved from /home/airflow/.local/lib/python3.12/site-packages/airflow/example_dags/example_skip_dag.py
[2026-05-17T13:16:17.909+0000] {logging_mixin.py:190} INFO - [2026-05-17T13:16:17.907+0000] {dag.py:3239} INFO - Sync 1 DAGs
[2026-05-17T13:16:18.248+0000] {logging_mixin.py:190} INFO - [2026-05-17T13:16:18.248+0000] {dag.py:4180} INFO - Setting next_dagrun for example_skip_dag to 2026-05-16 00:00:00+00:00, run_after=2026-05-17 00:00:00+00:00
[2026-05-17T13:16:18.427+0000] {processor.py:208} INFO - Processing /home/airflow/.local/lib/python3.12/site-packages/airflow/example_dags/example_skip_dag.py took 1.121 seconds
[2026-05-17T13:37:24.960+0000] {processor.py:186} INFO - Started process (PID=76) to work on /home/airflow/.local/lib/python3.12/site-packages/airflow/example_dags/example_skip_dag.py
[2026-05-17T13:37:24.964+0000] {processor.py:914} INFO - Processing file /home/airflow/.local/lib/python3.12/site-packages/airflow/example_dags/example_skip_dag.py for tasks to queue
[2026-05-17T13:37:24.969+0000] {logging_mixin.py:190} INFO - [2026-05-17T13:37:24.968+0000] {dagbag.py:588} INFO - Filling up the DagBag from /home/airflow/.local/lib/python3.12/site-packages/airflow/example_dags/example_skip_dag.py
[2026-05-17T13:37:24.989+0000] {processor.py:925} INFO - DAG(s) 'example_skip_dag' retrieved from /home/airflow/.local/lib/python3.12/site-packages/airflow/example_dags/example_skip_dag.py
[2026-05-17T13:37:25.038+0000] {logging_mixin.py:190} INFO - [2026-05-17T13:37:25.038+0000] {dag.py:3239} INFO - Sync 1 DAGs
[2026-05-17T13:37:25.085+0000] {logging_mixin.py:190} INFO - [2026-05-17T13:37:25.085+0000] {dag.py:4180} INFO - Setting next_dagrun for example_skip_dag to 2026-05-16 00:00:00+00:00, run_after=2026-05-17 00:00:00+00:00
[2026-05-17T13:37:25.117+0000] {processor.py:208} INFO - Processing /home/airflow/.local/lib/python3.12/site-packages/airflow/example_dags/example_skip_dag.py took 0.169 seconds
[2026-05-17T13:38:20.889+0000] {processor.py:186} INFO - Started process (PID=133) to work on /home/airflow/.local/lib/python3.12/site-packages/airflow/example_dags/example_skip_dag.py
[2026-05-17T13:38:20.891+0000] {processor.py:914} INFO - Processing file /home/airflow/.local/lib/python3.12/site-packages/airflow/example_dags/example_skip_dag.py for tasks to queue
[2026-05-17T13:38:20.898+0000] {logging_mixin.py:190} INFO - [2026-05-17T13:38:20.896+0000] {dagbag.py:588} INFO - Filling up the DagBag from /home/airflow/.local/lib/python3.12/site-packages/airflow/example_dags/example_skip_dag.py
[2026-05-17T13:38:20.944+0000] {processor.py:925} INFO - DAG(s) 'example_skip_dag' retrieved from /home/airflow/.local/lib/python3.12/site-packages/airflow/example_dags/example_skip_dag.py
[2026-05-17T13:38:20.974+0000] {logging_mixin.py:190} INFO - [2026-05-17T13:38:20.973+0000] {dag.py:3239} INFO - Sync 1 DAGs
[2026-05-17T13:38:24.918+0000] {logging_mixin.py:190} INFO - [2026-05-17T13:38:24.918+0000] {dag.py:4180} INFO - Setting next_dagrun for example_skip_dag to 2026-05-16 00:00:00+00:00, run_after=2026-05-17 00:00:00+00:00
[2026-05-17T13:38:24.969+0000] {processor.py:208} INFO - Processing /home/airflow/.local/lib/python3.12/site-packages/airflow/example_dags/example_skip_dag.py took 4.096 seconds
[2026-05-17T13:38:56.091+0000] {processor.py:186} INFO - Started process (PID=196) to work on /home/airflow/.local/lib/python3.12/site-packages/airflow/example_dags/example_skip_dag.py
[2026-05-17T13:38:56.104+0000] {processor.py:914} INFO - Processing file /home/airflow/.local/lib/python3.12/site-packages/airflow/example_dags/example_skip_dag.py for tasks to queue
[2026-05-17T13:38:56.115+0000] {logging_mixin.py:190} INFO - [2026-05-17T13:38:56.112+0000] {dagbag.py:588} INFO - Filling up the DagBag from /home/airflow/.local/lib/python3.12/site-packages/airflow/example_dags/example_skip_dag.py
[2026-05-17T13:38:56.382+0000] {processor.py:925} INFO - DAG(s) 'example_skip_dag' retrieved from /home/airflow/.local/lib/python3.12/site-packages/airflow/example_dags/example_skip_dag.py
[2026-05-17T13:50:41.843+0000] {processor.py:186} INFO - Started process (PID=74) to work on /home/airflow/.local/lib/python3.12/site-packages/airflow/example_dags/example_skip_dag.py
[2026-05-17T13:50:41.877+0000] {processor.py:914} INFO - Processing file /home/airflow/.local/lib/python3.12/site-packages/airflow/example_dags/example_skip_dag.py for tasks to queue
[2026-05-17T13:50:41.885+0000] {logging_mixin.py:190} INFO - [2026-05-17T13:50:41.884+0000] {dagbag.py:588} INFO - Filling up the DagBag from /home/airflow/.local/lib/python3.12/site-packages/airflow/example_dags/example_skip_dag.py
[2026-05-17T13:50:41.975+0000] {processor.py:925} INFO - DAG(s) 'example_skip_dag' retrieved from /home/airflow/.local/lib/python3.12/site-packages/airflow/example_dags/example_skip_dag.py
[2026-05-17T13:50:44.759+0000] {logging_mixin.py:190} INFO - [2026-05-17T13:50:44.759+0000] {dag.py:3239} INFO - Sync 1 DAGs
[2026-05-17T13:50:44.939+0000] {logging_mixin.py:190} INFO - [2026-05-17T13:50:44.939+0000] {dag.py:4180} INFO - Setting next_dagrun for example_skip_dag to 2026-05-16 00:00:00+00:00, run_after=2026-05-17 00:00:00+00:00
[2026-05-17T13:50:45.002+0000] {processor.py:208} INFO - Processing /home/airflow/.local/lib/python3.12/site-packages/airflow/example_dags/example_skip_dag.py took 3.173 seconds
[2026-05-17T14:03:33.830+0000] {processor.py:186} INFO - Started process (PID=143) to work on /home/airflow/.local/lib/python3.12/site-packages/airflow/example_dags/example_skip_dag.py
[2026-05-17T14:03:33.834+0000] {processor.py:914} INFO - Processing file /home/airflow/.local/lib/python3.12/site-packages/airflow/example_dags/example_skip_dag.py for tasks to queue
[2026-05-17T14:03:33.838+0000] {logging_mixin.py:190} INFO - [2026-05-17T14:03:33.837+0000] {dagbag.py:588} INFO - Filling up the DagBag from /home/airflow/.local/lib/python3.12/site-packages/airflow/example_dags/example_skip_dag.py
[2026-05-17T14:03:33.866+0000] {processor.py:925} INFO - DAG(s) 'example_skip_dag' retrieved from /home/airflow/.local/lib/python3.12/site-packages/airflow/example_dags/example_skip_dag.py
[2026-05-17T16:12:55.078+0000] {processor.py:186} INFO - Started process (PID=88) to work on /home/airflow/.local/lib/python3.12/site-packages/airflow/example_dags/example_skip_dag.py
[2026-05-17T16:12:55.080+0000] {processor.py:914} INFO - Processing file /home/airflow/.local/lib/python3.12/site-packages/airflow/example_dags/example_skip_dag.py for tasks to queue
[2026-05-17T16:12:55.084+0000] {logging_mixin.py:190} INFO - [2026-05-17T16:12:55.083+0000] {dagbag.py:588} INFO - Filling up the DagBag from /home/airflow/.local/lib/python3.12/site-packages/airflow/example_dags/example_skip_dag.py
[2026-05-17T16:12:55.098+0000] {processor.py:925} INFO - DAG(s) 'example_skip_dag' retrieved from /home/airflow/.local/lib/python3.12/site-packages/airflow/example_dags/example_skip_dag.py
[2026-05-17T16:12:55.145+0000] {logging_mixin.py:190} INFO - [2026-05-17T16:12:55.144+0000] {dag.py:3239} INFO - Sync 1 DAGs
[2026-05-17T16:12:55.189+0000] {logging_mixin.py:190} INFO - [2026-05-17T16:12:55.188+0000] {dag.py:4180} INFO - Setting next_dagrun for example_skip_dag to 2026-05-16 00:00:00+00:00, run_after=2026-05-17 00:00:00+00:00
[2026-05-17T16:12:55.224+0000] {processor.py:208} INFO - Processing /home/airflow/.local/lib/python3.12/site-packages/airflow/example_dags/example_skip_dag.py took 0.156 seconds
[2026-05-17T16:23:17.929+0000] {processor.py:186} INFO - Started process (PID=80) to work on /home/airflow/.local/lib/python3.12/site-packages/airflow/example_dags/example_skip_dag.py
[2026-05-17T16:23:17.936+0000] {processor.py:914} INFO - Processing file /home/airflow/.local/lib/python3.12/site-packages/airflow/example_dags/example_skip_dag.py for tasks to queue
[2026-05-17T16:23:17.946+0000] {logging_mixin.py:190} INFO - [2026-05-17T16:23:17.945+0000] {dagbag.py:588} INFO - Filling up the DagBag from /home/airflow/.local/lib/python3.12/site-packages/airflow/example_dags/example_skip_dag.py
[2026-05-17T16:23:17.972+0000] {processor.py:925} INFO - DAG(s) 'example_skip_dag' retrieved from /home/airflow/.local/lib/python3.12/site-packages/airflow/example_dags/example_skip_dag.py
[2026-05-17T16:23:18.118+0000] {logging_mixin.py:190} INFO - [2026-05-17T16:23:18.117+0000] {dag.py:3239} INFO - Sync 1 DAGs
[2026-05-17T16:23:18.252+0000] {logging_mixin.py:190} INFO - [2026-05-17T16:23:18.250+0000] {dag.py:4180} INFO - Setting next_dagrun for example_skip_dag to 2026-05-16 00:00:00+00:00, run_after=2026-05-17 00:00:00+00:00
[2026-05-17T16:23:18.328+0000] {processor.py:208} INFO - Processing /home/airflow/.local/lib/python3.12/site-packages/airflow/example_dags/example_skip_dag.py took 0.425 seconds
[2026-05-17T16:24:14.401+0000] {processor.py:186} INFO - Started process (PID=137) to work on /home/airflow/.local/lib/python3.12/site-packages/airflow/example_dags/example_skip_dag.py
[2026-05-17T16:24:14.414+0000] {processor.py:914} INFO - Processing file /home/airflow/.local/lib/python3.12/site-packages/airflow/example_dags/example_skip_dag.py for tasks to queue
[2026-05-17T16:24:14.425+0000] {logging_mixin.py:190} INFO - [2026-05-17T16:24:14.424+0000] {dagbag.py:588} INFO - Filling up the DagBag from /home/airflow/.local/lib/python3.12/site-packages/airflow/example_dags/example_skip_dag.py
[2026-05-17T16:24:14.459+0000] {processor.py:925} INFO - DAG(s) 'example_skip_dag' retrieved from /home/airflow/.local/lib/python3.12/site-packages/airflow/example_dags/example_skip_dag.py
[2026-05-17T16:24:14.573+0000] {logging_mixin.py:190} INFO - [2026-05-17T16:24:14.572+0000] {dag.py:3239} INFO - Sync 1 DAGs
[2026-05-17T16:24:14.761+0000] {logging_mixin.py:190} INFO - [2026-05-17T16:24:14.754+0000] {dag.py:4180} INFO - Setting next_dagrun for example_skip_dag to 2026-05-16 00:00:00+00:00, run_after=2026-05-17 00:00:00+00:00
[2026-05-17T16:24:14.869+0000] {processor.py:208} INFO - Processing /home/airflow/.local/lib/python3.12/site-packages/airflow/example_dags/example_skip_dag.py took 0.488 seconds
[2026-05-17T18:14:23.684+0000] {processor.py:186} INFO - Started process (PID=83) to work on /home/airflow/.local/lib/python3.12/site-packages/airflow/example_dags/example_skip_dag.py
[2026-05-17T18:14:23.687+0000] {processor.py:914} INFO - Processing file /home/airflow/.local/lib/python3.12/site-packages/airflow/example_dags/example_skip_dag.py for tasks to queue
[2026-05-17T18:14:23.696+0000] {logging_mixin.py:190} INFO - [2026-05-17T18:14:23.695+0000] {dagbag.py:588} INFO - Filling up the DagBag from /home/airflow/.local/lib/python3.12/site-packages/airflow/example_dags/example_skip_dag.py
[2026-05-17T18:14:23.748+0000] {processor.py:925} INFO - DAG(s) 'example_skip_dag' retrieved from /home/airflow/.local/lib/python3.12/site-packages/airflow/example_dags/example_skip_dag.py
[2026-05-17T18:14:23.937+0000] {logging_mixin.py:190} INFO - [2026-05-17T18:14:23.937+0000] {dag.py:3239} INFO - Sync 1 DAGs
[2026-05-17T18:14:24.098+0000] {logging_mixin.py:190} INFO - [2026-05-17T18:14:24.097+0000] {dag.py:4180} INFO - Setting next_dagrun for example_skip_dag to 2026-05-16 00:00:00+00:00, run_after=2026-05-17 00:00:00+00:00
[2026-05-17T18:14:24.189+0000] {processor.py:208} INFO - Processing /home/airflow/.local/lib/python3.12/site-packages/airflow/example_dags/example_skip_dag.py took 0.526 seconds
[2026-05-17T18:15:30.186+0000] {processor.py:186} INFO - Started process (PID=146) to work on /home/airflow/.local/lib/python3.12/site-packages/airflow/example_dags/example_skip_dag.py
[2026-05-17T18:15:30.188+0000] {processor.py:914} INFO - Processing file /home/airflow/.local/lib/python3.12/site-packages/airflow/example_dags/example_skip_dag.py for tasks to queue
[2026-05-17T18:15:30.195+0000] {logging_mixin.py:190} INFO - [2026-05-17T18:15:30.194+0000] {dagbag.py:588} INFO - Filling up the DagBag from /home/airflow/.local/lib/python3.12/site-packages/airflow/example_dags/example_skip_dag.py
[2026-05-17T18:15:30.225+0000] {processor.py:925} INFO - DAG(s) 'example_skip_dag' retrieved from /home/airflow/.local/lib/python3.12/site-packages/airflow/example_dags/example_skip_dag.py
[2026-05-17T18:15:30.314+0000] {logging_mixin.py:190} INFO - [2026-05-17T18:15:30.314+0000] {dag.py:3239} INFO - Sync 1 DAGs
[2026-05-17T18:15:30.679+0000] {logging_mixin.py:190} INFO - [2026-05-17T18:15:30.678+0000] {dag.py:4180} INFO - Setting next_dagrun for example_skip_dag to 2026-05-16 00:00:00+00:00, run_after=2026-05-17 00:00:00+00:00
[2026-05-17T18:15:30.725+0000] {processor.py:208} INFO - Processing /home/airflow/.local/lib/python3.12/site-packages/airflow/example_dags/example_skip_dag.py took 0.554 seconds
[2026-05-17T18:23:00.250+0000] {processor.py:186} INFO - Started process (PID=80) to work on /home/airflow/.local/lib/python3.12/site-packages/airflow/example_dags/example_skip_dag.py
[2026-05-17T18:23:00.262+0000] {processor.py:914} INFO - Processing file /home/airflow/.local/lib/python3.12/site-packages/airflow/example_dags/example_skip_dag.py for tasks to queue
[2026-05-17T18:23:00.290+0000] {logging_mixin.py:190} INFO - [2026-05-17T18:23:00.290+0000] {dagbag.py:588} INFO - Filling up the DagBag from /home/airflow/.local/lib/python3.12/site-packages/airflow/example_dags/example_skip_dag.py
[2026-05-17T18:23:00.342+0000] {processor.py:925} INFO - DAG(s) 'example_skip_dag' retrieved from /home/airflow/.local/lib/python3.12/site-packages/airflow/example_dags/example_skip_dag.py
[2026-05-17T18:23:00.430+0000] {logging_mixin.py:190} INFO - [2026-05-17T18:23:00.429+0000] {dag.py:3239} INFO - Sync 1 DAGs
[2026-05-17T18:23:00.537+0000] {logging_mixin.py:190} INFO - [2026-05-17T18:23:00.536+0000] {dag.py:4180} INFO - Setting next_dagrun for example_skip_dag to 2026-05-16 00:00:00+00:00, run_after=2026-05-17 00:00:00+00:00
[2026-05-17T18:23:00.595+0000] {processor.py:208} INFO - Processing /home/airflow/.local/lib/python3.12/site-packages/airflow/example_dags/example_skip_dag.py took 0.367 seconds
