[2026-05-17T00:38:13.856+0000] {processor.py:186} INFO - Started process (PID=76) to work on /home/airflow/.local/lib/python3.12/site-packages/airflow/example_dags/example_params_trigger_ui.py
[2026-05-17T00:38:13.858+0000] {processor.py:914} INFO - Processing file /home/airflow/.local/lib/python3.12/site-packages/airflow/example_dags/example_params_trigger_ui.py for tasks to queue
[2026-05-17T00:38:13.865+0000] {logging_mixin.py:190} INFO - [2026-05-17T00:38:13.864+0000] {dagbag.py:588} INFO - Filling up the DagBag from /home/airflow/.local/lib/python3.12/site-packages/airflow/example_dags/example_params_trigger_ui.py
[2026-05-17T00:38:13.897+0000] {processor.py:925} INFO - DAG(s) 'example_params_trigger_ui' retrieved from /home/airflow/.local/lib/python3.12/site-packages/airflow/example_dags/example_params_trigger_ui.py
[2026-05-17T00:38:14.023+0000] {logging_mixin.py:190} INFO - [2026-05-17T00:38:14.022+0000] {dag.py:3239} INFO - Sync 1 DAGs
[2026-05-17T00:38:14.051+0000] {logging_mixin.py:190} INFO - [2026-05-17T00:38:14.050+0000] {dag.py:4180} INFO - Setting next_dagrun for example_params_trigger_ui to None, run_after=None
[2026-05-17T00:38:14.096+0000] {processor.py:208} INFO - Processing /home/airflow/.local/lib/python3.12/site-packages/airflow/example_dags/example_params_trigger_ui.py took 0.252 seconds
[2026-05-17T00:38:44.389+0000] {processor.py:186} INFO - Started process (PID=138) to work on /home/airflow/.local/lib/python3.12/site-packages/airflow/example_dags/example_params_trigger_ui.py
[2026-05-17T00:38:44.391+0000] {processor.py:914} INFO - Processing file /home/airflow/.local/lib/python3.12/site-packages/airflow/example_dags/example_params_trigger_ui.py for tasks to queue
[2026-05-17T00:38:44.400+0000] {logging_mixin.py:190} INFO - [2026-05-17T00:38:44.398+0000] {dagbag.py:588} INFO - Filling up the DagBag from /home/airflow/.local/lib/python3.12/site-packages/airflow/example_dags/example_params_trigger_ui.py
[2026-05-17T00:38:44.444+0000] {processor.py:925} INFO - DAG(s) 'example_params_trigger_ui' retrieved from /home/airflow/.local/lib/python3.12/site-packages/airflow/example_dags/example_params_trigger_ui.py
[2026-05-17T00:38:44.631+0000] {logging_mixin.py:190} INFO - [2026-05-17T00:38:44.631+0000] {dag.py:3239} INFO - Sync 1 DAGs
[2026-05-17T00:38:44.673+0000] {logging_mixin.py:190} INFO - [2026-05-17T00:38:44.670+0000] {dag.py:4180} INFO - Setting next_dagrun for example_params_trigger_ui to None, run_after=None
[2026-05-17T00:38:44.731+0000] {processor.py:208} INFO - Processing /home/airflow/.local/lib/python3.12/site-packages/airflow/example_dags/example_params_trigger_ui.py took 0.356 seconds
[2026-05-17T00:39:15.453+0000] {processor.py:186} INFO - Started process (PID=200) to work on /home/airflow/.local/lib/python3.12/site-packages/airflow/example_dags/example_params_trigger_ui.py
[2026-05-17T00:39:15.457+0000] {processor.py:914} INFO - Processing file /home/airflow/.local/lib/python3.12/site-packages/airflow/example_dags/example_params_trigger_ui.py for tasks to queue
[2026-05-17T00:39:15.465+0000] {logging_mixin.py:190} INFO - [2026-05-17T00:39:15.464+0000] {dagbag.py:588} INFO - Filling up the DagBag from /home/airflow/.local/lib/python3.12/site-packages/airflow/example_dags/example_params_trigger_ui.py
[2026-05-17T00:39:15.527+0000] {processor.py:925} INFO - DAG(s) 'example_params_trigger_ui' retrieved from /home/airflow/.local/lib/python3.12/site-packages/airflow/example_dags/example_params_trigger_ui.py
[2026-05-17T00:39:26.979+0000] {logging_mixin.py:190} INFO - [2026-05-17T00:39:24.117+0000] {dag.py:3239} INFO - Sync 1 DAGs
[2026-05-17T00:49:49.461+0000] {logging_mixin.py:190} INFO - [2026-05-17T00:49:49.390+0000] {dag.py:4180} INFO - Setting next_dagrun for example_params_trigger_ui to None, run_after=None
[2026-05-17T01:16:52.709+0000] {processor.py:208} INFO - Processing /home/airflow/.local/lib/python3.12/site-packages/airflow/example_dags/example_params_trigger_ui.py took 2257.740 seconds
[2026-05-17T01:20:53.848+0000] {processor.py:186} INFO - Started process (PID=80) to work on /home/airflow/.local/lib/python3.12/site-packages/airflow/example_dags/example_params_trigger_ui.py
[2026-05-17T01:20:53.941+0000] {processor.py:914} INFO - Processing file /home/airflow/.local/lib/python3.12/site-packages/airflow/example_dags/example_params_trigger_ui.py for tasks to queue
[2026-05-17T01:20:54.235+0000] {logging_mixin.py:190} INFO - [2026-05-17T01:20:54.174+0000] {dagbag.py:588} INFO - Filling up the DagBag from /home/airflow/.local/lib/python3.12/site-packages/airflow/example_dags/example_params_trigger_ui.py
[2026-05-17T01:20:55.483+0000] {processor.py:925} INFO - DAG(s) 'example_params_trigger_ui' retrieved from /home/airflow/.local/lib/python3.12/site-packages/airflow/example_dags/example_params_trigger_ui.py
[2026-05-17T01:20:59.571+0000] {logging_mixin.py:190} INFO - [2026-05-17T01:20:59.570+0000] {dag.py:3239} INFO - Sync 1 DAGs
[2026-05-17T01:21:00.506+0000] {logging_mixin.py:190} INFO - [2026-05-17T01:21:00.506+0000] {dag.py:4180} INFO - Setting next_dagrun for example_params_trigger_ui to None, run_after=None
[2026-05-17T01:21:01.933+0000] {processor.py:208} INFO - Processing /home/airflow/.local/lib/python3.12/site-packages/airflow/example_dags/example_params_trigger_ui.py took 8.706 seconds
[2026-05-17T01:22:46.213+0000] {processor.py:186} INFO - Started process (PID=155) to work on /home/airflow/.local/lib/python3.12/site-packages/airflow/example_dags/example_params_trigger_ui.py
[2026-05-17T01:22:46.219+0000] {processor.py:914} INFO - Processing file /home/airflow/.local/lib/python3.12/site-packages/airflow/example_dags/example_params_trigger_ui.py for tasks to queue
[2026-05-17T01:22:46.222+0000] {logging_mixin.py:190} INFO - [2026-05-17T01:22:46.222+0000] {dagbag.py:588} INFO - Filling up the DagBag from /home/airflow/.local/lib/python3.12/site-packages/airflow/example_dags/example_params_trigger_ui.py
[2026-05-17T01:22:46.429+0000] {processor.py:925} INFO - DAG(s) 'example_params_trigger_ui' retrieved from /home/airflow/.local/lib/python3.12/site-packages/airflow/example_dags/example_params_trigger_ui.py
[2026-05-17T01:22:46.995+0000] {logging_mixin.py:190} INFO - [2026-05-17T01:22:46.994+0000] {dag.py:3239} INFO - Sync 1 DAGs
[2026-05-17T01:22:47.029+0000] {logging_mixin.py:190} INFO - [2026-05-17T01:22:47.028+0000] {dag.py:4180} INFO - Setting next_dagrun for example_params_trigger_ui to None, run_after=None
[2026-05-17T01:22:47.063+0000] {processor.py:208} INFO - Processing /home/airflow/.local/lib/python3.12/site-packages/airflow/example_dags/example_params_trigger_ui.py took 0.857 seconds
[2026-05-17T01:23:17.716+0000] {processor.py:186} INFO - Started process (PID=215) to work on /home/airflow/.local/lib/python3.12/site-packages/airflow/example_dags/example_params_trigger_ui.py
[2026-05-17T01:23:17.730+0000] {processor.py:914} INFO - Processing file /home/airflow/.local/lib/python3.12/site-packages/airflow/example_dags/example_params_trigger_ui.py for tasks to queue
[2026-05-17T01:23:17.736+0000] {logging_mixin.py:190} INFO - [2026-05-17T01:23:17.736+0000] {dagbag.py:588} INFO - Filling up the DagBag from /home/airflow/.local/lib/python3.12/site-packages/airflow/example_dags/example_params_trigger_ui.py
[2026-05-17T01:23:17.779+0000] {processor.py:925} INFO - DAG(s) 'example_params_trigger_ui' retrieved from /home/airflow/.local/lib/python3.12/site-packages/airflow/example_dags/example_params_trigger_ui.py
[2026-05-17T01:23:17.906+0000] {logging_mixin.py:190} INFO - [2026-05-17T01:23:17.905+0000] {dag.py:3239} INFO - Sync 1 DAGs
[2026-05-17T01:23:17.964+0000] {logging_mixin.py:190} INFO - [2026-05-17T01:23:17.963+0000] {dag.py:4180} INFO - Setting next_dagrun for example_params_trigger_ui to None, run_after=None
[2026-05-17T01:23:18.001+0000] {processor.py:208} INFO - Processing /home/airflow/.local/lib/python3.12/site-packages/airflow/example_dags/example_params_trigger_ui.py took 0.304 seconds
[2026-05-17T01:51:43.822+0000] {processor.py:186} INFO - Started process (PID=241) to work on /home/airflow/.local/lib/python3.12/site-packages/airflow/example_dags/example_params_trigger_ui.py
[2026-05-17T01:51:43.833+0000] {processor.py:914} INFO - Processing file /home/airflow/.local/lib/python3.12/site-packages/airflow/example_dags/example_params_trigger_ui.py for tasks to queue
[2026-05-17T01:51:43.847+0000] {logging_mixin.py:190} INFO - [2026-05-17T01:51:43.846+0000] {dagbag.py:588} INFO - Filling up the DagBag from /home/airflow/.local/lib/python3.12/site-packages/airflow/example_dags/example_params_trigger_ui.py
[2026-05-17T01:51:43.923+0000] {processor.py:925} INFO - DAG(s) 'example_params_trigger_ui' retrieved from /home/airflow/.local/lib/python3.12/site-packages/airflow/example_dags/example_params_trigger_ui.py
[2026-05-17T01:51:44.161+0000] {logging_mixin.py:190} INFO - [2026-05-17T01:51:44.161+0000] {dag.py:3239} INFO - Sync 1 DAGs
[2026-05-17T01:51:44.218+0000] {logging_mixin.py:190} INFO - [2026-05-17T01:51:44.218+0000] {dag.py:4180} INFO - Setting next_dagrun for example_params_trigger_ui to None, run_after=None
[2026-05-17T01:51:44.321+0000] {processor.py:208} INFO - Processing /home/airflow/.local/lib/python3.12/site-packages/airflow/example_dags/example_params_trigger_ui.py took 0.506 seconds
[2026-05-17T01:54:59.911+0000] {processor.py:186} INFO - Started process (PID=299) to work on /home/airflow/.local/lib/python3.12/site-packages/airflow/example_dags/example_params_trigger_ui.py
[2026-05-17T01:54:59.915+0000] {processor.py:914} INFO - Processing file /home/airflow/.local/lib/python3.12/site-packages/airflow/example_dags/example_params_trigger_ui.py for tasks to queue
[2026-05-17T01:54:59.919+0000] {logging_mixin.py:190} INFO - [2026-05-17T01:54:59.918+0000] {dagbag.py:588} INFO - Filling up the DagBag from /home/airflow/.local/lib/python3.12/site-packages/airflow/example_dags/example_params_trigger_ui.py
[2026-05-17T01:54:59.959+0000] {processor.py:925} INFO - DAG(s) 'example_params_trigger_ui' retrieved from /home/airflow/.local/lib/python3.12/site-packages/airflow/example_dags/example_params_trigger_ui.py
[2026-05-17T01:55:00.095+0000] {logging_mixin.py:190} INFO - [2026-05-17T01:55:00.094+0000] {dag.py:3239} INFO - Sync 1 DAGs
[2026-05-17T01:55:00.149+0000] {logging_mixin.py:190} INFO - [2026-05-17T01:55:00.149+0000] {dag.py:4180} INFO - Setting next_dagrun for example_params_trigger_ui to None, run_after=None
[2026-05-17T01:55:02.568+0000] {processor.py:208} INFO - Processing /home/airflow/.local/lib/python3.12/site-packages/airflow/example_dags/example_params_trigger_ui.py took 2.677 seconds
[2026-05-17T01:55:32.809+0000] {processor.py:186} INFO - Started process (PID=362) to work on /home/airflow/.local/lib/python3.12/site-packages/airflow/example_dags/example_params_trigger_ui.py
[2026-05-17T01:55:32.810+0000] {processor.py:914} INFO - Processing file /home/airflow/.local/lib/python3.12/site-packages/airflow/example_dags/example_params_trigger_ui.py for tasks to queue
[2026-05-17T01:55:32.812+0000] {logging_mixin.py:190} INFO - [2026-05-17T01:55:32.811+0000] {dagbag.py:588} INFO - Filling up the DagBag from /home/airflow/.local/lib/python3.12/site-packages/airflow/example_dags/example_params_trigger_ui.py
[2026-05-17T01:55:32.865+0000] {processor.py:925} INFO - DAG(s) 'example_params_trigger_ui' retrieved from /home/airflow/.local/lib/python3.12/site-packages/airflow/example_dags/example_params_trigger_ui.py
[2026-05-17T01:55:32.905+0000] {logging_mixin.py:190} INFO - [2026-05-17T01:55:32.905+0000] {dag.py:3239} INFO - Sync 1 DAGs
[2026-05-17T01:55:32.917+0000] {logging_mixin.py:190} INFO - [2026-05-17T01:55:32.917+0000] {dag.py:4180} INFO - Setting next_dagrun for example_params_trigger_ui to None, run_after=None
[2026-05-17T01:55:32.961+0000] {processor.py:208} INFO - Processing /home/airflow/.local/lib/python3.12/site-packages/airflow/example_dags/example_params_trigger_ui.py took 0.158 seconds
[2026-05-17T01:56:03.108+0000] {processor.py:186} INFO - Started process (PID=425) to work on /home/airflow/.local/lib/python3.12/site-packages/airflow/example_dags/example_params_trigger_ui.py
[2026-05-17T01:56:03.109+0000] {processor.py:914} INFO - Processing file /home/airflow/.local/lib/python3.12/site-packages/airflow/example_dags/example_params_trigger_ui.py for tasks to queue
[2026-05-17T01:56:03.111+0000] {logging_mixin.py:190} INFO - [2026-05-17T01:56:03.110+0000] {dagbag.py:588} INFO - Filling up the DagBag from /home/airflow/.local/lib/python3.12/site-packages/airflow/example_dags/example_params_trigger_ui.py
[2026-05-17T01:56:03.152+0000] {processor.py:925} INFO - DAG(s) 'example_params_trigger_ui' retrieved from /home/airflow/.local/lib/python3.12/site-packages/airflow/example_dags/example_params_trigger_ui.py
[2026-05-17T01:56:03.214+0000] {logging_mixin.py:190} INFO - [2026-05-17T01:56:03.213+0000] {dag.py:3239} INFO - Sync 1 DAGs
[2026-05-17T01:56:03.233+0000] {logging_mixin.py:190} INFO - [2026-05-17T01:56:03.232+0000] {dag.py:4180} INFO - Setting next_dagrun for example_params_trigger_ui to None, run_after=None
[2026-05-17T01:56:03.308+0000] {processor.py:208} INFO - Processing /home/airflow/.local/lib/python3.12/site-packages/airflow/example_dags/example_params_trigger_ui.py took 0.210 seconds
[2026-05-17T02:03:12.811+0000] {processor.py:186} INFO - Started process (PID=480) to work on /home/airflow/.local/lib/python3.12/site-packages/airflow/example_dags/example_params_trigger_ui.py
[2026-05-17T02:03:12.813+0000] {processor.py:914} INFO - Processing file /home/airflow/.local/lib/python3.12/site-packages/airflow/example_dags/example_params_trigger_ui.py for tasks to queue
[2026-05-17T02:03:12.818+0000] {logging_mixin.py:190} INFO - [2026-05-17T02:03:12.818+0000] {dagbag.py:588} INFO - Filling up the DagBag from /home/airflow/.local/lib/python3.12/site-packages/airflow/example_dags/example_params_trigger_ui.py
[2026-05-17T02:03:13.132+0000] {processor.py:925} INFO - DAG(s) 'example_params_trigger_ui' retrieved from /home/airflow/.local/lib/python3.12/site-packages/airflow/example_dags/example_params_trigger_ui.py
[2026-05-17T02:03:13.228+0000] {logging_mixin.py:190} INFO - [2026-05-17T02:03:13.227+0000] {dag.py:3239} INFO - Sync 1 DAGs
[2026-05-17T02:03:13.292+0000] {logging_mixin.py:190} INFO - [2026-05-17T02:03:13.291+0000] {dag.py:4180} INFO - Setting next_dagrun for example_params_trigger_ui to None, run_after=None
[2026-05-17T02:03:13.376+0000] {processor.py:208} INFO - Processing /home/airflow/.local/lib/python3.12/site-packages/airflow/example_dags/example_params_trigger_ui.py took 0.617 seconds
[2026-05-17T13:16:16.539+0000] {processor.py:186} INFO - Started process (PID=78) to work on /home/airflow/.local/lib/python3.12/site-packages/airflow/example_dags/example_params_trigger_ui.py
[2026-05-17T13:16:16.542+0000] {processor.py:914} INFO - Processing file /home/airflow/.local/lib/python3.12/site-packages/airflow/example_dags/example_params_trigger_ui.py for tasks to queue
[2026-05-17T13:16:16.549+0000] {logging_mixin.py:190} INFO - [2026-05-17T13:16:16.546+0000] {dagbag.py:588} INFO - Filling up the DagBag from /home/airflow/.local/lib/python3.12/site-packages/airflow/example_dags/example_params_trigger_ui.py
[2026-05-17T13:16:16.628+0000] {processor.py:925} INFO - DAG(s) 'example_params_trigger_ui' retrieved from /home/airflow/.local/lib/python3.12/site-packages/airflow/example_dags/example_params_trigger_ui.py
[2026-05-17T13:16:17.026+0000] {logging_mixin.py:190} INFO - [2026-05-17T13:16:17.025+0000] {dag.py:3239} INFO - Sync 1 DAGs
[2026-05-17T13:16:17.102+0000] {logging_mixin.py:190} INFO - [2026-05-17T13:16:17.101+0000] {dag.py:4180} INFO - Setting next_dagrun for example_params_trigger_ui to None, run_after=None
[2026-05-17T13:16:17.173+0000] {processor.py:208} INFO - Processing /home/airflow/.local/lib/python3.12/site-packages/airflow/example_dags/example_params_trigger_ui.py took 0.644 seconds
[2026-05-17T13:37:24.754+0000] {processor.py:186} INFO - Started process (PID=75) to work on /home/airflow/.local/lib/python3.12/site-packages/airflow/example_dags/example_params_trigger_ui.py
[2026-05-17T13:37:24.756+0000] {processor.py:914} INFO - Processing file /home/airflow/.local/lib/python3.12/site-packages/airflow/example_dags/example_params_trigger_ui.py for tasks to queue
[2026-05-17T13:37:24.760+0000] {logging_mixin.py:190} INFO - [2026-05-17T13:37:24.760+0000] {dagbag.py:588} INFO - Filling up the DagBag from /home/airflow/.local/lib/python3.12/site-packages/airflow/example_dags/example_params_trigger_ui.py
[2026-05-17T13:37:24.787+0000] {processor.py:925} INFO - DAG(s) 'example_params_trigger_ui' retrieved from /home/airflow/.local/lib/python3.12/site-packages/airflow/example_dags/example_params_trigger_ui.py
[2026-05-17T13:37:24.908+0000] {logging_mixin.py:190} INFO - [2026-05-17T13:37:24.907+0000] {dag.py:3239} INFO - Sync 1 DAGs
[2026-05-17T13:37:24.934+0000] {logging_mixin.py:190} INFO - [2026-05-17T13:37:24.933+0000] {dag.py:4180} INFO - Setting next_dagrun for example_params_trigger_ui to None, run_after=None
[2026-05-17T13:37:24.972+0000] {processor.py:208} INFO - Processing /home/airflow/.local/lib/python3.12/site-packages/airflow/example_dags/example_params_trigger_ui.py took 0.229 seconds
[2026-05-17T13:38:20.599+0000] {processor.py:186} INFO - Started process (PID=132) to work on /home/airflow/.local/lib/python3.12/site-packages/airflow/example_dags/example_params_trigger_ui.py
[2026-05-17T13:38:20.632+0000] {processor.py:914} INFO - Processing file /home/airflow/.local/lib/python3.12/site-packages/airflow/example_dags/example_params_trigger_ui.py for tasks to queue
[2026-05-17T13:38:20.635+0000] {logging_mixin.py:190} INFO - [2026-05-17T13:38:20.634+0000] {dagbag.py:588} INFO - Filling up the DagBag from /home/airflow/.local/lib/python3.12/site-packages/airflow/example_dags/example_params_trigger_ui.py
[2026-05-17T13:38:20.658+0000] {processor.py:925} INFO - DAG(s) 'example_params_trigger_ui' retrieved from /home/airflow/.local/lib/python3.12/site-packages/airflow/example_dags/example_params_trigger_ui.py
[2026-05-17T13:38:20.730+0000] {logging_mixin.py:190} INFO - [2026-05-17T13:38:20.729+0000] {dag.py:3239} INFO - Sync 1 DAGs
[2026-05-17T13:38:20.756+0000] {logging_mixin.py:190} INFO - [2026-05-17T13:38:20.756+0000] {dag.py:4180} INFO - Setting next_dagrun for example_params_trigger_ui to None, run_after=None
[2026-05-17T13:38:20.803+0000] {processor.py:208} INFO - Processing /home/airflow/.local/lib/python3.12/site-packages/airflow/example_dags/example_params_trigger_ui.py took 0.216 seconds
[2026-05-17T13:38:51.642+0000] {processor.py:186} INFO - Started process (PID=195) to work on /home/airflow/.local/lib/python3.12/site-packages/airflow/example_dags/example_params_trigger_ui.py
[2026-05-17T13:38:51.643+0000] {processor.py:914} INFO - Processing file /home/airflow/.local/lib/python3.12/site-packages/airflow/example_dags/example_params_trigger_ui.py for tasks to queue
[2026-05-17T13:38:51.645+0000] {logging_mixin.py:190} INFO - [2026-05-17T13:38:51.644+0000] {dagbag.py:588} INFO - Filling up the DagBag from /home/airflow/.local/lib/python3.12/site-packages/airflow/example_dags/example_params_trigger_ui.py
[2026-05-17T13:38:51.659+0000] {processor.py:925} INFO - DAG(s) 'example_params_trigger_ui' retrieved from /home/airflow/.local/lib/python3.12/site-packages/airflow/example_dags/example_params_trigger_ui.py
[2026-05-17T13:38:51.759+0000] {logging_mixin.py:190} INFO - [2026-05-17T13:38:51.758+0000] {dag.py:3239} INFO - Sync 1 DAGs
[2026-05-17T13:38:51.798+0000] {logging_mixin.py:190} INFO - [2026-05-17T13:38:51.798+0000] {dag.py:4180} INFO - Setting next_dagrun for example_params_trigger_ui to None, run_after=None
[2026-05-17T13:38:51.859+0000] {processor.py:208} INFO - Processing /home/airflow/.local/lib/python3.12/site-packages/airflow/example_dags/example_params_trigger_ui.py took 0.224 seconds
[2026-05-17T13:49:13.368+0000] {processor.py:186} INFO - Started process (PID=201) to work on /home/airflow/.local/lib/python3.12/site-packages/airflow/example_dags/example_params_trigger_ui.py
[2026-05-17T13:49:13.378+0000] {processor.py:914} INFO - Processing file /home/airflow/.local/lib/python3.12/site-packages/airflow/example_dags/example_params_trigger_ui.py for tasks to queue
[2026-05-17T13:49:13.383+0000] {logging_mixin.py:190} INFO - [2026-05-17T13:49:13.383+0000] {dagbag.py:588} INFO - Filling up the DagBag from /home/airflow/.local/lib/python3.12/site-packages/airflow/example_dags/example_params_trigger_ui.py
[2026-05-17T13:49:13.558+0000] {processor.py:925} INFO - DAG(s) 'example_params_trigger_ui' retrieved from /home/airflow/.local/lib/python3.12/site-packages/airflow/example_dags/example_params_trigger_ui.py
[2026-05-17T13:50:39.698+0000] {processor.py:186} INFO - Started process (PID=73) to work on /home/airflow/.local/lib/python3.12/site-packages/airflow/example_dags/example_params_trigger_ui.py
[2026-05-17T13:50:39.712+0000] {processor.py:914} INFO - Processing file /home/airflow/.local/lib/python3.12/site-packages/airflow/example_dags/example_params_trigger_ui.py for tasks to queue
[2026-05-17T13:50:39.725+0000] {logging_mixin.py:190} INFO - [2026-05-17T13:50:39.724+0000] {dagbag.py:588} INFO - Filling up the DagBag from /home/airflow/.local/lib/python3.12/site-packages/airflow/example_dags/example_params_trigger_ui.py
[2026-05-17T13:50:39.798+0000] {processor.py:925} INFO - DAG(s) 'example_params_trigger_ui' retrieved from /home/airflow/.local/lib/python3.12/site-packages/airflow/example_dags/example_params_trigger_ui.py
[2026-05-17T13:50:41.514+0000] {logging_mixin.py:190} INFO - [2026-05-17T13:50:41.513+0000] {dag.py:3239} INFO - Sync 1 DAGs
[2026-05-17T13:50:41.637+0000] {logging_mixin.py:190} INFO - [2026-05-17T13:50:41.637+0000] {dag.py:4180} INFO - Setting next_dagrun for example_params_trigger_ui to None, run_after=None
[2026-05-17T13:50:41.738+0000] {processor.py:208} INFO - Processing /home/airflow/.local/lib/python3.12/site-packages/airflow/example_dags/example_params_trigger_ui.py took 2.061 seconds
[2026-05-17T14:03:33.562+0000] {processor.py:186} INFO - Started process (PID=142) to work on /home/airflow/.local/lib/python3.12/site-packages/airflow/example_dags/example_params_trigger_ui.py
[2026-05-17T14:03:33.566+0000] {processor.py:914} INFO - Processing file /home/airflow/.local/lib/python3.12/site-packages/airflow/example_dags/example_params_trigger_ui.py for tasks to queue
[2026-05-17T14:03:33.570+0000] {logging_mixin.py:190} INFO - [2026-05-17T14:03:33.569+0000] {dagbag.py:588} INFO - Filling up the DagBag from /home/airflow/.local/lib/python3.12/site-packages/airflow/example_dags/example_params_trigger_ui.py
[2026-05-17T14:03:33.629+0000] {processor.py:925} INFO - DAG(s) 'example_params_trigger_ui' retrieved from /home/airflow/.local/lib/python3.12/site-packages/airflow/example_dags/example_params_trigger_ui.py
[2026-05-17T14:03:33.783+0000] {logging_mixin.py:190} INFO - [2026-05-17T14:03:33.783+0000] {dag.py:3239} INFO - Sync 1 DAGs
[2026-05-17T14:03:33.834+0000] {logging_mixin.py:190} INFO - [2026-05-17T14:03:33.834+0000] {dag.py:4180} INFO - Setting next_dagrun for example_params_trigger_ui to None, run_after=None
[2026-05-17T14:03:33.902+0000] {processor.py:208} INFO - Processing /home/airflow/.local/lib/python3.12/site-packages/airflow/example_dags/example_params_trigger_ui.py took 0.362 seconds
[2026-05-17T16:12:54.911+0000] {processor.py:186} INFO - Started process (PID=87) to work on /home/airflow/.local/lib/python3.12/site-packages/airflow/example_dags/example_params_trigger_ui.py
[2026-05-17T16:12:54.913+0000] {processor.py:914} INFO - Processing file /home/airflow/.local/lib/python3.12/site-packages/airflow/example_dags/example_params_trigger_ui.py for tasks to queue
[2026-05-17T16:12:54.918+0000] {logging_mixin.py:190} INFO - [2026-05-17T16:12:54.917+0000] {dagbag.py:588} INFO - Filling up the DagBag from /home/airflow/.local/lib/python3.12/site-packages/airflow/example_dags/example_params_trigger_ui.py
[2026-05-17T16:12:54.948+0000] {processor.py:925} INFO - DAG(s) 'example_params_trigger_ui' retrieved from /home/airflow/.local/lib/python3.12/site-packages/airflow/example_dags/example_params_trigger_ui.py
[2026-05-17T16:12:55.042+0000] {logging_mixin.py:190} INFO - [2026-05-17T16:12:55.041+0000] {dag.py:3239} INFO - Sync 1 DAGs
[2026-05-17T16:12:55.075+0000] {logging_mixin.py:190} INFO - [2026-05-17T16:12:55.075+0000] {dag.py:4180} INFO - Setting next_dagrun for example_params_trigger_ui to None, run_after=None
[2026-05-17T16:12:55.114+0000] {processor.py:208} INFO - Processing /home/airflow/.local/lib/python3.12/site-packages/airflow/example_dags/example_params_trigger_ui.py took 0.214 seconds
[2026-05-17T16:23:17.139+0000] {processor.py:186} INFO - Started process (PID=79) to work on /home/airflow/.local/lib/python3.12/site-packages/airflow/example_dags/example_params_trigger_ui.py
[2026-05-17T16:23:17.157+0000] {processor.py:914} INFO - Processing file /home/airflow/.local/lib/python3.12/site-packages/airflow/example_dags/example_params_trigger_ui.py for tasks to queue
[2026-05-17T16:23:17.173+0000] {logging_mixin.py:190} INFO - [2026-05-17T16:23:17.172+0000] {dagbag.py:588} INFO - Filling up the DagBag from /home/airflow/.local/lib/python3.12/site-packages/airflow/example_dags/example_params_trigger_ui.py
[2026-05-17T16:23:17.264+0000] {processor.py:925} INFO - DAG(s) 'example_params_trigger_ui' retrieved from /home/airflow/.local/lib/python3.12/site-packages/airflow/example_dags/example_params_trigger_ui.py
[2026-05-17T16:23:17.595+0000] {logging_mixin.py:190} INFO - [2026-05-17T16:23:17.594+0000] {dag.py:3239} INFO - Sync 1 DAGs
[2026-05-17T16:23:17.711+0000] {logging_mixin.py:190} INFO - [2026-05-17T16:23:17.711+0000] {dag.py:4180} INFO - Setting next_dagrun for example_params_trigger_ui to None, run_after=None
[2026-05-17T16:23:17.837+0000] {processor.py:208} INFO - Processing /home/airflow/.local/lib/python3.12/site-packages/airflow/example_dags/example_params_trigger_ui.py took 0.726 seconds
[2026-05-17T16:24:14.358+0000] {processor.py:186} INFO - Started process (PID=136) to work on /home/airflow/.local/lib/python3.12/site-packages/airflow/example_dags/example_params_trigger_ui.py
[2026-05-17T16:24:14.369+0000] {processor.py:914} INFO - Processing file /home/airflow/.local/lib/python3.12/site-packages/airflow/example_dags/example_params_trigger_ui.py for tasks to queue
[2026-05-17T16:24:14.391+0000] {logging_mixin.py:190} INFO - [2026-05-17T16:24:14.390+0000] {dagbag.py:588} INFO - Filling up the DagBag from /home/airflow/.local/lib/python3.12/site-packages/airflow/example_dags/example_params_trigger_ui.py
[2026-05-17T16:24:14.453+0000] {processor.py:925} INFO - DAG(s) 'example_params_trigger_ui' retrieved from /home/airflow/.local/lib/python3.12/site-packages/airflow/example_dags/example_params_trigger_ui.py
[2026-05-17T16:24:14.770+0000] {logging_mixin.py:190} INFO - [2026-05-17T16:24:14.768+0000] {dag.py:3239} INFO - Sync 1 DAGs
[2026-05-17T16:24:14.832+0000] {logging_mixin.py:190} INFO - [2026-05-17T16:24:14.832+0000] {dag.py:4180} INFO - Setting next_dagrun for example_params_trigger_ui to None, run_after=None
[2026-05-17T16:24:14.945+0000] {processor.py:208} INFO - Processing /home/airflow/.local/lib/python3.12/site-packages/airflow/example_dags/example_params_trigger_ui.py took 0.620 seconds
[2026-05-17T16:31:28.283+0000] {processor.py:186} INFO - Started process (PID=176) to work on /home/airflow/.local/lib/python3.12/site-packages/airflow/example_dags/example_params_trigger_ui.py
[2026-05-17T16:31:28.285+0000] {processor.py:914} INFO - Processing file /home/airflow/.local/lib/python3.12/site-packages/airflow/example_dags/example_params_trigger_ui.py for tasks to queue
[2026-05-17T16:31:28.287+0000] {logging_mixin.py:190} INFO - [2026-05-17T16:31:28.287+0000] {dagbag.py:588} INFO - Filling up the DagBag from /home/airflow/.local/lib/python3.12/site-packages/airflow/example_dags/example_params_trigger_ui.py
[2026-05-17T16:31:28.345+0000] {processor.py:925} INFO - DAG(s) 'example_params_trigger_ui' retrieved from /home/airflow/.local/lib/python3.12/site-packages/airflow/example_dags/example_params_trigger_ui.py
[2026-05-17T18:14:23.187+0000] {processor.py:186} INFO - Started process (PID=82) to work on /home/airflow/.local/lib/python3.12/site-packages/airflow/example_dags/example_params_trigger_ui.py
[2026-05-17T18:14:23.189+0000] {processor.py:914} INFO - Processing file /home/airflow/.local/lib/python3.12/site-packages/airflow/example_dags/example_params_trigger_ui.py for tasks to queue
[2026-05-17T18:14:23.196+0000] {logging_mixin.py:190} INFO - [2026-05-17T18:14:23.196+0000] {dagbag.py:588} INFO - Filling up the DagBag from /home/airflow/.local/lib/python3.12/site-packages/airflow/example_dags/example_params_trigger_ui.py
[2026-05-17T18:14:23.229+0000] {processor.py:925} INFO - DAG(s) 'example_params_trigger_ui' retrieved from /home/airflow/.local/lib/python3.12/site-packages/airflow/example_dags/example_params_trigger_ui.py
[2026-05-17T18:14:23.522+0000] {logging_mixin.py:190} INFO - [2026-05-17T18:14:23.521+0000] {dag.py:3239} INFO - Sync 1 DAGs
[2026-05-17T18:14:23.586+0000] {logging_mixin.py:190} INFO - [2026-05-17T18:14:23.585+0000] {dag.py:4180} INFO - Setting next_dagrun for example_params_trigger_ui to None, run_after=None
[2026-05-17T18:14:23.659+0000] {processor.py:208} INFO - Processing /home/airflow/.local/lib/python3.12/site-packages/airflow/example_dags/example_params_trigger_ui.py took 0.484 seconds
[2026-05-17T18:15:30.023+0000] {processor.py:186} INFO - Started process (PID=145) to work on /home/airflow/.local/lib/python3.12/site-packages/airflow/example_dags/example_params_trigger_ui.py
[2026-05-17T18:15:30.030+0000] {processor.py:914} INFO - Processing file /home/airflow/.local/lib/python3.12/site-packages/airflow/example_dags/example_params_trigger_ui.py for tasks to queue
[2026-05-17T18:15:30.048+0000] {logging_mixin.py:190} INFO - [2026-05-17T18:15:30.045+0000] {dagbag.py:588} INFO - Filling up the DagBag from /home/airflow/.local/lib/python3.12/site-packages/airflow/example_dags/example_params_trigger_ui.py
[2026-05-17T18:15:30.119+0000] {processor.py:925} INFO - DAG(s) 'example_params_trigger_ui' retrieved from /home/airflow/.local/lib/python3.12/site-packages/airflow/example_dags/example_params_trigger_ui.py
[2026-05-17T18:15:30.252+0000] {logging_mixin.py:190} INFO - [2026-05-17T18:15:30.252+0000] {dag.py:3239} INFO - Sync 1 DAGs
[2026-05-17T18:15:30.294+0000] {logging_mixin.py:190} INFO - [2026-05-17T18:15:30.294+0000] {dag.py:4180} INFO - Setting next_dagrun for example_params_trigger_ui to None, run_after=None
[2026-05-17T18:15:30.610+0000] {processor.py:208} INFO - Processing /home/airflow/.local/lib/python3.12/site-packages/airflow/example_dags/example_params_trigger_ui.py took 0.614 seconds
[2026-05-17T18:23:00.292+0000] {processor.py:186} INFO - Started process (PID=79) to work on /home/airflow/.local/lib/python3.12/site-packages/airflow/example_dags/example_params_trigger_ui.py
[2026-05-17T18:23:00.296+0000] {processor.py:914} INFO - Processing file /home/airflow/.local/lib/python3.12/site-packages/airflow/example_dags/example_params_trigger_ui.py for tasks to queue
[2026-05-17T18:23:00.319+0000] {logging_mixin.py:190} INFO - [2026-05-17T18:23:00.316+0000] {dagbag.py:588} INFO - Filling up the DagBag from /home/airflow/.local/lib/python3.12/site-packages/airflow/example_dags/example_params_trigger_ui.py
[2026-05-17T18:23:00.358+0000] {processor.py:925} INFO - DAG(s) 'example_params_trigger_ui' retrieved from /home/airflow/.local/lib/python3.12/site-packages/airflow/example_dags/example_params_trigger_ui.py
[2026-05-17T18:23:00.517+0000] {logging_mixin.py:190} INFO - [2026-05-17T18:23:00.516+0000] {dag.py:3239} INFO - Sync 1 DAGs
[2026-05-17T18:23:00.570+0000] {logging_mixin.py:190} INFO - [2026-05-17T18:23:00.570+0000] {dag.py:4180} INFO - Setting next_dagrun for example_params_trigger_ui to None, run_after=None
[2026-05-17T18:23:00.658+0000] {processor.py:208} INFO - Processing /home/airflow/.local/lib/python3.12/site-packages/airflow/example_dags/example_params_trigger_ui.py took 0.411 seconds
[2026-05-17T18:23:46.096+0000] {processor.py:186} INFO - Started process (PID=142) to work on /home/airflow/.local/lib/python3.12/site-packages/airflow/example_dags/example_params_trigger_ui.py
[2026-05-17T18:23:46.098+0000] {processor.py:914} INFO - Processing file /home/airflow/.local/lib/python3.12/site-packages/airflow/example_dags/example_params_trigger_ui.py for tasks to queue
[2026-05-17T18:23:46.107+0000] {logging_mixin.py:190} INFO - [2026-05-17T18:23:46.105+0000] {dagbag.py:588} INFO - Filling up the DagBag from /home/airflow/.local/lib/python3.12/site-packages/airflow/example_dags/example_params_trigger_ui.py
[2026-05-17T18:23:46.215+0000] {processor.py:925} INFO - DAG(s) 'example_params_trigger_ui' retrieved from /home/airflow/.local/lib/python3.12/site-packages/airflow/example_dags/example_params_trigger_ui.py
