[2026-05-17T00:38:16.729+0000] {processor.py:186} INFO - Started process (PID=86) to work on /home/airflow/.local/lib/python3.12/site-packages/airflow/example_dags/example_dag_decorator.py
[2026-05-17T00:38:16.732+0000] {processor.py:914} INFO - Processing file /home/airflow/.local/lib/python3.12/site-packages/airflow/example_dags/example_dag_decorator.py for tasks to queue
[2026-05-17T00:38:16.737+0000] {logging_mixin.py:190} INFO - [2026-05-17T00:38:16.736+0000] {dagbag.py:588} INFO - Filling up the DagBag from /home/airflow/.local/lib/python3.12/site-packages/airflow/example_dags/example_dag_decorator.py
[2026-05-17T00:38:16.769+0000] {processor.py:925} INFO - DAG(s) 'example_dag_decorator' retrieved from /home/airflow/.local/lib/python3.12/site-packages/airflow/example_dags/example_dag_decorator.py
[2026-05-17T00:38:17.125+0000] {logging_mixin.py:190} INFO - [2026-05-17T00:38:17.123+0000] {override.py:1900} INFO - Created Permission View: can read on DAG:example_dag_decorator
[2026-05-17T00:38:17.162+0000] {logging_mixin.py:190} INFO - [2026-05-17T00:38:17.159+0000] {override.py:1900} INFO - Created Permission View: can edit on DAG:example_dag_decorator
[2026-05-17T00:38:17.187+0000] {logging_mixin.py:190} INFO - [2026-05-17T00:38:17.185+0000] {override.py:1900} INFO - Created Permission View: can delete on DAG:example_dag_decorator
[2026-05-17T00:38:17.211+0000] {logging_mixin.py:190} INFO - [2026-05-17T00:38:17.209+0000] {override.py:1900} INFO - Created Permission View: can read on DAG Run:example_dag_decorator
[2026-05-17T00:38:17.250+0000] {logging_mixin.py:190} INFO - [2026-05-17T00:38:17.249+0000] {override.py:1900} INFO - Created Permission View: can create on DAG Run:example_dag_decorator
[2026-05-17T00:38:17.275+0000] {logging_mixin.py:190} INFO - [2026-05-17T00:38:17.275+0000] {override.py:1900} INFO - Created Permission View: can delete on DAG Run:example_dag_decorator
[2026-05-17T00:38:17.297+0000] {logging_mixin.py:190} INFO - [2026-05-17T00:38:17.296+0000] {override.py:1900} INFO - Created Permission View: menu access on DAG Run:example_dag_decorator
[2026-05-17T00:38:17.299+0000] {logging_mixin.py:190} INFO - [2026-05-17T00:38:17.299+0000] {dag.py:3239} INFO - Sync 1 DAGs
[2026-05-17T00:38:17.341+0000] {logging_mixin.py:190} INFO - [2026-05-17T00:38:17.341+0000] {dag.py:3262} INFO - Creating ORM DAG for example_dag_decorator
[2026-05-17T00:38:17.344+0000] {logging_mixin.py:190} INFO - [2026-05-17T00:38:17.343+0000] {dag.py:4180} INFO - Setting next_dagrun for example_dag_decorator to None, run_after=None
[2026-05-17T00:38:17.401+0000] {processor.py:208} INFO - Processing /home/airflow/.local/lib/python3.12/site-packages/airflow/example_dags/example_dag_decorator.py took 0.687 seconds
[2026-05-17T00:38:48.899+0000] {processor.py:186} INFO - Started process (PID=148) to work on /home/airflow/.local/lib/python3.12/site-packages/airflow/example_dags/example_dag_decorator.py
[2026-05-17T00:38:48.909+0000] {processor.py:914} INFO - Processing file /home/airflow/.local/lib/python3.12/site-packages/airflow/example_dags/example_dag_decorator.py for tasks to queue
[2026-05-17T00:38:48.917+0000] {logging_mixin.py:190} INFO - [2026-05-17T00:38:48.916+0000] {dagbag.py:588} INFO - Filling up the DagBag from /home/airflow/.local/lib/python3.12/site-packages/airflow/example_dags/example_dag_decorator.py
[2026-05-17T00:38:48.963+0000] {processor.py:925} INFO - DAG(s) 'example_dag_decorator' retrieved from /home/airflow/.local/lib/python3.12/site-packages/airflow/example_dags/example_dag_decorator.py
[2026-05-17T00:38:49.566+0000] {logging_mixin.py:190} INFO - [2026-05-17T00:38:49.565+0000] {dag.py:3239} INFO - Sync 1 DAGs
[2026-05-17T00:38:49.616+0000] {logging_mixin.py:190} INFO - [2026-05-17T00:38:49.615+0000] {dag.py:4180} INFO - Setting next_dagrun for example_dag_decorator to None, run_after=None
[2026-05-17T00:38:49.699+0000] {processor.py:208} INFO - Processing /home/airflow/.local/lib/python3.12/site-packages/airflow/example_dags/example_dag_decorator.py took 0.823 seconds
[2026-05-17T01:21:38.138+0000] {processor.py:186} INFO - Started process (PID=96) to work on /home/airflow/.local/lib/python3.12/site-packages/airflow/example_dags/example_dag_decorator.py
[2026-05-17T01:21:38.144+0000] {processor.py:914} INFO - Processing file /home/airflow/.local/lib/python3.12/site-packages/airflow/example_dags/example_dag_decorator.py for tasks to queue
[2026-05-17T01:21:38.148+0000] {logging_mixin.py:190} INFO - [2026-05-17T01:21:38.148+0000] {dagbag.py:588} INFO - Filling up the DagBag from /home/airflow/.local/lib/python3.12/site-packages/airflow/example_dags/example_dag_decorator.py
[2026-05-17T01:21:38.248+0000] {processor.py:925} INFO - DAG(s) 'example_dag_decorator' retrieved from /home/airflow/.local/lib/python3.12/site-packages/airflow/example_dags/example_dag_decorator.py
[2026-05-17T01:21:38.844+0000] {logging_mixin.py:190} INFO - [2026-05-17T01:21:38.833+0000] {dag.py:3239} INFO - Sync 1 DAGs
[2026-05-17T01:21:38.915+0000] {logging_mixin.py:190} INFO - [2026-05-17T01:21:38.915+0000] {dag.py:4180} INFO - Setting next_dagrun for example_dag_decorator to None, run_after=None
[2026-05-17T01:21:39.001+0000] {processor.py:208} INFO - Processing /home/airflow/.local/lib/python3.12/site-packages/airflow/example_dags/example_dag_decorator.py took 0.884 seconds
[2026-05-17T01:22:48.101+0000] {processor.py:186} INFO - Started process (PID=165) to work on /home/airflow/.local/lib/python3.12/site-packages/airflow/example_dags/example_dag_decorator.py
[2026-05-17T01:22:48.103+0000] {processor.py:914} INFO - Processing file /home/airflow/.local/lib/python3.12/site-packages/airflow/example_dags/example_dag_decorator.py for tasks to queue
[2026-05-17T01:22:48.107+0000] {logging_mixin.py:190} INFO - [2026-05-17T01:22:48.107+0000] {dagbag.py:588} INFO - Filling up the DagBag from /home/airflow/.local/lib/python3.12/site-packages/airflow/example_dags/example_dag_decorator.py
[2026-05-17T01:22:48.124+0000] {processor.py:925} INFO - DAG(s) 'example_dag_decorator' retrieved from /home/airflow/.local/lib/python3.12/site-packages/airflow/example_dags/example_dag_decorator.py
[2026-05-17T01:22:48.459+0000] {logging_mixin.py:190} INFO - [2026-05-17T01:22:48.458+0000] {dag.py:3239} INFO - Sync 1 DAGs
[2026-05-17T01:22:48.486+0000] {logging_mixin.py:190} INFO - [2026-05-17T01:22:48.485+0000] {dag.py:4180} INFO - Setting next_dagrun for example_dag_decorator to None, run_after=None
[2026-05-17T01:22:48.534+0000] {processor.py:208} INFO - Processing /home/airflow/.local/lib/python3.12/site-packages/airflow/example_dags/example_dag_decorator.py took 0.440 seconds
[2026-05-17T01:23:20.104+0000] {processor.py:186} INFO - Started process (PID=228) to work on /home/airflow/.local/lib/python3.12/site-packages/airflow/example_dags/example_dag_decorator.py
[2026-05-17T01:23:20.113+0000] {processor.py:914} INFO - Processing file /home/airflow/.local/lib/python3.12/site-packages/airflow/example_dags/example_dag_decorator.py for tasks to queue
[2026-05-17T01:23:20.126+0000] {logging_mixin.py:190} INFO - [2026-05-17T01:23:20.126+0000] {dagbag.py:588} INFO - Filling up the DagBag from /home/airflow/.local/lib/python3.12/site-packages/airflow/example_dags/example_dag_decorator.py
[2026-05-17T01:23:20.187+0000] {processor.py:925} INFO - DAG(s) 'example_dag_decorator' retrieved from /home/airflow/.local/lib/python3.12/site-packages/airflow/example_dags/example_dag_decorator.py
[2026-05-17T01:23:20.867+0000] {logging_mixin.py:190} INFO - [2026-05-17T01:23:20.834+0000] {dag.py:3239} INFO - Sync 1 DAGs
[2026-05-17T01:23:20.950+0000] {logging_mixin.py:190} INFO - [2026-05-17T01:23:20.941+0000] {dag.py:4180} INFO - Setting next_dagrun for example_dag_decorator to None, run_after=None
[2026-05-17T01:23:21.900+0000] {processor.py:208} INFO - Processing /home/airflow/.local/lib/python3.12/site-packages/airflow/example_dags/example_dag_decorator.py took 1.808 seconds
[2026-05-17T01:51:45.886+0000] {processor.py:186} INFO - Started process (PID=251) to work on /home/airflow/.local/lib/python3.12/site-packages/airflow/example_dags/example_dag_decorator.py
[2026-05-17T01:51:45.917+0000] {processor.py:914} INFO - Processing file /home/airflow/.local/lib/python3.12/site-packages/airflow/example_dags/example_dag_decorator.py for tasks to queue
[2026-05-17T01:51:45.921+0000] {logging_mixin.py:190} INFO - [2026-05-17T01:51:45.921+0000] {dagbag.py:588} INFO - Filling up the DagBag from /home/airflow/.local/lib/python3.12/site-packages/airflow/example_dags/example_dag_decorator.py
[2026-05-17T01:51:45.937+0000] {processor.py:925} INFO - DAG(s) 'example_dag_decorator' retrieved from /home/airflow/.local/lib/python3.12/site-packages/airflow/example_dags/example_dag_decorator.py
[2026-05-17T01:51:46.276+0000] {logging_mixin.py:190} INFO - [2026-05-17T01:51:46.275+0000] {dag.py:3239} INFO - Sync 1 DAGs
[2026-05-17T01:51:46.290+0000] {logging_mixin.py:190} INFO - [2026-05-17T01:51:46.290+0000] {dag.py:4180} INFO - Setting next_dagrun for example_dag_decorator to None, run_after=None
[2026-05-17T01:51:46.343+0000] {processor.py:208} INFO - Processing /home/airflow/.local/lib/python3.12/site-packages/airflow/example_dags/example_dag_decorator.py took 0.465 seconds
[2026-05-17T01:55:06.939+0000] {processor.py:186} INFO - Started process (PID=309) to work on /home/airflow/.local/lib/python3.12/site-packages/airflow/example_dags/example_dag_decorator.py
[2026-05-17T01:55:06.942+0000] {processor.py:914} INFO - Processing file /home/airflow/.local/lib/python3.12/site-packages/airflow/example_dags/example_dag_decorator.py for tasks to queue
[2026-05-17T01:55:06.945+0000] {logging_mixin.py:190} INFO - [2026-05-17T01:55:06.944+0000] {dagbag.py:588} INFO - Filling up the DagBag from /home/airflow/.local/lib/python3.12/site-packages/airflow/example_dags/example_dag_decorator.py
[2026-05-17T01:55:06.976+0000] {processor.py:925} INFO - DAG(s) 'example_dag_decorator' retrieved from /home/airflow/.local/lib/python3.12/site-packages/airflow/example_dags/example_dag_decorator.py
[2026-05-17T01:55:08.082+0000] {logging_mixin.py:190} INFO - [2026-05-17T01:55:08.081+0000] {dag.py:3239} INFO - Sync 1 DAGs
[2026-05-17T01:55:08.120+0000] {logging_mixin.py:190} INFO - [2026-05-17T01:55:08.120+0000] {dag.py:4180} INFO - Setting next_dagrun for example_dag_decorator to None, run_after=None
[2026-05-17T01:55:08.273+0000] {processor.py:208} INFO - Processing /home/airflow/.local/lib/python3.12/site-packages/airflow/example_dags/example_dag_decorator.py took 1.344 seconds
[2026-05-17T01:55:38.435+0000] {processor.py:186} INFO - Started process (PID=378) to work on /home/airflow/.local/lib/python3.12/site-packages/airflow/example_dags/example_dag_decorator.py
[2026-05-17T01:55:38.437+0000] {processor.py:914} INFO - Processing file /home/airflow/.local/lib/python3.12/site-packages/airflow/example_dags/example_dag_decorator.py for tasks to queue
[2026-05-17T01:55:38.439+0000] {logging_mixin.py:190} INFO - [2026-05-17T01:55:38.438+0000] {dagbag.py:588} INFO - Filling up the DagBag from /home/airflow/.local/lib/python3.12/site-packages/airflow/example_dags/example_dag_decorator.py
[2026-05-17T01:55:38.582+0000] {processor.py:925} INFO - DAG(s) 'example_dag_decorator' retrieved from /home/airflow/.local/lib/python3.12/site-packages/airflow/example_dags/example_dag_decorator.py
[2026-05-17T01:55:41.179+0000] {logging_mixin.py:190} INFO - [2026-05-17T01:55:41.179+0000] {dag.py:3239} INFO - Sync 1 DAGs
[2026-05-17T01:55:41.195+0000] {logging_mixin.py:190} INFO - [2026-05-17T01:55:41.195+0000] {dag.py:4180} INFO - Setting next_dagrun for example_dag_decorator to None, run_after=None
[2026-05-17T01:55:41.348+0000] {processor.py:208} INFO - Processing /home/airflow/.local/lib/python3.12/site-packages/airflow/example_dags/example_dag_decorator.py took 2.922 seconds
[2026-05-17T01:56:11.602+0000] {processor.py:186} INFO - Started process (PID=435) to work on /home/airflow/.local/lib/python3.12/site-packages/airflow/example_dags/example_dag_decorator.py
[2026-05-17T01:56:11.604+0000] {processor.py:914} INFO - Processing file /home/airflow/.local/lib/python3.12/site-packages/airflow/example_dags/example_dag_decorator.py for tasks to queue
[2026-05-17T01:56:11.607+0000] {logging_mixin.py:190} INFO - [2026-05-17T01:56:11.606+0000] {dagbag.py:588} INFO - Filling up the DagBag from /home/airflow/.local/lib/python3.12/site-packages/airflow/example_dags/example_dag_decorator.py
[2026-05-17T01:56:11.699+0000] {processor.py:925} INFO - DAG(s) 'example_dag_decorator' retrieved from /home/airflow/.local/lib/python3.12/site-packages/airflow/example_dags/example_dag_decorator.py
[2026-05-17T01:56:14.300+0000] {logging_mixin.py:190} INFO - [2026-05-17T01:56:14.300+0000] {dag.py:3239} INFO - Sync 1 DAGs
[2026-05-17T01:56:14.319+0000] {logging_mixin.py:190} INFO - [2026-05-17T01:56:14.319+0000] {dag.py:4180} INFO - Setting next_dagrun for example_dag_decorator to None, run_after=None
[2026-05-17T01:56:14.488+0000] {processor.py:208} INFO - Processing /home/airflow/.local/lib/python3.12/site-packages/airflow/example_dags/example_dag_decorator.py took 2.896 seconds
[2026-05-17T02:03:16.337+0000] {processor.py:186} INFO - Started process (PID=490) to work on /home/airflow/.local/lib/python3.12/site-packages/airflow/example_dags/example_dag_decorator.py
[2026-05-17T02:03:16.339+0000] {processor.py:914} INFO - Processing file /home/airflow/.local/lib/python3.12/site-packages/airflow/example_dags/example_dag_decorator.py for tasks to queue
[2026-05-17T02:03:16.345+0000] {logging_mixin.py:190} INFO - [2026-05-17T02:03:16.344+0000] {dagbag.py:588} INFO - Filling up the DagBag from /home/airflow/.local/lib/python3.12/site-packages/airflow/example_dags/example_dag_decorator.py
[2026-05-17T02:03:16.373+0000] {processor.py:925} INFO - DAG(s) 'example_dag_decorator' retrieved from /home/airflow/.local/lib/python3.12/site-packages/airflow/example_dags/example_dag_decorator.py
[2026-05-17T02:03:16.408+0000] {logging_mixin.py:190} INFO - [2026-05-17T02:03:16.408+0000] {dag.py:3239} INFO - Sync 1 DAGs
[2026-05-17T02:03:16.425+0000] {logging_mixin.py:190} INFO - [2026-05-17T02:03:16.425+0000] {dag.py:4180} INFO - Setting next_dagrun for example_dag_decorator to None, run_after=None
[2026-05-17T02:03:16.466+0000] {processor.py:208} INFO - Processing /home/airflow/.local/lib/python3.12/site-packages/airflow/example_dags/example_dag_decorator.py took 0.139 seconds
[2026-05-17T13:16:21.498+0000] {processor.py:186} INFO - Started process (PID=94) to work on /home/airflow/.local/lib/python3.12/site-packages/airflow/example_dags/example_dag_decorator.py
[2026-05-17T13:16:21.502+0000] {processor.py:914} INFO - Processing file /home/airflow/.local/lib/python3.12/site-packages/airflow/example_dags/example_dag_decorator.py for tasks to queue
[2026-05-17T13:16:21.512+0000] {logging_mixin.py:190} INFO - [2026-05-17T13:16:21.511+0000] {dagbag.py:588} INFO - Filling up the DagBag from /home/airflow/.local/lib/python3.12/site-packages/airflow/example_dags/example_dag_decorator.py
[2026-05-17T13:16:21.577+0000] {processor.py:925} INFO - DAG(s) 'example_dag_decorator' retrieved from /home/airflow/.local/lib/python3.12/site-packages/airflow/example_dags/example_dag_decorator.py
[2026-05-17T13:16:22.084+0000] {logging_mixin.py:190} INFO - [2026-05-17T13:16:22.084+0000] {dag.py:3239} INFO - Sync 1 DAGs
[2026-05-17T13:16:22.134+0000] {logging_mixin.py:190} INFO - [2026-05-17T13:16:22.134+0000] {dag.py:4180} INFO - Setting next_dagrun for example_dag_decorator to None, run_after=None
[2026-05-17T13:16:22.198+0000] {processor.py:208} INFO - Processing /home/airflow/.local/lib/python3.12/site-packages/airflow/example_dags/example_dag_decorator.py took 0.727 seconds
[2026-05-17T13:37:27.764+0000] {processor.py:186} INFO - Started process (PID=85) to work on /home/airflow/.local/lib/python3.12/site-packages/airflow/example_dags/example_dag_decorator.py
[2026-05-17T13:37:27.768+0000] {processor.py:914} INFO - Processing file /home/airflow/.local/lib/python3.12/site-packages/airflow/example_dags/example_dag_decorator.py for tasks to queue
[2026-05-17T13:37:27.774+0000] {logging_mixin.py:190} INFO - [2026-05-17T13:37:27.774+0000] {dagbag.py:588} INFO - Filling up the DagBag from /home/airflow/.local/lib/python3.12/site-packages/airflow/example_dags/example_dag_decorator.py
[2026-05-17T13:37:27.801+0000] {processor.py:925} INFO - DAG(s) 'example_dag_decorator' retrieved from /home/airflow/.local/lib/python3.12/site-packages/airflow/example_dags/example_dag_decorator.py
[2026-05-17T13:37:28.028+0000] {logging_mixin.py:190} INFO - [2026-05-17T13:37:28.028+0000] {dag.py:3239} INFO - Sync 1 DAGs
[2026-05-17T13:37:28.058+0000] {logging_mixin.py:190} INFO - [2026-05-17T13:37:28.058+0000] {dag.py:4180} INFO - Setting next_dagrun for example_dag_decorator to None, run_after=None
[2026-05-17T13:37:28.096+0000] {processor.py:208} INFO - Processing /home/airflow/.local/lib/python3.12/site-packages/airflow/example_dags/example_dag_decorator.py took 0.354 seconds
[2026-05-17T13:38:26.092+0000] {processor.py:186} INFO - Started process (PID=142) to work on /home/airflow/.local/lib/python3.12/site-packages/airflow/example_dags/example_dag_decorator.py
[2026-05-17T13:38:26.094+0000] {processor.py:914} INFO - Processing file /home/airflow/.local/lib/python3.12/site-packages/airflow/example_dags/example_dag_decorator.py for tasks to queue
[2026-05-17T13:38:26.095+0000] {logging_mixin.py:190} INFO - [2026-05-17T13:38:26.095+0000] {dagbag.py:588} INFO - Filling up the DagBag from /home/airflow/.local/lib/python3.12/site-packages/airflow/example_dags/example_dag_decorator.py
[2026-05-17T13:38:26.109+0000] {processor.py:925} INFO - DAG(s) 'example_dag_decorator' retrieved from /home/airflow/.local/lib/python3.12/site-packages/airflow/example_dags/example_dag_decorator.py
[2026-05-17T13:38:26.364+0000] {logging_mixin.py:190} INFO - [2026-05-17T13:38:26.363+0000] {dag.py:3239} INFO - Sync 1 DAGs
[2026-05-17T13:38:26.379+0000] {logging_mixin.py:190} INFO - [2026-05-17T13:38:26.379+0000] {dag.py:4180} INFO - Setting next_dagrun for example_dag_decorator to None, run_after=None
[2026-05-17T13:38:26.400+0000] {processor.py:208} INFO - Processing /home/airflow/.local/lib/python3.12/site-packages/airflow/example_dags/example_dag_decorator.py took 0.315 seconds
[2026-05-17T13:50:48.681+0000] {processor.py:186} INFO - Started process (PID=83) to work on /home/airflow/.local/lib/python3.12/site-packages/airflow/example_dags/example_dag_decorator.py
[2026-05-17T13:50:48.692+0000] {processor.py:914} INFO - Processing file /home/airflow/.local/lib/python3.12/site-packages/airflow/example_dags/example_dag_decorator.py for tasks to queue
[2026-05-17T13:50:48.703+0000] {logging_mixin.py:190} INFO - [2026-05-17T13:50:48.702+0000] {dagbag.py:588} INFO - Filling up the DagBag from /home/airflow/.local/lib/python3.12/site-packages/airflow/example_dags/example_dag_decorator.py
[2026-05-17T13:50:48.741+0000] {processor.py:925} INFO - DAG(s) 'example_dag_decorator' retrieved from /home/airflow/.local/lib/python3.12/site-packages/airflow/example_dags/example_dag_decorator.py
[2026-05-17T13:50:49.129+0000] {logging_mixin.py:190} INFO - [2026-05-17T13:50:49.129+0000] {dag.py:3239} INFO - Sync 1 DAGs
[2026-05-17T13:50:49.177+0000] {logging_mixin.py:190} INFO - [2026-05-17T13:50:49.176+0000] {dag.py:4180} INFO - Setting next_dagrun for example_dag_decorator to None, run_after=None
[2026-05-17T13:50:49.740+0000] {processor.py:208} INFO - Processing /home/airflow/.local/lib/python3.12/site-packages/airflow/example_dags/example_dag_decorator.py took 1.097 seconds
[2026-05-17T16:12:57.867+0000] {processor.py:186} INFO - Started process (PID=97) to work on /home/airflow/.local/lib/python3.12/site-packages/airflow/example_dags/example_dag_decorator.py
[2026-05-17T16:12:57.869+0000] {processor.py:914} INFO - Processing file /home/airflow/.local/lib/python3.12/site-packages/airflow/example_dags/example_dag_decorator.py for tasks to queue
[2026-05-17T16:12:57.895+0000] {logging_mixin.py:190} INFO - [2026-05-17T16:12:57.893+0000] {dagbag.py:588} INFO - Filling up the DagBag from /home/airflow/.local/lib/python3.12/site-packages/airflow/example_dags/example_dag_decorator.py
[2026-05-17T16:12:58.096+0000] {processor.py:925} INFO - DAG(s) 'example_dag_decorator' retrieved from /home/airflow/.local/lib/python3.12/site-packages/airflow/example_dags/example_dag_decorator.py
[2026-05-17T16:12:58.519+0000] {logging_mixin.py:190} INFO - [2026-05-17T16:12:58.518+0000] {dag.py:3239} INFO - Sync 1 DAGs
[2026-05-17T16:12:58.561+0000] {logging_mixin.py:190} INFO - [2026-05-17T16:12:58.561+0000] {dag.py:4180} INFO - Setting next_dagrun for example_dag_decorator to None, run_after=None
[2026-05-17T16:12:58.610+0000] {processor.py:208} INFO - Processing /home/airflow/.local/lib/python3.12/site-packages/airflow/example_dags/example_dag_decorator.py took 0.755 seconds
[2026-05-17T16:23:21.935+0000] {processor.py:186} INFO - Started process (PID=89) to work on /home/airflow/.local/lib/python3.12/site-packages/airflow/example_dags/example_dag_decorator.py
[2026-05-17T16:23:21.946+0000] {processor.py:914} INFO - Processing file /home/airflow/.local/lib/python3.12/site-packages/airflow/example_dags/example_dag_decorator.py for tasks to queue
[2026-05-17T16:23:21.968+0000] {logging_mixin.py:190} INFO - [2026-05-17T16:23:21.967+0000] {dagbag.py:588} INFO - Filling up the DagBag from /home/airflow/.local/lib/python3.12/site-packages/airflow/example_dags/example_dag_decorator.py
[2026-05-17T16:23:22.049+0000] {processor.py:925} INFO - DAG(s) 'example_dag_decorator' retrieved from /home/airflow/.local/lib/python3.12/site-packages/airflow/example_dags/example_dag_decorator.py
[2026-05-17T16:23:22.526+0000] {logging_mixin.py:190} INFO - [2026-05-17T16:23:22.525+0000] {dag.py:3239} INFO - Sync 1 DAGs
[2026-05-17T16:23:22.562+0000] {logging_mixin.py:190} INFO - [2026-05-17T16:23:22.562+0000] {dag.py:4180} INFO - Setting next_dagrun for example_dag_decorator to None, run_after=None
[2026-05-17T16:23:22.633+0000] {processor.py:208} INFO - Processing /home/airflow/.local/lib/python3.12/site-packages/airflow/example_dags/example_dag_decorator.py took 0.751 seconds
[2026-05-17T16:24:18.378+0000] {processor.py:186} INFO - Started process (PID=146) to work on /home/airflow/.local/lib/python3.12/site-packages/airflow/example_dags/example_dag_decorator.py
[2026-05-17T16:24:18.380+0000] {processor.py:914} INFO - Processing file /home/airflow/.local/lib/python3.12/site-packages/airflow/example_dags/example_dag_decorator.py for tasks to queue
[2026-05-17T16:24:18.386+0000] {logging_mixin.py:190} INFO - [2026-05-17T16:24:18.385+0000] {dagbag.py:588} INFO - Filling up the DagBag from /home/airflow/.local/lib/python3.12/site-packages/airflow/example_dags/example_dag_decorator.py
[2026-05-17T16:24:18.441+0000] {processor.py:925} INFO - DAG(s) 'example_dag_decorator' retrieved from /home/airflow/.local/lib/python3.12/site-packages/airflow/example_dags/example_dag_decorator.py
[2026-05-17T16:24:18.936+0000] {logging_mixin.py:190} INFO - [2026-05-17T16:24:18.934+0000] {dag.py:3239} INFO - Sync 1 DAGs
[2026-05-17T16:24:18.971+0000] {logging_mixin.py:190} INFO - [2026-05-17T16:24:18.970+0000] {dag.py:4180} INFO - Setting next_dagrun for example_dag_decorator to None, run_after=None
[2026-05-17T16:24:19.033+0000] {processor.py:208} INFO - Processing /home/airflow/.local/lib/python3.12/site-packages/airflow/example_dags/example_dag_decorator.py took 0.676 seconds
[2026-05-17T18:14:29.006+0000] {processor.py:186} INFO - Started process (PID=92) to work on /home/airflow/.local/lib/python3.12/site-packages/airflow/example_dags/example_dag_decorator.py
[2026-05-17T18:14:29.011+0000] {processor.py:914} INFO - Processing file /home/airflow/.local/lib/python3.12/site-packages/airflow/example_dags/example_dag_decorator.py for tasks to queue
[2026-05-17T18:14:29.038+0000] {logging_mixin.py:190} INFO - [2026-05-17T18:14:29.037+0000] {dagbag.py:588} INFO - Filling up the DagBag from /home/airflow/.local/lib/python3.12/site-packages/airflow/example_dags/example_dag_decorator.py
[2026-05-17T18:14:29.083+0000] {processor.py:925} INFO - DAG(s) 'example_dag_decorator' retrieved from /home/airflow/.local/lib/python3.12/site-packages/airflow/example_dags/example_dag_decorator.py
[2026-05-17T18:14:30.041+0000] {logging_mixin.py:190} INFO - [2026-05-17T18:14:30.035+0000] {dag.py:3239} INFO - Sync 1 DAGs
[2026-05-17T18:14:30.208+0000] {logging_mixin.py:190} INFO - [2026-05-17T18:14:30.208+0000] {dag.py:4180} INFO - Setting next_dagrun for example_dag_decorator to None, run_after=None
[2026-05-17T18:14:30.418+0000] {processor.py:208} INFO - Processing /home/airflow/.local/lib/python3.12/site-packages/airflow/example_dags/example_dag_decorator.py took 1.447 seconds
[2026-05-17T18:15:36.497+0000] {processor.py:186} INFO - Started process (PID=162) to work on /home/airflow/.local/lib/python3.12/site-packages/airflow/example_dags/example_dag_decorator.py
[2026-05-17T18:15:36.502+0000] {processor.py:914} INFO - Processing file /home/airflow/.local/lib/python3.12/site-packages/airflow/example_dags/example_dag_decorator.py for tasks to queue
[2026-05-17T18:15:36.510+0000] {logging_mixin.py:190} INFO - [2026-05-17T18:15:36.510+0000] {dagbag.py:588} INFO - Filling up the DagBag from /home/airflow/.local/lib/python3.12/site-packages/airflow/example_dags/example_dag_decorator.py
[2026-05-17T18:15:36.574+0000] {processor.py:925} INFO - DAG(s) 'example_dag_decorator' retrieved from /home/airflow/.local/lib/python3.12/site-packages/airflow/example_dags/example_dag_decorator.py
[2026-05-17T18:15:36.658+0000] {logging_mixin.py:190} INFO - [2026-05-17T18:15:36.656+0000] {dag.py:3239} INFO - Sync 1 DAGs
[2026-05-17T18:15:36.710+0000] {logging_mixin.py:190} INFO - [2026-05-17T18:15:36.710+0000] {dag.py:4180} INFO - Setting next_dagrun for example_dag_decorator to None, run_after=None
[2026-05-17T18:15:36.792+0000] {processor.py:208} INFO - Processing /home/airflow/.local/lib/python3.12/site-packages/airflow/example_dags/example_dag_decorator.py took 0.308 seconds
[2026-05-17T18:23:04.190+0000] {processor.py:186} INFO - Started process (PID=89) to work on /home/airflow/.local/lib/python3.12/site-packages/airflow/example_dags/example_dag_decorator.py
[2026-05-17T18:23:04.193+0000] {processor.py:914} INFO - Processing file /home/airflow/.local/lib/python3.12/site-packages/airflow/example_dags/example_dag_decorator.py for tasks to queue
[2026-05-17T18:23:04.207+0000] {logging_mixin.py:190} INFO - [2026-05-17T18:23:04.206+0000] {dagbag.py:588} INFO - Filling up the DagBag from /home/airflow/.local/lib/python3.12/site-packages/airflow/example_dags/example_dag_decorator.py
[2026-05-17T18:23:04.249+0000] {processor.py:925} INFO - DAG(s) 'example_dag_decorator' retrieved from /home/airflow/.local/lib/python3.12/site-packages/airflow/example_dags/example_dag_decorator.py
[2026-05-17T18:23:04.567+0000] {logging_mixin.py:190} INFO - [2026-05-17T18:23:04.566+0000] {dag.py:3239} INFO - Sync 1 DAGs
[2026-05-17T18:23:04.600+0000] {logging_mixin.py:190} INFO - [2026-05-17T18:23:04.599+0000] {dag.py:4180} INFO - Setting next_dagrun for example_dag_decorator to None, run_after=None
[2026-05-17T18:23:04.652+0000] {processor.py:208} INFO - Processing /home/airflow/.local/lib/python3.12/site-packages/airflow/example_dags/example_dag_decorator.py took 0.475 seconds
