[2026-05-17T00:38:19.581+0000] {processor.py:186} INFO - Started process (PID=96) to work on /home/airflow/.local/lib/python3.12/site-packages/airflow/example_dags/example_short_circuit_decorator.py
[2026-05-17T00:38:19.585+0000] {processor.py:914} INFO - Processing file /home/airflow/.local/lib/python3.12/site-packages/airflow/example_dags/example_short_circuit_decorator.py for tasks to queue
[2026-05-17T00:38:19.593+0000] {logging_mixin.py:190} INFO - [2026-05-17T00:38:19.591+0000] {dagbag.py:588} INFO - Filling up the DagBag from /home/airflow/.local/lib/python3.12/site-packages/airflow/example_dags/example_short_circuit_decorator.py
[2026-05-17T00:38:19.624+0000] {processor.py:925} INFO - DAG(s) 'example_short_circuit_decorator' retrieved from /home/airflow/.local/lib/python3.12/site-packages/airflow/example_dags/example_short_circuit_decorator.py
[2026-05-17T00:38:19.941+0000] {logging_mixin.py:190} INFO - [2026-05-17T00:38:19.939+0000] {override.py:1900} INFO - Created Permission View: can read on DAG:example_short_circuit_decorator
[2026-05-17T00:38:19.987+0000] {logging_mixin.py:190} INFO - [2026-05-17T00:38:19.986+0000] {override.py:1900} INFO - Created Permission View: can edit on DAG:example_short_circuit_decorator
[2026-05-17T00:38:20.007+0000] {logging_mixin.py:190} INFO - [2026-05-17T00:38:20.006+0000] {override.py:1900} INFO - Created Permission View: can delete on DAG:example_short_circuit_decorator
[2026-05-17T00:38:20.029+0000] {logging_mixin.py:190} INFO - [2026-05-17T00:38:20.029+0000] {override.py:1900} INFO - Created Permission View: can read on DAG Run:example_short_circuit_decorator
[2026-05-17T00:38:20.049+0000] {logging_mixin.py:190} INFO - [2026-05-17T00:38:20.048+0000] {override.py:1900} INFO - Created Permission View: can create on DAG Run:example_short_circuit_decorator
[2026-05-17T00:38:20.070+0000] {logging_mixin.py:190} INFO - [2026-05-17T00:38:20.067+0000] {override.py:1900} INFO - Created Permission View: can delete on DAG Run:example_short_circuit_decorator
[2026-05-17T00:38:20.087+0000] {logging_mixin.py:190} INFO - [2026-05-17T00:38:20.087+0000] {override.py:1900} INFO - Created Permission View: menu access on DAG Run:example_short_circuit_decorator
[2026-05-17T00:38:20.089+0000] {logging_mixin.py:190} INFO - [2026-05-17T00:38:20.088+0000] {dag.py:3239} INFO - Sync 1 DAGs
[2026-05-17T00:38:20.124+0000] {logging_mixin.py:190} INFO - [2026-05-17T00:38:20.124+0000] {dag.py:3262} INFO - Creating ORM DAG for example_short_circuit_decorator
[2026-05-17T00:38:20.129+0000] {logging_mixin.py:190} INFO - [2026-05-17T00:38:20.128+0000] {dag.py:4180} INFO - Setting next_dagrun for example_short_circuit_decorator to None, run_after=None
[2026-05-17T00:38:20.195+0000] {processor.py:208} INFO - Processing /home/airflow/.local/lib/python3.12/site-packages/airflow/example_dags/example_short_circuit_decorator.py took 0.632 seconds
[2026-05-17T00:38:53.523+0000] {processor.py:186} INFO - Started process (PID=158) to work on /home/airflow/.local/lib/python3.12/site-packages/airflow/example_dags/example_short_circuit_decorator.py
[2026-05-17T00:38:53.526+0000] {processor.py:914} INFO - Processing file /home/airflow/.local/lib/python3.12/site-packages/airflow/example_dags/example_short_circuit_decorator.py for tasks to queue
[2026-05-17T00:38:53.535+0000] {logging_mixin.py:190} INFO - [2026-05-17T00:38:53.533+0000] {dagbag.py:588} INFO - Filling up the DagBag from /home/airflow/.local/lib/python3.12/site-packages/airflow/example_dags/example_short_circuit_decorator.py
[2026-05-17T00:38:53.583+0000] {processor.py:925} INFO - DAG(s) 'example_short_circuit_decorator' retrieved from /home/airflow/.local/lib/python3.12/site-packages/airflow/example_dags/example_short_circuit_decorator.py
[2026-05-17T00:38:53.689+0000] {logging_mixin.py:190} INFO - [2026-05-17T00:38:53.689+0000] {dag.py:3239} INFO - Sync 1 DAGs
[2026-05-17T00:38:53.731+0000] {logging_mixin.py:190} INFO - [2026-05-17T00:38:53.731+0000] {dag.py:4180} INFO - Setting next_dagrun for example_short_circuit_decorator to None, run_after=None
[2026-05-17T00:38:53.789+0000] {processor.py:208} INFO - Processing /home/airflow/.local/lib/python3.12/site-packages/airflow/example_dags/example_short_circuit_decorator.py took 0.316 seconds
[2026-05-17T01:21:41.781+0000] {processor.py:186} INFO - Started process (PID=106) to work on /home/airflow/.local/lib/python3.12/site-packages/airflow/example_dags/example_short_circuit_decorator.py
[2026-05-17T01:21:41.787+0000] {processor.py:914} INFO - Processing file /home/airflow/.local/lib/python3.12/site-packages/airflow/example_dags/example_short_circuit_decorator.py for tasks to queue
[2026-05-17T01:21:41.793+0000] {logging_mixin.py:190} INFO - [2026-05-17T01:21:41.792+0000] {dagbag.py:588} INFO - Filling up the DagBag from /home/airflow/.local/lib/python3.12/site-packages/airflow/example_dags/example_short_circuit_decorator.py
[2026-05-17T01:21:41.834+0000] {processor.py:925} INFO - DAG(s) 'example_short_circuit_decorator' retrieved from /home/airflow/.local/lib/python3.12/site-packages/airflow/example_dags/example_short_circuit_decorator.py
[2026-05-17T01:21:41.893+0000] {logging_mixin.py:190} INFO - [2026-05-17T01:21:41.892+0000] {dag.py:3239} INFO - Sync 1 DAGs
[2026-05-17T01:21:41.927+0000] {logging_mixin.py:190} INFO - [2026-05-17T01:21:41.927+0000] {dag.py:4180} INFO - Setting next_dagrun for example_short_circuit_decorator to None, run_after=None
[2026-05-17T01:21:41.973+0000] {processor.py:208} INFO - Processing /home/airflow/.local/lib/python3.12/site-packages/airflow/example_dags/example_short_circuit_decorator.py took 0.203 seconds
[2026-05-17T01:22:49.294+0000] {processor.py:186} INFO - Started process (PID=175) to work on /home/airflow/.local/lib/python3.12/site-packages/airflow/example_dags/example_short_circuit_decorator.py
[2026-05-17T01:22:49.296+0000] {processor.py:914} INFO - Processing file /home/airflow/.local/lib/python3.12/site-packages/airflow/example_dags/example_short_circuit_decorator.py for tasks to queue
[2026-05-17T01:22:49.301+0000] {logging_mixin.py:190} INFO - [2026-05-17T01:22:49.301+0000] {dagbag.py:588} INFO - Filling up the DagBag from /home/airflow/.local/lib/python3.12/site-packages/airflow/example_dags/example_short_circuit_decorator.py
[2026-05-17T01:22:49.339+0000] {processor.py:925} INFO - DAG(s) 'example_short_circuit_decorator' retrieved from /home/airflow/.local/lib/python3.12/site-packages/airflow/example_dags/example_short_circuit_decorator.py
[2026-05-17T01:22:49.390+0000] {logging_mixin.py:190} INFO - [2026-05-17T01:22:49.389+0000] {dag.py:3239} INFO - Sync 1 DAGs
[2026-05-17T01:22:49.425+0000] {logging_mixin.py:190} INFO - [2026-05-17T01:22:49.424+0000] {dag.py:4180} INFO - Setting next_dagrun for example_short_circuit_decorator to None, run_after=None
[2026-05-17T01:22:49.469+0000] {processor.py:208} INFO - Processing /home/airflow/.local/lib/python3.12/site-packages/airflow/example_dags/example_short_circuit_decorator.py took 0.186 seconds
[2026-05-17T01:51:47.217+0000] {processor.py:186} INFO - Started process (PID=261) to work on /home/airflow/.local/lib/python3.12/site-packages/airflow/example_dags/example_short_circuit_decorator.py
[2026-05-17T01:51:47.220+0000] {processor.py:914} INFO - Processing file /home/airflow/.local/lib/python3.12/site-packages/airflow/example_dags/example_short_circuit_decorator.py for tasks to queue
[2026-05-17T01:51:47.234+0000] {logging_mixin.py:190} INFO - [2026-05-17T01:51:47.231+0000] {dagbag.py:588} INFO - Filling up the DagBag from /home/airflow/.local/lib/python3.12/site-packages/airflow/example_dags/example_short_circuit_decorator.py
[2026-05-17T01:51:47.268+0000] {processor.py:925} INFO - DAG(s) 'example_short_circuit_decorator' retrieved from /home/airflow/.local/lib/python3.12/site-packages/airflow/example_dags/example_short_circuit_decorator.py
[2026-05-17T01:51:47.312+0000] {logging_mixin.py:190} INFO - [2026-05-17T01:51:47.311+0000] {dag.py:3239} INFO - Sync 1 DAGs
[2026-05-17T01:51:47.332+0000] {logging_mixin.py:190} INFO - [2026-05-17T01:51:47.332+0000] {dag.py:4180} INFO - Setting next_dagrun for example_short_circuit_decorator to None, run_after=None
[2026-05-17T01:51:47.365+0000] {processor.py:208} INFO - Processing /home/airflow/.local/lib/python3.12/site-packages/airflow/example_dags/example_short_circuit_decorator.py took 0.161 seconds
[2026-05-17T01:55:09.383+0000] {processor.py:186} INFO - Started process (PID=325) to work on /home/airflow/.local/lib/python3.12/site-packages/airflow/example_dags/example_short_circuit_decorator.py
[2026-05-17T01:55:09.385+0000] {processor.py:914} INFO - Processing file /home/airflow/.local/lib/python3.12/site-packages/airflow/example_dags/example_short_circuit_decorator.py for tasks to queue
[2026-05-17T01:55:09.388+0000] {logging_mixin.py:190} INFO - [2026-05-17T01:55:09.387+0000] {dagbag.py:588} INFO - Filling up the DagBag from /home/airflow/.local/lib/python3.12/site-packages/airflow/example_dags/example_short_circuit_decorator.py
[2026-05-17T01:55:09.407+0000] {processor.py:925} INFO - DAG(s) 'example_short_circuit_decorator' retrieved from /home/airflow/.local/lib/python3.12/site-packages/airflow/example_dags/example_short_circuit_decorator.py
[2026-05-17T01:55:09.452+0000] {logging_mixin.py:190} INFO - [2026-05-17T01:55:09.452+0000] {dag.py:3239} INFO - Sync 1 DAGs
[2026-05-17T01:55:09.484+0000] {logging_mixin.py:190} INFO - [2026-05-17T01:55:09.484+0000] {dag.py:4180} INFO - Setting next_dagrun for example_short_circuit_decorator to None, run_after=None
[2026-05-17T01:55:09.521+0000] {processor.py:208} INFO - Processing /home/airflow/.local/lib/python3.12/site-packages/airflow/example_dags/example_short_circuit_decorator.py took 0.148 seconds
[2026-05-17T01:55:43.566+0000] {processor.py:186} INFO - Started process (PID=388) to work on /home/airflow/.local/lib/python3.12/site-packages/airflow/example_dags/example_short_circuit_decorator.py
[2026-05-17T01:55:43.567+0000] {processor.py:914} INFO - Processing file /home/airflow/.local/lib/python3.12/site-packages/airflow/example_dags/example_short_circuit_decorator.py for tasks to queue
[2026-05-17T01:55:43.569+0000] {logging_mixin.py:190} INFO - [2026-05-17T01:55:43.568+0000] {dagbag.py:588} INFO - Filling up the DagBag from /home/airflow/.local/lib/python3.12/site-packages/airflow/example_dags/example_short_circuit_decorator.py
[2026-05-17T01:55:43.614+0000] {processor.py:925} INFO - DAG(s) 'example_short_circuit_decorator' retrieved from /home/airflow/.local/lib/python3.12/site-packages/airflow/example_dags/example_short_circuit_decorator.py
[2026-05-17T01:55:43.650+0000] {logging_mixin.py:190} INFO - [2026-05-17T01:55:43.649+0000] {dag.py:3239} INFO - Sync 1 DAGs
[2026-05-17T01:55:43.699+0000] {logging_mixin.py:190} INFO - [2026-05-17T01:55:43.691+0000] {dag.py:4180} INFO - Setting next_dagrun for example_short_circuit_decorator to None, run_after=None
[2026-05-17T01:55:43.830+0000] {processor.py:208} INFO - Processing /home/airflow/.local/lib/python3.12/site-packages/airflow/example_dags/example_short_circuit_decorator.py took 0.274 seconds
[2026-05-17T01:56:17.189+0000] {processor.py:186} INFO - Started process (PID=445) to work on /home/airflow/.local/lib/python3.12/site-packages/airflow/example_dags/example_short_circuit_decorator.py
[2026-05-17T01:56:17.190+0000] {processor.py:914} INFO - Processing file /home/airflow/.local/lib/python3.12/site-packages/airflow/example_dags/example_short_circuit_decorator.py for tasks to queue
[2026-05-17T01:56:17.194+0000] {logging_mixin.py:190} INFO - [2026-05-17T01:56:17.193+0000] {dagbag.py:588} INFO - Filling up the DagBag from /home/airflow/.local/lib/python3.12/site-packages/airflow/example_dags/example_short_circuit_decorator.py
[2026-05-17T01:56:17.215+0000] {processor.py:925} INFO - DAG(s) 'example_short_circuit_decorator' retrieved from /home/airflow/.local/lib/python3.12/site-packages/airflow/example_dags/example_short_circuit_decorator.py
[2026-05-17T01:56:17.249+0000] {logging_mixin.py:190} INFO - [2026-05-17T01:56:17.248+0000] {dag.py:3239} INFO - Sync 1 DAGs
[2026-05-17T01:56:17.265+0000] {logging_mixin.py:190} INFO - [2026-05-17T01:56:17.264+0000] {dag.py:4180} INFO - Setting next_dagrun for example_short_circuit_decorator to None, run_after=None
[2026-05-17T01:56:17.326+0000] {processor.py:208} INFO - Processing /home/airflow/.local/lib/python3.12/site-packages/airflow/example_dags/example_short_circuit_decorator.py took 0.153 seconds
[2026-05-17T13:16:24.954+0000] {processor.py:186} INFO - Started process (PID=104) to work on /home/airflow/.local/lib/python3.12/site-packages/airflow/example_dags/example_short_circuit_decorator.py
[2026-05-17T13:16:24.962+0000] {processor.py:914} INFO - Processing file /home/airflow/.local/lib/python3.12/site-packages/airflow/example_dags/example_short_circuit_decorator.py for tasks to queue
[2026-05-17T13:16:24.980+0000] {logging_mixin.py:190} INFO - [2026-05-17T13:16:24.979+0000] {dagbag.py:588} INFO - Filling up the DagBag from /home/airflow/.local/lib/python3.12/site-packages/airflow/example_dags/example_short_circuit_decorator.py
[2026-05-17T13:16:25.011+0000] {processor.py:925} INFO - DAG(s) 'example_short_circuit_decorator' retrieved from /home/airflow/.local/lib/python3.12/site-packages/airflow/example_dags/example_short_circuit_decorator.py
[2026-05-17T13:16:25.070+0000] {logging_mixin.py:190} INFO - [2026-05-17T13:16:25.070+0000] {dag.py:3239} INFO - Sync 1 DAGs
[2026-05-17T13:16:25.106+0000] {logging_mixin.py:190} INFO - [2026-05-17T13:16:25.105+0000] {dag.py:4180} INFO - Setting next_dagrun for example_short_circuit_decorator to None, run_after=None
[2026-05-17T13:16:25.145+0000] {processor.py:208} INFO - Processing /home/airflow/.local/lib/python3.12/site-packages/airflow/example_dags/example_short_circuit_decorator.py took 0.218 seconds
[2026-05-17T13:37:29.511+0000] {processor.py:186} INFO - Started process (PID=95) to work on /home/airflow/.local/lib/python3.12/site-packages/airflow/example_dags/example_short_circuit_decorator.py
[2026-05-17T13:37:29.514+0000] {processor.py:914} INFO - Processing file /home/airflow/.local/lib/python3.12/site-packages/airflow/example_dags/example_short_circuit_decorator.py for tasks to queue
[2026-05-17T13:37:29.525+0000] {logging_mixin.py:190} INFO - [2026-05-17T13:37:29.524+0000] {dagbag.py:588} INFO - Filling up the DagBag from /home/airflow/.local/lib/python3.12/site-packages/airflow/example_dags/example_short_circuit_decorator.py
[2026-05-17T13:37:29.559+0000] {processor.py:925} INFO - DAG(s) 'example_short_circuit_decorator' retrieved from /home/airflow/.local/lib/python3.12/site-packages/airflow/example_dags/example_short_circuit_decorator.py
[2026-05-17T13:37:29.603+0000] {logging_mixin.py:190} INFO - [2026-05-17T13:37:29.603+0000] {dag.py:3239} INFO - Sync 1 DAGs
[2026-05-17T13:37:29.631+0000] {logging_mixin.py:190} INFO - [2026-05-17T13:37:29.631+0000] {dag.py:4180} INFO - Setting next_dagrun for example_short_circuit_decorator to None, run_after=None
[2026-05-17T13:37:29.672+0000] {processor.py:208} INFO - Processing /home/airflow/.local/lib/python3.12/site-packages/airflow/example_dags/example_short_circuit_decorator.py took 0.177 seconds
[2026-05-17T13:38:26.792+0000] {processor.py:186} INFO - Started process (PID=152) to work on /home/airflow/.local/lib/python3.12/site-packages/airflow/example_dags/example_short_circuit_decorator.py
[2026-05-17T13:38:26.793+0000] {processor.py:914} INFO - Processing file /home/airflow/.local/lib/python3.12/site-packages/airflow/example_dags/example_short_circuit_decorator.py for tasks to queue
[2026-05-17T13:38:26.794+0000] {logging_mixin.py:190} INFO - [2026-05-17T13:38:26.794+0000] {dagbag.py:588} INFO - Filling up the DagBag from /home/airflow/.local/lib/python3.12/site-packages/airflow/example_dags/example_short_circuit_decorator.py
[2026-05-17T13:38:26.805+0000] {processor.py:925} INFO - DAG(s) 'example_short_circuit_decorator' retrieved from /home/airflow/.local/lib/python3.12/site-packages/airflow/example_dags/example_short_circuit_decorator.py
[2026-05-17T13:38:26.834+0000] {logging_mixin.py:190} INFO - [2026-05-17T13:38:26.834+0000] {dag.py:3239} INFO - Sync 1 DAGs
[2026-05-17T13:38:26.850+0000] {logging_mixin.py:190} INFO - [2026-05-17T13:38:26.849+0000] {dag.py:4180} INFO - Setting next_dagrun for example_short_circuit_decorator to None, run_after=None
[2026-05-17T13:38:26.873+0000] {processor.py:208} INFO - Processing /home/airflow/.local/lib/python3.12/site-packages/airflow/example_dags/example_short_circuit_decorator.py took 0.086 seconds
[2026-05-17T13:50:53.630+0000] {processor.py:186} INFO - Started process (PID=99) to work on /home/airflow/.local/lib/python3.12/site-packages/airflow/example_dags/example_short_circuit_decorator.py
[2026-05-17T13:50:53.633+0000] {processor.py:914} INFO - Processing file /home/airflow/.local/lib/python3.12/site-packages/airflow/example_dags/example_short_circuit_decorator.py for tasks to queue
[2026-05-17T13:50:53.640+0000] {logging_mixin.py:190} INFO - [2026-05-17T13:50:53.639+0000] {dagbag.py:588} INFO - Filling up the DagBag from /home/airflow/.local/lib/python3.12/site-packages/airflow/example_dags/example_short_circuit_decorator.py
[2026-05-17T13:50:53.673+0000] {processor.py:925} INFO - DAG(s) 'example_short_circuit_decorator' retrieved from /home/airflow/.local/lib/python3.12/site-packages/airflow/example_dags/example_short_circuit_decorator.py
[2026-05-17T13:50:53.747+0000] {logging_mixin.py:190} INFO - [2026-05-17T13:50:53.746+0000] {dag.py:3239} INFO - Sync 1 DAGs
[2026-05-17T13:50:53.804+0000] {logging_mixin.py:190} INFO - [2026-05-17T13:50:53.803+0000] {dag.py:4180} INFO - Setting next_dagrun for example_short_circuit_decorator to None, run_after=None
[2026-05-17T13:50:53.868+0000] {processor.py:208} INFO - Processing /home/airflow/.local/lib/python3.12/site-packages/airflow/example_dags/example_short_circuit_decorator.py took 0.252 seconds
[2026-05-17T16:13:00.497+0000] {processor.py:186} INFO - Started process (PID=107) to work on /home/airflow/.local/lib/python3.12/site-packages/airflow/example_dags/example_short_circuit_decorator.py
[2026-05-17T16:13:00.510+0000] {processor.py:914} INFO - Processing file /home/airflow/.local/lib/python3.12/site-packages/airflow/example_dags/example_short_circuit_decorator.py for tasks to queue
[2026-05-17T16:13:00.519+0000] {logging_mixin.py:190} INFO - [2026-05-17T16:13:00.517+0000] {dagbag.py:588} INFO - Filling up the DagBag from /home/airflow/.local/lib/python3.12/site-packages/airflow/example_dags/example_short_circuit_decorator.py
[2026-05-17T16:13:00.585+0000] {processor.py:925} INFO - DAG(s) 'example_short_circuit_decorator' retrieved from /home/airflow/.local/lib/python3.12/site-packages/airflow/example_dags/example_short_circuit_decorator.py
[2026-05-17T16:13:00.735+0000] {logging_mixin.py:190} INFO - [2026-05-17T16:13:00.734+0000] {dag.py:3239} INFO - Sync 1 DAGs
[2026-05-17T16:13:00.756+0000] {logging_mixin.py:190} INFO - [2026-05-17T16:13:00.756+0000] {dag.py:4180} INFO - Setting next_dagrun for example_short_circuit_decorator to None, run_after=None
[2026-05-17T16:13:00.901+0000] {processor.py:208} INFO - Processing /home/airflow/.local/lib/python3.12/site-packages/airflow/example_dags/example_short_circuit_decorator.py took 0.444 seconds
[2026-05-17T16:23:26.060+0000] {processor.py:186} INFO - Started process (PID=99) to work on /home/airflow/.local/lib/python3.12/site-packages/airflow/example_dags/example_short_circuit_decorator.py
[2026-05-17T16:23:26.123+0000] {processor.py:914} INFO - Processing file /home/airflow/.local/lib/python3.12/site-packages/airflow/example_dags/example_short_circuit_decorator.py for tasks to queue
[2026-05-17T16:23:26.163+0000] {logging_mixin.py:190} INFO - [2026-05-17T16:23:26.162+0000] {dagbag.py:588} INFO - Filling up the DagBag from /home/airflow/.local/lib/python3.12/site-packages/airflow/example_dags/example_short_circuit_decorator.py
[2026-05-17T16:23:26.231+0000] {processor.py:925} INFO - DAG(s) 'example_short_circuit_decorator' retrieved from /home/airflow/.local/lib/python3.12/site-packages/airflow/example_dags/example_short_circuit_decorator.py
[2026-05-17T16:23:26.372+0000] {logging_mixin.py:190} INFO - [2026-05-17T16:23:26.372+0000] {dag.py:3239} INFO - Sync 1 DAGs
[2026-05-17T16:23:26.458+0000] {logging_mixin.py:190} INFO - [2026-05-17T16:23:26.457+0000] {dag.py:4180} INFO - Setting next_dagrun for example_short_circuit_decorator to None, run_after=None
[2026-05-17T16:23:26.591+0000] {processor.py:208} INFO - Processing /home/airflow/.local/lib/python3.12/site-packages/airflow/example_dags/example_short_circuit_decorator.py took 0.606 seconds
[2026-05-17T16:24:20.550+0000] {processor.py:186} INFO - Started process (PID=156) to work on /home/airflow/.local/lib/python3.12/site-packages/airflow/example_dags/example_short_circuit_decorator.py
[2026-05-17T16:24:20.558+0000] {processor.py:914} INFO - Processing file /home/airflow/.local/lib/python3.12/site-packages/airflow/example_dags/example_short_circuit_decorator.py for tasks to queue
[2026-05-17T16:24:20.563+0000] {logging_mixin.py:190} INFO - [2026-05-17T16:24:20.563+0000] {dagbag.py:588} INFO - Filling up the DagBag from /home/airflow/.local/lib/python3.12/site-packages/airflow/example_dags/example_short_circuit_decorator.py
[2026-05-17T16:24:20.599+0000] {processor.py:925} INFO - DAG(s) 'example_short_circuit_decorator' retrieved from /home/airflow/.local/lib/python3.12/site-packages/airflow/example_dags/example_short_circuit_decorator.py
[2026-05-17T16:24:20.675+0000] {logging_mixin.py:190} INFO - [2026-05-17T16:24:20.674+0000] {dag.py:3239} INFO - Sync 1 DAGs
[2026-05-17T16:24:20.745+0000] {logging_mixin.py:190} INFO - [2026-05-17T16:24:20.742+0000] {dag.py:4180} INFO - Setting next_dagrun for example_short_circuit_decorator to None, run_after=None
[2026-05-17T16:24:20.839+0000] {processor.py:208} INFO - Processing /home/airflow/.local/lib/python3.12/site-packages/airflow/example_dags/example_short_circuit_decorator.py took 0.308 seconds
[2026-05-17T18:14:37.464+0000] {processor.py:186} INFO - Started process (PID=102) to work on /home/airflow/.local/lib/python3.12/site-packages/airflow/example_dags/example_short_circuit_decorator.py
[2026-05-17T18:14:37.467+0000] {processor.py:914} INFO - Processing file /home/airflow/.local/lib/python3.12/site-packages/airflow/example_dags/example_short_circuit_decorator.py for tasks to queue
[2026-05-17T18:14:37.472+0000] {logging_mixin.py:190} INFO - [2026-05-17T18:14:37.472+0000] {dagbag.py:588} INFO - Filling up the DagBag from /home/airflow/.local/lib/python3.12/site-packages/airflow/example_dags/example_short_circuit_decorator.py
[2026-05-17T18:14:37.498+0000] {processor.py:925} INFO - DAG(s) 'example_short_circuit_decorator' retrieved from /home/airflow/.local/lib/python3.12/site-packages/airflow/example_dags/example_short_circuit_decorator.py
[2026-05-17T18:14:38.450+0000] {logging_mixin.py:190} INFO - [2026-05-17T18:14:38.449+0000] {dag.py:3239} INFO - Sync 1 DAGs
[2026-05-17T18:14:39.595+0000] {logging_mixin.py:190} INFO - [2026-05-17T18:14:39.595+0000] {dag.py:4180} INFO - Setting next_dagrun for example_short_circuit_decorator to None, run_after=None
[2026-05-17T18:14:40.509+0000] {processor.py:208} INFO - Processing /home/airflow/.local/lib/python3.12/site-packages/airflow/example_dags/example_short_circuit_decorator.py took 3.060 seconds
[2026-05-17T18:15:38.840+0000] {processor.py:186} INFO - Started process (PID=172) to work on /home/airflow/.local/lib/python3.12/site-packages/airflow/example_dags/example_short_circuit_decorator.py
[2026-05-17T18:15:38.847+0000] {processor.py:914} INFO - Processing file /home/airflow/.local/lib/python3.12/site-packages/airflow/example_dags/example_short_circuit_decorator.py for tasks to queue
[2026-05-17T18:15:38.852+0000] {logging_mixin.py:190} INFO - [2026-05-17T18:15:38.851+0000] {dagbag.py:588} INFO - Filling up the DagBag from /home/airflow/.local/lib/python3.12/site-packages/airflow/example_dags/example_short_circuit_decorator.py
[2026-05-17T18:15:38.871+0000] {processor.py:925} INFO - DAG(s) 'example_short_circuit_decorator' retrieved from /home/airflow/.local/lib/python3.12/site-packages/airflow/example_dags/example_short_circuit_decorator.py
[2026-05-17T18:15:38.934+0000] {logging_mixin.py:190} INFO - [2026-05-17T18:15:38.934+0000] {dag.py:3239} INFO - Sync 1 DAGs
[2026-05-17T18:15:38.982+0000] {logging_mixin.py:190} INFO - [2026-05-17T18:15:38.982+0000] {dag.py:4180} INFO - Setting next_dagrun for example_short_circuit_decorator to None, run_after=None
[2026-05-17T18:15:39.024+0000] {processor.py:208} INFO - Processing /home/airflow/.local/lib/python3.12/site-packages/airflow/example_dags/example_short_circuit_decorator.py took 0.194 seconds
[2026-05-17T18:23:06.311+0000] {processor.py:186} INFO - Started process (PID=99) to work on /home/airflow/.local/lib/python3.12/site-packages/airflow/example_dags/example_short_circuit_decorator.py
[2026-05-17T18:23:06.316+0000] {processor.py:914} INFO - Processing file /home/airflow/.local/lib/python3.12/site-packages/airflow/example_dags/example_short_circuit_decorator.py for tasks to queue
[2026-05-17T18:23:06.327+0000] {logging_mixin.py:190} INFO - [2026-05-17T18:23:06.326+0000] {dagbag.py:588} INFO - Filling up the DagBag from /home/airflow/.local/lib/python3.12/site-packages/airflow/example_dags/example_short_circuit_decorator.py
[2026-05-17T18:23:06.357+0000] {processor.py:925} INFO - DAG(s) 'example_short_circuit_decorator' retrieved from /home/airflow/.local/lib/python3.12/site-packages/airflow/example_dags/example_short_circuit_decorator.py
[2026-05-17T18:23:06.414+0000] {logging_mixin.py:190} INFO - [2026-05-17T18:23:06.413+0000] {dag.py:3239} INFO - Sync 1 DAGs
[2026-05-17T18:23:06.444+0000] {logging_mixin.py:190} INFO - [2026-05-17T18:23:06.444+0000] {dag.py:4180} INFO - Setting next_dagrun for example_short_circuit_decorator to None, run_after=None
[2026-05-17T18:23:06.498+0000] {processor.py:208} INFO - Processing /home/airflow/.local/lib/python3.12/site-packages/airflow/example_dags/example_short_circuit_decorator.py took 0.198 seconds
