[2026-05-17T00:38:31.405+0000] {processor.py:186} INFO - Started process (PID=120) to work on /home/airflow/.local/lib/python3.12/site-packages/airflow/example_dags/example_inlet_event_extra.py
[2026-05-17T00:38:31.408+0000] {processor.py:914} INFO - Processing file /home/airflow/.local/lib/python3.12/site-packages/airflow/example_dags/example_inlet_event_extra.py for tasks to queue
[2026-05-17T00:38:31.413+0000] {logging_mixin.py:190} INFO - [2026-05-17T00:38:31.412+0000] {dagbag.py:588} INFO - Filling up the DagBag from /home/airflow/.local/lib/python3.12/site-packages/airflow/example_dags/example_inlet_event_extra.py
[2026-05-17T00:38:32.078+0000] {processor.py:925} INFO - DAG(s) 'read_dataset_event', 'read_dataset_event_from_classic' retrieved from /home/airflow/.local/lib/python3.12/site-packages/airflow/example_dags/example_inlet_event_extra.py
[2026-05-17T00:38:32.288+0000] {logging_mixin.py:190} INFO - [2026-05-17T00:38:32.286+0000] {override.py:1900} INFO - Created Permission View: can read on DAG:read_dataset_event
[2026-05-17T00:38:32.311+0000] {logging_mixin.py:190} INFO - [2026-05-17T00:38:32.311+0000] {override.py:1900} INFO - Created Permission View: can edit on DAG:read_dataset_event
[2026-05-17T00:38:32.329+0000] {logging_mixin.py:190} INFO - [2026-05-17T00:38:32.328+0000] {override.py:1900} INFO - Created Permission View: can delete on DAG:read_dataset_event
[2026-05-17T00:38:32.359+0000] {logging_mixin.py:190} INFO - [2026-05-17T00:38:32.358+0000] {override.py:1900} INFO - Created Permission View: can read on DAG Run:read_dataset_event
[2026-05-17T00:38:32.384+0000] {logging_mixin.py:190} INFO - [2026-05-17T00:38:32.383+0000] {override.py:1900} INFO - Created Permission View: can create on DAG Run:read_dataset_event
[2026-05-17T00:38:32.430+0000] {logging_mixin.py:190} INFO - [2026-05-17T00:38:32.430+0000] {override.py:1900} INFO - Created Permission View: can delete on DAG Run:read_dataset_event
[2026-05-17T00:38:32.455+0000] {logging_mixin.py:190} INFO - [2026-05-17T00:38:32.454+0000] {override.py:1900} INFO - Created Permission View: menu access on DAG Run:read_dataset_event
[2026-05-17T00:38:32.520+0000] {logging_mixin.py:190} INFO - [2026-05-17T00:38:32.519+0000] {override.py:1900} INFO - Created Permission View: can read on DAG:read_dataset_event_from_classic
[2026-05-17T00:38:32.541+0000] {logging_mixin.py:190} INFO - [2026-05-17T00:38:32.540+0000] {override.py:1900} INFO - Created Permission View: can edit on DAG:read_dataset_event_from_classic
[2026-05-17T00:38:32.555+0000] {logging_mixin.py:190} INFO - [2026-05-17T00:38:32.554+0000] {override.py:1900} INFO - Created Permission View: can delete on DAG:read_dataset_event_from_classic
[2026-05-17T00:38:32.589+0000] {logging_mixin.py:190} INFO - [2026-05-17T00:38:32.588+0000] {override.py:1900} INFO - Created Permission View: can read on DAG Run:read_dataset_event_from_classic
[2026-05-17T00:38:32.604+0000] {logging_mixin.py:190} INFO - [2026-05-17T00:38:32.603+0000] {override.py:1900} INFO - Created Permission View: can create on DAG Run:read_dataset_event_from_classic
[2026-05-17T00:38:32.625+0000] {logging_mixin.py:190} INFO - [2026-05-17T00:38:32.624+0000] {override.py:1900} INFO - Created Permission View: can delete on DAG Run:read_dataset_event_from_classic
[2026-05-17T00:38:32.641+0000] {logging_mixin.py:190} INFO - [2026-05-17T00:38:32.640+0000] {override.py:1900} INFO - Created Permission View: menu access on DAG Run:read_dataset_event_from_classic
[2026-05-17T00:38:32.643+0000] {logging_mixin.py:190} INFO - [2026-05-17T00:38:32.643+0000] {dag.py:3239} INFO - Sync 2 DAGs
[2026-05-17T00:38:32.666+0000] {logging_mixin.py:190} INFO - [2026-05-17T00:38:32.665+0000] {dag.py:3262} INFO - Creating ORM DAG for read_dataset_event
[2026-05-17T00:38:32.667+0000] {logging_mixin.py:190} INFO - [2026-05-17T00:38:32.667+0000] {dag.py:3262} INFO - Creating ORM DAG for read_dataset_event_from_classic
[2026-05-17T00:38:32.685+0000] {logging_mixin.py:190} INFO - [2026-05-17T00:38:32.684+0000] {dag.py:4180} INFO - Setting next_dagrun for read_dataset_event to 2026-05-16 00:00:00+00:00, run_after=2026-05-17 00:00:00+00:00
[2026-05-17T00:38:32.688+0000] {logging_mixin.py:190} INFO - [2026-05-17T00:38:32.688+0000] {dag.py:4180} INFO - Setting next_dagrun for read_dataset_event_from_classic to 2026-05-16 00:00:00+00:00, run_after=2026-05-17 00:00:00+00:00
[2026-05-17T00:38:32.736+0000] {processor.py:208} INFO - Processing /home/airflow/.local/lib/python3.12/site-packages/airflow/example_dags/example_inlet_event_extra.py took 1.345 seconds
[2026-05-17T00:39:02.924+0000] {processor.py:186} INFO - Started process (PID=183) to work on /home/airflow/.local/lib/python3.12/site-packages/airflow/example_dags/example_inlet_event_extra.py
[2026-05-17T00:39:02.927+0000] {processor.py:914} INFO - Processing file /home/airflow/.local/lib/python3.12/site-packages/airflow/example_dags/example_inlet_event_extra.py for tasks to queue
[2026-05-17T00:39:02.936+0000] {logging_mixin.py:190} INFO - [2026-05-17T00:39:02.935+0000] {dagbag.py:588} INFO - Filling up the DagBag from /home/airflow/.local/lib/python3.12/site-packages/airflow/example_dags/example_inlet_event_extra.py
[2026-05-17T00:39:03.627+0000] {processor.py:925} INFO - DAG(s) 'read_dataset_event_from_classic', 'read_dataset_event' retrieved from /home/airflow/.local/lib/python3.12/site-packages/airflow/example_dags/example_inlet_event_extra.py
[2026-05-17T00:39:03.705+0000] {logging_mixin.py:190} INFO - [2026-05-17T00:39:03.704+0000] {dag.py:3239} INFO - Sync 2 DAGs
[2026-05-17T00:39:03.787+0000] {logging_mixin.py:190} INFO - [2026-05-17T00:39:03.787+0000] {dag.py:4180} INFO - Setting next_dagrun for read_dataset_event to 2026-05-16 00:00:00+00:00, run_after=2026-05-17 00:00:00+00:00
[2026-05-17T00:39:03.802+0000] {logging_mixin.py:190} INFO - [2026-05-17T00:39:03.802+0000] {dag.py:4180} INFO - Setting next_dagrun for read_dataset_event_from_classic to 2026-05-16 00:00:00+00:00, run_after=2026-05-17 00:00:00+00:00
[2026-05-17T00:39:03.870+0000] {processor.py:208} INFO - Processing /home/airflow/.local/lib/python3.12/site-packages/airflow/example_dags/example_inlet_event_extra.py took 0.966 seconds
[2026-05-17T01:21:53.095+0000] {processor.py:186} INFO - Started process (PID=130) to work on /home/airflow/.local/lib/python3.12/site-packages/airflow/example_dags/example_inlet_event_extra.py
[2026-05-17T01:21:53.166+0000] {processor.py:914} INFO - Processing file /home/airflow/.local/lib/python3.12/site-packages/airflow/example_dags/example_inlet_event_extra.py for tasks to queue
[2026-05-17T01:21:53.294+0000] {logging_mixin.py:190} INFO - [2026-05-17T01:21:53.293+0000] {dagbag.py:588} INFO - Filling up the DagBag from /home/airflow/.local/lib/python3.12/site-packages/airflow/example_dags/example_inlet_event_extra.py
[2026-05-17T01:21:53.725+0000] {processor.py:925} INFO - DAG(s) 'read_dataset_event_from_classic', 'read_dataset_event' retrieved from /home/airflow/.local/lib/python3.12/site-packages/airflow/example_dags/example_inlet_event_extra.py
[2026-05-17T01:21:54.050+0000] {logging_mixin.py:190} INFO - [2026-05-17T01:21:54.049+0000] {dag.py:3239} INFO - Sync 2 DAGs
[2026-05-17T01:21:54.286+0000] {logging_mixin.py:190} INFO - [2026-05-17T01:21:54.286+0000] {dag.py:4180} INFO - Setting next_dagrun for read_dataset_event to 2026-05-16 00:00:00+00:00, run_after=2026-05-17 00:00:00+00:00
[2026-05-17T01:21:54.331+0000] {logging_mixin.py:190} INFO - [2026-05-17T01:21:54.330+0000] {dag.py:4180} INFO - Setting next_dagrun for read_dataset_event_from_classic to 2026-05-16 00:00:00+00:00, run_after=2026-05-17 00:00:00+00:00
[2026-05-17T01:21:54.561+0000] {processor.py:208} INFO - Processing /home/airflow/.local/lib/python3.12/site-packages/airflow/example_dags/example_inlet_event_extra.py took 1.476 seconds
[2026-05-17T01:22:53.502+0000] {processor.py:186} INFO - Started process (PID=193) to work on /home/airflow/.local/lib/python3.12/site-packages/airflow/example_dags/example_inlet_event_extra.py
[2026-05-17T01:22:53.552+0000] {processor.py:914} INFO - Processing file /home/airflow/.local/lib/python3.12/site-packages/airflow/example_dags/example_inlet_event_extra.py for tasks to queue
[2026-05-17T01:22:53.555+0000] {logging_mixin.py:190} INFO - [2026-05-17T01:22:53.554+0000] {dagbag.py:588} INFO - Filling up the DagBag from /home/airflow/.local/lib/python3.12/site-packages/airflow/example_dags/example_inlet_event_extra.py
[2026-05-17T01:22:53.854+0000] {processor.py:925} INFO - DAG(s) 'read_dataset_event', 'read_dataset_event_from_classic' retrieved from /home/airflow/.local/lib/python3.12/site-packages/airflow/example_dags/example_inlet_event_extra.py
[2026-05-17T01:22:53.875+0000] {logging_mixin.py:190} INFO - [2026-05-17T01:22:53.875+0000] {dag.py:3239} INFO - Sync 2 DAGs
[2026-05-17T01:22:53.902+0000] {logging_mixin.py:190} INFO - [2026-05-17T01:22:53.902+0000] {dag.py:4180} INFO - Setting next_dagrun for read_dataset_event to 2026-05-16 00:00:00+00:00, run_after=2026-05-17 00:00:00+00:00
[2026-05-17T01:22:53.908+0000] {logging_mixin.py:190} INFO - [2026-05-17T01:22:53.907+0000] {dag.py:4180} INFO - Setting next_dagrun for read_dataset_event_from_classic to 2026-05-16 00:00:00+00:00, run_after=2026-05-17 00:00:00+00:00
[2026-05-17T01:22:54.084+0000] {processor.py:208} INFO - Processing /home/airflow/.local/lib/python3.12/site-packages/airflow/example_dags/example_inlet_event_extra.py took 0.592 seconds
[2026-05-17T01:51:49.203+0000] {processor.py:186} INFO - Started process (PID=279) to work on /home/airflow/.local/lib/python3.12/site-packages/airflow/example_dags/example_inlet_event_extra.py
[2026-05-17T01:51:49.204+0000] {processor.py:914} INFO - Processing file /home/airflow/.local/lib/python3.12/site-packages/airflow/example_dags/example_inlet_event_extra.py for tasks to queue
[2026-05-17T01:51:49.207+0000] {logging_mixin.py:190} INFO - [2026-05-17T01:51:49.206+0000] {dagbag.py:588} INFO - Filling up the DagBag from /home/airflow/.local/lib/python3.12/site-packages/airflow/example_dags/example_inlet_event_extra.py
[2026-05-17T01:51:49.379+0000] {processor.py:925} INFO - DAG(s) 'read_dataset_event', 'read_dataset_event_from_classic' retrieved from /home/airflow/.local/lib/python3.12/site-packages/airflow/example_dags/example_inlet_event_extra.py
[2026-05-17T01:51:49.402+0000] {logging_mixin.py:190} INFO - [2026-05-17T01:51:49.402+0000] {dag.py:3239} INFO - Sync 2 DAGs
[2026-05-17T01:51:49.427+0000] {logging_mixin.py:190} INFO - [2026-05-17T01:51:49.427+0000] {dag.py:4180} INFO - Setting next_dagrun for read_dataset_event to 2026-05-16 00:00:00+00:00, run_after=2026-05-17 00:00:00+00:00
[2026-05-17T01:51:49.435+0000] {logging_mixin.py:190} INFO - [2026-05-17T01:51:49.435+0000] {dag.py:4180} INFO - Setting next_dagrun for read_dataset_event_from_classic to 2026-05-16 00:00:00+00:00, run_after=2026-05-17 00:00:00+00:00
[2026-05-17T01:51:49.556+0000] {processor.py:208} INFO - Processing /home/airflow/.local/lib/python3.12/site-packages/airflow/example_dags/example_inlet_event_extra.py took 0.360 seconds
[2026-05-17T01:55:12.358+0000] {processor.py:186} INFO - Started process (PID=343) to work on /home/airflow/.local/lib/python3.12/site-packages/airflow/example_dags/example_inlet_event_extra.py
[2026-05-17T01:55:12.360+0000] {processor.py:914} INFO - Processing file /home/airflow/.local/lib/python3.12/site-packages/airflow/example_dags/example_inlet_event_extra.py for tasks to queue
[2026-05-17T01:55:12.364+0000] {logging_mixin.py:190} INFO - [2026-05-17T01:55:12.363+0000] {dagbag.py:588} INFO - Filling up the DagBag from /home/airflow/.local/lib/python3.12/site-packages/airflow/example_dags/example_inlet_event_extra.py
[2026-05-17T01:55:12.632+0000] {processor.py:925} INFO - DAG(s) 'read_dataset_event', 'read_dataset_event_from_classic' retrieved from /home/airflow/.local/lib/python3.12/site-packages/airflow/example_dags/example_inlet_event_extra.py
[2026-05-17T01:55:12.674+0000] {logging_mixin.py:190} INFO - [2026-05-17T01:55:12.673+0000] {dag.py:3239} INFO - Sync 2 DAGs
[2026-05-17T01:55:12.716+0000] {logging_mixin.py:190} INFO - [2026-05-17T01:55:12.716+0000] {dag.py:4180} INFO - Setting next_dagrun for read_dataset_event to 2026-05-16 00:00:00+00:00, run_after=2026-05-17 00:00:00+00:00
[2026-05-17T01:55:12.727+0000] {logging_mixin.py:190} INFO - [2026-05-17T01:55:12.727+0000] {dag.py:4180} INFO - Setting next_dagrun for read_dataset_event_from_classic to 2026-05-16 00:00:00+00:00, run_after=2026-05-17 00:00:00+00:00
[2026-05-17T01:55:12.755+0000] {processor.py:208} INFO - Processing /home/airflow/.local/lib/python3.12/site-packages/airflow/example_dags/example_inlet_event_extra.py took 0.409 seconds
[2026-05-17T01:55:48.615+0000] {processor.py:186} INFO - Started process (PID=406) to work on /home/airflow/.local/lib/python3.12/site-packages/airflow/example_dags/example_inlet_event_extra.py
[2026-05-17T01:55:48.618+0000] {processor.py:914} INFO - Processing file /home/airflow/.local/lib/python3.12/site-packages/airflow/example_dags/example_inlet_event_extra.py for tasks to queue
[2026-05-17T01:55:48.620+0000] {logging_mixin.py:190} INFO - [2026-05-17T01:55:48.619+0000] {dagbag.py:588} INFO - Filling up the DagBag from /home/airflow/.local/lib/python3.12/site-packages/airflow/example_dags/example_inlet_event_extra.py
[2026-05-17T01:55:49.121+0000] {processor.py:925} INFO - DAG(s) 'read_dataset_event', 'read_dataset_event_from_classic' retrieved from /home/airflow/.local/lib/python3.12/site-packages/airflow/example_dags/example_inlet_event_extra.py
[2026-05-17T01:55:49.176+0000] {logging_mixin.py:190} INFO - [2026-05-17T01:55:49.175+0000] {dag.py:3239} INFO - Sync 2 DAGs
[2026-05-17T01:55:49.212+0000] {logging_mixin.py:190} INFO - [2026-05-17T01:55:49.212+0000] {dag.py:4180} INFO - Setting next_dagrun for read_dataset_event to 2026-05-16 00:00:00+00:00, run_after=2026-05-17 00:00:00+00:00
[2026-05-17T01:55:49.221+0000] {logging_mixin.py:190} INFO - [2026-05-17T01:55:49.220+0000] {dag.py:4180} INFO - Setting next_dagrun for read_dataset_event_from_classic to 2026-05-16 00:00:00+00:00, run_after=2026-05-17 00:00:00+00:00
[2026-05-17T01:55:49.359+0000] {processor.py:208} INFO - Processing /home/airflow/.local/lib/python3.12/site-packages/airflow/example_dags/example_inlet_event_extra.py took 0.755 seconds
[2026-05-17T02:03:09.933+0000] {processor.py:186} INFO - Started process (PID=469) to work on /home/airflow/.local/lib/python3.12/site-packages/airflow/example_dags/example_inlet_event_extra.py
[2026-05-17T02:03:09.936+0000] {processor.py:914} INFO - Processing file /home/airflow/.local/lib/python3.12/site-packages/airflow/example_dags/example_inlet_event_extra.py for tasks to queue
[2026-05-17T02:03:09.938+0000] {logging_mixin.py:190} INFO - [2026-05-17T02:03:09.938+0000] {dagbag.py:588} INFO - Filling up the DagBag from /home/airflow/.local/lib/python3.12/site-packages/airflow/example_dags/example_inlet_event_extra.py
[2026-05-17T02:03:10.791+0000] {processor.py:925} INFO - DAG(s) 'read_dataset_event', 'read_dataset_event_from_classic' retrieved from /home/airflow/.local/lib/python3.12/site-packages/airflow/example_dags/example_inlet_event_extra.py
[2026-05-17T02:03:10.824+0000] {logging_mixin.py:190} INFO - [2026-05-17T02:03:10.823+0000] {dag.py:3239} INFO - Sync 2 DAGs
[2026-05-17T02:03:10.861+0000] {logging_mixin.py:190} INFO - [2026-05-17T02:03:10.861+0000] {dag.py:4180} INFO - Setting next_dagrun for read_dataset_event to 2026-05-16 00:00:00+00:00, run_after=2026-05-17 00:00:00+00:00
[2026-05-17T02:03:10.869+0000] {logging_mixin.py:190} INFO - [2026-05-17T02:03:10.869+0000] {dag.py:4180} INFO - Setting next_dagrun for read_dataset_event_from_classic to 2026-05-16 00:00:00+00:00, run_after=2026-05-17 00:00:00+00:00
[2026-05-17T02:03:10.928+0000] {processor.py:208} INFO - Processing /home/airflow/.local/lib/python3.12/site-packages/airflow/example_dags/example_inlet_event_extra.py took 1.217 seconds
[2026-05-17T13:16:35.505+0000] {processor.py:186} INFO - Started process (PID=122) to work on /home/airflow/.local/lib/python3.12/site-packages/airflow/example_dags/example_inlet_event_extra.py
[2026-05-17T13:16:35.510+0000] {processor.py:914} INFO - Processing file /home/airflow/.local/lib/python3.12/site-packages/airflow/example_dags/example_inlet_event_extra.py for tasks to queue
[2026-05-17T13:16:35.517+0000] {logging_mixin.py:190} INFO - [2026-05-17T13:16:35.516+0000] {dagbag.py:588} INFO - Filling up the DagBag from /home/airflow/.local/lib/python3.12/site-packages/airflow/example_dags/example_inlet_event_extra.py
[2026-05-17T13:16:37.227+0000] {processor.py:925} INFO - DAG(s) 'read_dataset_event', 'read_dataset_event_from_classic' retrieved from /home/airflow/.local/lib/python3.12/site-packages/airflow/example_dags/example_inlet_event_extra.py
[2026-05-17T13:37:32.191+0000] {processor.py:186} INFO - Started process (PID=113) to work on /home/airflow/.local/lib/python3.12/site-packages/airflow/example_dags/example_inlet_event_extra.py
[2026-05-17T13:37:32.198+0000] {processor.py:914} INFO - Processing file /home/airflow/.local/lib/python3.12/site-packages/airflow/example_dags/example_inlet_event_extra.py for tasks to queue
[2026-05-17T13:37:32.201+0000] {logging_mixin.py:190} INFO - [2026-05-17T13:37:32.201+0000] {dagbag.py:588} INFO - Filling up the DagBag from /home/airflow/.local/lib/python3.12/site-packages/airflow/example_dags/example_inlet_event_extra.py
[2026-05-17T13:37:32.429+0000] {processor.py:925} INFO - DAG(s) 'read_dataset_event', 'read_dataset_event_from_classic' retrieved from /home/airflow/.local/lib/python3.12/site-packages/airflow/example_dags/example_inlet_event_extra.py
[2026-05-17T13:37:32.523+0000] {logging_mixin.py:190} INFO - [2026-05-17T13:37:32.523+0000] {dag.py:3239} INFO - Sync 2 DAGs
[2026-05-17T13:37:32.808+0000] {logging_mixin.py:190} INFO - [2026-05-17T13:37:32.808+0000] {dag.py:4180} INFO - Setting next_dagrun for read_dataset_event to 2026-05-16 00:00:00+00:00, run_after=2026-05-17 00:00:00+00:00
[2026-05-17T13:37:32.822+0000] {logging_mixin.py:190} INFO - [2026-05-17T13:37:32.821+0000] {dag.py:4180} INFO - Setting next_dagrun for read_dataset_event_from_classic to 2026-05-16 00:00:00+00:00, run_after=2026-05-17 00:00:00+00:00
[2026-05-17T13:37:32.861+0000] {processor.py:208} INFO - Processing /home/airflow/.local/lib/python3.12/site-packages/airflow/example_dags/example_inlet_event_extra.py took 0.676 seconds
[2026-05-17T13:38:28.383+0000] {processor.py:186} INFO - Started process (PID=170) to work on /home/airflow/.local/lib/python3.12/site-packages/airflow/example_dags/example_inlet_event_extra.py
[2026-05-17T13:38:28.384+0000] {processor.py:914} INFO - Processing file /home/airflow/.local/lib/python3.12/site-packages/airflow/example_dags/example_inlet_event_extra.py for tasks to queue
[2026-05-17T13:38:28.385+0000] {logging_mixin.py:190} INFO - [2026-05-17T13:38:28.385+0000] {dagbag.py:588} INFO - Filling up the DagBag from /home/airflow/.local/lib/python3.12/site-packages/airflow/example_dags/example_inlet_event_extra.py
[2026-05-17T13:38:28.545+0000] {processor.py:925} INFO - DAG(s) 'read_dataset_event', 'read_dataset_event_from_classic' retrieved from /home/airflow/.local/lib/python3.12/site-packages/airflow/example_dags/example_inlet_event_extra.py
[2026-05-17T13:38:28.569+0000] {logging_mixin.py:190} INFO - [2026-05-17T13:38:28.569+0000] {dag.py:3239} INFO - Sync 2 DAGs
[2026-05-17T13:38:28.596+0000] {logging_mixin.py:190} INFO - [2026-05-17T13:38:28.596+0000] {dag.py:4180} INFO - Setting next_dagrun for read_dataset_event to 2026-05-16 00:00:00+00:00, run_after=2026-05-17 00:00:00+00:00
[2026-05-17T13:38:28.605+0000] {logging_mixin.py:190} INFO - [2026-05-17T13:38:28.605+0000] {dag.py:4180} INFO - Setting next_dagrun for read_dataset_event_from_classic to 2026-05-16 00:00:00+00:00, run_after=2026-05-17 00:00:00+00:00
[2026-05-17T13:38:28.623+0000] {processor.py:208} INFO - Processing /home/airflow/.local/lib/python3.12/site-packages/airflow/example_dags/example_inlet_event_extra.py took 0.246 seconds
[2026-05-17T13:51:30.563+0000] {processor.py:186} INFO - Started process (PID=117) to work on /home/airflow/.local/lib/python3.12/site-packages/airflow/example_dags/example_inlet_event_extra.py
[2026-05-17T13:51:30.567+0000] {processor.py:914} INFO - Processing file /home/airflow/.local/lib/python3.12/site-packages/airflow/example_dags/example_inlet_event_extra.py for tasks to queue
[2026-05-17T13:51:30.580+0000] {logging_mixin.py:190} INFO - [2026-05-17T13:51:30.579+0000] {dagbag.py:588} INFO - Filling up the DagBag from /home/airflow/.local/lib/python3.12/site-packages/airflow/example_dags/example_inlet_event_extra.py
[2026-05-17T13:51:32.070+0000] {processor.py:925} INFO - DAG(s) 'read_dataset_event_from_classic', 'read_dataset_event' retrieved from /home/airflow/.local/lib/python3.12/site-packages/airflow/example_dags/example_inlet_event_extra.py
[2026-05-17T13:51:32.178+0000] {logging_mixin.py:190} INFO - [2026-05-17T13:51:32.177+0000] {dag.py:3239} INFO - Sync 2 DAGs
[2026-05-17T13:51:32.320+0000] {logging_mixin.py:190} INFO - [2026-05-17T13:51:32.319+0000] {dag.py:4180} INFO - Setting next_dagrun for read_dataset_event to 2026-05-16 00:00:00+00:00, run_after=2026-05-17 00:00:00+00:00
[2026-05-17T13:51:32.334+0000] {logging_mixin.py:190} INFO - [2026-05-17T13:51:32.333+0000] {dag.py:4180} INFO - Setting next_dagrun for read_dataset_event_from_classic to 2026-05-16 00:00:00+00:00, run_after=2026-05-17 00:00:00+00:00
[2026-05-17T13:51:32.385+0000] {processor.py:208} INFO - Processing /home/airflow/.local/lib/python3.12/site-packages/airflow/example_dags/example_inlet_event_extra.py took 2.095 seconds
[2026-05-17T16:13:30.009+0000] {processor.py:186} INFO - Started process (PID=125) to work on /home/airflow/.local/lib/python3.12/site-packages/airflow/example_dags/example_inlet_event_extra.py
[2026-05-17T16:13:30.080+0000] {processor.py:914} INFO - Processing file /home/airflow/.local/lib/python3.12/site-packages/airflow/example_dags/example_inlet_event_extra.py for tasks to queue
[2026-05-17T16:13:30.084+0000] {logging_mixin.py:190} INFO - [2026-05-17T16:13:30.083+0000] {dagbag.py:588} INFO - Filling up the DagBag from /home/airflow/.local/lib/python3.12/site-packages/airflow/example_dags/example_inlet_event_extra.py
[2026-05-17T16:13:34.521+0000] {processor.py:925} INFO - DAG(s) 'read_dataset_event_from_classic', 'read_dataset_event' retrieved from /home/airflow/.local/lib/python3.12/site-packages/airflow/example_dags/example_inlet_event_extra.py
[2026-05-17T16:13:34.573+0000] {logging_mixin.py:190} INFO - [2026-05-17T16:13:34.572+0000] {dag.py:3239} INFO - Sync 2 DAGs
[2026-05-17T16:13:34.645+0000] {logging_mixin.py:190} INFO - [2026-05-17T16:13:34.645+0000] {dag.py:4180} INFO - Setting next_dagrun for read_dataset_event to 2026-05-16 00:00:00+00:00, run_after=2026-05-17 00:00:00+00:00
[2026-05-17T16:13:34.657+0000] {logging_mixin.py:190} INFO - [2026-05-17T16:13:34.656+0000] {dag.py:4180} INFO - Setting next_dagrun for read_dataset_event_from_classic to 2026-05-16 00:00:00+00:00, run_after=2026-05-17 00:00:00+00:00
[2026-05-17T16:13:34.727+0000] {processor.py:208} INFO - Processing /home/airflow/.local/lib/python3.12/site-packages/airflow/example_dags/example_inlet_event_extra.py took 4.836 seconds
[2026-05-17T16:24:06.356+0000] {processor.py:186} INFO - Started process (PID=117) to work on /home/airflow/.local/lib/python3.12/site-packages/airflow/example_dags/example_inlet_event_extra.py
[2026-05-17T16:24:06.360+0000] {processor.py:914} INFO - Processing file /home/airflow/.local/lib/python3.12/site-packages/airflow/example_dags/example_inlet_event_extra.py for tasks to queue
[2026-05-17T16:24:06.365+0000] {logging_mixin.py:190} INFO - [2026-05-17T16:24:06.365+0000] {dagbag.py:588} INFO - Filling up the DagBag from /home/airflow/.local/lib/python3.12/site-packages/airflow/example_dags/example_inlet_event_extra.py
[2026-05-17T16:24:07.317+0000] {processor.py:925} INFO - DAG(s) 'read_dataset_event', 'read_dataset_event_from_classic' retrieved from /home/airflow/.local/lib/python3.12/site-packages/airflow/example_dags/example_inlet_event_extra.py
[2026-05-17T16:24:07.375+0000] {logging_mixin.py:190} INFO - [2026-05-17T16:24:07.375+0000] {dag.py:3239} INFO - Sync 2 DAGs
[2026-05-17T16:24:07.501+0000] {logging_mixin.py:190} INFO - [2026-05-17T16:24:07.500+0000] {dag.py:4180} INFO - Setting next_dagrun for read_dataset_event to 2026-05-16 00:00:00+00:00, run_after=2026-05-17 00:00:00+00:00
[2026-05-17T16:24:07.520+0000] {logging_mixin.py:190} INFO - [2026-05-17T16:24:07.519+0000] {dag.py:4180} INFO - Setting next_dagrun for read_dataset_event_from_classic to 2026-05-16 00:00:00+00:00, run_after=2026-05-17 00:00:00+00:00
[2026-05-17T16:24:07.567+0000] {processor.py:208} INFO - Processing /home/airflow/.local/lib/python3.12/site-packages/airflow/example_dags/example_inlet_event_extra.py took 1.227 seconds
[2026-05-17T18:14:57.226+0000] {processor.py:186} INFO - Started process (PID=126) to work on /home/airflow/.local/lib/python3.12/site-packages/airflow/example_dags/example_inlet_event_extra.py
[2026-05-17T18:14:57.228+0000] {processor.py:914} INFO - Processing file /home/airflow/.local/lib/python3.12/site-packages/airflow/example_dags/example_inlet_event_extra.py for tasks to queue
[2026-05-17T18:14:57.238+0000] {logging_mixin.py:190} INFO - [2026-05-17T18:14:57.237+0000] {dagbag.py:588} INFO - Filling up the DagBag from /home/airflow/.local/lib/python3.12/site-packages/airflow/example_dags/example_inlet_event_extra.py
[2026-05-17T18:14:58.019+0000] {processor.py:925} INFO - DAG(s) 'read_dataset_event', 'read_dataset_event_from_classic' retrieved from /home/airflow/.local/lib/python3.12/site-packages/airflow/example_dags/example_inlet_event_extra.py
[2026-05-17T18:14:58.120+0000] {logging_mixin.py:190} INFO - [2026-05-17T18:14:58.119+0000] {dag.py:3239} INFO - Sync 2 DAGs
[2026-05-17T18:14:58.400+0000] {logging_mixin.py:190} INFO - [2026-05-17T18:14:58.399+0000] {dag.py:4180} INFO - Setting next_dagrun for read_dataset_event to 2026-05-16 00:00:00+00:00, run_after=2026-05-17 00:00:00+00:00
[2026-05-17T18:14:58.426+0000] {logging_mixin.py:190} INFO - [2026-05-17T18:14:58.426+0000] {dag.py:4180} INFO - Setting next_dagrun for read_dataset_event_from_classic to 2026-05-16 00:00:00+00:00, run_after=2026-05-17 00:00:00+00:00
[2026-05-17T18:14:58.544+0000] {processor.py:208} INFO - Processing /home/airflow/.local/lib/python3.12/site-packages/airflow/example_dags/example_inlet_event_extra.py took 1.568 seconds
[2026-05-17T18:15:45.048+0000] {processor.py:186} INFO - Started process (PID=190) to work on /home/airflow/.local/lib/python3.12/site-packages/airflow/example_dags/example_inlet_event_extra.py
[2026-05-17T18:15:45.051+0000] {processor.py:914} INFO - Processing file /home/airflow/.local/lib/python3.12/site-packages/airflow/example_dags/example_inlet_event_extra.py for tasks to queue
[2026-05-17T18:15:45.075+0000] {logging_mixin.py:190} INFO - [2026-05-17T18:15:45.060+0000] {dagbag.py:588} INFO - Filling up the DagBag from /home/airflow/.local/lib/python3.12/site-packages/airflow/example_dags/example_inlet_event_extra.py
[2026-05-17T18:15:45.475+0000] {processor.py:925} INFO - DAG(s) 'read_dataset_event_from_classic', 'read_dataset_event' retrieved from /home/airflow/.local/lib/python3.12/site-packages/airflow/example_dags/example_inlet_event_extra.py
[2026-05-17T18:15:45.574+0000] {logging_mixin.py:190} INFO - [2026-05-17T18:15:45.573+0000] {dag.py:3239} INFO - Sync 2 DAGs
[2026-05-17T18:15:45.667+0000] {logging_mixin.py:190} INFO - [2026-05-17T18:15:45.666+0000] {dag.py:4180} INFO - Setting next_dagrun for read_dataset_event to 2026-05-16 00:00:00+00:00, run_after=2026-05-17 00:00:00+00:00
[2026-05-17T18:15:45.681+0000] {logging_mixin.py:190} INFO - [2026-05-17T18:15:45.681+0000] {dag.py:4180} INFO - Setting next_dagrun for read_dataset_event_from_classic to 2026-05-16 00:00:00+00:00, run_after=2026-05-17 00:00:00+00:00
[2026-05-17T18:15:45.757+0000] {processor.py:208} INFO - Processing /home/airflow/.local/lib/python3.12/site-packages/airflow/example_dags/example_inlet_event_extra.py took 0.726 seconds
[2026-05-17T18:23:11.817+0000] {processor.py:186} INFO - Started process (PID=117) to work on /home/airflow/.local/lib/python3.12/site-packages/airflow/example_dags/example_inlet_event_extra.py
[2026-05-17T18:23:11.819+0000] {processor.py:914} INFO - Processing file /home/airflow/.local/lib/python3.12/site-packages/airflow/example_dags/example_inlet_event_extra.py for tasks to queue
[2026-05-17T18:23:11.828+0000] {logging_mixin.py:190} INFO - [2026-05-17T18:23:11.828+0000] {dagbag.py:588} INFO - Filling up the DagBag from /home/airflow/.local/lib/python3.12/site-packages/airflow/example_dags/example_inlet_event_extra.py
[2026-05-17T18:23:41.706+0000] {processor.py:925} INFO - DAG(s) 'read_dataset_event_from_classic', 'read_dataset_event' retrieved from /home/airflow/.local/lib/python3.12/site-packages/airflow/example_dags/example_inlet_event_extra.py
[2026-05-17T18:23:42.012+0000] {logging_mixin.py:190} INFO - [2026-05-17T18:23:42.011+0000] {dag.py:3239} INFO - Sync 2 DAGs
[2026-05-17T18:23:42.060+0000] {logging_mixin.py:190} INFO - [2026-05-17T18:23:42.060+0000] {dag.py:4180} INFO - Setting next_dagrun for read_dataset_event to 2026-05-16 00:00:00+00:00, run_after=2026-05-17 00:00:00+00:00
[2026-05-17T18:23:42.077+0000] {logging_mixin.py:190} INFO - [2026-05-17T18:23:42.076+0000] {dag.py:4180} INFO - Setting next_dagrun for read_dataset_event_from_classic to 2026-05-16 00:00:00+00:00, run_after=2026-05-17 00:00:00+00:00
[2026-05-17T18:23:42.108+0000] {processor.py:208} INFO - Processing /home/airflow/.local/lib/python3.12/site-packages/airflow/example_dags/example_inlet_event_extra.py took 30.063 seconds
