[2026-05-17T00:38:34.754+0000] {processor.py:186} INFO - Started process (PID=127) to work on /home/airflow/.local/lib/python3.12/site-packages/airflow/example_dags/example_display_name.py
[2026-05-17T00:38:34.757+0000] {processor.py:914} INFO - Processing file /home/airflow/.local/lib/python3.12/site-packages/airflow/example_dags/example_display_name.py for tasks to queue
[2026-05-17T00:38:34.762+0000] {logging_mixin.py:190} INFO - [2026-05-17T00:38:34.762+0000] {dagbag.py:588} INFO - Filling up the DagBag from /home/airflow/.local/lib/python3.12/site-packages/airflow/example_dags/example_display_name.py
[2026-05-17T00:38:34.784+0000] {processor.py:925} INFO - DAG(s) 'example_display_name' retrieved from /home/airflow/.local/lib/python3.12/site-packages/airflow/example_dags/example_display_name.py
[2026-05-17T00:38:35.019+0000] {logging_mixin.py:190} INFO - [2026-05-17T00:38:35.017+0000] {override.py:1900} INFO - Created Permission View: can read on DAG:example_display_name
[2026-05-17T00:38:35.065+0000] {logging_mixin.py:190} INFO - [2026-05-17T00:38:35.065+0000] {override.py:1900} INFO - Created Permission View: can edit on DAG:example_display_name
[2026-05-17T00:38:35.087+0000] {logging_mixin.py:190} INFO - [2026-05-17T00:38:35.086+0000] {override.py:1900} INFO - Created Permission View: can delete on DAG:example_display_name
[2026-05-17T00:38:35.124+0000] {logging_mixin.py:190} INFO - [2026-05-17T00:38:35.124+0000] {override.py:1900} INFO - Created Permission View: can read on DAG Run:example_display_name
[2026-05-17T00:38:35.178+0000] {logging_mixin.py:190} INFO - [2026-05-17T00:38:35.177+0000] {override.py:1900} INFO - Created Permission View: can create on DAG Run:example_display_name
[2026-05-17T00:38:35.205+0000] {logging_mixin.py:190} INFO - [2026-05-17T00:38:35.204+0000] {override.py:1900} INFO - Created Permission View: can delete on DAG Run:example_display_name
[2026-05-17T00:38:35.226+0000] {logging_mixin.py:190} INFO - [2026-05-17T00:38:35.225+0000] {override.py:1900} INFO - Created Permission View: menu access on DAG Run:example_display_name
[2026-05-17T00:38:35.229+0000] {logging_mixin.py:190} INFO - [2026-05-17T00:38:35.229+0000] {dag.py:3239} INFO - Sync 1 DAGs
[2026-05-17T00:38:35.268+0000] {logging_mixin.py:190} INFO - [2026-05-17T00:38:35.267+0000] {dag.py:3262} INFO - Creating ORM DAG for example_display_name
[2026-05-17T00:38:35.270+0000] {logging_mixin.py:190} INFO - [2026-05-17T00:38:35.270+0000] {dag.py:4180} INFO - Setting next_dagrun for example_display_name to None, run_after=None
[2026-05-17T00:38:35.383+0000] {processor.py:208} INFO - Processing /home/airflow/.local/lib/python3.12/site-packages/airflow/example_dags/example_display_name.py took 0.639 seconds
[2026-05-17T00:39:05.612+0000] {processor.py:186} INFO - Started process (PID=188) to work on /home/airflow/.local/lib/python3.12/site-packages/airflow/example_dags/example_display_name.py
[2026-05-17T00:39:05.615+0000] {processor.py:914} INFO - Processing file /home/airflow/.local/lib/python3.12/site-packages/airflow/example_dags/example_display_name.py for tasks to queue
[2026-05-17T00:39:05.623+0000] {logging_mixin.py:190} INFO - [2026-05-17T00:39:05.621+0000] {dagbag.py:588} INFO - Filling up the DagBag from /home/airflow/.local/lib/python3.12/site-packages/airflow/example_dags/example_display_name.py
[2026-05-17T00:39:05.648+0000] {processor.py:925} INFO - DAG(s) 'example_display_name' retrieved from /home/airflow/.local/lib/python3.12/site-packages/airflow/example_dags/example_display_name.py
[2026-05-17T00:39:05.705+0000] {logging_mixin.py:190} INFO - [2026-05-17T00:39:05.704+0000] {dag.py:3239} INFO - Sync 1 DAGs
[2026-05-17T00:39:05.746+0000] {logging_mixin.py:190} INFO - [2026-05-17T00:39:05.746+0000] {dag.py:4180} INFO - Setting next_dagrun for example_display_name to None, run_after=None
[2026-05-17T00:39:05.817+0000] {processor.py:208} INFO - Processing /home/airflow/.local/lib/python3.12/site-packages/airflow/example_dags/example_display_name.py took 0.222 seconds
[2026-05-17T01:22:01.853+0000] {processor.py:186} INFO - Started process (PID=137) to work on /home/airflow/.local/lib/python3.12/site-packages/airflow/example_dags/example_display_name.py
[2026-05-17T01:22:01.858+0000] {processor.py:914} INFO - Processing file /home/airflow/.local/lib/python3.12/site-packages/airflow/example_dags/example_display_name.py for tasks to queue
[2026-05-17T01:22:01.865+0000] {logging_mixin.py:190} INFO - [2026-05-17T01:22:01.864+0000] {dagbag.py:588} INFO - Filling up the DagBag from /home/airflow/.local/lib/python3.12/site-packages/airflow/example_dags/example_display_name.py
[2026-05-17T01:22:01.893+0000] {processor.py:925} INFO - DAG(s) 'example_display_name' retrieved from /home/airflow/.local/lib/python3.12/site-packages/airflow/example_dags/example_display_name.py
[2026-05-17T01:22:02.000+0000] {logging_mixin.py:190} INFO - [2026-05-17T01:22:01.999+0000] {dag.py:3239} INFO - Sync 1 DAGs
[2026-05-17T01:22:04.361+0000] {logging_mixin.py:190} INFO - [2026-05-17T01:22:04.361+0000] {dag.py:4180} INFO - Setting next_dagrun for example_display_name to None, run_after=None
[2026-05-17T01:22:04.407+0000] {processor.py:208} INFO - Processing /home/airflow/.local/lib/python3.12/site-packages/airflow/example_dags/example_display_name.py took 2.574 seconds
[2026-05-17T01:22:55.542+0000] {processor.py:186} INFO - Started process (PID=200) to work on /home/airflow/.local/lib/python3.12/site-packages/airflow/example_dags/example_display_name.py
[2026-05-17T01:22:55.543+0000] {processor.py:914} INFO - Processing file /home/airflow/.local/lib/python3.12/site-packages/airflow/example_dags/example_display_name.py for tasks to queue
[2026-05-17T01:22:55.546+0000] {logging_mixin.py:190} INFO - [2026-05-17T01:22:55.546+0000] {dagbag.py:588} INFO - Filling up the DagBag from /home/airflow/.local/lib/python3.12/site-packages/airflow/example_dags/example_display_name.py
[2026-05-17T01:22:55.599+0000] {processor.py:925} INFO - DAG(s) 'example_display_name' retrieved from /home/airflow/.local/lib/python3.12/site-packages/airflow/example_dags/example_display_name.py
[2026-05-17T01:22:55.617+0000] {logging_mixin.py:190} INFO - [2026-05-17T01:22:55.617+0000] {dag.py:3239} INFO - Sync 1 DAGs
[2026-05-17T01:22:55.631+0000] {logging_mixin.py:190} INFO - [2026-05-17T01:22:55.631+0000] {dag.py:4180} INFO - Setting next_dagrun for example_display_name to None, run_after=None
[2026-05-17T01:22:55.740+0000] {processor.py:208} INFO - Processing /home/airflow/.local/lib/python3.12/site-packages/airflow/example_dags/example_display_name.py took 0.204 seconds
[2026-05-17T01:51:50.248+0000] {processor.py:186} INFO - Started process (PID=286) to work on /home/airflow/.local/lib/python3.12/site-packages/airflow/example_dags/example_display_name.py
[2026-05-17T01:51:50.250+0000] {processor.py:914} INFO - Processing file /home/airflow/.local/lib/python3.12/site-packages/airflow/example_dags/example_display_name.py for tasks to queue
[2026-05-17T01:51:50.254+0000] {logging_mixin.py:190} INFO - [2026-05-17T01:51:50.253+0000] {dagbag.py:588} INFO - Filling up the DagBag from /home/airflow/.local/lib/python3.12/site-packages/airflow/example_dags/example_display_name.py
[2026-05-17T01:51:50.266+0000] {processor.py:925} INFO - DAG(s) 'example_display_name' retrieved from /home/airflow/.local/lib/python3.12/site-packages/airflow/example_dags/example_display_name.py
[2026-05-17T01:51:50.291+0000] {logging_mixin.py:190} INFO - [2026-05-17T01:51:50.291+0000] {dag.py:3239} INFO - Sync 1 DAGs
[2026-05-17T01:51:50.310+0000] {logging_mixin.py:190} INFO - [2026-05-17T01:51:50.309+0000] {dag.py:4180} INFO - Setting next_dagrun for example_display_name to None, run_after=None
[2026-05-17T01:51:50.336+0000] {processor.py:208} INFO - Processing /home/airflow/.local/lib/python3.12/site-packages/airflow/example_dags/example_display_name.py took 0.096 seconds
[2026-05-17T01:55:14.396+0000] {processor.py:186} INFO - Started process (PID=350) to work on /home/airflow/.local/lib/python3.12/site-packages/airflow/example_dags/example_display_name.py
[2026-05-17T01:55:14.408+0000] {processor.py:914} INFO - Processing file /home/airflow/.local/lib/python3.12/site-packages/airflow/example_dags/example_display_name.py for tasks to queue
[2026-05-17T01:55:14.416+0000] {logging_mixin.py:190} INFO - [2026-05-17T01:55:14.416+0000] {dagbag.py:588} INFO - Filling up the DagBag from /home/airflow/.local/lib/python3.12/site-packages/airflow/example_dags/example_display_name.py
[2026-05-17T01:55:14.499+0000] {processor.py:925} INFO - DAG(s) 'example_display_name' retrieved from /home/airflow/.local/lib/python3.12/site-packages/airflow/example_dags/example_display_name.py
[2026-05-17T01:55:14.558+0000] {logging_mixin.py:190} INFO - [2026-05-17T01:55:14.558+0000] {dag.py:3239} INFO - Sync 1 DAGs
[2026-05-17T01:55:14.587+0000] {logging_mixin.py:190} INFO - [2026-05-17T01:55:14.587+0000] {dag.py:4180} INFO - Setting next_dagrun for example_display_name to None, run_after=None
[2026-05-17T01:55:14.649+0000] {processor.py:208} INFO - Processing /home/airflow/.local/lib/python3.12/site-packages/airflow/example_dags/example_display_name.py took 0.281 seconds
[2026-05-17T01:55:51.378+0000] {processor.py:186} INFO - Started process (PID=413) to work on /home/airflow/.local/lib/python3.12/site-packages/airflow/example_dags/example_display_name.py
[2026-05-17T01:55:51.381+0000] {processor.py:914} INFO - Processing file /home/airflow/.local/lib/python3.12/site-packages/airflow/example_dags/example_display_name.py for tasks to queue
[2026-05-17T01:55:51.385+0000] {logging_mixin.py:190} INFO - [2026-05-17T01:55:51.384+0000] {dagbag.py:588} INFO - Filling up the DagBag from /home/airflow/.local/lib/python3.12/site-packages/airflow/example_dags/example_display_name.py
[2026-05-17T01:55:51.503+0000] {processor.py:925} INFO - DAG(s) 'example_display_name' retrieved from /home/airflow/.local/lib/python3.12/site-packages/airflow/example_dags/example_display_name.py
[2026-05-17T01:55:51.535+0000] {logging_mixin.py:190} INFO - [2026-05-17T01:55:51.534+0000] {dag.py:3239} INFO - Sync 1 DAGs
[2026-05-17T01:55:51.558+0000] {logging_mixin.py:190} INFO - [2026-05-17T01:55:51.558+0000] {dag.py:4180} INFO - Setting next_dagrun for example_display_name to None, run_after=None
[2026-05-17T01:55:51.750+0000] {processor.py:208} INFO - Processing /home/airflow/.local/lib/python3.12/site-packages/airflow/example_dags/example_display_name.py took 0.386 seconds
[2026-05-17T02:03:11.872+0000] {processor.py:186} INFO - Started process (PID=476) to work on /home/airflow/.local/lib/python3.12/site-packages/airflow/example_dags/example_display_name.py
[2026-05-17T02:03:11.874+0000] {processor.py:914} INFO - Processing file /home/airflow/.local/lib/python3.12/site-packages/airflow/example_dags/example_display_name.py for tasks to queue
[2026-05-17T02:03:11.875+0000] {logging_mixin.py:190} INFO - [2026-05-17T02:03:11.875+0000] {dagbag.py:588} INFO - Filling up the DagBag from /home/airflow/.local/lib/python3.12/site-packages/airflow/example_dags/example_display_name.py
[2026-05-17T02:03:11.885+0000] {processor.py:925} INFO - DAG(s) 'example_display_name' retrieved from /home/airflow/.local/lib/python3.12/site-packages/airflow/example_dags/example_display_name.py
[2026-05-17T02:03:11.920+0000] {logging_mixin.py:190} INFO - [2026-05-17T02:03:11.920+0000] {dag.py:3239} INFO - Sync 1 DAGs
[2026-05-17T02:03:11.970+0000] {logging_mixin.py:190} INFO - [2026-05-17T02:03:11.970+0000] {dag.py:4180} INFO - Setting next_dagrun for example_display_name to None, run_after=None
[2026-05-17T02:03:12.050+0000] {processor.py:208} INFO - Processing /home/airflow/.local/lib/python3.12/site-packages/airflow/example_dags/example_display_name.py took 0.191 seconds
[2026-05-17T13:37:33.628+0000] {processor.py:186} INFO - Started process (PID=120) to work on /home/airflow/.local/lib/python3.12/site-packages/airflow/example_dags/example_display_name.py
[2026-05-17T13:37:33.630+0000] {processor.py:914} INFO - Processing file /home/airflow/.local/lib/python3.12/site-packages/airflow/example_dags/example_display_name.py for tasks to queue
[2026-05-17T13:37:33.633+0000] {logging_mixin.py:190} INFO - [2026-05-17T13:37:33.633+0000] {dagbag.py:588} INFO - Filling up the DagBag from /home/airflow/.local/lib/python3.12/site-packages/airflow/example_dags/example_display_name.py
[2026-05-17T13:37:33.647+0000] {processor.py:925} INFO - DAG(s) 'example_display_name' retrieved from /home/airflow/.local/lib/python3.12/site-packages/airflow/example_dags/example_display_name.py
[2026-05-17T13:37:33.674+0000] {logging_mixin.py:190} INFO - [2026-05-17T13:37:33.674+0000] {dag.py:3239} INFO - Sync 1 DAGs
[2026-05-17T13:37:33.701+0000] {logging_mixin.py:190} INFO - [2026-05-17T13:37:33.701+0000] {dag.py:4180} INFO - Setting next_dagrun for example_display_name to None, run_after=None
[2026-05-17T13:37:33.733+0000] {processor.py:208} INFO - Processing /home/airflow/.local/lib/python3.12/site-packages/airflow/example_dags/example_display_name.py took 0.114 seconds
[2026-05-17T13:38:29.173+0000] {processor.py:186} INFO - Started process (PID=177) to work on /home/airflow/.local/lib/python3.12/site-packages/airflow/example_dags/example_display_name.py
[2026-05-17T13:38:29.174+0000] {processor.py:914} INFO - Processing file /home/airflow/.local/lib/python3.12/site-packages/airflow/example_dags/example_display_name.py for tasks to queue
[2026-05-17T13:38:29.176+0000] {logging_mixin.py:190} INFO - [2026-05-17T13:38:29.176+0000] {dagbag.py:588} INFO - Filling up the DagBag from /home/airflow/.local/lib/python3.12/site-packages/airflow/example_dags/example_display_name.py
[2026-05-17T13:38:29.188+0000] {processor.py:925} INFO - DAG(s) 'example_display_name' retrieved from /home/airflow/.local/lib/python3.12/site-packages/airflow/example_dags/example_display_name.py
[2026-05-17T13:38:29.216+0000] {logging_mixin.py:190} INFO - [2026-05-17T13:38:29.216+0000] {dag.py:3239} INFO - Sync 1 DAGs
[2026-05-17T13:38:29.237+0000] {logging_mixin.py:190} INFO - [2026-05-17T13:38:29.237+0000] {dag.py:4180} INFO - Setting next_dagrun for example_display_name to None, run_after=None
[2026-05-17T13:38:29.262+0000] {processor.py:208} INFO - Processing /home/airflow/.local/lib/python3.12/site-packages/airflow/example_dags/example_display_name.py took 0.098 seconds
[2026-05-17T13:51:33.603+0000] {processor.py:186} INFO - Started process (PID=130) to work on /home/airflow/.local/lib/python3.12/site-packages/airflow/example_dags/example_display_name.py
[2026-05-17T13:51:33.610+0000] {processor.py:914} INFO - Processing file /home/airflow/.local/lib/python3.12/site-packages/airflow/example_dags/example_display_name.py for tasks to queue
[2026-05-17T13:51:33.616+0000] {logging_mixin.py:190} INFO - [2026-05-17T13:51:33.615+0000] {dagbag.py:588} INFO - Filling up the DagBag from /home/airflow/.local/lib/python3.12/site-packages/airflow/example_dags/example_display_name.py
[2026-05-17T13:51:33.662+0000] {processor.py:925} INFO - DAG(s) 'example_display_name' retrieved from /home/airflow/.local/lib/python3.12/site-packages/airflow/example_dags/example_display_name.py
[2026-05-17T13:51:33.804+0000] {logging_mixin.py:190} INFO - [2026-05-17T13:51:33.804+0000] {dag.py:3239} INFO - Sync 1 DAGs
[2026-05-17T13:51:33.859+0000] {logging_mixin.py:190} INFO - [2026-05-17T13:51:33.859+0000] {dag.py:4180} INFO - Setting next_dagrun for example_display_name to None, run_after=None
[2026-05-17T13:51:33.918+0000] {processor.py:208} INFO - Processing /home/airflow/.local/lib/python3.12/site-packages/airflow/example_dags/example_display_name.py took 0.336 seconds
[2026-05-17T16:24:09.223+0000] {processor.py:186} INFO - Started process (PID=124) to work on /home/airflow/.local/lib/python3.12/site-packages/airflow/example_dags/example_display_name.py
[2026-05-17T16:24:09.230+0000] {processor.py:914} INFO - Processing file /home/airflow/.local/lib/python3.12/site-packages/airflow/example_dags/example_display_name.py for tasks to queue
[2026-05-17T16:24:09.273+0000] {logging_mixin.py:190} INFO - [2026-05-17T16:24:09.271+0000] {dagbag.py:588} INFO - Filling up the DagBag from /home/airflow/.local/lib/python3.12/site-packages/airflow/example_dags/example_display_name.py
[2026-05-17T16:24:09.305+0000] {processor.py:925} INFO - DAG(s) 'example_display_name' retrieved from /home/airflow/.local/lib/python3.12/site-packages/airflow/example_dags/example_display_name.py
[2026-05-17T16:24:09.395+0000] {logging_mixin.py:190} INFO - [2026-05-17T16:24:09.395+0000] {dag.py:3239} INFO - Sync 1 DAGs
[2026-05-17T16:24:09.443+0000] {logging_mixin.py:190} INFO - [2026-05-17T16:24:09.442+0000] {dag.py:4180} INFO - Setting next_dagrun for example_display_name to None, run_after=None
[2026-05-17T16:24:09.511+0000] {processor.py:208} INFO - Processing /home/airflow/.local/lib/python3.12/site-packages/airflow/example_dags/example_display_name.py took 0.355 seconds
[2026-05-17T18:15:01.504+0000] {processor.py:186} INFO - Started process (PID=133) to work on /home/airflow/.local/lib/python3.12/site-packages/airflow/example_dags/example_display_name.py
[2026-05-17T18:15:01.515+0000] {processor.py:914} INFO - Processing file /home/airflow/.local/lib/python3.12/site-packages/airflow/example_dags/example_display_name.py for tasks to queue
[2026-05-17T18:15:01.549+0000] {logging_mixin.py:190} INFO - [2026-05-17T18:15:01.546+0000] {dagbag.py:588} INFO - Filling up the DagBag from /home/airflow/.local/lib/python3.12/site-packages/airflow/example_dags/example_display_name.py
[2026-05-17T18:15:02.914+0000] {processor.py:925} INFO - DAG(s) 'example_display_name' retrieved from /home/airflow/.local/lib/python3.12/site-packages/airflow/example_dags/example_display_name.py
[2026-05-17T18:15:03.105+0000] {logging_mixin.py:190} INFO - [2026-05-17T18:15:03.105+0000] {dag.py:3239} INFO - Sync 1 DAGs
[2026-05-17T18:15:03.178+0000] {logging_mixin.py:190} INFO - [2026-05-17T18:15:03.177+0000] {dag.py:4180} INFO - Setting next_dagrun for example_display_name to None, run_after=None
[2026-05-17T18:15:03.269+0000] {processor.py:208} INFO - Processing /home/airflow/.local/lib/python3.12/site-packages/airflow/example_dags/example_display_name.py took 1.812 seconds
[2026-05-17T18:15:48.362+0000] {processor.py:186} INFO - Started process (PID=197) to work on /home/airflow/.local/lib/python3.12/site-packages/airflow/example_dags/example_display_name.py
[2026-05-17T18:15:48.365+0000] {processor.py:914} INFO - Processing file /home/airflow/.local/lib/python3.12/site-packages/airflow/example_dags/example_display_name.py for tasks to queue
[2026-05-17T18:15:48.370+0000] {logging_mixin.py:190} INFO - [2026-05-17T18:15:48.369+0000] {dagbag.py:588} INFO - Filling up the DagBag from /home/airflow/.local/lib/python3.12/site-packages/airflow/example_dags/example_display_name.py
[2026-05-17T18:15:48.398+0000] {processor.py:925} INFO - DAG(s) 'example_display_name' retrieved from /home/airflow/.local/lib/python3.12/site-packages/airflow/example_dags/example_display_name.py
[2026-05-17T18:15:48.490+0000] {logging_mixin.py:190} INFO - [2026-05-17T18:15:48.490+0000] {dag.py:3239} INFO - Sync 1 DAGs
[2026-05-17T18:15:48.538+0000] {logging_mixin.py:190} INFO - [2026-05-17T18:15:48.538+0000] {dag.py:4180} INFO - Setting next_dagrun for example_display_name to None, run_after=None
[2026-05-17T18:15:48.597+0000] {processor.py:208} INFO - Processing /home/airflow/.local/lib/python3.12/site-packages/airflow/example_dags/example_display_name.py took 0.249 seconds
[2026-05-17T18:23:43.909+0000] {processor.py:186} INFO - Started process (PID=130) to work on /home/airflow/.local/lib/python3.12/site-packages/airflow/example_dags/example_display_name.py
[2026-05-17T18:23:43.912+0000] {processor.py:914} INFO - Processing file /home/airflow/.local/lib/python3.12/site-packages/airflow/example_dags/example_display_name.py for tasks to queue
[2026-05-17T18:23:43.917+0000] {logging_mixin.py:190} INFO - [2026-05-17T18:23:43.916+0000] {dagbag.py:588} INFO - Filling up the DagBag from /home/airflow/.local/lib/python3.12/site-packages/airflow/example_dags/example_display_name.py
[2026-05-17T18:23:43.939+0000] {processor.py:925} INFO - DAG(s) 'example_display_name' retrieved from /home/airflow/.local/lib/python3.12/site-packages/airflow/example_dags/example_display_name.py
[2026-05-17T18:23:43.981+0000] {logging_mixin.py:190} INFO - [2026-05-17T18:23:43.981+0000] {dag.py:3239} INFO - Sync 1 DAGs
[2026-05-17T18:23:44.015+0000] {logging_mixin.py:190} INFO - [2026-05-17T18:23:44.015+0000] {dag.py:4180} INFO - Setting next_dagrun for example_display_name to None, run_after=None
[2026-05-17T18:23:44.060+0000] {processor.py:208} INFO - Processing /home/airflow/.local/lib/python3.12/site-packages/airflow/example_dags/example_display_name.py took 0.160 seconds
