[2026-05-17T00:38:34.168+0000] {processor.py:186} INFO - Started process (PID=126) to work on /home/airflow/.local/lib/python3.12/site-packages/airflow/example_dags/example_time_delta_sensor_async.py
[2026-05-17T00:38:34.171+0000] {processor.py:914} INFO - Processing file /home/airflow/.local/lib/python3.12/site-packages/airflow/example_dags/example_time_delta_sensor_async.py for tasks to queue
[2026-05-17T00:38:34.177+0000] {logging_mixin.py:190} INFO - [2026-05-17T00:38:34.175+0000] {dagbag.py:588} INFO - Filling up the DagBag from /home/airflow/.local/lib/python3.12/site-packages/airflow/example_dags/example_time_delta_sensor_async.py
[2026-05-17T00:38:34.196+0000] {processor.py:925} INFO - DAG(s) 'example_time_delta_sensor_async' retrieved from /home/airflow/.local/lib/python3.12/site-packages/airflow/example_dags/example_time_delta_sensor_async.py
[2026-05-17T00:38:34.447+0000] {logging_mixin.py:190} INFO - [2026-05-17T00:38:34.446+0000] {override.py:1900} INFO - Created Permission View: can read on DAG:example_time_delta_sensor_async
[2026-05-17T00:38:34.494+0000] {logging_mixin.py:190} INFO - [2026-05-17T00:38:34.494+0000] {override.py:1900} INFO - Created Permission View: can edit on DAG:example_time_delta_sensor_async
[2026-05-17T00:38:34.520+0000] {logging_mixin.py:190} INFO - [2026-05-17T00:38:34.520+0000] {override.py:1900} INFO - Created Permission View: can delete on DAG:example_time_delta_sensor_async
[2026-05-17T00:38:34.537+0000] {logging_mixin.py:190} INFO - [2026-05-17T00:38:34.536+0000] {override.py:1900} INFO - Created Permission View: can read on DAG Run:example_time_delta_sensor_async
[2026-05-17T00:38:34.551+0000] {logging_mixin.py:190} INFO - [2026-05-17T00:38:34.550+0000] {override.py:1900} INFO - Created Permission View: can create on DAG Run:example_time_delta_sensor_async
[2026-05-17T00:38:34.581+0000] {logging_mixin.py:190} INFO - [2026-05-17T00:38:34.581+0000] {override.py:1900} INFO - Created Permission View: can delete on DAG Run:example_time_delta_sensor_async
[2026-05-17T00:38:34.604+0000] {logging_mixin.py:190} INFO - [2026-05-17T00:38:34.604+0000] {override.py:1900} INFO - Created Permission View: menu access on DAG Run:example_time_delta_sensor_async
[2026-05-17T00:38:34.607+0000] {logging_mixin.py:190} INFO - [2026-05-17T00:38:34.606+0000] {dag.py:3239} INFO - Sync 1 DAGs
[2026-05-17T00:38:34.633+0000] {logging_mixin.py:190} INFO - [2026-05-17T00:38:34.633+0000] {dag.py:3262} INFO - Creating ORM DAG for example_time_delta_sensor_async
[2026-05-17T00:38:34.636+0000] {logging_mixin.py:190} INFO - [2026-05-17T00:38:34.635+0000] {dag.py:4180} INFO - Setting next_dagrun for example_time_delta_sensor_async to None, run_after=None
[2026-05-17T00:38:34.682+0000] {processor.py:208} INFO - Processing /home/airflow/.local/lib/python3.12/site-packages/airflow/example_dags/example_time_delta_sensor_async.py took 0.532 seconds
[2026-05-17T00:39:05.320+0000] {processor.py:186} INFO - Started process (PID=187) to work on /home/airflow/.local/lib/python3.12/site-packages/airflow/example_dags/example_time_delta_sensor_async.py
[2026-05-17T00:39:05.323+0000] {processor.py:914} INFO - Processing file /home/airflow/.local/lib/python3.12/site-packages/airflow/example_dags/example_time_delta_sensor_async.py for tasks to queue
[2026-05-17T00:39:05.331+0000] {logging_mixin.py:190} INFO - [2026-05-17T00:39:05.330+0000] {dagbag.py:588} INFO - Filling up the DagBag from /home/airflow/.local/lib/python3.12/site-packages/airflow/example_dags/example_time_delta_sensor_async.py
[2026-05-17T00:39:05.348+0000] {processor.py:925} INFO - DAG(s) 'example_time_delta_sensor_async' retrieved from /home/airflow/.local/lib/python3.12/site-packages/airflow/example_dags/example_time_delta_sensor_async.py
[2026-05-17T00:39:05.397+0000] {logging_mixin.py:190} INFO - [2026-05-17T00:39:05.396+0000] {dag.py:3239} INFO - Sync 1 DAGs
[2026-05-17T00:39:05.433+0000] {logging_mixin.py:190} INFO - [2026-05-17T00:39:05.433+0000] {dag.py:4180} INFO - Setting next_dagrun for example_time_delta_sensor_async to None, run_after=None
[2026-05-17T00:39:05.490+0000] {processor.py:208} INFO - Processing /home/airflow/.local/lib/python3.12/site-packages/airflow/example_dags/example_time_delta_sensor_async.py took 0.185 seconds
[2026-05-17T01:22:01.604+0000] {processor.py:186} INFO - Started process (PID=136) to work on /home/airflow/.local/lib/python3.12/site-packages/airflow/example_dags/example_time_delta_sensor_async.py
[2026-05-17T01:22:01.718+0000] {processor.py:914} INFO - Processing file /home/airflow/.local/lib/python3.12/site-packages/airflow/example_dags/example_time_delta_sensor_async.py for tasks to queue
[2026-05-17T01:22:01.723+0000] {logging_mixin.py:190} INFO - [2026-05-17T01:22:01.723+0000] {dagbag.py:588} INFO - Filling up the DagBag from /home/airflow/.local/lib/python3.12/site-packages/airflow/example_dags/example_time_delta_sensor_async.py
[2026-05-17T01:22:01.763+0000] {processor.py:925} INFO - DAG(s) 'example_time_delta_sensor_async' retrieved from /home/airflow/.local/lib/python3.12/site-packages/airflow/example_dags/example_time_delta_sensor_async.py
[2026-05-17T01:22:01.827+0000] {logging_mixin.py:190} INFO - [2026-05-17T01:22:01.826+0000] {dag.py:3239} INFO - Sync 1 DAGs
[2026-05-17T01:22:01.885+0000] {logging_mixin.py:190} INFO - [2026-05-17T01:22:01.884+0000] {dag.py:4180} INFO - Setting next_dagrun for example_time_delta_sensor_async to None, run_after=None
[2026-05-17T01:22:04.180+0000] {processor.py:208} INFO - Processing /home/airflow/.local/lib/python3.12/site-packages/airflow/example_dags/example_time_delta_sensor_async.py took 2.582 seconds
[2026-05-17T01:22:55.271+0000] {processor.py:186} INFO - Started process (PID=199) to work on /home/airflow/.local/lib/python3.12/site-packages/airflow/example_dags/example_time_delta_sensor_async.py
[2026-05-17T01:22:55.273+0000] {processor.py:914} INFO - Processing file /home/airflow/.local/lib/python3.12/site-packages/airflow/example_dags/example_time_delta_sensor_async.py for tasks to queue
[2026-05-17T01:22:55.276+0000] {logging_mixin.py:190} INFO - [2026-05-17T01:22:55.276+0000] {dagbag.py:588} INFO - Filling up the DagBag from /home/airflow/.local/lib/python3.12/site-packages/airflow/example_dags/example_time_delta_sensor_async.py
[2026-05-17T01:22:55.287+0000] {processor.py:925} INFO - DAG(s) 'example_time_delta_sensor_async' retrieved from /home/airflow/.local/lib/python3.12/site-packages/airflow/example_dags/example_time_delta_sensor_async.py
[2026-05-17T01:22:55.317+0000] {logging_mixin.py:190} INFO - [2026-05-17T01:22:55.316+0000] {dag.py:3239} INFO - Sync 1 DAGs
[2026-05-17T01:22:55.337+0000] {logging_mixin.py:190} INFO - [2026-05-17T01:22:55.337+0000] {dag.py:4180} INFO - Setting next_dagrun for example_time_delta_sensor_async to None, run_after=None
[2026-05-17T01:22:55.451+0000] {processor.py:208} INFO - Processing /home/airflow/.local/lib/python3.12/site-packages/airflow/example_dags/example_time_delta_sensor_async.py took 0.188 seconds
[2026-05-17T01:51:50.149+0000] {processor.py:186} INFO - Started process (PID=285) to work on /home/airflow/.local/lib/python3.12/site-packages/airflow/example_dags/example_time_delta_sensor_async.py
[2026-05-17T01:51:50.151+0000] {processor.py:914} INFO - Processing file /home/airflow/.local/lib/python3.12/site-packages/airflow/example_dags/example_time_delta_sensor_async.py for tasks to queue
[2026-05-17T01:51:50.154+0000] {logging_mixin.py:190} INFO - [2026-05-17T01:51:50.153+0000] {dagbag.py:588} INFO - Filling up the DagBag from /home/airflow/.local/lib/python3.12/site-packages/airflow/example_dags/example_time_delta_sensor_async.py
[2026-05-17T01:51:50.165+0000] {processor.py:925} INFO - DAG(s) 'example_time_delta_sensor_async' retrieved from /home/airflow/.local/lib/python3.12/site-packages/airflow/example_dags/example_time_delta_sensor_async.py
[2026-05-17T01:51:50.189+0000] {logging_mixin.py:190} INFO - [2026-05-17T01:51:50.189+0000] {dag.py:3239} INFO - Sync 1 DAGs
[2026-05-17T01:51:50.209+0000] {logging_mixin.py:190} INFO - [2026-05-17T01:51:50.209+0000] {dag.py:4180} INFO - Setting next_dagrun for example_time_delta_sensor_async to None, run_after=None
[2026-05-17T01:51:50.240+0000] {processor.py:208} INFO - Processing /home/airflow/.local/lib/python3.12/site-packages/airflow/example_dags/example_time_delta_sensor_async.py took 0.099 seconds
[2026-05-17T01:55:14.274+0000] {processor.py:186} INFO - Started process (PID=349) to work on /home/airflow/.local/lib/python3.12/site-packages/airflow/example_dags/example_time_delta_sensor_async.py
[2026-05-17T01:55:14.291+0000] {processor.py:914} INFO - Processing file /home/airflow/.local/lib/python3.12/site-packages/airflow/example_dags/example_time_delta_sensor_async.py for tasks to queue
[2026-05-17T01:55:14.294+0000] {logging_mixin.py:190} INFO - [2026-05-17T01:55:14.293+0000] {dagbag.py:588} INFO - Filling up the DagBag from /home/airflow/.local/lib/python3.12/site-packages/airflow/example_dags/example_time_delta_sensor_async.py
[2026-05-17T01:55:14.324+0000] {processor.py:925} INFO - DAG(s) 'example_time_delta_sensor_async' retrieved from /home/airflow/.local/lib/python3.12/site-packages/airflow/example_dags/example_time_delta_sensor_async.py
[2026-05-17T01:55:14.376+0000] {logging_mixin.py:190} INFO - [2026-05-17T01:55:14.376+0000] {dag.py:3239} INFO - Sync 1 DAGs
[2026-05-17T01:55:14.419+0000] {logging_mixin.py:190} INFO - [2026-05-17T01:55:14.418+0000] {dag.py:4180} INFO - Setting next_dagrun for example_time_delta_sensor_async to None, run_after=None
[2026-05-17T01:55:14.515+0000] {processor.py:208} INFO - Processing /home/airflow/.local/lib/python3.12/site-packages/airflow/example_dags/example_time_delta_sensor_async.py took 0.261 seconds
[2026-05-17T01:55:50.914+0000] {processor.py:186} INFO - Started process (PID=412) to work on /home/airflow/.local/lib/python3.12/site-packages/airflow/example_dags/example_time_delta_sensor_async.py
[2026-05-17T01:55:50.916+0000] {processor.py:914} INFO - Processing file /home/airflow/.local/lib/python3.12/site-packages/airflow/example_dags/example_time_delta_sensor_async.py for tasks to queue
[2026-05-17T01:55:50.918+0000] {logging_mixin.py:190} INFO - [2026-05-17T01:55:50.917+0000] {dagbag.py:588} INFO - Filling up the DagBag from /home/airflow/.local/lib/python3.12/site-packages/airflow/example_dags/example_time_delta_sensor_async.py
[2026-05-17T01:55:50.940+0000] {processor.py:925} INFO - DAG(s) 'example_time_delta_sensor_async' retrieved from /home/airflow/.local/lib/python3.12/site-packages/airflow/example_dags/example_time_delta_sensor_async.py
[2026-05-17T01:55:50.975+0000] {logging_mixin.py:190} INFO - [2026-05-17T01:55:50.974+0000] {dag.py:3239} INFO - Sync 1 DAGs
[2026-05-17T01:55:51.004+0000] {logging_mixin.py:190} INFO - [2026-05-17T01:55:51.003+0000] {dag.py:4180} INFO - Setting next_dagrun for example_time_delta_sensor_async to None, run_after=None
[2026-05-17T01:55:51.248+0000] {processor.py:208} INFO - Processing /home/airflow/.local/lib/python3.12/site-packages/airflow/example_dags/example_time_delta_sensor_async.py took 0.345 seconds
[2026-05-17T02:03:11.761+0000] {processor.py:186} INFO - Started process (PID=475) to work on /home/airflow/.local/lib/python3.12/site-packages/airflow/example_dags/example_time_delta_sensor_async.py
[2026-05-17T02:03:11.767+0000] {processor.py:914} INFO - Processing file /home/airflow/.local/lib/python3.12/site-packages/airflow/example_dags/example_time_delta_sensor_async.py for tasks to queue
[2026-05-17T02:03:11.771+0000] {logging_mixin.py:190} INFO - [2026-05-17T02:03:11.770+0000] {dagbag.py:588} INFO - Filling up the DagBag from /home/airflow/.local/lib/python3.12/site-packages/airflow/example_dags/example_time_delta_sensor_async.py
[2026-05-17T02:03:11.782+0000] {processor.py:925} INFO - DAG(s) 'example_time_delta_sensor_async' retrieved from /home/airflow/.local/lib/python3.12/site-packages/airflow/example_dags/example_time_delta_sensor_async.py
[2026-05-17T02:03:11.825+0000] {logging_mixin.py:190} INFO - [2026-05-17T02:03:11.825+0000] {dag.py:3239} INFO - Sync 1 DAGs
[2026-05-17T02:03:11.858+0000] {logging_mixin.py:190} INFO - [2026-05-17T02:03:11.858+0000] {dag.py:4180} INFO - Setting next_dagrun for example_time_delta_sensor_async to None, run_after=None
[2026-05-17T02:03:11.918+0000] {processor.py:208} INFO - Processing /home/airflow/.local/lib/python3.12/site-packages/airflow/example_dags/example_time_delta_sensor_async.py took 0.172 seconds
[2026-05-17T13:37:33.562+0000] {processor.py:186} INFO - Started process (PID=119) to work on /home/airflow/.local/lib/python3.12/site-packages/airflow/example_dags/example_time_delta_sensor_async.py
[2026-05-17T13:37:33.565+0000] {processor.py:914} INFO - Processing file /home/airflow/.local/lib/python3.12/site-packages/airflow/example_dags/example_time_delta_sensor_async.py for tasks to queue
[2026-05-17T13:37:33.569+0000] {logging_mixin.py:190} INFO - [2026-05-17T13:37:33.568+0000] {dagbag.py:588} INFO - Filling up the DagBag from /home/airflow/.local/lib/python3.12/site-packages/airflow/example_dags/example_time_delta_sensor_async.py
[2026-05-17T13:37:33.583+0000] {processor.py:925} INFO - DAG(s) 'example_time_delta_sensor_async' retrieved from /home/airflow/.local/lib/python3.12/site-packages/airflow/example_dags/example_time_delta_sensor_async.py
[2026-05-17T13:37:33.611+0000] {logging_mixin.py:190} INFO - [2026-05-17T13:37:33.611+0000] {dag.py:3239} INFO - Sync 1 DAGs
[2026-05-17T13:37:33.634+0000] {logging_mixin.py:190} INFO - [2026-05-17T13:37:33.634+0000] {dag.py:4180} INFO - Setting next_dagrun for example_time_delta_sensor_async to None, run_after=None
[2026-05-17T13:37:33.659+0000] {processor.py:208} INFO - Processing /home/airflow/.local/lib/python3.12/site-packages/airflow/example_dags/example_time_delta_sensor_async.py took 0.107 seconds
[2026-05-17T13:38:29.061+0000] {processor.py:186} INFO - Started process (PID=176) to work on /home/airflow/.local/lib/python3.12/site-packages/airflow/example_dags/example_time_delta_sensor_async.py
[2026-05-17T13:38:29.062+0000] {processor.py:914} INFO - Processing file /home/airflow/.local/lib/python3.12/site-packages/airflow/example_dags/example_time_delta_sensor_async.py for tasks to queue
[2026-05-17T13:38:29.063+0000] {logging_mixin.py:190} INFO - [2026-05-17T13:38:29.063+0000] {dagbag.py:588} INFO - Filling up the DagBag from /home/airflow/.local/lib/python3.12/site-packages/airflow/example_dags/example_time_delta_sensor_async.py
[2026-05-17T13:38:29.070+0000] {processor.py:925} INFO - DAG(s) 'example_time_delta_sensor_async' retrieved from /home/airflow/.local/lib/python3.12/site-packages/airflow/example_dags/example_time_delta_sensor_async.py
[2026-05-17T13:38:29.092+0000] {logging_mixin.py:190} INFO - [2026-05-17T13:38:29.091+0000] {dag.py:3239} INFO - Sync 1 DAGs
[2026-05-17T13:38:29.110+0000] {logging_mixin.py:190} INFO - [2026-05-17T13:38:29.110+0000] {dag.py:4180} INFO - Setting next_dagrun for example_time_delta_sensor_async to None, run_after=None
[2026-05-17T13:38:29.129+0000] {processor.py:208} INFO - Processing /home/airflow/.local/lib/python3.12/site-packages/airflow/example_dags/example_time_delta_sensor_async.py took 0.074 seconds
[2026-05-17T13:51:33.288+0000] {processor.py:186} INFO - Started process (PID=129) to work on /home/airflow/.local/lib/python3.12/site-packages/airflow/example_dags/example_time_delta_sensor_async.py
[2026-05-17T13:51:33.290+0000] {processor.py:914} INFO - Processing file /home/airflow/.local/lib/python3.12/site-packages/airflow/example_dags/example_time_delta_sensor_async.py for tasks to queue
[2026-05-17T13:51:33.295+0000] {logging_mixin.py:190} INFO - [2026-05-17T13:51:33.294+0000] {dagbag.py:588} INFO - Filling up the DagBag from /home/airflow/.local/lib/python3.12/site-packages/airflow/example_dags/example_time_delta_sensor_async.py
[2026-05-17T13:51:33.320+0000] {processor.py:925} INFO - DAG(s) 'example_time_delta_sensor_async' retrieved from /home/airflow/.local/lib/python3.12/site-packages/airflow/example_dags/example_time_delta_sensor_async.py
[2026-05-17T13:51:33.387+0000] {logging_mixin.py:190} INFO - [2026-05-17T13:51:33.387+0000] {dag.py:3239} INFO - Sync 1 DAGs
[2026-05-17T13:51:33.441+0000] {logging_mixin.py:190} INFO - [2026-05-17T13:51:33.440+0000] {dag.py:4180} INFO - Setting next_dagrun for example_time_delta_sensor_async to None, run_after=None
[2026-05-17T13:51:33.503+0000] {processor.py:208} INFO - Processing /home/airflow/.local/lib/python3.12/site-packages/airflow/example_dags/example_time_delta_sensor_async.py took 0.227 seconds
[2026-05-17T16:13:36.386+0000] {processor.py:186} INFO - Started process (PID=131) to work on /home/airflow/.local/lib/python3.12/site-packages/airflow/example_dags/example_time_delta_sensor_async.py
[2026-05-17T16:13:36.388+0000] {processor.py:914} INFO - Processing file /home/airflow/.local/lib/python3.12/site-packages/airflow/example_dags/example_time_delta_sensor_async.py for tasks to queue
[2026-05-17T16:13:36.394+0000] {logging_mixin.py:190} INFO - [2026-05-17T16:13:36.392+0000] {dagbag.py:588} INFO - Filling up the DagBag from /home/airflow/.local/lib/python3.12/site-packages/airflow/example_dags/example_time_delta_sensor_async.py
[2026-05-17T16:13:36.425+0000] {processor.py:925} INFO - DAG(s) 'example_time_delta_sensor_async' retrieved from /home/airflow/.local/lib/python3.12/site-packages/airflow/example_dags/example_time_delta_sensor_async.py
[2026-05-17T16:24:08.683+0000] {processor.py:186} INFO - Started process (PID=123) to work on /home/airflow/.local/lib/python3.12/site-packages/airflow/example_dags/example_time_delta_sensor_async.py
[2026-05-17T16:24:08.699+0000] {processor.py:914} INFO - Processing file /home/airflow/.local/lib/python3.12/site-packages/airflow/example_dags/example_time_delta_sensor_async.py for tasks to queue
[2026-05-17T16:24:08.720+0000] {logging_mixin.py:190} INFO - [2026-05-17T16:24:08.719+0000] {dagbag.py:588} INFO - Filling up the DagBag from /home/airflow/.local/lib/python3.12/site-packages/airflow/example_dags/example_time_delta_sensor_async.py
[2026-05-17T16:24:08.786+0000] {processor.py:925} INFO - DAG(s) 'example_time_delta_sensor_async' retrieved from /home/airflow/.local/lib/python3.12/site-packages/airflow/example_dags/example_time_delta_sensor_async.py
[2026-05-17T16:24:08.881+0000] {logging_mixin.py:190} INFO - [2026-05-17T16:24:08.880+0000] {dag.py:3239} INFO - Sync 1 DAGs
[2026-05-17T16:24:08.927+0000] {logging_mixin.py:190} INFO - [2026-05-17T16:24:08.926+0000] {dag.py:4180} INFO - Setting next_dagrun for example_time_delta_sensor_async to None, run_after=None
[2026-05-17T16:24:08.993+0000] {processor.py:208} INFO - Processing /home/airflow/.local/lib/python3.12/site-packages/airflow/example_dags/example_time_delta_sensor_async.py took 0.342 seconds
[2026-05-17T18:15:01.333+0000] {processor.py:186} INFO - Started process (PID=132) to work on /home/airflow/.local/lib/python3.12/site-packages/airflow/example_dags/example_time_delta_sensor_async.py
[2026-05-17T18:15:01.336+0000] {processor.py:914} INFO - Processing file /home/airflow/.local/lib/python3.12/site-packages/airflow/example_dags/example_time_delta_sensor_async.py for tasks to queue
[2026-05-17T18:15:01.349+0000] {logging_mixin.py:190} INFO - [2026-05-17T18:15:01.346+0000] {dagbag.py:588} INFO - Filling up the DagBag from /home/airflow/.local/lib/python3.12/site-packages/airflow/example_dags/example_time_delta_sensor_async.py
[2026-05-17T18:15:01.407+0000] {processor.py:925} INFO - DAG(s) 'example_time_delta_sensor_async' retrieved from /home/airflow/.local/lib/python3.12/site-packages/airflow/example_dags/example_time_delta_sensor_async.py
[2026-05-17T18:15:01.546+0000] {logging_mixin.py:190} INFO - [2026-05-17T18:15:01.545+0000] {dag.py:3239} INFO - Sync 1 DAGs
[2026-05-17T18:15:02.095+0000] {logging_mixin.py:190} INFO - [2026-05-17T18:15:02.094+0000] {dag.py:4180} INFO - Setting next_dagrun for example_time_delta_sensor_async to None, run_after=None
[2026-05-17T18:15:02.883+0000] {processor.py:208} INFO - Processing /home/airflow/.local/lib/python3.12/site-packages/airflow/example_dags/example_time_delta_sensor_async.py took 1.600 seconds
[2026-05-17T18:15:47.959+0000] {processor.py:186} INFO - Started process (PID=196) to work on /home/airflow/.local/lib/python3.12/site-packages/airflow/example_dags/example_time_delta_sensor_async.py
[2026-05-17T18:15:47.968+0000] {processor.py:914} INFO - Processing file /home/airflow/.local/lib/python3.12/site-packages/airflow/example_dags/example_time_delta_sensor_async.py for tasks to queue
[2026-05-17T18:15:47.973+0000] {logging_mixin.py:190} INFO - [2026-05-17T18:15:47.973+0000] {dagbag.py:588} INFO - Filling up the DagBag from /home/airflow/.local/lib/python3.12/site-packages/airflow/example_dags/example_time_delta_sensor_async.py
[2026-05-17T18:15:48.007+0000] {processor.py:925} INFO - DAG(s) 'example_time_delta_sensor_async' retrieved from /home/airflow/.local/lib/python3.12/site-packages/airflow/example_dags/example_time_delta_sensor_async.py
[2026-05-17T18:15:48.082+0000] {logging_mixin.py:190} INFO - [2026-05-17T18:15:48.081+0000] {dag.py:3239} INFO - Sync 1 DAGs
[2026-05-17T18:15:48.137+0000] {logging_mixin.py:190} INFO - [2026-05-17T18:15:48.137+0000] {dag.py:4180} INFO - Setting next_dagrun for example_time_delta_sensor_async to None, run_after=None
[2026-05-17T18:15:48.224+0000] {processor.py:208} INFO - Processing /home/airflow/.local/lib/python3.12/site-packages/airflow/example_dags/example_time_delta_sensor_async.py took 0.279 seconds
[2026-05-17T18:23:43.653+0000] {processor.py:186} INFO - Started process (PID=129) to work on /home/airflow/.local/lib/python3.12/site-packages/airflow/example_dags/example_time_delta_sensor_async.py
[2026-05-17T18:23:43.655+0000] {processor.py:914} INFO - Processing file /home/airflow/.local/lib/python3.12/site-packages/airflow/example_dags/example_time_delta_sensor_async.py for tasks to queue
[2026-05-17T18:23:43.660+0000] {logging_mixin.py:190} INFO - [2026-05-17T18:23:43.660+0000] {dagbag.py:588} INFO - Filling up the DagBag from /home/airflow/.local/lib/python3.12/site-packages/airflow/example_dags/example_time_delta_sensor_async.py
[2026-05-17T18:23:43.682+0000] {processor.py:925} INFO - DAG(s) 'example_time_delta_sensor_async' retrieved from /home/airflow/.local/lib/python3.12/site-packages/airflow/example_dags/example_time_delta_sensor_async.py
[2026-05-17T18:23:43.739+0000] {logging_mixin.py:190} INFO - [2026-05-17T18:23:43.738+0000] {dag.py:3239} INFO - Sync 1 DAGs
[2026-05-17T18:23:43.787+0000] {logging_mixin.py:190} INFO - [2026-05-17T18:23:43.786+0000] {dag.py:4180} INFO - Setting next_dagrun for example_time_delta_sensor_async to None, run_after=None
[2026-05-17T18:23:43.825+0000] {processor.py:208} INFO - Processing /home/airflow/.local/lib/python3.12/site-packages/airflow/example_dags/example_time_delta_sensor_async.py took 0.182 seconds
