[2026-05-17T00:38:15.480+0000] {processor.py:186} INFO - Started process (PID=82) to work on /home/airflow/.local/lib/python3.12/site-packages/airflow/example_dags/example_latest_only.py
[2026-05-17T00:38:15.484+0000] {processor.py:914} INFO - Processing file /home/airflow/.local/lib/python3.12/site-packages/airflow/example_dags/example_latest_only.py for tasks to queue
[2026-05-17T00:38:15.500+0000] {logging_mixin.py:190} INFO - [2026-05-17T00:38:15.500+0000] {dagbag.py:588} INFO - Filling up the DagBag from /home/airflow/.local/lib/python3.12/site-packages/airflow/example_dags/example_latest_only.py
[2026-05-17T00:38:15.519+0000] {processor.py:925} INFO - DAG(s) 'latest_only' retrieved from /home/airflow/.local/lib/python3.12/site-packages/airflow/example_dags/example_latest_only.py
[2026-05-17T00:38:15.589+0000] {logging_mixin.py:190} INFO - [2026-05-17T00:38:15.588+0000] {dag.py:3239} INFO - Sync 1 DAGs
[2026-05-17T00:38:15.694+0000] {logging_mixin.py:190} INFO - [2026-05-17T00:38:15.693+0000] {dag.py:4180} INFO - Setting next_dagrun for latest_only to 2026-05-16 20:00:00+00:00, run_after=2026-05-17 00:00:00+00:00
[2026-05-17T00:38:15.780+0000] {processor.py:208} INFO - Processing /home/airflow/.local/lib/python3.12/site-packages/airflow/example_dags/example_latest_only.py took 0.312 seconds
[2026-05-17T00:38:46.176+0000] {processor.py:186} INFO - Started process (PID=143) to work on /home/airflow/.local/lib/python3.12/site-packages/airflow/example_dags/example_latest_only.py
[2026-05-17T00:38:46.180+0000] {processor.py:914} INFO - Processing file /home/airflow/.local/lib/python3.12/site-packages/airflow/example_dags/example_latest_only.py for tasks to queue
[2026-05-17T00:38:46.187+0000] {logging_mixin.py:190} INFO - [2026-05-17T00:38:46.186+0000] {dagbag.py:588} INFO - Filling up the DagBag from /home/airflow/.local/lib/python3.12/site-packages/airflow/example_dags/example_latest_only.py
[2026-05-17T00:38:46.209+0000] {processor.py:925} INFO - DAG(s) 'latest_only' retrieved from /home/airflow/.local/lib/python3.12/site-packages/airflow/example_dags/example_latest_only.py
[2026-05-17T00:38:46.279+0000] {logging_mixin.py:190} INFO - [2026-05-17T00:38:46.279+0000] {dag.py:3239} INFO - Sync 1 DAGs
[2026-05-17T00:38:46.373+0000] {logging_mixin.py:190} INFO - [2026-05-17T00:38:46.372+0000] {dag.py:4180} INFO - Setting next_dagrun for latest_only to 2026-05-16 20:00:00+00:00, run_after=2026-05-17 00:00:00+00:00
[2026-05-17T00:38:46.435+0000] {processor.py:208} INFO - Processing /home/airflow/.local/lib/python3.12/site-packages/airflow/example_dags/example_latest_only.py took 0.272 seconds
[2026-05-17T01:18:25.554+0000] {processor.py:186} INFO - Started process (PID=207) to work on /home/airflow/.local/lib/python3.12/site-packages/airflow/example_dags/example_latest_only.py
[2026-05-17T01:18:25.559+0000] {processor.py:914} INFO - Processing file /home/airflow/.local/lib/python3.12/site-packages/airflow/example_dags/example_latest_only.py for tasks to queue
[2026-05-17T01:18:25.562+0000] {logging_mixin.py:190} INFO - [2026-05-17T01:18:25.561+0000] {dagbag.py:588} INFO - Filling up the DagBag from /home/airflow/.local/lib/python3.12/site-packages/airflow/example_dags/example_latest_only.py
[2026-05-17T01:18:25.603+0000] {processor.py:925} INFO - DAG(s) 'latest_only' retrieved from /home/airflow/.local/lib/python3.12/site-packages/airflow/example_dags/example_latest_only.py
[2026-05-17T01:18:25.720+0000] {logging_mixin.py:190} INFO - [2026-05-17T01:18:25.719+0000] {dag.py:3239} INFO - Sync 1 DAGs
[2026-05-17T01:18:25.812+0000] {logging_mixin.py:190} INFO - [2026-05-17T01:18:25.811+0000] {dag.py:4180} INFO - Setting next_dagrun for latest_only to 2026-05-16 20:00:00+00:00, run_after=2026-05-17 00:00:00+00:00
[2026-05-17T01:18:25.849+0000] {processor.py:208} INFO - Processing /home/airflow/.local/lib/python3.12/site-packages/airflow/example_dags/example_latest_only.py took 0.320 seconds
[2026-05-17T01:21:35.751+0000] {processor.py:186} INFO - Started process (PID=92) to work on /home/airflow/.local/lib/python3.12/site-packages/airflow/example_dags/example_latest_only.py
[2026-05-17T01:21:35.797+0000] {processor.py:914} INFO - Processing file /home/airflow/.local/lib/python3.12/site-packages/airflow/example_dags/example_latest_only.py for tasks to queue
[2026-05-17T01:21:35.818+0000] {logging_mixin.py:190} INFO - [2026-05-17T01:21:35.817+0000] {dagbag.py:588} INFO - Filling up the DagBag from /home/airflow/.local/lib/python3.12/site-packages/airflow/example_dags/example_latest_only.py
[2026-05-17T01:21:35.979+0000] {processor.py:925} INFO - DAG(s) 'latest_only' retrieved from /home/airflow/.local/lib/python3.12/site-packages/airflow/example_dags/example_latest_only.py
[2026-05-17T01:21:36.576+0000] {logging_mixin.py:190} INFO - [2026-05-17T01:21:36.575+0000] {dag.py:3239} INFO - Sync 1 DAGs
[2026-05-17T01:21:36.715+0000] {logging_mixin.py:190} INFO - [2026-05-17T01:21:36.714+0000] {dag.py:4180} INFO - Setting next_dagrun for latest_only to 2026-05-16 20:00:00+00:00, run_after=2026-05-17 00:00:00+00:00
[2026-05-17T01:21:36.785+0000] {processor.py:208} INFO - Processing /home/airflow/.local/lib/python3.12/site-packages/airflow/example_dags/example_latest_only.py took 1.082 seconds
[2026-05-17T01:22:47.738+0000] {processor.py:186} INFO - Started process (PID=161) to work on /home/airflow/.local/lib/python3.12/site-packages/airflow/example_dags/example_latest_only.py
[2026-05-17T01:22:47.742+0000] {processor.py:914} INFO - Processing file /home/airflow/.local/lib/python3.12/site-packages/airflow/example_dags/example_latest_only.py for tasks to queue
[2026-05-17T01:22:47.745+0000] {logging_mixin.py:190} INFO - [2026-05-17T01:22:47.745+0000] {dagbag.py:588} INFO - Filling up the DagBag from /home/airflow/.local/lib/python3.12/site-packages/airflow/example_dags/example_latest_only.py
[2026-05-17T01:22:47.760+0000] {processor.py:925} INFO - DAG(s) 'latest_only' retrieved from /home/airflow/.local/lib/python3.12/site-packages/airflow/example_dags/example_latest_only.py
[2026-05-17T01:22:47.778+0000] {logging_mixin.py:190} INFO - [2026-05-17T01:22:47.777+0000] {dag.py:3239} INFO - Sync 1 DAGs
[2026-05-17T01:22:47.799+0000] {logging_mixin.py:190} INFO - [2026-05-17T01:22:47.799+0000] {dag.py:4180} INFO - Setting next_dagrun for latest_only to 2026-05-16 20:00:00+00:00, run_after=2026-05-17 00:00:00+00:00
[2026-05-17T01:22:47.829+0000] {processor.py:208} INFO - Processing /home/airflow/.local/lib/python3.12/site-packages/airflow/example_dags/example_latest_only.py took 0.097 seconds
[2026-05-17T01:23:19.009+0000] {processor.py:186} INFO - Started process (PID=224) to work on /home/airflow/.local/lib/python3.12/site-packages/airflow/example_dags/example_latest_only.py
[2026-05-17T01:23:19.010+0000] {processor.py:914} INFO - Processing file /home/airflow/.local/lib/python3.12/site-packages/airflow/example_dags/example_latest_only.py for tasks to queue
[2026-05-17T01:23:19.027+0000] {logging_mixin.py:190} INFO - [2026-05-17T01:23:19.027+0000] {dagbag.py:588} INFO - Filling up the DagBag from /home/airflow/.local/lib/python3.12/site-packages/airflow/example_dags/example_latest_only.py
[2026-05-17T01:23:19.045+0000] {processor.py:925} INFO - DAG(s) 'latest_only' retrieved from /home/airflow/.local/lib/python3.12/site-packages/airflow/example_dags/example_latest_only.py
[2026-05-17T01:23:19.110+0000] {logging_mixin.py:190} INFO - [2026-05-17T01:23:19.110+0000] {dag.py:3239} INFO - Sync 1 DAGs
[2026-05-17T01:23:19.214+0000] {logging_mixin.py:190} INFO - [2026-05-17T01:23:19.213+0000] {dag.py:4180} INFO - Setting next_dagrun for latest_only to 2026-05-16 20:00:00+00:00, run_after=2026-05-17 00:00:00+00:00
[2026-05-17T01:23:19.286+0000] {processor.py:208} INFO - Processing /home/airflow/.local/lib/python3.12/site-packages/airflow/example_dags/example_latest_only.py took 0.288 seconds
[2026-05-17T01:51:45.346+0000] {processor.py:186} INFO - Started process (PID=247) to work on /home/airflow/.local/lib/python3.12/site-packages/airflow/example_dags/example_latest_only.py
[2026-05-17T01:51:45.347+0000] {processor.py:914} INFO - Processing file /home/airflow/.local/lib/python3.12/site-packages/airflow/example_dags/example_latest_only.py for tasks to queue
[2026-05-17T01:51:45.351+0000] {logging_mixin.py:190} INFO - [2026-05-17T01:51:45.351+0000] {dagbag.py:588} INFO - Filling up the DagBag from /home/airflow/.local/lib/python3.12/site-packages/airflow/example_dags/example_latest_only.py
[2026-05-17T01:51:45.362+0000] {processor.py:925} INFO - DAG(s) 'latest_only' retrieved from /home/airflow/.local/lib/python3.12/site-packages/airflow/example_dags/example_latest_only.py
[2026-05-17T01:51:45.389+0000] {logging_mixin.py:190} INFO - [2026-05-17T01:51:45.389+0000] {dag.py:3239} INFO - Sync 1 DAGs
[2026-05-17T01:51:45.417+0000] {logging_mixin.py:190} INFO - [2026-05-17T01:51:45.417+0000] {dag.py:4180} INFO - Setting next_dagrun for latest_only to 2026-05-16 20:00:00+00:00, run_after=2026-05-17 00:00:00+00:00
[2026-05-17T01:51:45.443+0000] {processor.py:208} INFO - Processing /home/airflow/.local/lib/python3.12/site-packages/airflow/example_dags/example_latest_only.py took 0.105 seconds
[2026-05-17T01:55:06.359+0000] {processor.py:186} INFO - Started process (PID=305) to work on /home/airflow/.local/lib/python3.12/site-packages/airflow/example_dags/example_latest_only.py
[2026-05-17T01:55:06.361+0000] {processor.py:914} INFO - Processing file /home/airflow/.local/lib/python3.12/site-packages/airflow/example_dags/example_latest_only.py for tasks to queue
[2026-05-17T01:55:06.363+0000] {logging_mixin.py:190} INFO - [2026-05-17T01:55:06.362+0000] {dagbag.py:588} INFO - Filling up the DagBag from /home/airflow/.local/lib/python3.12/site-packages/airflow/example_dags/example_latest_only.py
[2026-05-17T01:55:06.380+0000] {processor.py:925} INFO - DAG(s) 'latest_only' retrieved from /home/airflow/.local/lib/python3.12/site-packages/airflow/example_dags/example_latest_only.py
[2026-05-17T01:55:06.432+0000] {logging_mixin.py:190} INFO - [2026-05-17T01:55:06.432+0000] {dag.py:3239} INFO - Sync 1 DAGs
[2026-05-17T01:55:06.467+0000] {logging_mixin.py:190} INFO - [2026-05-17T01:55:06.467+0000] {dag.py:4180} INFO - Setting next_dagrun for latest_only to 2026-05-16 20:00:00+00:00, run_after=2026-05-17 00:00:00+00:00
[2026-05-17T01:55:06.506+0000] {processor.py:208} INFO - Processing /home/airflow/.local/lib/python3.12/site-packages/airflow/example_dags/example_latest_only.py took 0.156 seconds
[2026-05-17T01:55:37.013+0000] {processor.py:186} INFO - Started process (PID=368) to work on /home/airflow/.local/lib/python3.12/site-packages/airflow/example_dags/example_latest_only.py
[2026-05-17T01:55:37.014+0000] {processor.py:914} INFO - Processing file /home/airflow/.local/lib/python3.12/site-packages/airflow/example_dags/example_latest_only.py for tasks to queue
[2026-05-17T01:55:37.016+0000] {logging_mixin.py:190} INFO - [2026-05-17T01:55:37.015+0000] {dagbag.py:588} INFO - Filling up the DagBag from /home/airflow/.local/lib/python3.12/site-packages/airflow/example_dags/example_latest_only.py
[2026-05-17T01:55:37.029+0000] {processor.py:925} INFO - DAG(s) 'latest_only' retrieved from /home/airflow/.local/lib/python3.12/site-packages/airflow/example_dags/example_latest_only.py
[2026-05-17T01:55:37.060+0000] {logging_mixin.py:190} INFO - [2026-05-17T01:55:37.060+0000] {dag.py:3239} INFO - Sync 1 DAGs
[2026-05-17T01:55:37.090+0000] {logging_mixin.py:190} INFO - [2026-05-17T01:55:37.090+0000] {dag.py:4180} INFO - Setting next_dagrun for latest_only to 2026-05-16 20:00:00+00:00, run_after=2026-05-17 00:00:00+00:00
[2026-05-17T01:55:37.186+0000] {processor.py:208} INFO - Processing /home/airflow/.local/lib/python3.12/site-packages/airflow/example_dags/example_latest_only.py took 0.183 seconds
[2026-05-17T01:56:07.483+0000] {processor.py:186} INFO - Started process (PID=430) to work on /home/airflow/.local/lib/python3.12/site-packages/airflow/example_dags/example_latest_only.py
[2026-05-17T01:56:07.485+0000] {processor.py:914} INFO - Processing file /home/airflow/.local/lib/python3.12/site-packages/airflow/example_dags/example_latest_only.py for tasks to queue
[2026-05-17T01:56:07.486+0000] {logging_mixin.py:190} INFO - [2026-05-17T01:56:07.486+0000] {dagbag.py:588} INFO - Filling up the DagBag from /home/airflow/.local/lib/python3.12/site-packages/airflow/example_dags/example_latest_only.py
[2026-05-17T01:56:07.597+0000] {processor.py:925} INFO - DAG(s) 'latest_only' retrieved from /home/airflow/.local/lib/python3.12/site-packages/airflow/example_dags/example_latest_only.py
[2026-05-17T01:56:07.631+0000] {logging_mixin.py:190} INFO - [2026-05-17T01:56:07.630+0000] {dag.py:3239} INFO - Sync 1 DAGs
[2026-05-17T01:56:07.669+0000] {logging_mixin.py:190} INFO - [2026-05-17T01:56:07.669+0000] {dag.py:4180} INFO - Setting next_dagrun for latest_only to 2026-05-16 20:00:00+00:00, run_after=2026-05-17 00:00:00+00:00
[2026-05-17T01:56:07.796+0000] {processor.py:208} INFO - Processing /home/airflow/.local/lib/python3.12/site-packages/airflow/example_dags/example_latest_only.py took 0.324 seconds
[2026-05-17T02:03:15.823+0000] {processor.py:186} INFO - Started process (PID=486) to work on /home/airflow/.local/lib/python3.12/site-packages/airflow/example_dags/example_latest_only.py
[2026-05-17T02:03:15.825+0000] {processor.py:914} INFO - Processing file /home/airflow/.local/lib/python3.12/site-packages/airflow/example_dags/example_latest_only.py for tasks to queue
[2026-05-17T02:03:15.827+0000] {logging_mixin.py:190} INFO - [2026-05-17T02:03:15.826+0000] {dagbag.py:588} INFO - Filling up the DagBag from /home/airflow/.local/lib/python3.12/site-packages/airflow/example_dags/example_latest_only.py
[2026-05-17T02:03:15.856+0000] {processor.py:925} INFO - DAG(s) 'latest_only' retrieved from /home/airflow/.local/lib/python3.12/site-packages/airflow/example_dags/example_latest_only.py
[2026-05-17T02:03:15.883+0000] {logging_mixin.py:190} INFO - [2026-05-17T02:03:15.883+0000] {dag.py:3239} INFO - Sync 1 DAGs
[2026-05-17T02:03:15.916+0000] {logging_mixin.py:190} INFO - [2026-05-17T02:03:15.915+0000] {dag.py:4180} INFO - Setting next_dagrun for latest_only to 2026-05-16 20:00:00+00:00, run_after=2026-05-17 00:00:00+00:00
[2026-05-17T02:03:15.989+0000] {processor.py:208} INFO - Processing /home/airflow/.local/lib/python3.12/site-packages/airflow/example_dags/example_latest_only.py took 0.176 seconds
[2026-05-17T13:16:20.447+0000] {processor.py:186} INFO - Started process (PID=90) to work on /home/airflow/.local/lib/python3.12/site-packages/airflow/example_dags/example_latest_only.py
[2026-05-17T13:16:20.449+0000] {processor.py:914} INFO - Processing file /home/airflow/.local/lib/python3.12/site-packages/airflow/example_dags/example_latest_only.py for tasks to queue
[2026-05-17T13:16:20.458+0000] {logging_mixin.py:190} INFO - [2026-05-17T13:16:20.458+0000] {dagbag.py:588} INFO - Filling up the DagBag from /home/airflow/.local/lib/python3.12/site-packages/airflow/example_dags/example_latest_only.py
[2026-05-17T13:16:20.477+0000] {processor.py:925} INFO - DAG(s) 'latest_only' retrieved from /home/airflow/.local/lib/python3.12/site-packages/airflow/example_dags/example_latest_only.py
[2026-05-17T13:16:20.537+0000] {logging_mixin.py:190} INFO - [2026-05-17T13:16:20.536+0000] {dag.py:3239} INFO - Sync 1 DAGs
[2026-05-17T13:16:20.606+0000] {logging_mixin.py:190} INFO - [2026-05-17T13:16:20.606+0000] {dag.py:4180} INFO - Setting next_dagrun for latest_only to 2026-05-17 08:00:00+00:00, run_after=2026-05-17 12:00:00+00:00
[2026-05-17T13:16:20.711+0000] {processor.py:208} INFO - Processing /home/airflow/.local/lib/python3.12/site-packages/airflow/example_dags/example_latest_only.py took 0.283 seconds
[2026-05-17T13:37:26.443+0000] {processor.py:186} INFO - Started process (PID=81) to work on /home/airflow/.local/lib/python3.12/site-packages/airflow/example_dags/example_latest_only.py
[2026-05-17T13:37:26.454+0000] {processor.py:914} INFO - Processing file /home/airflow/.local/lib/python3.12/site-packages/airflow/example_dags/example_latest_only.py for tasks to queue
[2026-05-17T13:37:26.459+0000] {logging_mixin.py:190} INFO - [2026-05-17T13:37:26.458+0000] {dagbag.py:588} INFO - Filling up the DagBag from /home/airflow/.local/lib/python3.12/site-packages/airflow/example_dags/example_latest_only.py
[2026-05-17T13:37:26.513+0000] {processor.py:925} INFO - DAG(s) 'latest_only' retrieved from /home/airflow/.local/lib/python3.12/site-packages/airflow/example_dags/example_latest_only.py
[2026-05-17T13:37:26.747+0000] {logging_mixin.py:190} INFO - [2026-05-17T13:37:26.746+0000] {dag.py:3239} INFO - Sync 1 DAGs
[2026-05-17T13:37:26.964+0000] {logging_mixin.py:190} INFO - [2026-05-17T13:37:26.964+0000] {dag.py:4180} INFO - Setting next_dagrun for latest_only to 2026-05-17 08:00:00+00:00, run_after=2026-05-17 12:00:00+00:00
[2026-05-17T13:37:27.020+0000] {processor.py:208} INFO - Processing /home/airflow/.local/lib/python3.12/site-packages/airflow/example_dags/example_latest_only.py took 0.633 seconds
[2026-05-17T13:38:25.855+0000] {processor.py:186} INFO - Started process (PID=138) to work on /home/airflow/.local/lib/python3.12/site-packages/airflow/example_dags/example_latest_only.py
[2026-05-17T13:38:25.857+0000] {processor.py:914} INFO - Processing file /home/airflow/.local/lib/python3.12/site-packages/airflow/example_dags/example_latest_only.py for tasks to queue
[2026-05-17T13:38:25.858+0000] {logging_mixin.py:190} INFO - [2026-05-17T13:38:25.858+0000] {dagbag.py:588} INFO - Filling up the DagBag from /home/airflow/.local/lib/python3.12/site-packages/airflow/example_dags/example_latest_only.py
[2026-05-17T13:38:25.867+0000] {processor.py:925} INFO - DAG(s) 'latest_only' retrieved from /home/airflow/.local/lib/python3.12/site-packages/airflow/example_dags/example_latest_only.py
[2026-05-17T13:38:25.888+0000] {logging_mixin.py:190} INFO - [2026-05-17T13:38:25.887+0000] {dag.py:3239} INFO - Sync 1 DAGs
[2026-05-17T13:38:25.915+0000] {logging_mixin.py:190} INFO - [2026-05-17T13:38:25.915+0000] {dag.py:4180} INFO - Setting next_dagrun for latest_only to 2026-05-17 08:00:00+00:00, run_after=2026-05-17 12:00:00+00:00
[2026-05-17T13:38:25.933+0000] {processor.py:208} INFO - Processing /home/airflow/.local/lib/python3.12/site-packages/airflow/example_dags/example_latest_only.py took 0.085 seconds
[2026-05-17T13:50:46.806+0000] {processor.py:186} INFO - Started process (PID=79) to work on /home/airflow/.local/lib/python3.12/site-packages/airflow/example_dags/example_latest_only.py
[2026-05-17T13:50:46.870+0000] {processor.py:914} INFO - Processing file /home/airflow/.local/lib/python3.12/site-packages/airflow/example_dags/example_latest_only.py for tasks to queue
[2026-05-17T13:50:46.874+0000] {logging_mixin.py:190} INFO - [2026-05-17T13:50:46.874+0000] {dagbag.py:588} INFO - Filling up the DagBag from /home/airflow/.local/lib/python3.12/site-packages/airflow/example_dags/example_latest_only.py
[2026-05-17T13:50:46.883+0000] {processor.py:925} INFO - DAG(s) 'latest_only' retrieved from /home/airflow/.local/lib/python3.12/site-packages/airflow/example_dags/example_latest_only.py
[2026-05-17T13:50:46.906+0000] {logging_mixin.py:190} INFO - [2026-05-17T13:50:46.906+0000] {dag.py:3239} INFO - Sync 1 DAGs
[2026-05-17T13:50:46.934+0000] {logging_mixin.py:190} INFO - [2026-05-17T13:50:46.934+0000] {dag.py:4180} INFO - Setting next_dagrun for latest_only to 2026-05-17 08:00:00+00:00, run_after=2026-05-17 12:00:00+00:00
[2026-05-17T13:50:47.031+0000] {processor.py:208} INFO - Processing /home/airflow/.local/lib/python3.12/site-packages/airflow/example_dags/example_latest_only.py took 0.234 seconds
[2026-05-17T16:12:56.790+0000] {processor.py:186} INFO - Started process (PID=93) to work on /home/airflow/.local/lib/python3.12/site-packages/airflow/example_dags/example_latest_only.py
[2026-05-17T16:12:56.792+0000] {processor.py:914} INFO - Processing file /home/airflow/.local/lib/python3.12/site-packages/airflow/example_dags/example_latest_only.py for tasks to queue
[2026-05-17T16:12:56.801+0000] {logging_mixin.py:190} INFO - [2026-05-17T16:12:56.800+0000] {dagbag.py:588} INFO - Filling up the DagBag from /home/airflow/.local/lib/python3.12/site-packages/airflow/example_dags/example_latest_only.py
[2026-05-17T16:12:56.818+0000] {processor.py:925} INFO - DAG(s) 'latest_only' retrieved from /home/airflow/.local/lib/python3.12/site-packages/airflow/example_dags/example_latest_only.py
[2026-05-17T16:12:56.877+0000] {logging_mixin.py:190} INFO - [2026-05-17T16:12:56.876+0000] {dag.py:3239} INFO - Sync 1 DAGs
[2026-05-17T16:12:56.962+0000] {logging_mixin.py:190} INFO - [2026-05-17T16:12:56.962+0000] {dag.py:4180} INFO - Setting next_dagrun for latest_only to 2026-05-17 12:00:00+00:00, run_after=2026-05-17 16:00:00+00:00
[2026-05-17T16:12:57.020+0000] {processor.py:208} INFO - Processing /home/airflow/.local/lib/python3.12/site-packages/airflow/example_dags/example_latest_only.py took 0.240 seconds
[2026-05-17T16:23:19.788+0000] {processor.py:186} INFO - Started process (PID=85) to work on /home/airflow/.local/lib/python3.12/site-packages/airflow/example_dags/example_latest_only.py
[2026-05-17T16:23:19.792+0000] {processor.py:914} INFO - Processing file /home/airflow/.local/lib/python3.12/site-packages/airflow/example_dags/example_latest_only.py for tasks to queue
[2026-05-17T16:23:19.826+0000] {logging_mixin.py:190} INFO - [2026-05-17T16:23:19.825+0000] {dagbag.py:588} INFO - Filling up the DagBag from /home/airflow/.local/lib/python3.12/site-packages/airflow/example_dags/example_latest_only.py
[2026-05-17T16:23:19.858+0000] {processor.py:925} INFO - DAG(s) 'latest_only' retrieved from /home/airflow/.local/lib/python3.12/site-packages/airflow/example_dags/example_latest_only.py
[2026-05-17T16:23:19.939+0000] {logging_mixin.py:190} INFO - [2026-05-17T16:23:19.938+0000] {dag.py:3239} INFO - Sync 1 DAGs
[2026-05-17T16:23:20.175+0000] {logging_mixin.py:190} INFO - [2026-05-17T16:23:20.175+0000] {dag.py:4180} INFO - Setting next_dagrun for latest_only to 2026-05-17 12:00:00+00:00, run_after=2026-05-17 16:00:00+00:00
[2026-05-17T16:23:20.314+0000] {processor.py:208} INFO - Processing /home/airflow/.local/lib/python3.12/site-packages/airflow/example_dags/example_latest_only.py took 0.539 seconds
[2026-05-17T16:24:17.389+0000] {processor.py:186} INFO - Started process (PID=142) to work on /home/airflow/.local/lib/python3.12/site-packages/airflow/example_dags/example_latest_only.py
[2026-05-17T16:24:17.396+0000] {processor.py:914} INFO - Processing file /home/airflow/.local/lib/python3.12/site-packages/airflow/example_dags/example_latest_only.py for tasks to queue
[2026-05-17T16:24:17.402+0000] {logging_mixin.py:190} INFO - [2026-05-17T16:24:17.401+0000] {dagbag.py:588} INFO - Filling up the DagBag from /home/airflow/.local/lib/python3.12/site-packages/airflow/example_dags/example_latest_only.py
[2026-05-17T16:24:17.429+0000] {processor.py:925} INFO - DAG(s) 'latest_only' retrieved from /home/airflow/.local/lib/python3.12/site-packages/airflow/example_dags/example_latest_only.py
[2026-05-17T16:24:17.506+0000] {logging_mixin.py:190} INFO - [2026-05-17T16:24:17.506+0000] {dag.py:3239} INFO - Sync 1 DAGs
[2026-05-17T16:24:17.610+0000] {logging_mixin.py:190} INFO - [2026-05-17T16:24:17.609+0000] {dag.py:4180} INFO - Setting next_dagrun for latest_only to 2026-05-17 12:00:00+00:00, run_after=2026-05-17 16:00:00+00:00
[2026-05-17T16:24:17.705+0000] {processor.py:208} INFO - Processing /home/airflow/.local/lib/python3.12/site-packages/airflow/example_dags/example_latest_only.py took 0.335 seconds
[2026-05-17T18:14:27.172+0000] {processor.py:186} INFO - Started process (PID=88) to work on /home/airflow/.local/lib/python3.12/site-packages/airflow/example_dags/example_latest_only.py
[2026-05-17T18:14:27.212+0000] {processor.py:914} INFO - Processing file /home/airflow/.local/lib/python3.12/site-packages/airflow/example_dags/example_latest_only.py for tasks to queue
[2026-05-17T18:14:27.236+0000] {logging_mixin.py:190} INFO - [2026-05-17T18:14:27.235+0000] {dagbag.py:588} INFO - Filling up the DagBag from /home/airflow/.local/lib/python3.12/site-packages/airflow/example_dags/example_latest_only.py
[2026-05-17T18:14:27.357+0000] {processor.py:925} INFO - DAG(s) 'latest_only' retrieved from /home/airflow/.local/lib/python3.12/site-packages/airflow/example_dags/example_latest_only.py
[2026-05-17T18:14:27.553+0000] {logging_mixin.py:190} INFO - [2026-05-17T18:14:27.552+0000] {dag.py:3239} INFO - Sync 1 DAGs
[2026-05-17T18:14:27.664+0000] {logging_mixin.py:190} INFO - [2026-05-17T18:14:27.663+0000] {dag.py:4180} INFO - Setting next_dagrun for latest_only to 2026-05-17 12:00:00+00:00, run_after=2026-05-17 16:00:00+00:00
[2026-05-17T18:14:27.769+0000] {processor.py:208} INFO - Processing /home/airflow/.local/lib/python3.12/site-packages/airflow/example_dags/example_latest_only.py took 0.677 seconds
[2026-05-17T18:15:33.848+0000] {processor.py:186} INFO - Started process (PID=151) to work on /home/airflow/.local/lib/python3.12/site-packages/airflow/example_dags/example_latest_only.py
[2026-05-17T18:15:33.854+0000] {processor.py:914} INFO - Processing file /home/airflow/.local/lib/python3.12/site-packages/airflow/example_dags/example_latest_only.py for tasks to queue
[2026-05-17T18:15:33.873+0000] {logging_mixin.py:190} INFO - [2026-05-17T18:15:33.870+0000] {dagbag.py:588} INFO - Filling up the DagBag from /home/airflow/.local/lib/python3.12/site-packages/airflow/example_dags/example_latest_only.py
[2026-05-17T18:15:33.916+0000] {processor.py:925} INFO - DAG(s) 'latest_only' retrieved from /home/airflow/.local/lib/python3.12/site-packages/airflow/example_dags/example_latest_only.py
[2026-05-17T18:15:34.021+0000] {logging_mixin.py:190} INFO - [2026-05-17T18:15:34.019+0000] {dag.py:3239} INFO - Sync 1 DAGs
[2026-05-17T18:15:34.112+0000] {logging_mixin.py:190} INFO - [2026-05-17T18:15:34.111+0000] {dag.py:4180} INFO - Setting next_dagrun for latest_only to 2026-05-17 12:00:00+00:00, run_after=2026-05-17 16:00:00+00:00
[2026-05-17T18:15:34.230+0000] {processor.py:208} INFO - Processing /home/airflow/.local/lib/python3.12/site-packages/airflow/example_dags/example_latest_only.py took 0.397 seconds
[2026-05-17T18:23:02.064+0000] {processor.py:186} INFO - Started process (PID=85) to work on /home/airflow/.local/lib/python3.12/site-packages/airflow/example_dags/example_latest_only.py
[2026-05-17T18:23:02.066+0000] {processor.py:914} INFO - Processing file /home/airflow/.local/lib/python3.12/site-packages/airflow/example_dags/example_latest_only.py for tasks to queue
[2026-05-17T18:23:02.093+0000] {logging_mixin.py:190} INFO - [2026-05-17T18:23:02.092+0000] {dagbag.py:588} INFO - Filling up the DagBag from /home/airflow/.local/lib/python3.12/site-packages/airflow/example_dags/example_latest_only.py
[2026-05-17T18:23:02.121+0000] {processor.py:925} INFO - DAG(s) 'latest_only' retrieved from /home/airflow/.local/lib/python3.12/site-packages/airflow/example_dags/example_latest_only.py
[2026-05-17T18:23:02.185+0000] {logging_mixin.py:190} INFO - [2026-05-17T18:23:02.184+0000] {dag.py:3239} INFO - Sync 1 DAGs
[2026-05-17T18:23:02.362+0000] {logging_mixin.py:190} INFO - [2026-05-17T18:23:02.362+0000] {dag.py:4180} INFO - Setting next_dagrun for latest_only to 2026-05-17 12:00:00+00:00, run_after=2026-05-17 16:00:00+00:00
[2026-05-17T18:23:02.437+0000] {processor.py:208} INFO - Processing /home/airflow/.local/lib/python3.12/site-packages/airflow/example_dags/example_latest_only.py took 0.390 seconds
