[2026-05-17T00:38:26.451+0000] {processor.py:186} INFO - Started process (PID=107) to work on /home/airflow/.local/lib/python3.12/site-packages/airflow/example_dags/example_latest_only_with_trigger.py
[2026-05-17T00:38:26.455+0000] {processor.py:914} INFO - Processing file /home/airflow/.local/lib/python3.12/site-packages/airflow/example_dags/example_latest_only_with_trigger.py for tasks to queue
[2026-05-17T00:38:26.463+0000] {logging_mixin.py:190} INFO - [2026-05-17T00:38:26.461+0000] {dagbag.py:588} INFO - Filling up the DagBag from /home/airflow/.local/lib/python3.12/site-packages/airflow/example_dags/example_latest_only_with_trigger.py
[2026-05-17T00:38:26.493+0000] {processor.py:925} INFO - DAG(s) 'latest_only_with_trigger' retrieved from /home/airflow/.local/lib/python3.12/site-packages/airflow/example_dags/example_latest_only_with_trigger.py
[2026-05-17T00:38:27.177+0000] {logging_mixin.py:190} INFO - [2026-05-17T00:38:27.158+0000] {override.py:1900} INFO - Created Permission View: can read on DAG:latest_only_with_trigger
[2026-05-17T00:38:27.215+0000] {logging_mixin.py:190} INFO - [2026-05-17T00:38:27.213+0000] {override.py:1900} INFO - Created Permission View: can edit on DAG:latest_only_with_trigger
[2026-05-17T00:38:27.239+0000] {logging_mixin.py:190} INFO - [2026-05-17T00:38:27.238+0000] {override.py:1900} INFO - Created Permission View: can delete on DAG:latest_only_with_trigger
[2026-05-17T00:38:27.261+0000] {logging_mixin.py:190} INFO - [2026-05-17T00:38:27.260+0000] {override.py:1900} INFO - Created Permission View: can read on DAG Run:latest_only_with_trigger
[2026-05-17T00:38:27.280+0000] {logging_mixin.py:190} INFO - [2026-05-17T00:38:27.279+0000] {override.py:1900} INFO - Created Permission View: can create on DAG Run:latest_only_with_trigger
[2026-05-17T00:38:27.301+0000] {logging_mixin.py:190} INFO - [2026-05-17T00:38:27.301+0000] {override.py:1900} INFO - Created Permission View: can delete on DAG Run:latest_only_with_trigger
[2026-05-17T00:38:27.325+0000] {logging_mixin.py:190} INFO - [2026-05-17T00:38:27.322+0000] {override.py:1900} INFO - Created Permission View: menu access on DAG Run:latest_only_with_trigger
[2026-05-17T00:38:27.326+0000] {logging_mixin.py:190} INFO - [2026-05-17T00:38:27.326+0000] {dag.py:3239} INFO - Sync 1 DAGs
[2026-05-17T00:38:27.352+0000] {logging_mixin.py:190} INFO - [2026-05-17T00:38:27.351+0000] {dag.py:3262} INFO - Creating ORM DAG for latest_only_with_trigger
[2026-05-17T00:38:27.404+0000] {logging_mixin.py:190} INFO - [2026-05-17T00:38:27.402+0000] {dag.py:4180} INFO - Setting next_dagrun for latest_only_with_trigger to 2026-05-16 20:00:00+00:00, run_after=2026-05-17 00:00:00+00:00
[2026-05-17T00:38:27.459+0000] {processor.py:208} INFO - Processing /home/airflow/.local/lib/python3.12/site-packages/airflow/example_dags/example_latest_only_with_trigger.py took 1.025 seconds
[2026-05-17T00:38:57.613+0000] {processor.py:186} INFO - Started process (PID=168) to work on /home/airflow/.local/lib/python3.12/site-packages/airflow/example_dags/example_latest_only_with_trigger.py
[2026-05-17T00:38:57.621+0000] {processor.py:914} INFO - Processing file /home/airflow/.local/lib/python3.12/site-packages/airflow/example_dags/example_latest_only_with_trigger.py for tasks to queue
[2026-05-17T00:38:57.653+0000] {logging_mixin.py:190} INFO - [2026-05-17T00:38:57.634+0000] {dagbag.py:588} INFO - Filling up the DagBag from /home/airflow/.local/lib/python3.12/site-packages/airflow/example_dags/example_latest_only_with_trigger.py
[2026-05-17T00:38:57.698+0000] {processor.py:925} INFO - DAG(s) 'latest_only_with_trigger' retrieved from /home/airflow/.local/lib/python3.12/site-packages/airflow/example_dags/example_latest_only_with_trigger.py
[2026-05-17T00:38:57.869+0000] {logging_mixin.py:190} INFO - [2026-05-17T00:38:57.868+0000] {dag.py:3239} INFO - Sync 1 DAGs
[2026-05-17T00:38:57.992+0000] {logging_mixin.py:190} INFO - [2026-05-17T00:38:57.991+0000] {dag.py:4180} INFO - Setting next_dagrun for latest_only_with_trigger to 2026-05-16 20:00:00+00:00, run_after=2026-05-17 00:00:00+00:00
[2026-05-17T00:38:58.065+0000] {processor.py:208} INFO - Processing /home/airflow/.local/lib/python3.12/site-packages/airflow/example_dags/example_latest_only_with_trigger.py took 0.491 seconds
[2026-05-17T01:21:46.084+0000] {processor.py:186} INFO - Started process (PID=117) to work on /home/airflow/.local/lib/python3.12/site-packages/airflow/example_dags/example_latest_only_with_trigger.py
[2026-05-17T01:21:46.095+0000] {processor.py:914} INFO - Processing file /home/airflow/.local/lib/python3.12/site-packages/airflow/example_dags/example_latest_only_with_trigger.py for tasks to queue
[2026-05-17T01:21:46.112+0000] {logging_mixin.py:190} INFO - [2026-05-17T01:21:46.111+0000] {dagbag.py:588} INFO - Filling up the DagBag from /home/airflow/.local/lib/python3.12/site-packages/airflow/example_dags/example_latest_only_with_trigger.py
[2026-05-17T01:21:46.183+0000] {processor.py:925} INFO - DAG(s) 'latest_only_with_trigger' retrieved from /home/airflow/.local/lib/python3.12/site-packages/airflow/example_dags/example_latest_only_with_trigger.py
[2026-05-17T01:21:46.261+0000] {logging_mixin.py:190} INFO - [2026-05-17T01:21:46.261+0000] {dag.py:3239} INFO - Sync 1 DAGs
[2026-05-17T01:21:46.384+0000] {logging_mixin.py:190} INFO - [2026-05-17T01:21:46.384+0000] {dag.py:4180} INFO - Setting next_dagrun for latest_only_with_trigger to 2026-05-16 20:00:00+00:00, run_after=2026-05-17 00:00:00+00:00
[2026-05-17T01:21:46.450+0000] {processor.py:208} INFO - Processing /home/airflow/.local/lib/python3.12/site-packages/airflow/example_dags/example_latest_only_with_trigger.py took 0.405 seconds
[2026-05-17T01:22:51.115+0000] {processor.py:186} INFO - Started process (PID=186) to work on /home/airflow/.local/lib/python3.12/site-packages/airflow/example_dags/example_latest_only_with_trigger.py
[2026-05-17T01:22:51.117+0000] {processor.py:914} INFO - Processing file /home/airflow/.local/lib/python3.12/site-packages/airflow/example_dags/example_latest_only_with_trigger.py for tasks to queue
[2026-05-17T01:22:51.120+0000] {logging_mixin.py:190} INFO - [2026-05-17T01:22:51.120+0000] {dagbag.py:588} INFO - Filling up the DagBag from /home/airflow/.local/lib/python3.12/site-packages/airflow/example_dags/example_latest_only_with_trigger.py
[2026-05-17T01:22:51.133+0000] {processor.py:925} INFO - DAG(s) 'latest_only_with_trigger' retrieved from /home/airflow/.local/lib/python3.12/site-packages/airflow/example_dags/example_latest_only_with_trigger.py
[2026-05-17T01:22:51.167+0000] {logging_mixin.py:190} INFO - [2026-05-17T01:22:51.166+0000] {dag.py:3239} INFO - Sync 1 DAGs
[2026-05-17T01:22:51.206+0000] {logging_mixin.py:190} INFO - [2026-05-17T01:22:51.206+0000] {dag.py:4180} INFO - Setting next_dagrun for latest_only_with_trigger to 2026-05-16 20:00:00+00:00, run_after=2026-05-17 00:00:00+00:00
[2026-05-17T01:22:51.253+0000] {processor.py:208} INFO - Processing /home/airflow/.local/lib/python3.12/site-packages/airflow/example_dags/example_latest_only_with_trigger.py took 0.147 seconds
[2026-05-17T01:51:48.542+0000] {processor.py:186} INFO - Started process (PID=272) to work on /home/airflow/.local/lib/python3.12/site-packages/airflow/example_dags/example_latest_only_with_trigger.py
[2026-05-17T01:51:48.543+0000] {processor.py:914} INFO - Processing file /home/airflow/.local/lib/python3.12/site-packages/airflow/example_dags/example_latest_only_with_trigger.py for tasks to queue
[2026-05-17T01:51:48.546+0000] {logging_mixin.py:190} INFO - [2026-05-17T01:51:48.546+0000] {dagbag.py:588} INFO - Filling up the DagBag from /home/airflow/.local/lib/python3.12/site-packages/airflow/example_dags/example_latest_only_with_trigger.py
[2026-05-17T01:51:48.556+0000] {processor.py:925} INFO - DAG(s) 'latest_only_with_trigger' retrieved from /home/airflow/.local/lib/python3.12/site-packages/airflow/example_dags/example_latest_only_with_trigger.py
[2026-05-17T01:51:48.584+0000] {logging_mixin.py:190} INFO - [2026-05-17T01:51:48.584+0000] {dag.py:3239} INFO - Sync 1 DAGs
[2026-05-17T01:51:48.614+0000] {logging_mixin.py:190} INFO - [2026-05-17T01:51:48.614+0000] {dag.py:4180} INFO - Setting next_dagrun for latest_only_with_trigger to 2026-05-16 20:00:00+00:00, run_after=2026-05-17 00:00:00+00:00
[2026-05-17T01:51:48.668+0000] {processor.py:208} INFO - Processing /home/airflow/.local/lib/python3.12/site-packages/airflow/example_dags/example_latest_only_with_trigger.py took 0.135 seconds
[2026-05-17T01:55:10.848+0000] {processor.py:186} INFO - Started process (PID=336) to work on /home/airflow/.local/lib/python3.12/site-packages/airflow/example_dags/example_latest_only_with_trigger.py
[2026-05-17T01:55:10.851+0000] {processor.py:914} INFO - Processing file /home/airflow/.local/lib/python3.12/site-packages/airflow/example_dags/example_latest_only_with_trigger.py for tasks to queue
[2026-05-17T01:55:10.854+0000] {logging_mixin.py:190} INFO - [2026-05-17T01:55:10.853+0000] {dagbag.py:588} INFO - Filling up the DagBag from /home/airflow/.local/lib/python3.12/site-packages/airflow/example_dags/example_latest_only_with_trigger.py
[2026-05-17T01:55:10.934+0000] {processor.py:925} INFO - DAG(s) 'latest_only_with_trigger' retrieved from /home/airflow/.local/lib/python3.12/site-packages/airflow/example_dags/example_latest_only_with_trigger.py
[2026-05-17T01:55:10.963+0000] {logging_mixin.py:190} INFO - [2026-05-17T01:55:10.963+0000] {dag.py:3239} INFO - Sync 1 DAGs
[2026-05-17T01:55:10.988+0000] {logging_mixin.py:190} INFO - [2026-05-17T01:55:10.987+0000] {dag.py:4180} INFO - Setting next_dagrun for latest_only_with_trigger to 2026-05-16 20:00:00+00:00, run_after=2026-05-17 00:00:00+00:00
[2026-05-17T01:55:11.144+0000] {processor.py:208} INFO - Processing /home/airflow/.local/lib/python3.12/site-packages/airflow/example_dags/example_latest_only_with_trigger.py took 0.335 seconds
[2026-05-17T01:55:46.369+0000] {processor.py:186} INFO - Started process (PID=398) to work on /home/airflow/.local/lib/python3.12/site-packages/airflow/example_dags/example_latest_only_with_trigger.py
[2026-05-17T01:55:46.371+0000] {processor.py:914} INFO - Processing file /home/airflow/.local/lib/python3.12/site-packages/airflow/example_dags/example_latest_only_with_trigger.py for tasks to queue
[2026-05-17T01:55:46.374+0000] {logging_mixin.py:190} INFO - [2026-05-17T01:55:46.373+0000] {dagbag.py:588} INFO - Filling up the DagBag from /home/airflow/.local/lib/python3.12/site-packages/airflow/example_dags/example_latest_only_with_trigger.py
[2026-05-17T01:55:46.500+0000] {processor.py:925} INFO - DAG(s) 'latest_only_with_trigger' retrieved from /home/airflow/.local/lib/python3.12/site-packages/airflow/example_dags/example_latest_only_with_trigger.py
[2026-05-17T01:55:46.541+0000] {logging_mixin.py:190} INFO - [2026-05-17T01:55:46.539+0000] {dag.py:3239} INFO - Sync 1 DAGs
[2026-05-17T01:55:46.592+0000] {logging_mixin.py:190} INFO - [2026-05-17T01:55:46.591+0000] {dag.py:4180} INFO - Setting next_dagrun for latest_only_with_trigger to 2026-05-16 20:00:00+00:00, run_after=2026-05-17 00:00:00+00:00
[2026-05-17T01:55:46.734+0000] {processor.py:208} INFO - Processing /home/airflow/.local/lib/python3.12/site-packages/airflow/example_dags/example_latest_only_with_trigger.py took 0.373 seconds
[2026-05-17T01:56:20.424+0000] {processor.py:186} INFO - Started process (PID=462) to work on /home/airflow/.local/lib/python3.12/site-packages/airflow/example_dags/example_latest_only_with_trigger.py
[2026-05-17T01:56:20.427+0000] {processor.py:914} INFO - Processing file /home/airflow/.local/lib/python3.12/site-packages/airflow/example_dags/example_latest_only_with_trigger.py for tasks to queue
[2026-05-17T01:56:20.429+0000] {logging_mixin.py:190} INFO - [2026-05-17T01:56:20.428+0000] {dagbag.py:588} INFO - Filling up the DagBag from /home/airflow/.local/lib/python3.12/site-packages/airflow/example_dags/example_latest_only_with_trigger.py
[2026-05-17T01:56:20.457+0000] {processor.py:925} INFO - DAG(s) 'latest_only_with_trigger' retrieved from /home/airflow/.local/lib/python3.12/site-packages/airflow/example_dags/example_latest_only_with_trigger.py
[2026-05-17T01:56:20.488+0000] {logging_mixin.py:190} INFO - [2026-05-17T01:56:20.487+0000] {dag.py:3239} INFO - Sync 1 DAGs
[2026-05-17T01:56:20.687+0000] {logging_mixin.py:190} INFO - [2026-05-17T01:56:20.686+0000] {dag.py:4180} INFO - Setting next_dagrun for latest_only_with_trigger to 2026-05-16 20:00:00+00:00, run_after=2026-05-17 00:00:00+00:00
[2026-05-17T01:56:20.882+0000] {processor.py:208} INFO - Processing /home/airflow/.local/lib/python3.12/site-packages/airflow/example_dags/example_latest_only_with_trigger.py took 0.468 seconds
[2026-05-17T13:16:27.420+0000] {processor.py:186} INFO - Started process (PID=115) to work on /home/airflow/.local/lib/python3.12/site-packages/airflow/example_dags/example_latest_only_with_trigger.py
[2026-05-17T13:16:27.429+0000] {processor.py:914} INFO - Processing file /home/airflow/.local/lib/python3.12/site-packages/airflow/example_dags/example_latest_only_with_trigger.py for tasks to queue
[2026-05-17T13:16:27.459+0000] {logging_mixin.py:190} INFO - [2026-05-17T13:16:27.457+0000] {dagbag.py:588} INFO - Filling up the DagBag from /home/airflow/.local/lib/python3.12/site-packages/airflow/example_dags/example_latest_only_with_trigger.py
[2026-05-17T13:16:27.534+0000] {processor.py:925} INFO - DAG(s) 'latest_only_with_trigger' retrieved from /home/airflow/.local/lib/python3.12/site-packages/airflow/example_dags/example_latest_only_with_trigger.py
[2026-05-17T13:16:27.748+0000] {logging_mixin.py:190} INFO - [2026-05-17T13:16:27.748+0000] {dag.py:3239} INFO - Sync 1 DAGs
[2026-05-17T13:16:27.924+0000] {logging_mixin.py:190} INFO - [2026-05-17T13:16:27.923+0000] {dag.py:4180} INFO - Setting next_dagrun for latest_only_with_trigger to 2026-05-17 08:00:00+00:00, run_after=2026-05-17 12:00:00+00:00
[2026-05-17T13:16:28.114+0000] {processor.py:208} INFO - Processing /home/airflow/.local/lib/python3.12/site-packages/airflow/example_dags/example_latest_only_with_trigger.py took 0.727 seconds
[2026-05-17T13:37:31.359+0000] {processor.py:186} INFO - Started process (PID=106) to work on /home/airflow/.local/lib/python3.12/site-packages/airflow/example_dags/example_latest_only_with_trigger.py
[2026-05-17T13:37:31.361+0000] {processor.py:914} INFO - Processing file /home/airflow/.local/lib/python3.12/site-packages/airflow/example_dags/example_latest_only_with_trigger.py for tasks to queue
[2026-05-17T13:37:31.366+0000] {logging_mixin.py:190} INFO - [2026-05-17T13:37:31.366+0000] {dagbag.py:588} INFO - Filling up the DagBag from /home/airflow/.local/lib/python3.12/site-packages/airflow/example_dags/example_latest_only_with_trigger.py
[2026-05-17T13:37:31.379+0000] {processor.py:925} INFO - DAG(s) 'latest_only_with_trigger' retrieved from /home/airflow/.local/lib/python3.12/site-packages/airflow/example_dags/example_latest_only_with_trigger.py
[2026-05-17T13:37:31.410+0000] {logging_mixin.py:190} INFO - [2026-05-17T13:37:31.409+0000] {dag.py:3239} INFO - Sync 1 DAGs
[2026-05-17T13:37:31.441+0000] {logging_mixin.py:190} INFO - [2026-05-17T13:37:31.440+0000] {dag.py:4180} INFO - Setting next_dagrun for latest_only_with_trigger to 2026-05-17 08:00:00+00:00, run_after=2026-05-17 12:00:00+00:00
[2026-05-17T13:37:31.469+0000] {processor.py:208} INFO - Processing /home/airflow/.local/lib/python3.12/site-packages/airflow/example_dags/example_latest_only_with_trigger.py took 0.119 seconds
[2026-05-17T13:38:27.674+0000] {processor.py:186} INFO - Started process (PID=163) to work on /home/airflow/.local/lib/python3.12/site-packages/airflow/example_dags/example_latest_only_with_trigger.py
[2026-05-17T13:38:27.676+0000] {processor.py:914} INFO - Processing file /home/airflow/.local/lib/python3.12/site-packages/airflow/example_dags/example_latest_only_with_trigger.py for tasks to queue
[2026-05-17T13:38:27.677+0000] {logging_mixin.py:190} INFO - [2026-05-17T13:38:27.677+0000] {dagbag.py:588} INFO - Filling up the DagBag from /home/airflow/.local/lib/python3.12/site-packages/airflow/example_dags/example_latest_only_with_trigger.py
[2026-05-17T13:38:27.691+0000] {processor.py:925} INFO - DAG(s) 'latest_only_with_trigger' retrieved from /home/airflow/.local/lib/python3.12/site-packages/airflow/example_dags/example_latest_only_with_trigger.py
[2026-05-17T13:38:27.714+0000] {logging_mixin.py:190} INFO - [2026-05-17T13:38:27.714+0000] {dag.py:3239} INFO - Sync 1 DAGs
[2026-05-17T13:38:27.741+0000] {logging_mixin.py:190} INFO - [2026-05-17T13:38:27.741+0000] {dag.py:4180} INFO - Setting next_dagrun for latest_only_with_trigger to 2026-05-17 08:00:00+00:00, run_after=2026-05-17 12:00:00+00:00
[2026-05-17T13:38:27.763+0000] {processor.py:208} INFO - Processing /home/airflow/.local/lib/python3.12/site-packages/airflow/example_dags/example_latest_only_with_trigger.py took 0.097 seconds
[2026-05-17T13:50:57.264+0000] {processor.py:186} INFO - Started process (PID=110) to work on /home/airflow/.local/lib/python3.12/site-packages/airflow/example_dags/example_latest_only_with_trigger.py
[2026-05-17T13:50:57.268+0000] {processor.py:914} INFO - Processing file /home/airflow/.local/lib/python3.12/site-packages/airflow/example_dags/example_latest_only_with_trigger.py for tasks to queue
[2026-05-17T13:50:57.274+0000] {logging_mixin.py:190} INFO - [2026-05-17T13:50:57.273+0000] {dagbag.py:588} INFO - Filling up the DagBag from /home/airflow/.local/lib/python3.12/site-packages/airflow/example_dags/example_latest_only_with_trigger.py
[2026-05-17T13:50:57.308+0000] {processor.py:925} INFO - DAG(s) 'latest_only_with_trigger' retrieved from /home/airflow/.local/lib/python3.12/site-packages/airflow/example_dags/example_latest_only_with_trigger.py
[2026-05-17T13:50:57.380+0000] {logging_mixin.py:190} INFO - [2026-05-17T13:50:57.380+0000] {dag.py:3239} INFO - Sync 1 DAGs
[2026-05-17T13:50:57.474+0000] {logging_mixin.py:190} INFO - [2026-05-17T13:50:57.474+0000] {dag.py:4180} INFO - Setting next_dagrun for latest_only_with_trigger to 2026-05-17 08:00:00+00:00, run_after=2026-05-17 12:00:00+00:00
[2026-05-17T13:50:57.581+0000] {processor.py:208} INFO - Processing /home/airflow/.local/lib/python3.12/site-packages/airflow/example_dags/example_latest_only_with_trigger.py took 0.332 seconds
[2026-05-17T16:13:03.797+0000] {processor.py:186} INFO - Started process (PID=118) to work on /home/airflow/.local/lib/python3.12/site-packages/airflow/example_dags/example_latest_only_with_trigger.py
[2026-05-17T16:13:03.800+0000] {processor.py:914} INFO - Processing file /home/airflow/.local/lib/python3.12/site-packages/airflow/example_dags/example_latest_only_with_trigger.py for tasks to queue
[2026-05-17T16:13:03.812+0000] {logging_mixin.py:190} INFO - [2026-05-17T16:13:03.812+0000] {dagbag.py:588} INFO - Filling up the DagBag from /home/airflow/.local/lib/python3.12/site-packages/airflow/example_dags/example_latest_only_with_trigger.py
[2026-05-17T16:13:03.939+0000] {processor.py:925} INFO - DAG(s) 'latest_only_with_trigger' retrieved from /home/airflow/.local/lib/python3.12/site-packages/airflow/example_dags/example_latest_only_with_trigger.py
[2026-05-17T16:13:04.338+0000] {logging_mixin.py:190} INFO - [2026-05-17T16:13:04.338+0000] {dag.py:3239} INFO - Sync 1 DAGs
[2026-05-17T16:13:05.291+0000] {logging_mixin.py:190} INFO - [2026-05-17T16:13:05.290+0000] {dag.py:4180} INFO - Setting next_dagrun for latest_only_with_trigger to 2026-05-17 12:00:00+00:00, run_after=2026-05-17 16:00:00+00:00
[2026-05-17T16:13:05.395+0000] {processor.py:208} INFO - Processing /home/airflow/.local/lib/python3.12/site-packages/airflow/example_dags/example_latest_only_with_trigger.py took 1.629 seconds
[2026-05-17T16:23:31.835+0000] {processor.py:186} INFO - Started process (PID=110) to work on /home/airflow/.local/lib/python3.12/site-packages/airflow/example_dags/example_latest_only_with_trigger.py
[2026-05-17T16:23:31.843+0000] {processor.py:914} INFO - Processing file /home/airflow/.local/lib/python3.12/site-packages/airflow/example_dags/example_latest_only_with_trigger.py for tasks to queue
[2026-05-17T16:23:31.856+0000] {logging_mixin.py:190} INFO - [2026-05-17T16:23:31.855+0000] {dagbag.py:588} INFO - Filling up the DagBag from /home/airflow/.local/lib/python3.12/site-packages/airflow/example_dags/example_latest_only_with_trigger.py
[2026-05-17T16:23:31.879+0000] {processor.py:925} INFO - DAG(s) 'latest_only_with_trigger' retrieved from /home/airflow/.local/lib/python3.12/site-packages/airflow/example_dags/example_latest_only_with_trigger.py
[2026-05-17T16:23:31.946+0000] {logging_mixin.py:190} INFO - [2026-05-17T16:23:31.946+0000] {dag.py:3239} INFO - Sync 1 DAGs
[2026-05-17T16:23:32.044+0000] {logging_mixin.py:190} INFO - [2026-05-17T16:23:32.044+0000] {dag.py:4180} INFO - Setting next_dagrun for latest_only_with_trigger to 2026-05-17 12:00:00+00:00, run_after=2026-05-17 16:00:00+00:00
[2026-05-17T16:23:32.164+0000] {processor.py:208} INFO - Processing /home/airflow/.local/lib/python3.12/site-packages/airflow/example_dags/example_latest_only_with_trigger.py took 0.347 seconds
[2026-05-17T16:24:23.000+0000] {processor.py:186} INFO - Started process (PID=167) to work on /home/airflow/.local/lib/python3.12/site-packages/airflow/example_dags/example_latest_only_with_trigger.py
[2026-05-17T16:24:23.002+0000] {processor.py:914} INFO - Processing file /home/airflow/.local/lib/python3.12/site-packages/airflow/example_dags/example_latest_only_with_trigger.py for tasks to queue
[2026-05-17T16:24:23.005+0000] {logging_mixin.py:190} INFO - [2026-05-17T16:24:23.004+0000] {dagbag.py:588} INFO - Filling up the DagBag from /home/airflow/.local/lib/python3.12/site-packages/airflow/example_dags/example_latest_only_with_trigger.py
[2026-05-17T16:24:23.030+0000] {processor.py:925} INFO - DAG(s) 'latest_only_with_trigger' retrieved from /home/airflow/.local/lib/python3.12/site-packages/airflow/example_dags/example_latest_only_with_trigger.py
[2026-05-17T16:24:23.086+0000] {logging_mixin.py:190} INFO - [2026-05-17T16:24:23.085+0000] {dag.py:3239} INFO - Sync 1 DAGs
[2026-05-17T16:24:23.145+0000] {logging_mixin.py:190} INFO - [2026-05-17T16:24:23.144+0000] {dag.py:4180} INFO - Setting next_dagrun for latest_only_with_trigger to 2026-05-17 12:00:00+00:00, run_after=2026-05-17 16:00:00+00:00
[2026-05-17T16:24:23.203+0000] {processor.py:208} INFO - Processing /home/airflow/.local/lib/python3.12/site-packages/airflow/example_dags/example_latest_only_with_trigger.py took 0.216 seconds
[2026-05-17T18:14:45.464+0000] {processor.py:186} INFO - Started process (PID=113) to work on /home/airflow/.local/lib/python3.12/site-packages/airflow/example_dags/example_latest_only_with_trigger.py
[2026-05-17T18:14:45.468+0000] {processor.py:914} INFO - Processing file /home/airflow/.local/lib/python3.12/site-packages/airflow/example_dags/example_latest_only_with_trigger.py for tasks to queue
[2026-05-17T18:14:45.478+0000] {logging_mixin.py:190} INFO - [2026-05-17T18:14:45.476+0000] {dagbag.py:588} INFO - Filling up the DagBag from /home/airflow/.local/lib/python3.12/site-packages/airflow/example_dags/example_latest_only_with_trigger.py
[2026-05-17T18:14:45.590+0000] {processor.py:925} INFO - DAG(s) 'latest_only_with_trigger' retrieved from /home/airflow/.local/lib/python3.12/site-packages/airflow/example_dags/example_latest_only_with_trigger.py
[2026-05-17T18:14:45.962+0000] {logging_mixin.py:190} INFO - [2026-05-17T18:14:45.960+0000] {dag.py:3239} INFO - Sync 1 DAGs
[2026-05-17T18:14:46.330+0000] {logging_mixin.py:190} INFO - [2026-05-17T18:14:46.327+0000] {dag.py:4180} INFO - Setting next_dagrun for latest_only_with_trigger to 2026-05-17 12:00:00+00:00, run_after=2026-05-17 16:00:00+00:00
[2026-05-17T18:14:46.434+0000] {processor.py:208} INFO - Processing /home/airflow/.local/lib/python3.12/site-packages/airflow/example_dags/example_latest_only_with_trigger.py took 1.001 seconds
[2026-05-17T18:15:41.538+0000] {processor.py:186} INFO - Started process (PID=183) to work on /home/airflow/.local/lib/python3.12/site-packages/airflow/example_dags/example_latest_only_with_trigger.py
[2026-05-17T18:15:41.541+0000] {processor.py:914} INFO - Processing file /home/airflow/.local/lib/python3.12/site-packages/airflow/example_dags/example_latest_only_with_trigger.py for tasks to queue
[2026-05-17T18:15:41.553+0000] {logging_mixin.py:190} INFO - [2026-05-17T18:15:41.551+0000] {dagbag.py:588} INFO - Filling up the DagBag from /home/airflow/.local/lib/python3.12/site-packages/airflow/example_dags/example_latest_only_with_trigger.py
[2026-05-17T18:15:41.634+0000] {processor.py:925} INFO - DAG(s) 'latest_only_with_trigger' retrieved from /home/airflow/.local/lib/python3.12/site-packages/airflow/example_dags/example_latest_only_with_trigger.py
[2026-05-17T18:15:41.673+0000] {logging_mixin.py:190} INFO - [2026-05-17T18:15:41.672+0000] {dag.py:3239} INFO - Sync 1 DAGs
[2026-05-17T18:15:41.823+0000] {logging_mixin.py:190} INFO - [2026-05-17T18:15:41.822+0000] {dag.py:4180} INFO - Setting next_dagrun for latest_only_with_trigger to 2026-05-17 12:00:00+00:00, run_after=2026-05-17 16:00:00+00:00
[2026-05-17T18:15:41.908+0000] {processor.py:208} INFO - Processing /home/airflow/.local/lib/python3.12/site-packages/airflow/example_dags/example_latest_only_with_trigger.py took 0.380 seconds
[2026-05-17T18:23:08.906+0000] {processor.py:186} INFO - Started process (PID=110) to work on /home/airflow/.local/lib/python3.12/site-packages/airflow/example_dags/example_latest_only_with_trigger.py
[2026-05-17T18:23:08.911+0000] {processor.py:914} INFO - Processing file /home/airflow/.local/lib/python3.12/site-packages/airflow/example_dags/example_latest_only_with_trigger.py for tasks to queue
[2026-05-17T18:23:08.923+0000] {logging_mixin.py:190} INFO - [2026-05-17T18:23:08.922+0000] {dagbag.py:588} INFO - Filling up the DagBag from /home/airflow/.local/lib/python3.12/site-packages/airflow/example_dags/example_latest_only_with_trigger.py
[2026-05-17T18:23:08.944+0000] {processor.py:925} INFO - DAG(s) 'latest_only_with_trigger' retrieved from /home/airflow/.local/lib/python3.12/site-packages/airflow/example_dags/example_latest_only_with_trigger.py
[2026-05-17T18:23:09.001+0000] {logging_mixin.py:190} INFO - [2026-05-17T18:23:09.000+0000] {dag.py:3239} INFO - Sync 1 DAGs
[2026-05-17T18:23:09.060+0000] {logging_mixin.py:190} INFO - [2026-05-17T18:23:09.059+0000] {dag.py:4180} INFO - Setting next_dagrun for latest_only_with_trigger to 2026-05-17 12:00:00+00:00, run_after=2026-05-17 16:00:00+00:00
[2026-05-17T18:23:09.116+0000] {processor.py:208} INFO - Processing /home/airflow/.local/lib/python3.12/site-packages/airflow/example_dags/example_latest_only_with_trigger.py took 0.222 seconds
