[2026-05-17T00:38:24.478+0000] {processor.py:186} INFO - Started process (PID=104) to work on /home/airflow/.local/lib/python3.12/site-packages/airflow/example_dags/example_local_kubernetes_executor.py
[2026-05-17T00:38:24.481+0000] {processor.py:914} INFO - Processing file /home/airflow/.local/lib/python3.12/site-packages/airflow/example_dags/example_local_kubernetes_executor.py for tasks to queue
[2026-05-17T00:38:24.488+0000] {logging_mixin.py:190} INFO - [2026-05-17T00:38:24.487+0000] {dagbag.py:588} INFO - Filling up the DagBag from /home/airflow/.local/lib/python3.12/site-packages/airflow/example_dags/example_local_kubernetes_executor.py
[2026-05-17T00:38:24.529+0000] {processor.py:925} INFO - DAG(s) 'example_local_kubernetes_executor' retrieved from /home/airflow/.local/lib/python3.12/site-packages/airflow/example_dags/example_local_kubernetes_executor.py
[2026-05-17T00:38:25.546+0000] {logging_mixin.py:190} INFO - [2026-05-17T00:38:25.535+0000] {override.py:1900} INFO - Created Permission View: can read on DAG:example_local_kubernetes_executor
[2026-05-17T00:38:25.572+0000] {logging_mixin.py:190} INFO - [2026-05-17T00:38:25.571+0000] {override.py:1900} INFO - Created Permission View: can edit on DAG:example_local_kubernetes_executor
[2026-05-17T00:38:25.591+0000] {logging_mixin.py:190} INFO - [2026-05-17T00:38:25.590+0000] {override.py:1900} INFO - Created Permission View: can delete on DAG:example_local_kubernetes_executor
[2026-05-17T00:38:25.616+0000] {logging_mixin.py:190} INFO - [2026-05-17T00:38:25.616+0000] {override.py:1900} INFO - Created Permission View: can read on DAG Run:example_local_kubernetes_executor
[2026-05-17T00:38:25.636+0000] {logging_mixin.py:190} INFO - [2026-05-17T00:38:25.634+0000] {override.py:1900} INFO - Created Permission View: can create on DAG Run:example_local_kubernetes_executor
[2026-05-17T00:38:25.656+0000] {logging_mixin.py:190} INFO - [2026-05-17T00:38:25.655+0000] {override.py:1900} INFO - Created Permission View: can delete on DAG Run:example_local_kubernetes_executor
[2026-05-17T00:38:25.677+0000] {logging_mixin.py:190} INFO - [2026-05-17T00:38:25.675+0000] {override.py:1900} INFO - Created Permission View: menu access on DAG Run:example_local_kubernetes_executor
[2026-05-17T00:38:25.678+0000] {logging_mixin.py:190} INFO - [2026-05-17T00:38:25.678+0000] {dag.py:3239} INFO - Sync 1 DAGs
[2026-05-17T00:38:25.711+0000] {logging_mixin.py:190} INFO - [2026-05-17T00:38:25.710+0000] {dag.py:3262} INFO - Creating ORM DAG for example_local_kubernetes_executor
[2026-05-17T00:38:25.713+0000] {logging_mixin.py:190} INFO - [2026-05-17T00:38:25.713+0000] {dag.py:4180} INFO - Setting next_dagrun for example_local_kubernetes_executor to None, run_after=None
[2026-05-17T00:38:25.795+0000] {processor.py:208} INFO - Processing /home/airflow/.local/lib/python3.12/site-packages/airflow/example_dags/example_local_kubernetes_executor.py took 1.337 seconds
[2026-05-17T00:38:56.088+0000] {processor.py:186} INFO - Started process (PID=166) to work on /home/airflow/.local/lib/python3.12/site-packages/airflow/example_dags/example_local_kubernetes_executor.py
[2026-05-17T00:38:56.090+0000] {processor.py:914} INFO - Processing file /home/airflow/.local/lib/python3.12/site-packages/airflow/example_dags/example_local_kubernetes_executor.py for tasks to queue
[2026-05-17T00:38:56.105+0000] {logging_mixin.py:190} INFO - [2026-05-17T00:38:56.104+0000] {dagbag.py:588} INFO - Filling up the DagBag from /home/airflow/.local/lib/python3.12/site-packages/airflow/example_dags/example_local_kubernetes_executor.py
[2026-05-17T00:38:56.140+0000] {processor.py:925} INFO - DAG(s) 'example_local_kubernetes_executor' retrieved from /home/airflow/.local/lib/python3.12/site-packages/airflow/example_dags/example_local_kubernetes_executor.py
[2026-05-17T00:38:56.318+0000] {logging_mixin.py:190} INFO - [2026-05-17T00:38:56.318+0000] {dag.py:3239} INFO - Sync 1 DAGs
[2026-05-17T00:38:56.371+0000] {logging_mixin.py:190} INFO - [2026-05-17T00:38:56.370+0000] {dag.py:4180} INFO - Setting next_dagrun for example_local_kubernetes_executor to None, run_after=None
[2026-05-17T00:38:56.423+0000] {processor.py:208} INFO - Processing /home/airflow/.local/lib/python3.12/site-packages/airflow/example_dags/example_local_kubernetes_executor.py took 0.359 seconds
[2026-05-17T01:21:44.414+0000] {processor.py:186} INFO - Started process (PID=114) to work on /home/airflow/.local/lib/python3.12/site-packages/airflow/example_dags/example_local_kubernetes_executor.py
[2026-05-17T01:21:44.416+0000] {processor.py:914} INFO - Processing file /home/airflow/.local/lib/python3.12/site-packages/airflow/example_dags/example_local_kubernetes_executor.py for tasks to queue
[2026-05-17T01:21:44.430+0000] {logging_mixin.py:190} INFO - [2026-05-17T01:21:44.428+0000] {dagbag.py:588} INFO - Filling up the DagBag from /home/airflow/.local/lib/python3.12/site-packages/airflow/example_dags/example_local_kubernetes_executor.py
[2026-05-17T01:21:44.499+0000] {processor.py:925} INFO - DAG(s) 'example_local_kubernetes_executor' retrieved from /home/airflow/.local/lib/python3.12/site-packages/airflow/example_dags/example_local_kubernetes_executor.py
[2026-05-17T01:21:44.686+0000] {logging_mixin.py:190} INFO - [2026-05-17T01:21:44.685+0000] {dag.py:3239} INFO - Sync 1 DAGs
[2026-05-17T01:21:44.749+0000] {logging_mixin.py:190} INFO - [2026-05-17T01:21:44.748+0000] {dag.py:4180} INFO - Setting next_dagrun for example_local_kubernetes_executor to None, run_after=None
[2026-05-17T01:21:44.862+0000] {processor.py:208} INFO - Processing /home/airflow/.local/lib/python3.12/site-packages/airflow/example_dags/example_local_kubernetes_executor.py took 0.467 seconds
[2026-05-17T01:22:50.332+0000] {processor.py:186} INFO - Started process (PID=183) to work on /home/airflow/.local/lib/python3.12/site-packages/airflow/example_dags/example_local_kubernetes_executor.py
[2026-05-17T01:22:50.335+0000] {processor.py:914} INFO - Processing file /home/airflow/.local/lib/python3.12/site-packages/airflow/example_dags/example_local_kubernetes_executor.py for tasks to queue
[2026-05-17T01:22:50.340+0000] {logging_mixin.py:190} INFO - [2026-05-17T01:22:50.340+0000] {dagbag.py:588} INFO - Filling up the DagBag from /home/airflow/.local/lib/python3.12/site-packages/airflow/example_dags/example_local_kubernetes_executor.py
[2026-05-17T01:22:50.380+0000] {processor.py:925} INFO - DAG(s) 'example_local_kubernetes_executor' retrieved from /home/airflow/.local/lib/python3.12/site-packages/airflow/example_dags/example_local_kubernetes_executor.py
[2026-05-17T01:22:50.484+0000] {logging_mixin.py:190} INFO - [2026-05-17T01:22:50.484+0000] {dag.py:3239} INFO - Sync 1 DAGs
[2026-05-17T01:22:50.523+0000] {logging_mixin.py:190} INFO - [2026-05-17T01:22:50.522+0000] {dag.py:4180} INFO - Setting next_dagrun for example_local_kubernetes_executor to None, run_after=None
[2026-05-17T01:22:50.556+0000] {processor.py:208} INFO - Processing /home/airflow/.local/lib/python3.12/site-packages/airflow/example_dags/example_local_kubernetes_executor.py took 0.233 seconds
[2026-05-17T01:51:48.047+0000] {processor.py:186} INFO - Started process (PID=269) to work on /home/airflow/.local/lib/python3.12/site-packages/airflow/example_dags/example_local_kubernetes_executor.py
[2026-05-17T01:51:48.049+0000] {processor.py:914} INFO - Processing file /home/airflow/.local/lib/python3.12/site-packages/airflow/example_dags/example_local_kubernetes_executor.py for tasks to queue
[2026-05-17T01:51:48.053+0000] {logging_mixin.py:190} INFO - [2026-05-17T01:51:48.052+0000] {dagbag.py:588} INFO - Filling up the DagBag from /home/airflow/.local/lib/python3.12/site-packages/airflow/example_dags/example_local_kubernetes_executor.py
[2026-05-17T01:51:48.079+0000] {processor.py:925} INFO - DAG(s) 'example_local_kubernetes_executor' retrieved from /home/airflow/.local/lib/python3.12/site-packages/airflow/example_dags/example_local_kubernetes_executor.py
[2026-05-17T01:51:48.165+0000] {logging_mixin.py:190} INFO - [2026-05-17T01:51:48.165+0000] {dag.py:3239} INFO - Sync 1 DAGs
[2026-05-17T01:51:48.183+0000] {logging_mixin.py:190} INFO - [2026-05-17T01:51:48.183+0000] {dag.py:4180} INFO - Setting next_dagrun for example_local_kubernetes_executor to None, run_after=None
[2026-05-17T01:51:48.217+0000] {processor.py:208} INFO - Processing /home/airflow/.local/lib/python3.12/site-packages/airflow/example_dags/example_local_kubernetes_executor.py took 0.177 seconds
[2026-05-17T01:55:10.313+0000] {processor.py:186} INFO - Started process (PID=333) to work on /home/airflow/.local/lib/python3.12/site-packages/airflow/example_dags/example_local_kubernetes_executor.py
[2026-05-17T01:55:10.315+0000] {processor.py:914} INFO - Processing file /home/airflow/.local/lib/python3.12/site-packages/airflow/example_dags/example_local_kubernetes_executor.py for tasks to queue
[2026-05-17T01:55:10.318+0000] {logging_mixin.py:190} INFO - [2026-05-17T01:55:10.317+0000] {dagbag.py:588} INFO - Filling up the DagBag from /home/airflow/.local/lib/python3.12/site-packages/airflow/example_dags/example_local_kubernetes_executor.py
[2026-05-17T01:55:10.338+0000] {processor.py:925} INFO - DAG(s) 'example_local_kubernetes_executor' retrieved from /home/airflow/.local/lib/python3.12/site-packages/airflow/example_dags/example_local_kubernetes_executor.py
[2026-05-17T01:55:10.430+0000] {logging_mixin.py:190} INFO - [2026-05-17T01:55:10.429+0000] {dag.py:3239} INFO - Sync 1 DAGs
[2026-05-17T01:55:10.453+0000] {logging_mixin.py:190} INFO - [2026-05-17T01:55:10.453+0000] {dag.py:4180} INFO - Setting next_dagrun for example_local_kubernetes_executor to None, run_after=None
[2026-05-17T01:55:10.562+0000] {processor.py:208} INFO - Processing /home/airflow/.local/lib/python3.12/site-packages/airflow/example_dags/example_local_kubernetes_executor.py took 0.260 seconds
[2026-05-17T01:55:45.497+0000] {processor.py:186} INFO - Started process (PID=396) to work on /home/airflow/.local/lib/python3.12/site-packages/airflow/example_dags/example_local_kubernetes_executor.py
[2026-05-17T01:55:45.498+0000] {processor.py:914} INFO - Processing file /home/airflow/.local/lib/python3.12/site-packages/airflow/example_dags/example_local_kubernetes_executor.py for tasks to queue
[2026-05-17T01:55:45.500+0000] {logging_mixin.py:190} INFO - [2026-05-17T01:55:45.500+0000] {dagbag.py:588} INFO - Filling up the DagBag from /home/airflow/.local/lib/python3.12/site-packages/airflow/example_dags/example_local_kubernetes_executor.py
[2026-05-17T01:55:45.601+0000] {processor.py:925} INFO - DAG(s) 'example_local_kubernetes_executor' retrieved from /home/airflow/.local/lib/python3.12/site-packages/airflow/example_dags/example_local_kubernetes_executor.py
[2026-05-17T01:55:45.845+0000] {logging_mixin.py:190} INFO - [2026-05-17T01:55:45.845+0000] {dag.py:3239} INFO - Sync 1 DAGs
[2026-05-17T01:55:45.872+0000] {logging_mixin.py:190} INFO - [2026-05-17T01:55:45.872+0000] {dag.py:4180} INFO - Setting next_dagrun for example_local_kubernetes_executor to None, run_after=None
[2026-05-17T01:55:45.998+0000] {processor.py:208} INFO - Processing /home/airflow/.local/lib/python3.12/site-packages/airflow/example_dags/example_local_kubernetes_executor.py took 0.509 seconds
[2026-05-17T01:56:19.084+0000] {processor.py:186} INFO - Started process (PID=453) to work on /home/airflow/.local/lib/python3.12/site-packages/airflow/example_dags/example_local_kubernetes_executor.py
[2026-05-17T01:56:19.086+0000] {processor.py:914} INFO - Processing file /home/airflow/.local/lib/python3.12/site-packages/airflow/example_dags/example_local_kubernetes_executor.py for tasks to queue
[2026-05-17T01:56:19.087+0000] {logging_mixin.py:190} INFO - [2026-05-17T01:56:19.087+0000] {dagbag.py:588} INFO - Filling up the DagBag from /home/airflow/.local/lib/python3.12/site-packages/airflow/example_dags/example_local_kubernetes_executor.py
[2026-05-17T01:56:19.163+0000] {processor.py:925} INFO - DAG(s) 'example_local_kubernetes_executor' retrieved from /home/airflow/.local/lib/python3.12/site-packages/airflow/example_dags/example_local_kubernetes_executor.py
[2026-05-17T01:56:19.353+0000] {logging_mixin.py:190} INFO - [2026-05-17T01:56:19.352+0000] {dag.py:3239} INFO - Sync 1 DAGs
[2026-05-17T01:56:19.388+0000] {logging_mixin.py:190} INFO - [2026-05-17T01:56:19.387+0000] {dag.py:4180} INFO - Setting next_dagrun for example_local_kubernetes_executor to None, run_after=None
[2026-05-17T01:56:19.613+0000] {processor.py:208} INFO - Processing /home/airflow/.local/lib/python3.12/site-packages/airflow/example_dags/example_local_kubernetes_executor.py took 0.540 seconds
[2026-05-17T13:16:26.625+0000] {processor.py:186} INFO - Started process (PID=112) to work on /home/airflow/.local/lib/python3.12/site-packages/airflow/example_dags/example_local_kubernetes_executor.py
[2026-05-17T13:16:26.628+0000] {processor.py:914} INFO - Processing file /home/airflow/.local/lib/python3.12/site-packages/airflow/example_dags/example_local_kubernetes_executor.py for tasks to queue
[2026-05-17T13:16:26.635+0000] {logging_mixin.py:190} INFO - [2026-05-17T13:16:26.634+0000] {dagbag.py:588} INFO - Filling up the DagBag from /home/airflow/.local/lib/python3.12/site-packages/airflow/example_dags/example_local_kubernetes_executor.py
[2026-05-17T13:16:26.681+0000] {processor.py:925} INFO - DAG(s) 'example_local_kubernetes_executor' retrieved from /home/airflow/.local/lib/python3.12/site-packages/airflow/example_dags/example_local_kubernetes_executor.py
[2026-05-17T13:16:26.839+0000] {logging_mixin.py:190} INFO - [2026-05-17T13:16:26.839+0000] {dag.py:3239} INFO - Sync 1 DAGs
[2026-05-17T13:16:26.909+0000] {logging_mixin.py:190} INFO - [2026-05-17T13:16:26.909+0000] {dag.py:4180} INFO - Setting next_dagrun for example_local_kubernetes_executor to None, run_after=None
[2026-05-17T13:16:26.976+0000] {processor.py:208} INFO - Processing /home/airflow/.local/lib/python3.12/site-packages/airflow/example_dags/example_local_kubernetes_executor.py took 0.380 seconds
[2026-05-17T13:37:31.008+0000] {processor.py:186} INFO - Started process (PID=103) to work on /home/airflow/.local/lib/python3.12/site-packages/airflow/example_dags/example_local_kubernetes_executor.py
[2026-05-17T13:37:31.010+0000] {processor.py:914} INFO - Processing file /home/airflow/.local/lib/python3.12/site-packages/airflow/example_dags/example_local_kubernetes_executor.py for tasks to queue
[2026-05-17T13:37:31.015+0000] {logging_mixin.py:190} INFO - [2026-05-17T13:37:31.014+0000] {dagbag.py:588} INFO - Filling up the DagBag from /home/airflow/.local/lib/python3.12/site-packages/airflow/example_dags/example_local_kubernetes_executor.py
[2026-05-17T13:37:31.031+0000] {processor.py:925} INFO - DAG(s) 'example_local_kubernetes_executor' retrieved from /home/airflow/.local/lib/python3.12/site-packages/airflow/example_dags/example_local_kubernetes_executor.py
[2026-05-17T13:37:31.081+0000] {logging_mixin.py:190} INFO - [2026-05-17T13:37:31.080+0000] {dag.py:3239} INFO - Sync 1 DAGs
[2026-05-17T13:37:31.106+0000] {logging_mixin.py:190} INFO - [2026-05-17T13:37:31.106+0000] {dag.py:4180} INFO - Setting next_dagrun for example_local_kubernetes_executor to None, run_after=None
[2026-05-17T13:37:31.139+0000] {processor.py:208} INFO - Processing /home/airflow/.local/lib/python3.12/site-packages/airflow/example_dags/example_local_kubernetes_executor.py took 0.140 seconds
[2026-05-17T13:38:27.500+0000] {processor.py:186} INFO - Started process (PID=160) to work on /home/airflow/.local/lib/python3.12/site-packages/airflow/example_dags/example_local_kubernetes_executor.py
[2026-05-17T13:38:27.501+0000] {processor.py:914} INFO - Processing file /home/airflow/.local/lib/python3.12/site-packages/airflow/example_dags/example_local_kubernetes_executor.py for tasks to queue
[2026-05-17T13:38:27.503+0000] {logging_mixin.py:190} INFO - [2026-05-17T13:38:27.503+0000] {dagbag.py:588} INFO - Filling up the DagBag from /home/airflow/.local/lib/python3.12/site-packages/airflow/example_dags/example_local_kubernetes_executor.py
[2026-05-17T13:38:27.516+0000] {processor.py:925} INFO - DAG(s) 'example_local_kubernetes_executor' retrieved from /home/airflow/.local/lib/python3.12/site-packages/airflow/example_dags/example_local_kubernetes_executor.py
[2026-05-17T13:38:27.566+0000] {logging_mixin.py:190} INFO - [2026-05-17T13:38:27.566+0000] {dag.py:3239} INFO - Sync 1 DAGs
[2026-05-17T13:38:27.590+0000] {logging_mixin.py:190} INFO - [2026-05-17T13:38:27.590+0000] {dag.py:4180} INFO - Setting next_dagrun for example_local_kubernetes_executor to None, run_after=None
[2026-05-17T13:38:27.613+0000] {processor.py:208} INFO - Processing /home/airflow/.local/lib/python3.12/site-packages/airflow/example_dags/example_local_kubernetes_executor.py took 0.120 seconds
[2026-05-17T13:50:56.434+0000] {processor.py:186} INFO - Started process (PID=107) to work on /home/airflow/.local/lib/python3.12/site-packages/airflow/example_dags/example_local_kubernetes_executor.py
[2026-05-17T13:50:56.438+0000] {processor.py:914} INFO - Processing file /home/airflow/.local/lib/python3.12/site-packages/airflow/example_dags/example_local_kubernetes_executor.py for tasks to queue
[2026-05-17T13:50:56.461+0000] {logging_mixin.py:190} INFO - [2026-05-17T13:50:56.459+0000] {dagbag.py:588} INFO - Filling up the DagBag from /home/airflow/.local/lib/python3.12/site-packages/airflow/example_dags/example_local_kubernetes_executor.py
[2026-05-17T13:50:56.491+0000] {processor.py:925} INFO - DAG(s) 'example_local_kubernetes_executor' retrieved from /home/airflow/.local/lib/python3.12/site-packages/airflow/example_dags/example_local_kubernetes_executor.py
[2026-05-17T13:50:56.674+0000] {logging_mixin.py:190} INFO - [2026-05-17T13:50:56.673+0000] {dag.py:3239} INFO - Sync 1 DAGs
[2026-05-17T13:50:56.877+0000] {logging_mixin.py:190} INFO - [2026-05-17T13:50:56.877+0000] {dag.py:4180} INFO - Setting next_dagrun for example_local_kubernetes_executor to None, run_after=None
[2026-05-17T13:50:56.948+0000] {processor.py:208} INFO - Processing /home/airflow/.local/lib/python3.12/site-packages/airflow/example_dags/example_local_kubernetes_executor.py took 0.531 seconds
[2026-05-17T16:13:02.377+0000] {processor.py:186} INFO - Started process (PID=115) to work on /home/airflow/.local/lib/python3.12/site-packages/airflow/example_dags/example_local_kubernetes_executor.py
[2026-05-17T16:13:02.381+0000] {processor.py:914} INFO - Processing file /home/airflow/.local/lib/python3.12/site-packages/airflow/example_dags/example_local_kubernetes_executor.py for tasks to queue
[2026-05-17T16:13:02.401+0000] {logging_mixin.py:190} INFO - [2026-05-17T16:13:02.400+0000] {dagbag.py:588} INFO - Filling up the DagBag from /home/airflow/.local/lib/python3.12/site-packages/airflow/example_dags/example_local_kubernetes_executor.py
[2026-05-17T16:13:02.458+0000] {processor.py:925} INFO - DAG(s) 'example_local_kubernetes_executor' retrieved from /home/airflow/.local/lib/python3.12/site-packages/airflow/example_dags/example_local_kubernetes_executor.py
[2026-05-17T16:13:02.862+0000] {logging_mixin.py:190} INFO - [2026-05-17T16:13:02.861+0000] {dag.py:3239} INFO - Sync 1 DAGs
[2026-05-17T16:13:02.990+0000] {logging_mixin.py:190} INFO - [2026-05-17T16:13:02.989+0000] {dag.py:4180} INFO - Setting next_dagrun for example_local_kubernetes_executor to None, run_after=None
[2026-05-17T16:13:03.046+0000] {processor.py:208} INFO - Processing /home/airflow/.local/lib/python3.12/site-packages/airflow/example_dags/example_local_kubernetes_executor.py took 0.694 seconds
[2026-05-17T16:23:30.271+0000] {processor.py:186} INFO - Started process (PID=107) to work on /home/airflow/.local/lib/python3.12/site-packages/airflow/example_dags/example_local_kubernetes_executor.py
[2026-05-17T16:23:30.279+0000] {processor.py:914} INFO - Processing file /home/airflow/.local/lib/python3.12/site-packages/airflow/example_dags/example_local_kubernetes_executor.py for tasks to queue
[2026-05-17T16:23:30.288+0000] {logging_mixin.py:190} INFO - [2026-05-17T16:23:30.286+0000] {dagbag.py:588} INFO - Filling up the DagBag from /home/airflow/.local/lib/python3.12/site-packages/airflow/example_dags/example_local_kubernetes_executor.py
[2026-05-17T16:23:30.433+0000] {processor.py:925} INFO - DAG(s) 'example_local_kubernetes_executor' retrieved from /home/airflow/.local/lib/python3.12/site-packages/airflow/example_dags/example_local_kubernetes_executor.py
[2026-05-17T16:23:30.716+0000] {logging_mixin.py:190} INFO - [2026-05-17T16:23:30.715+0000] {dag.py:3239} INFO - Sync 1 DAGs
[2026-05-17T16:23:30.846+0000] {logging_mixin.py:190} INFO - [2026-05-17T16:23:30.846+0000] {dag.py:4180} INFO - Setting next_dagrun for example_local_kubernetes_executor to None, run_after=None
[2026-05-17T16:23:31.173+0000] {processor.py:208} INFO - Processing /home/airflow/.local/lib/python3.12/site-packages/airflow/example_dags/example_local_kubernetes_executor.py took 0.917 seconds
[2026-05-17T16:24:22.401+0000] {processor.py:186} INFO - Started process (PID=164) to work on /home/airflow/.local/lib/python3.12/site-packages/airflow/example_dags/example_local_kubernetes_executor.py
[2026-05-17T16:24:22.403+0000] {processor.py:914} INFO - Processing file /home/airflow/.local/lib/python3.12/site-packages/airflow/example_dags/example_local_kubernetes_executor.py for tasks to queue
[2026-05-17T16:24:22.406+0000] {logging_mixin.py:190} INFO - [2026-05-17T16:24:22.405+0000] {dagbag.py:588} INFO - Filling up the DagBag from /home/airflow/.local/lib/python3.12/site-packages/airflow/example_dags/example_local_kubernetes_executor.py
[2026-05-17T16:24:22.508+0000] {processor.py:925} INFO - DAG(s) 'example_local_kubernetes_executor' retrieved from /home/airflow/.local/lib/python3.12/site-packages/airflow/example_dags/example_local_kubernetes_executor.py
[2026-05-17T16:24:22.772+0000] {logging_mixin.py:190} INFO - [2026-05-17T16:24:22.771+0000] {dag.py:3239} INFO - Sync 1 DAGs
[2026-05-17T16:24:22.815+0000] {logging_mixin.py:190} INFO - [2026-05-17T16:24:22.814+0000] {dag.py:4180} INFO - Setting next_dagrun for example_local_kubernetes_executor to None, run_after=None
[2026-05-17T16:24:22.892+0000] {processor.py:208} INFO - Processing /home/airflow/.local/lib/python3.12/site-packages/airflow/example_dags/example_local_kubernetes_executor.py took 0.516 seconds
[2026-05-17T18:14:43.896+0000] {processor.py:186} INFO - Started process (PID=110) to work on /home/airflow/.local/lib/python3.12/site-packages/airflow/example_dags/example_local_kubernetes_executor.py
[2026-05-17T18:14:43.900+0000] {processor.py:914} INFO - Processing file /home/airflow/.local/lib/python3.12/site-packages/airflow/example_dags/example_local_kubernetes_executor.py for tasks to queue
[2026-05-17T18:14:43.912+0000] {logging_mixin.py:190} INFO - [2026-05-17T18:14:43.910+0000] {dagbag.py:588} INFO - Filling up the DagBag from /home/airflow/.local/lib/python3.12/site-packages/airflow/example_dags/example_local_kubernetes_executor.py
[2026-05-17T18:14:44.035+0000] {processor.py:925} INFO - DAG(s) 'example_local_kubernetes_executor' retrieved from /home/airflow/.local/lib/python3.12/site-packages/airflow/example_dags/example_local_kubernetes_executor.py
[2026-05-17T18:14:44.732+0000] {logging_mixin.py:190} INFO - [2026-05-17T18:14:44.731+0000] {dag.py:3239} INFO - Sync 1 DAGs
[2026-05-17T18:14:44.843+0000] {logging_mixin.py:190} INFO - [2026-05-17T18:14:44.842+0000] {dag.py:4180} INFO - Setting next_dagrun for example_local_kubernetes_executor to None, run_after=None
[2026-05-17T18:14:45.001+0000] {processor.py:208} INFO - Processing /home/airflow/.local/lib/python3.12/site-packages/airflow/example_dags/example_local_kubernetes_executor.py took 1.218 seconds
[2026-05-17T18:15:40.447+0000] {processor.py:186} INFO - Started process (PID=180) to work on /home/airflow/.local/lib/python3.12/site-packages/airflow/example_dags/example_local_kubernetes_executor.py
[2026-05-17T18:15:40.452+0000] {processor.py:914} INFO - Processing file /home/airflow/.local/lib/python3.12/site-packages/airflow/example_dags/example_local_kubernetes_executor.py for tasks to queue
[2026-05-17T18:15:40.459+0000] {logging_mixin.py:190} INFO - [2026-05-17T18:15:40.458+0000] {dagbag.py:588} INFO - Filling up the DagBag from /home/airflow/.local/lib/python3.12/site-packages/airflow/example_dags/example_local_kubernetes_executor.py
[2026-05-17T18:15:40.747+0000] {processor.py:925} INFO - DAG(s) 'example_local_kubernetes_executor' retrieved from /home/airflow/.local/lib/python3.12/site-packages/airflow/example_dags/example_local_kubernetes_executor.py
[2026-05-17T18:15:41.058+0000] {logging_mixin.py:190} INFO - [2026-05-17T18:15:41.058+0000] {dag.py:3239} INFO - Sync 1 DAGs
[2026-05-17T18:15:41.105+0000] {logging_mixin.py:190} INFO - [2026-05-17T18:15:41.104+0000] {dag.py:4180} INFO - Setting next_dagrun for example_local_kubernetes_executor to None, run_after=None
[2026-05-17T18:15:41.200+0000] {processor.py:208} INFO - Processing /home/airflow/.local/lib/python3.12/site-packages/airflow/example_dags/example_local_kubernetes_executor.py took 0.771 seconds
[2026-05-17T18:23:08.060+0000] {processor.py:186} INFO - Started process (PID=107) to work on /home/airflow/.local/lib/python3.12/site-packages/airflow/example_dags/example_local_kubernetes_executor.py
[2026-05-17T18:23:08.064+0000] {processor.py:914} INFO - Processing file /home/airflow/.local/lib/python3.12/site-packages/airflow/example_dags/example_local_kubernetes_executor.py for tasks to queue
[2026-05-17T18:23:08.071+0000] {logging_mixin.py:190} INFO - [2026-05-17T18:23:08.070+0000] {dagbag.py:588} INFO - Filling up the DagBag from /home/airflow/.local/lib/python3.12/site-packages/airflow/example_dags/example_local_kubernetes_executor.py
[2026-05-17T18:23:08.104+0000] {processor.py:925} INFO - DAG(s) 'example_local_kubernetes_executor' retrieved from /home/airflow/.local/lib/python3.12/site-packages/airflow/example_dags/example_local_kubernetes_executor.py
[2026-05-17T18:23:08.248+0000] {logging_mixin.py:190} INFO - [2026-05-17T18:23:08.247+0000] {dag.py:3239} INFO - Sync 1 DAGs
[2026-05-17T18:23:08.343+0000] {logging_mixin.py:190} INFO - [2026-05-17T18:23:08.340+0000] {dag.py:4180} INFO - Setting next_dagrun for example_local_kubernetes_executor to None, run_after=None
[2026-05-17T18:23:08.418+0000] {processor.py:208} INFO - Processing /home/airflow/.local/lib/python3.12/site-packages/airflow/example_dags/example_local_kubernetes_executor.py took 0.374 seconds
