[2026-05-17T00:38:37.908+0000] {processor.py:186} INFO - Started process (PID=131) to work on /home/airflow/.local/lib/python3.12/site-packages/airflow/example_dags/example_branch_python_dop_operator_3.py
[2026-05-17T00:38:37.910+0000] {processor.py:914} INFO - Processing file /home/airflow/.local/lib/python3.12/site-packages/airflow/example_dags/example_branch_python_dop_operator_3.py for tasks to queue
[2026-05-17T00:38:37.914+0000] {logging_mixin.py:190} INFO - [2026-05-17T00:38:37.913+0000] {dagbag.py:588} INFO - Filling up the DagBag from /home/airflow/.local/lib/python3.12/site-packages/airflow/example_dags/example_branch_python_dop_operator_3.py
[2026-05-17T00:38:37.949+0000] {processor.py:925} INFO - DAG(s) 'example_branch_dop_operator_v3' retrieved from /home/airflow/.local/lib/python3.12/site-packages/airflow/example_dags/example_branch_python_dop_operator_3.py
[2026-05-17T00:38:38.232+0000] {logging_mixin.py:190} INFO - [2026-05-17T00:38:38.230+0000] {override.py:1900} INFO - Created Permission View: can read on DAG:example_branch_dop_operator_v3
[2026-05-17T00:38:38.260+0000] {logging_mixin.py:190} INFO - [2026-05-17T00:38:38.257+0000] {override.py:1900} INFO - Created Permission View: can edit on DAG:example_branch_dop_operator_v3
[2026-05-17T00:38:38.312+0000] {logging_mixin.py:190} INFO - [2026-05-17T00:38:38.312+0000] {override.py:1900} INFO - Created Permission View: can delete on DAG:example_branch_dop_operator_v3
[2026-05-17T00:38:38.351+0000] {logging_mixin.py:190} INFO - [2026-05-17T00:38:38.350+0000] {override.py:1900} INFO - Created Permission View: can read on DAG Run:example_branch_dop_operator_v3
[2026-05-17T00:38:38.396+0000] {logging_mixin.py:190} INFO - [2026-05-17T00:38:38.396+0000] {override.py:1900} INFO - Created Permission View: can create on DAG Run:example_branch_dop_operator_v3
[2026-05-17T00:38:38.433+0000] {logging_mixin.py:190} INFO - [2026-05-17T00:38:38.432+0000] {override.py:1900} INFO - Created Permission View: can delete on DAG Run:example_branch_dop_operator_v3
[2026-05-17T00:38:38.484+0000] {logging_mixin.py:190} INFO - [2026-05-17T00:38:38.483+0000] {override.py:1900} INFO - Created Permission View: menu access on DAG Run:example_branch_dop_operator_v3
[2026-05-17T00:38:38.503+0000] {logging_mixin.py:190} INFO - [2026-05-17T00:38:38.498+0000] {dag.py:3239} INFO - Sync 1 DAGs
[2026-05-17T00:38:38.569+0000] {logging_mixin.py:190} INFO - [2026-05-17T00:38:38.568+0000] {dag.py:3262} INFO - Creating ORM DAG for example_branch_dop_operator_v3
[2026-05-17T00:38:38.618+0000] {logging_mixin.py:190} INFO - [2026-05-17T00:38:38.617+0000] {dag.py:4180} INFO - Setting next_dagrun for example_branch_dop_operator_v3 to 2026-05-17 00:37:00+00:00, run_after=2026-05-17 00:38:00+00:00
[2026-05-17T00:38:38.705+0000] {processor.py:208} INFO - Processing /home/airflow/.local/lib/python3.12/site-packages/airflow/example_dags/example_branch_python_dop_operator_3.py took 0.812 seconds
[2026-05-17T00:39:09.238+0000] {processor.py:186} INFO - Started process (PID=194) to work on /home/airflow/.local/lib/python3.12/site-packages/airflow/example_dags/example_branch_python_dop_operator_3.py
[2026-05-17T00:39:09.245+0000] {processor.py:914} INFO - Processing file /home/airflow/.local/lib/python3.12/site-packages/airflow/example_dags/example_branch_python_dop_operator_3.py for tasks to queue
[2026-05-17T00:39:09.253+0000] {logging_mixin.py:190} INFO - [2026-05-17T00:39:09.251+0000] {dagbag.py:588} INFO - Filling up the DagBag from /home/airflow/.local/lib/python3.12/site-packages/airflow/example_dags/example_branch_python_dop_operator_3.py
[2026-05-17T00:39:09.292+0000] {processor.py:925} INFO - DAG(s) 'example_branch_dop_operator_v3' retrieved from /home/airflow/.local/lib/python3.12/site-packages/airflow/example_dags/example_branch_python_dop_operator_3.py
[2026-05-17T00:39:09.386+0000] {logging_mixin.py:190} INFO - [2026-05-17T00:39:09.384+0000] {dag.py:3239} INFO - Sync 1 DAGs
[2026-05-17T00:39:09.499+0000] {logging_mixin.py:190} INFO - [2026-05-17T00:39:09.499+0000] {dag.py:4180} INFO - Setting next_dagrun for example_branch_dop_operator_v3 to 2026-05-17 00:38:00+00:00, run_after=2026-05-17 00:39:00+00:00
[2026-05-17T00:39:09.598+0000] {processor.py:208} INFO - Processing /home/airflow/.local/lib/python3.12/site-packages/airflow/example_dags/example_branch_python_dop_operator_3.py took 0.377 seconds
[2026-05-17T01:22:45.302+0000] {processor.py:186} INFO - Started process (PID=141) to work on /home/airflow/.local/lib/python3.12/site-packages/airflow/example_dags/example_branch_python_dop_operator_3.py
[2026-05-17T01:22:45.307+0000] {processor.py:914} INFO - Processing file /home/airflow/.local/lib/python3.12/site-packages/airflow/example_dags/example_branch_python_dop_operator_3.py for tasks to queue
[2026-05-17T01:22:45.315+0000] {logging_mixin.py:190} INFO - [2026-05-17T01:22:45.310+0000] {dagbag.py:588} INFO - Filling up the DagBag from /home/airflow/.local/lib/python3.12/site-packages/airflow/example_dags/example_branch_python_dop_operator_3.py
[2026-05-17T01:22:45.194+0000] {processor.py:925} INFO - DAG(s) 'example_branch_dop_operator_v3' retrieved from /home/airflow/.local/lib/python3.12/site-packages/airflow/example_dags/example_branch_python_dop_operator_3.py
[2026-05-17T01:22:45.232+0000] {logging_mixin.py:190} INFO - [2026-05-17T01:22:45.232+0000] {dag.py:3239} INFO - Sync 1 DAGs
[2026-05-17T01:22:45.309+0000] {logging_mixin.py:190} INFO - [2026-05-17T01:22:45.309+0000] {dag.py:4180} INFO - Setting next_dagrun for example_branch_dop_operator_v3 to 2026-05-17 01:21:00+00:00, run_after=2026-05-17 01:22:00+00:00
[2026-05-17T01:22:45.336+0000] {processor.py:208} INFO - Processing /home/airflow/.local/lib/python3.12/site-packages/airflow/example_dags/example_branch_python_dop_operator_3.py took 0.220 seconds
[2026-05-17T01:23:16.635+0000] {processor.py:186} INFO - Started process (PID=204) to work on /home/airflow/.local/lib/python3.12/site-packages/airflow/example_dags/example_branch_python_dop_operator_3.py
[2026-05-17T01:23:16.637+0000] {processor.py:914} INFO - Processing file /home/airflow/.local/lib/python3.12/site-packages/airflow/example_dags/example_branch_python_dop_operator_3.py for tasks to queue
[2026-05-17T01:23:16.643+0000] {logging_mixin.py:190} INFO - [2026-05-17T01:23:16.642+0000] {dagbag.py:588} INFO - Filling up the DagBag from /home/airflow/.local/lib/python3.12/site-packages/airflow/example_dags/example_branch_python_dop_operator_3.py
[2026-05-17T01:23:16.672+0000] {processor.py:925} INFO - DAG(s) 'example_branch_dop_operator_v3' retrieved from /home/airflow/.local/lib/python3.12/site-packages/airflow/example_dags/example_branch_python_dop_operator_3.py
[2026-05-17T01:23:16.714+0000] {logging_mixin.py:190} INFO - [2026-05-17T01:23:16.713+0000] {dag.py:3239} INFO - Sync 1 DAGs
[2026-05-17T01:23:16.780+0000] {logging_mixin.py:190} INFO - [2026-05-17T01:23:16.780+0000] {dag.py:4180} INFO - Setting next_dagrun for example_branch_dop_operator_v3 to 2026-05-17 01:22:00+00:00, run_after=2026-05-17 01:23:00+00:00
[2026-05-17T01:23:16.814+0000] {processor.py:208} INFO - Processing /home/airflow/.local/lib/python3.12/site-packages/airflow/example_dags/example_branch_python_dop_operator_3.py took 0.188 seconds
[2026-05-17T01:51:50.587+0000] {processor.py:186} INFO - Started process (PID=290) to work on /home/airflow/.local/lib/python3.12/site-packages/airflow/example_dags/example_branch_python_dop_operator_3.py
[2026-05-17T01:51:50.589+0000] {processor.py:914} INFO - Processing file /home/airflow/.local/lib/python3.12/site-packages/airflow/example_dags/example_branch_python_dop_operator_3.py for tasks to queue
[2026-05-17T01:51:50.592+0000] {logging_mixin.py:190} INFO - [2026-05-17T01:51:50.591+0000] {dagbag.py:588} INFO - Filling up the DagBag from /home/airflow/.local/lib/python3.12/site-packages/airflow/example_dags/example_branch_python_dop_operator_3.py
[2026-05-17T01:51:50.608+0000] {processor.py:925} INFO - DAG(s) 'example_branch_dop_operator_v3' retrieved from /home/airflow/.local/lib/python3.12/site-packages/airflow/example_dags/example_branch_python_dop_operator_3.py
[2026-05-17T01:51:50.638+0000] {logging_mixin.py:190} INFO - [2026-05-17T01:51:50.638+0000] {dag.py:3239} INFO - Sync 1 DAGs
[2026-05-17T01:51:50.674+0000] {logging_mixin.py:190} INFO - [2026-05-17T01:51:50.674+0000] {dag.py:4180} INFO - Setting next_dagrun for example_branch_dop_operator_v3 to 2026-05-17 01:50:00+00:00, run_after=2026-05-17 01:51:00+00:00
[2026-05-17T01:51:50.703+0000] {processor.py:208} INFO - Processing /home/airflow/.local/lib/python3.12/site-packages/airflow/example_dags/example_branch_python_dop_operator_3.py took 0.124 seconds
[2026-05-17T01:55:15.366+0000] {processor.py:186} INFO - Started process (PID=354) to work on /home/airflow/.local/lib/python3.12/site-packages/airflow/example_dags/example_branch_python_dop_operator_3.py
[2026-05-17T01:55:15.368+0000] {processor.py:914} INFO - Processing file /home/airflow/.local/lib/python3.12/site-packages/airflow/example_dags/example_branch_python_dop_operator_3.py for tasks to queue
[2026-05-17T01:55:15.370+0000] {logging_mixin.py:190} INFO - [2026-05-17T01:55:15.369+0000] {dagbag.py:588} INFO - Filling up the DagBag from /home/airflow/.local/lib/python3.12/site-packages/airflow/example_dags/example_branch_python_dop_operator_3.py
[2026-05-17T01:55:15.466+0000] {processor.py:925} INFO - DAG(s) 'example_branch_dop_operator_v3' retrieved from /home/airflow/.local/lib/python3.12/site-packages/airflow/example_dags/example_branch_python_dop_operator_3.py
[2026-05-17T01:55:15.505+0000] {logging_mixin.py:190} INFO - [2026-05-17T01:55:15.505+0000] {dag.py:3239} INFO - Sync 1 DAGs
[2026-05-17T01:55:15.549+0000] {logging_mixin.py:190} INFO - [2026-05-17T01:55:15.548+0000] {dag.py:4180} INFO - Setting next_dagrun for example_branch_dop_operator_v3 to 2026-05-17 01:54:00+00:00, run_after=2026-05-17 01:55:00+00:00
[2026-05-17T01:55:15.592+0000] {processor.py:208} INFO - Processing /home/airflow/.local/lib/python3.12/site-packages/airflow/example_dags/example_branch_python_dop_operator_3.py took 0.237 seconds
[2026-05-17T01:55:52.806+0000] {processor.py:186} INFO - Started process (PID=417) to work on /home/airflow/.local/lib/python3.12/site-packages/airflow/example_dags/example_branch_python_dop_operator_3.py
[2026-05-17T01:55:52.807+0000] {processor.py:914} INFO - Processing file /home/airflow/.local/lib/python3.12/site-packages/airflow/example_dags/example_branch_python_dop_operator_3.py for tasks to queue
[2026-05-17T01:55:52.809+0000] {logging_mixin.py:190} INFO - [2026-05-17T01:55:52.808+0000] {dagbag.py:588} INFO - Filling up the DagBag from /home/airflow/.local/lib/python3.12/site-packages/airflow/example_dags/example_branch_python_dop_operator_3.py
[2026-05-17T01:55:53.007+0000] {processor.py:925} INFO - DAG(s) 'example_branch_dop_operator_v3' retrieved from /home/airflow/.local/lib/python3.12/site-packages/airflow/example_dags/example_branch_python_dop_operator_3.py
[2026-05-17T01:55:53.045+0000] {logging_mixin.py:190} INFO - [2026-05-17T01:55:53.044+0000] {dag.py:3239} INFO - Sync 1 DAGs
[2026-05-17T01:55:53.112+0000] {logging_mixin.py:190} INFO - [2026-05-17T01:55:53.112+0000] {dag.py:4180} INFO - Setting next_dagrun for example_branch_dop_operator_v3 to 2026-05-17 01:54:00+00:00, run_after=2026-05-17 01:55:00+00:00
[2026-05-17T01:55:53.275+0000] {processor.py:208} INFO - Processing /home/airflow/.local/lib/python3.12/site-packages/airflow/example_dags/example_branch_python_dop_operator_3.py took 0.478 seconds
[2026-05-17T13:37:34.124+0000] {processor.py:186} INFO - Started process (PID=124) to work on /home/airflow/.local/lib/python3.12/site-packages/airflow/example_dags/example_branch_python_dop_operator_3.py
[2026-05-17T13:37:34.126+0000] {processor.py:914} INFO - Processing file /home/airflow/.local/lib/python3.12/site-packages/airflow/example_dags/example_branch_python_dop_operator_3.py for tasks to queue
[2026-05-17T13:37:34.130+0000] {logging_mixin.py:190} INFO - [2026-05-17T13:37:34.129+0000] {dagbag.py:588} INFO - Filling up the DagBag from /home/airflow/.local/lib/python3.12/site-packages/airflow/example_dags/example_branch_python_dop_operator_3.py
[2026-05-17T13:37:34.148+0000] {processor.py:925} INFO - DAG(s) 'example_branch_dop_operator_v3' retrieved from /home/airflow/.local/lib/python3.12/site-packages/airflow/example_dags/example_branch_python_dop_operator_3.py
[2026-05-17T13:37:34.186+0000] {logging_mixin.py:190} INFO - [2026-05-17T13:37:34.185+0000] {dag.py:3239} INFO - Sync 1 DAGs
[2026-05-17T13:37:34.246+0000] {logging_mixin.py:190} INFO - [2026-05-17T13:37:34.245+0000] {dag.py:4180} INFO - Setting next_dagrun for example_branch_dop_operator_v3 to 2026-05-17 13:36:00+00:00, run_after=2026-05-17 13:37:00+00:00
[2026-05-17T13:37:34.643+0000] {processor.py:208} INFO - Processing /home/airflow/.local/lib/python3.12/site-packages/airflow/example_dags/example_branch_python_dop_operator_3.py took 0.528 seconds
[2026-05-17T13:38:29.594+0000] {processor.py:186} INFO - Started process (PID=181) to work on /home/airflow/.local/lib/python3.12/site-packages/airflow/example_dags/example_branch_python_dop_operator_3.py
[2026-05-17T13:38:29.595+0000] {processor.py:914} INFO - Processing file /home/airflow/.local/lib/python3.12/site-packages/airflow/example_dags/example_branch_python_dop_operator_3.py for tasks to queue
[2026-05-17T13:38:29.596+0000] {logging_mixin.py:190} INFO - [2026-05-17T13:38:29.596+0000] {dagbag.py:588} INFO - Filling up the DagBag from /home/airflow/.local/lib/python3.12/site-packages/airflow/example_dags/example_branch_python_dop_operator_3.py
[2026-05-17T13:38:29.608+0000] {processor.py:925} INFO - DAG(s) 'example_branch_dop_operator_v3' retrieved from /home/airflow/.local/lib/python3.12/site-packages/airflow/example_dags/example_branch_python_dop_operator_3.py
[2026-05-17T13:38:29.628+0000] {logging_mixin.py:190} INFO - [2026-05-17T13:38:29.628+0000] {dag.py:3239} INFO - Sync 1 DAGs
[2026-05-17T13:38:29.655+0000] {logging_mixin.py:190} INFO - [2026-05-17T13:38:29.655+0000] {dag.py:4180} INFO - Setting next_dagrun for example_branch_dop_operator_v3 to 2026-05-17 13:37:00+00:00, run_after=2026-05-17 13:38:00+00:00
[2026-05-17T13:38:29.678+0000] {processor.py:208} INFO - Processing /home/airflow/.local/lib/python3.12/site-packages/airflow/example_dags/example_branch_python_dop_operator_3.py took 0.090 seconds
[2026-05-17T13:53:35.415+0000] {processor.py:186} INFO - Started process (PID=134) to work on /home/airflow/.local/lib/python3.12/site-packages/airflow/example_dags/example_branch_python_dop_operator_3.py
[2026-05-17T13:53:35.435+0000] {processor.py:914} INFO - Processing file /home/airflow/.local/lib/python3.12/site-packages/airflow/example_dags/example_branch_python_dop_operator_3.py for tasks to queue
[2026-05-17T13:53:35.448+0000] {logging_mixin.py:190} INFO - [2026-05-17T13:53:35.447+0000] {dagbag.py:588} INFO - Filling up the DagBag from /home/airflow/.local/lib/python3.12/site-packages/airflow/example_dags/example_branch_python_dop_operator_3.py
[2026-05-17T13:53:35.708+0000] {processor.py:925} INFO - DAG(s) 'example_branch_dop_operator_v3' retrieved from /home/airflow/.local/lib/python3.12/site-packages/airflow/example_dags/example_branch_python_dop_operator_3.py
[2026-05-17T16:24:12.574+0000] {processor.py:186} INFO - Started process (PID=128) to work on /home/airflow/.local/lib/python3.12/site-packages/airflow/example_dags/example_branch_python_dop_operator_3.py
[2026-05-17T16:24:12.580+0000] {processor.py:914} INFO - Processing file /home/airflow/.local/lib/python3.12/site-packages/airflow/example_dags/example_branch_python_dop_operator_3.py for tasks to queue
[2026-05-17T16:24:12.593+0000] {logging_mixin.py:190} INFO - [2026-05-17T16:24:12.588+0000] {dagbag.py:588} INFO - Filling up the DagBag from /home/airflow/.local/lib/python3.12/site-packages/airflow/example_dags/example_branch_python_dop_operator_3.py
[2026-05-17T16:24:12.683+0000] {processor.py:925} INFO - DAG(s) 'example_branch_dop_operator_v3' retrieved from /home/airflow/.local/lib/python3.12/site-packages/airflow/example_dags/example_branch_python_dop_operator_3.py
[2026-05-17T16:24:13.118+0000] {logging_mixin.py:190} INFO - [2026-05-17T16:24:13.117+0000] {dag.py:3239} INFO - Sync 1 DAGs
[2026-05-17T16:24:13.214+0000] {logging_mixin.py:190} INFO - [2026-05-17T16:24:13.214+0000] {dag.py:4180} INFO - Setting next_dagrun for example_branch_dop_operator_v3 to 2026-05-17 16:23:00+00:00, run_after=2026-05-17 16:24:00+00:00
[2026-05-17T16:24:13.294+0000] {processor.py:208} INFO - Processing /home/airflow/.local/lib/python3.12/site-packages/airflow/example_dags/example_branch_python_dop_operator_3.py took 0.740 seconds
[2026-05-17T18:15:05.467+0000] {processor.py:186} INFO - Started process (PID=137) to work on /home/airflow/.local/lib/python3.12/site-packages/airflow/example_dags/example_branch_python_dop_operator_3.py
[2026-05-17T18:15:05.489+0000] {processor.py:914} INFO - Processing file /home/airflow/.local/lib/python3.12/site-packages/airflow/example_dags/example_branch_python_dop_operator_3.py for tasks to queue
[2026-05-17T18:15:05.687+0000] {logging_mixin.py:190} INFO - [2026-05-17T18:15:05.503+0000] {dagbag.py:588} INFO - Filling up the DagBag from /home/airflow/.local/lib/python3.12/site-packages/airflow/example_dags/example_branch_python_dop_operator_3.py
[2026-05-17T18:15:05.850+0000] {processor.py:925} INFO - DAG(s) 'example_branch_dop_operator_v3' retrieved from /home/airflow/.local/lib/python3.12/site-packages/airflow/example_dags/example_branch_python_dop_operator_3.py
[2026-05-17T18:15:06.637+0000] {logging_mixin.py:190} INFO - [2026-05-17T18:15:06.631+0000] {dag.py:3239} INFO - Sync 1 DAGs
[2026-05-17T18:15:09.393+0000] {logging_mixin.py:190} INFO - [2026-05-17T18:15:09.392+0000] {dag.py:4180} INFO - Setting next_dagrun for example_branch_dop_operator_v3 to 2026-05-17 18:14:00+00:00, run_after=2026-05-17 18:15:00+00:00
[2026-05-17T18:15:13.865+0000] {processor.py:208} INFO - Processing /home/airflow/.local/lib/python3.12/site-packages/airflow/example_dags/example_branch_python_dop_operator_3.py took 8.426 seconds
[2026-05-17T18:15:49.079+0000] {processor.py:186} INFO - Started process (PID=201) to work on /home/airflow/.local/lib/python3.12/site-packages/airflow/example_dags/example_branch_python_dop_operator_3.py
[2026-05-17T18:15:49.084+0000] {processor.py:914} INFO - Processing file /home/airflow/.local/lib/python3.12/site-packages/airflow/example_dags/example_branch_python_dop_operator_3.py for tasks to queue
[2026-05-17T18:15:49.090+0000] {logging_mixin.py:190} INFO - [2026-05-17T18:15:49.089+0000] {dagbag.py:588} INFO - Filling up the DagBag from /home/airflow/.local/lib/python3.12/site-packages/airflow/example_dags/example_branch_python_dop_operator_3.py
[2026-05-17T18:15:49.135+0000] {processor.py:925} INFO - DAG(s) 'example_branch_dop_operator_v3' retrieved from /home/airflow/.local/lib/python3.12/site-packages/airflow/example_dags/example_branch_python_dop_operator_3.py
[2026-05-17T18:15:49.212+0000] {logging_mixin.py:190} INFO - [2026-05-17T18:15:49.211+0000] {dag.py:3239} INFO - Sync 1 DAGs
[2026-05-17T18:15:49.380+0000] {logging_mixin.py:190} INFO - [2026-05-17T18:15:49.380+0000] {dag.py:4180} INFO - Setting next_dagrun for example_branch_dop_operator_v3 to 2026-05-17 18:14:00+00:00, run_after=2026-05-17 18:15:00+00:00
[2026-05-17T18:15:49.448+0000] {processor.py:208} INFO - Processing /home/airflow/.local/lib/python3.12/site-packages/airflow/example_dags/example_branch_python_dop_operator_3.py took 0.381 seconds
[2026-05-17T18:23:44.941+0000] {processor.py:186} INFO - Started process (PID=134) to work on /home/airflow/.local/lib/python3.12/site-packages/airflow/example_dags/example_branch_python_dop_operator_3.py
[2026-05-17T18:23:44.945+0000] {processor.py:914} INFO - Processing file /home/airflow/.local/lib/python3.12/site-packages/airflow/example_dags/example_branch_python_dop_operator_3.py for tasks to queue
[2026-05-17T18:23:44.952+0000] {logging_mixin.py:190} INFO - [2026-05-17T18:23:44.951+0000] {dagbag.py:588} INFO - Filling up the DagBag from /home/airflow/.local/lib/python3.12/site-packages/airflow/example_dags/example_branch_python_dop_operator_3.py
[2026-05-17T18:23:44.985+0000] {processor.py:925} INFO - DAG(s) 'example_branch_dop_operator_v3' retrieved from /home/airflow/.local/lib/python3.12/site-packages/airflow/example_dags/example_branch_python_dop_operator_3.py
[2026-05-17T18:23:45.048+0000] {logging_mixin.py:190} INFO - [2026-05-17T18:23:45.047+0000] {dag.py:3239} INFO - Sync 1 DAGs
[2026-05-17T18:23:45.116+0000] {logging_mixin.py:190} INFO - [2026-05-17T18:23:45.116+0000] {dag.py:4180} INFO - Setting next_dagrun for example_branch_dop_operator_v3 to 2026-05-17 18:22:00+00:00, run_after=2026-05-17 18:23:00+00:00
[2026-05-17T18:23:45.161+0000] {processor.py:208} INFO - Processing /home/airflow/.local/lib/python3.12/site-packages/airflow/example_dags/example_branch_python_dop_operator_3.py took 0.233 seconds
