[2026-05-17T00:38:32.669+0000] {processor.py:186} INFO - Started process (PID=123) to work on /home/airflow/.local/lib/python3.12/site-packages/airflow/example_dags/example_datasets.py
[2026-05-17T00:38:32.672+0000] {processor.py:914} INFO - Processing file /home/airflow/.local/lib/python3.12/site-packages/airflow/example_dags/example_datasets.py for tasks to queue
[2026-05-17T00:38:32.677+0000] {logging_mixin.py:190} INFO - [2026-05-17T00:38:32.677+0000] {dagbag.py:588} INFO - Filling up the DagBag from /home/airflow/.local/lib/python3.12/site-packages/airflow/example_dags/example_datasets.py
[2026-05-17T00:38:33.043+0000] {processor.py:925} INFO - DAG(s) 'conditional_dataset_and_time_based_timetable', 'consume_1_or_2_with_dataset_expressions', 'dataset_consumes_1_and_2', 'consume_1_or_both_2_and_3_with_dataset_expressions', 'dataset_produces_2', 'dataset_produces_1', 'dataset_consumes_unknown_never_scheduled', 'consume_1_and_2_with_dataset_expressions', 'dataset_consumes_1', 'dataset_consumes_1_never_scheduled' retrieved from /home/airflow/.local/lib/python3.12/site-packages/airflow/example_dags/example_datasets.py
[2026-05-17T00:38:33.297+0000] {logging_mixin.py:190} INFO - [2026-05-17T00:38:33.295+0000] {override.py:1900} INFO - Created Permission View: can read on DAG:conditional_dataset_and_time_based_timetable
[2026-05-17T00:38:33.329+0000] {logging_mixin.py:190} INFO - [2026-05-17T00:38:33.329+0000] {override.py:1900} INFO - Created Permission View: can edit on DAG:conditional_dataset_and_time_based_timetable
[2026-05-17T00:38:33.353+0000] {logging_mixin.py:190} INFO - [2026-05-17T00:38:33.351+0000] {override.py:1900} INFO - Created Permission View: can delete on DAG:conditional_dataset_and_time_based_timetable
[2026-05-17T00:38:33.378+0000] {logging_mixin.py:190} INFO - [2026-05-17T00:38:33.377+0000] {override.py:1900} INFO - Created Permission View: can read on DAG Run:conditional_dataset_and_time_based_timetable
[2026-05-17T00:38:33.417+0000] {logging_mixin.py:190} INFO - [2026-05-17T00:38:33.416+0000] {override.py:1900} INFO - Created Permission View: can create on DAG Run:conditional_dataset_and_time_based_timetable
[2026-05-17T00:38:33.438+0000] {logging_mixin.py:190} INFO - [2026-05-17T00:38:33.437+0000] {override.py:1900} INFO - Created Permission View: can delete on DAG Run:conditional_dataset_and_time_based_timetable
[2026-05-17T00:38:33.462+0000] {logging_mixin.py:190} INFO - [2026-05-17T00:38:33.461+0000] {override.py:1900} INFO - Created Permission View: menu access on DAG Run:conditional_dataset_and_time_based_timetable
[2026-05-17T00:38:33.497+0000] {logging_mixin.py:190} INFO - [2026-05-17T00:38:33.496+0000] {override.py:1900} INFO - Created Permission View: can read on DAG:consume_1_or_2_with_dataset_expressions
[2026-05-17T00:38:33.517+0000] {logging_mixin.py:190} INFO - [2026-05-17T00:38:33.517+0000] {override.py:1900} INFO - Created Permission View: can edit on DAG:consume_1_or_2_with_dataset_expressions
[2026-05-17T00:38:33.533+0000] {logging_mixin.py:190} INFO - [2026-05-17T00:38:33.532+0000] {override.py:1900} INFO - Created Permission View: can delete on DAG:consume_1_or_2_with_dataset_expressions
[2026-05-17T00:38:33.570+0000] {logging_mixin.py:190} INFO - [2026-05-17T00:38:33.570+0000] {override.py:1900} INFO - Created Permission View: can read on DAG Run:consume_1_or_2_with_dataset_expressions
[2026-05-17T00:38:33.591+0000] {logging_mixin.py:190} INFO - [2026-05-17T00:38:33.591+0000] {override.py:1900} INFO - Created Permission View: can create on DAG Run:consume_1_or_2_with_dataset_expressions
[2026-05-17T00:38:33.608+0000] {logging_mixin.py:190} INFO - [2026-05-17T00:38:33.607+0000] {override.py:1900} INFO - Created Permission View: can delete on DAG Run:consume_1_or_2_with_dataset_expressions
[2026-05-17T00:38:33.624+0000] {logging_mixin.py:190} INFO - [2026-05-17T00:38:33.623+0000] {override.py:1900} INFO - Created Permission View: menu access on DAG Run:consume_1_or_2_with_dataset_expressions
[2026-05-17T00:38:33.674+0000] {logging_mixin.py:190} INFO - [2026-05-17T00:38:33.674+0000] {override.py:1900} INFO - Created Permission View: can read on DAG:dataset_consumes_1_and_2
[2026-05-17T00:38:33.692+0000] {logging_mixin.py:190} INFO - [2026-05-17T00:38:33.692+0000] {override.py:1900} INFO - Created Permission View: can edit on DAG:dataset_consumes_1_and_2
[2026-05-17T00:38:33.716+0000] {logging_mixin.py:190} INFO - [2026-05-17T00:38:33.715+0000] {override.py:1900} INFO - Created Permission View: can delete on DAG:dataset_consumes_1_and_2
[2026-05-17T00:38:33.746+0000] {logging_mixin.py:190} INFO - [2026-05-17T00:38:33.745+0000] {override.py:1900} INFO - Created Permission View: can read on DAG Run:dataset_consumes_1_and_2
[2026-05-17T00:38:33.766+0000] {logging_mixin.py:190} INFO - [2026-05-17T00:38:33.766+0000] {override.py:1900} INFO - Created Permission View: can create on DAG Run:dataset_consumes_1_and_2
[2026-05-17T00:38:33.784+0000] {logging_mixin.py:190} INFO - [2026-05-17T00:38:33.783+0000] {override.py:1900} INFO - Created Permission View: can delete on DAG Run:dataset_consumes_1_and_2
[2026-05-17T00:38:33.801+0000] {logging_mixin.py:190} INFO - [2026-05-17T00:38:33.801+0000] {override.py:1900} INFO - Created Permission View: menu access on DAG Run:dataset_consumes_1_and_2
[2026-05-17T00:38:33.837+0000] {logging_mixin.py:190} INFO - [2026-05-17T00:38:33.836+0000] {override.py:1900} INFO - Created Permission View: can read on DAG:consume_1_or_both_2_and_3_with_dataset_expressions
[2026-05-17T00:38:33.857+0000] {logging_mixin.py:190} INFO - [2026-05-17T00:38:33.856+0000] {override.py:1900} INFO - Created Permission View: can edit on DAG:consume_1_or_both_2_and_3_with_dataset_expressions
[2026-05-17T00:38:33.896+0000] {logging_mixin.py:190} INFO - [2026-05-17T00:38:33.896+0000] {override.py:1900} INFO - Created Permission View: can delete on DAG:consume_1_or_both_2_and_3_with_dataset_expressions
[2026-05-17T00:38:33.919+0000] {logging_mixin.py:190} INFO - [2026-05-17T00:38:33.918+0000] {override.py:1900} INFO - Created Permission View: can read on DAG Run:consume_1_or_both_2_and_3_with_dataset_expressions
[2026-05-17T00:38:33.940+0000] {logging_mixin.py:190} INFO - [2026-05-17T00:38:33.939+0000] {override.py:1900} INFO - Created Permission View: can create on DAG Run:consume_1_or_both_2_and_3_with_dataset_expressions
[2026-05-17T00:38:33.970+0000] {logging_mixin.py:190} INFO - [2026-05-17T00:38:33.969+0000] {override.py:1900} INFO - Created Permission View: can delete on DAG Run:consume_1_or_both_2_and_3_with_dataset_expressions
[2026-05-17T00:38:34.025+0000] {logging_mixin.py:190} INFO - [2026-05-17T00:38:34.024+0000] {override.py:1900} INFO - Created Permission View: menu access on DAG Run:consume_1_or_both_2_and_3_with_dataset_expressions
[2026-05-17T00:38:34.078+0000] {logging_mixin.py:190} INFO - [2026-05-17T00:38:34.077+0000] {override.py:1900} INFO - Created Permission View: can read on DAG:dataset_produces_2
[2026-05-17T00:38:34.100+0000] {logging_mixin.py:190} INFO - [2026-05-17T00:38:34.100+0000] {override.py:1900} INFO - Created Permission View: can edit on DAG:dataset_produces_2
[2026-05-17T00:38:34.124+0000] {logging_mixin.py:190} INFO - [2026-05-17T00:38:34.123+0000] {override.py:1900} INFO - Created Permission View: can delete on DAG:dataset_produces_2
[2026-05-17T00:38:34.161+0000] {logging_mixin.py:190} INFO - [2026-05-17T00:38:34.160+0000] {override.py:1900} INFO - Created Permission View: can read on DAG Run:dataset_produces_2
[2026-05-17T00:38:34.187+0000] {logging_mixin.py:190} INFO - [2026-05-17T00:38:34.187+0000] {override.py:1900} INFO - Created Permission View: can create on DAG Run:dataset_produces_2
[2026-05-17T00:38:34.216+0000] {logging_mixin.py:190} INFO - [2026-05-17T00:38:34.215+0000] {override.py:1900} INFO - Created Permission View: can delete on DAG Run:dataset_produces_2
[2026-05-17T00:38:34.255+0000] {logging_mixin.py:190} INFO - [2026-05-17T00:38:34.254+0000] {override.py:1900} INFO - Created Permission View: menu access on DAG Run:dataset_produces_2
[2026-05-17T00:38:34.288+0000] {logging_mixin.py:190} INFO - [2026-05-17T00:38:34.287+0000] {override.py:1900} INFO - Created Permission View: can read on DAG:dataset_produces_1
[2026-05-17T00:38:34.316+0000] {logging_mixin.py:190} INFO - [2026-05-17T00:38:34.315+0000] {override.py:1900} INFO - Created Permission View: can edit on DAG:dataset_produces_1
[2026-05-17T00:38:34.363+0000] {logging_mixin.py:190} INFO - [2026-05-17T00:38:34.363+0000] {override.py:1900} INFO - Created Permission View: can delete on DAG:dataset_produces_1
[2026-05-17T00:38:34.398+0000] {logging_mixin.py:190} INFO - [2026-05-17T00:38:34.396+0000] {override.py:1900} INFO - Created Permission View: can read on DAG Run:dataset_produces_1
[2026-05-17T00:38:34.416+0000] {logging_mixin.py:190} INFO - [2026-05-17T00:38:34.415+0000] {override.py:1900} INFO - Created Permission View: can create on DAG Run:dataset_produces_1
[2026-05-17T00:38:34.449+0000] {logging_mixin.py:190} INFO - [2026-05-17T00:38:34.449+0000] {override.py:1900} INFO - Created Permission View: can delete on DAG Run:dataset_produces_1
[2026-05-17T00:38:34.473+0000] {logging_mixin.py:190} INFO - [2026-05-17T00:38:34.472+0000] {override.py:1900} INFO - Created Permission View: menu access on DAG Run:dataset_produces_1
[2026-05-17T00:38:34.519+0000] {logging_mixin.py:190} INFO - [2026-05-17T00:38:34.519+0000] {override.py:1900} INFO - Created Permission View: can read on DAG:dataset_consumes_unknown_never_scheduled
[2026-05-17T00:38:34.535+0000] {logging_mixin.py:190} INFO - [2026-05-17T00:38:34.534+0000] {override.py:1900} INFO - Created Permission View: can edit on DAG:dataset_consumes_unknown_never_scheduled
[2026-05-17T00:38:34.549+0000] {logging_mixin.py:190} INFO - [2026-05-17T00:38:34.549+0000] {override.py:1900} INFO - Created Permission View: can delete on DAG:dataset_consumes_unknown_never_scheduled
[2026-05-17T00:38:34.603+0000] {logging_mixin.py:190} INFO - [2026-05-17T00:38:34.602+0000] {override.py:1900} INFO - Created Permission View: can read on DAG Run:dataset_consumes_unknown_never_scheduled
[2026-05-17T00:38:34.638+0000] {logging_mixin.py:190} INFO - [2026-05-17T00:38:34.637+0000] {override.py:1900} INFO - Created Permission View: can create on DAG Run:dataset_consumes_unknown_never_scheduled
[2026-05-17T00:38:34.663+0000] {logging_mixin.py:190} INFO - [2026-05-17T00:38:34.662+0000] {override.py:1900} INFO - Created Permission View: can delete on DAG Run:dataset_consumes_unknown_never_scheduled
[2026-05-17T00:38:34.700+0000] {logging_mixin.py:190} INFO - [2026-05-17T00:38:34.699+0000] {override.py:1900} INFO - Created Permission View: menu access on DAG Run:dataset_consumes_unknown_never_scheduled
[2026-05-17T00:38:34.748+0000] {logging_mixin.py:190} INFO - [2026-05-17T00:38:34.747+0000] {override.py:1900} INFO - Created Permission View: can read on DAG:consume_1_and_2_with_dataset_expressions
[2026-05-17T00:38:34.767+0000] {logging_mixin.py:190} INFO - [2026-05-17T00:38:34.766+0000] {override.py:1900} INFO - Created Permission View: can edit on DAG:consume_1_and_2_with_dataset_expressions
[2026-05-17T00:38:34.794+0000] {logging_mixin.py:190} INFO - [2026-05-17T00:38:34.794+0000] {override.py:1900} INFO - Created Permission View: can delete on DAG:consume_1_and_2_with_dataset_expressions
[2026-05-17T00:38:34.831+0000] {logging_mixin.py:190} INFO - [2026-05-17T00:38:34.831+0000] {override.py:1900} INFO - Created Permission View: can read on DAG Run:consume_1_and_2_with_dataset_expressions
[2026-05-17T00:38:34.849+0000] {logging_mixin.py:190} INFO - [2026-05-17T00:38:34.847+0000] {override.py:1900} INFO - Created Permission View: can create on DAG Run:consume_1_and_2_with_dataset_expressions
[2026-05-17T00:38:34.879+0000] {logging_mixin.py:190} INFO - [2026-05-17T00:38:34.878+0000] {override.py:1900} INFO - Created Permission View: can delete on DAG Run:consume_1_and_2_with_dataset_expressions
[2026-05-17T00:38:34.903+0000] {logging_mixin.py:190} INFO - [2026-05-17T00:38:34.902+0000] {override.py:1900} INFO - Created Permission View: menu access on DAG Run:consume_1_and_2_with_dataset_expressions
[2026-05-17T00:38:34.937+0000] {logging_mixin.py:190} INFO - [2026-05-17T00:38:34.936+0000] {override.py:1900} INFO - Created Permission View: can read on DAG:dataset_consumes_1
[2026-05-17T00:38:34.957+0000] {logging_mixin.py:190} INFO - [2026-05-17T00:38:34.956+0000] {override.py:1900} INFO - Created Permission View: can edit on DAG:dataset_consumes_1
[2026-05-17T00:38:34.975+0000] {logging_mixin.py:190} INFO - [2026-05-17T00:38:34.975+0000] {override.py:1900} INFO - Created Permission View: can delete on DAG:dataset_consumes_1
[2026-05-17T00:38:34.998+0000] {logging_mixin.py:190} INFO - [2026-05-17T00:38:34.997+0000] {override.py:1900} INFO - Created Permission View: can read on DAG Run:dataset_consumes_1
[2026-05-17T00:38:35.019+0000] {logging_mixin.py:190} INFO - [2026-05-17T00:38:35.018+0000] {override.py:1900} INFO - Created Permission View: can create on DAG Run:dataset_consumes_1
[2026-05-17T00:38:35.062+0000] {logging_mixin.py:190} INFO - [2026-05-17T00:38:35.062+0000] {override.py:1900} INFO - Created Permission View: can delete on DAG Run:dataset_consumes_1
[2026-05-17T00:38:35.108+0000] {logging_mixin.py:190} INFO - [2026-05-17T00:38:35.108+0000] {override.py:1900} INFO - Created Permission View: menu access on DAG Run:dataset_consumes_1
[2026-05-17T00:38:35.183+0000] {logging_mixin.py:190} INFO - [2026-05-17T00:38:35.182+0000] {override.py:1900} INFO - Created Permission View: can read on DAG:dataset_consumes_1_never_scheduled
[2026-05-17T00:38:35.224+0000] {logging_mixin.py:190} INFO - [2026-05-17T00:38:35.224+0000] {override.py:1900} INFO - Created Permission View: can edit on DAG:dataset_consumes_1_never_scheduled
[2026-05-17T00:38:35.261+0000] {logging_mixin.py:190} INFO - [2026-05-17T00:38:35.260+0000] {override.py:1900} INFO - Created Permission View: can delete on DAG:dataset_consumes_1_never_scheduled
[2026-05-17T00:38:35.284+0000] {logging_mixin.py:190} INFO - [2026-05-17T00:38:35.283+0000] {override.py:1900} INFO - Created Permission View: can read on DAG Run:dataset_consumes_1_never_scheduled
[2026-05-17T00:38:35.341+0000] {logging_mixin.py:190} INFO - [2026-05-17T00:38:35.340+0000] {override.py:1900} INFO - Created Permission View: can create on DAG Run:dataset_consumes_1_never_scheduled
[2026-05-17T00:38:35.367+0000] {logging_mixin.py:190} INFO - [2026-05-17T00:38:35.366+0000] {override.py:1900} INFO - Created Permission View: can delete on DAG Run:dataset_consumes_1_never_scheduled
[2026-05-17T00:38:35.385+0000] {logging_mixin.py:190} INFO - [2026-05-17T00:38:35.384+0000] {override.py:1900} INFO - Created Permission View: menu access on DAG Run:dataset_consumes_1_never_scheduled
[2026-05-17T00:38:35.388+0000] {logging_mixin.py:190} INFO - [2026-05-17T00:38:35.387+0000] {dag.py:3239} INFO - Sync 10 DAGs
[2026-05-17T00:38:35.432+0000] {logging_mixin.py:190} INFO - [2026-05-17T00:38:35.428+0000] {dag.py:3262} INFO - Creating ORM DAG for consume_1_or_2_with_dataset_expressions
[2026-05-17T00:38:35.434+0000] {logging_mixin.py:190} INFO - [2026-05-17T00:38:35.433+0000] {dag.py:3262} INFO - Creating ORM DAG for dataset_consumes_unknown_never_scheduled
[2026-05-17T00:38:35.436+0000] {logging_mixin.py:190} INFO - [2026-05-17T00:38:35.435+0000] {dag.py:3262} INFO - Creating ORM DAG for dataset_consumes_1_never_scheduled
[2026-05-17T00:38:35.437+0000] {logging_mixin.py:190} INFO - [2026-05-17T00:38:35.437+0000] {dag.py:3262} INFO - Creating ORM DAG for conditional_dataset_and_time_based_timetable
[2026-05-17T00:38:35.438+0000] {logging_mixin.py:190} INFO - [2026-05-17T00:38:35.438+0000] {dag.py:3262} INFO - Creating ORM DAG for dataset_consumes_1_and_2
[2026-05-17T00:38:35.439+0000] {logging_mixin.py:190} INFO - [2026-05-17T00:38:35.439+0000] {dag.py:3262} INFO - Creating ORM DAG for consume_1_or_both_2_and_3_with_dataset_expressions
[2026-05-17T00:38:35.441+0000] {logging_mixin.py:190} INFO - [2026-05-17T00:38:35.441+0000] {dag.py:3262} INFO - Creating ORM DAG for dataset_produces_2
[2026-05-17T00:38:35.443+0000] {logging_mixin.py:190} INFO - [2026-05-17T00:38:35.442+0000] {dag.py:3262} INFO - Creating ORM DAG for dataset_produces_1
[2026-05-17T00:38:35.444+0000] {logging_mixin.py:190} INFO - [2026-05-17T00:38:35.444+0000] {dag.py:3262} INFO - Creating ORM DAG for dataset_consumes_1
[2026-05-17T00:38:35.446+0000] {logging_mixin.py:190} INFO - [2026-05-17T00:38:35.446+0000] {dag.py:3262} INFO - Creating ORM DAG for consume_1_and_2_with_dataset_expressions
[2026-05-17T00:38:35.487+0000] {logging_mixin.py:190} INFO - [2026-05-17T00:38:35.485+0000] {dag.py:4180} INFO - Setting next_dagrun for conditional_dataset_and_time_based_timetable to 2026-05-13 01:00:00+00:00, run_after=2026-05-13 01:00:00+00:00
[2026-05-17T00:38:35.491+0000] {logging_mixin.py:190} INFO - [2026-05-17T00:38:35.491+0000] {dag.py:4180} INFO - Setting next_dagrun for consume_1_and_2_with_dataset_expressions to None, run_after=None
[2026-05-17T00:38:35.496+0000] {logging_mixin.py:190} INFO - [2026-05-17T00:38:35.495+0000] {dag.py:4180} INFO - Setting next_dagrun for consume_1_or_2_with_dataset_expressions to None, run_after=None
[2026-05-17T00:38:35.499+0000] {logging_mixin.py:190} INFO - [2026-05-17T00:38:35.499+0000] {dag.py:4180} INFO - Setting next_dagrun for consume_1_or_both_2_and_3_with_dataset_expressions to None, run_after=None
[2026-05-17T00:38:35.501+0000] {logging_mixin.py:190} INFO - [2026-05-17T00:38:35.500+0000] {dag.py:4180} INFO - Setting next_dagrun for dataset_consumes_1 to None, run_after=None
[2026-05-17T00:38:35.503+0000] {logging_mixin.py:190} INFO - [2026-05-17T00:38:35.503+0000] {dag.py:4180} INFO - Setting next_dagrun for dataset_consumes_1_and_2 to None, run_after=None
[2026-05-17T00:38:35.505+0000] {logging_mixin.py:190} INFO - [2026-05-17T00:38:35.504+0000] {dag.py:4180} INFO - Setting next_dagrun for dataset_consumes_1_never_scheduled to None, run_after=None
[2026-05-17T00:38:35.508+0000] {logging_mixin.py:190} INFO - [2026-05-17T00:38:35.507+0000] {dag.py:4180} INFO - Setting next_dagrun for dataset_consumes_unknown_never_scheduled to None, run_after=None
[2026-05-17T00:38:35.512+0000] {logging_mixin.py:190} INFO - [2026-05-17T00:38:35.511+0000] {dag.py:4180} INFO - Setting next_dagrun for dataset_produces_1 to 2026-05-16 00:00:00+00:00, run_after=2026-05-17 00:00:00+00:00
[2026-05-17T00:38:35.512+0000] {logging_mixin.py:190} INFO - [2026-05-17T00:38:35.512+0000] {dag.py:4180} INFO - Setting next_dagrun for dataset_produces_2 to None, run_after=None
[2026-05-17T00:38:35.686+0000] {processor.py:208} INFO - Processing /home/airflow/.local/lib/python3.12/site-packages/airflow/example_dags/example_datasets.py took 3.025 seconds
[2026-05-17T00:39:06.052+0000] {processor.py:186} INFO - Started process (PID=189) to work on /home/airflow/.local/lib/python3.12/site-packages/airflow/example_dags/example_datasets.py
[2026-05-17T00:39:06.055+0000] {processor.py:914} INFO - Processing file /home/airflow/.local/lib/python3.12/site-packages/airflow/example_dags/example_datasets.py for tasks to queue
[2026-05-17T00:39:06.063+0000] {logging_mixin.py:190} INFO - [2026-05-17T00:39:06.062+0000] {dagbag.py:588} INFO - Filling up the DagBag from /home/airflow/.local/lib/python3.12/site-packages/airflow/example_dags/example_datasets.py
[2026-05-17T00:39:06.643+0000] {processor.py:925} INFO - DAG(s) 'consume_1_and_2_with_dataset_expressions', 'dataset_produces_2', 'dataset_consumes_1_and_2', 'dataset_consumes_1_never_scheduled', 'dataset_consumes_unknown_never_scheduled', 'consume_1_or_both_2_and_3_with_dataset_expressions', 'consume_1_or_2_with_dataset_expressions', 'dataset_consumes_1', 'dataset_produces_1', 'conditional_dataset_and_time_based_timetable' retrieved from /home/airflow/.local/lib/python3.12/site-packages/airflow/example_dags/example_datasets.py
[2026-05-17T00:39:06.811+0000] {logging_mixin.py:190} INFO - [2026-05-17T00:39:06.810+0000] {dag.py:3239} INFO - Sync 10 DAGs
[2026-05-17T00:39:06.925+0000] {logging_mixin.py:190} INFO - [2026-05-17T00:39:06.924+0000] {dag.py:4180} INFO - Setting next_dagrun for conditional_dataset_and_time_based_timetable to 2026-05-13 01:00:00+00:00, run_after=2026-05-13 01:00:00+00:00
[2026-05-17T00:39:06.946+0000] {logging_mixin.py:190} INFO - [2026-05-17T00:39:06.945+0000] {dag.py:4180} INFO - Setting next_dagrun for consume_1_and_2_with_dataset_expressions to None, run_after=None
[2026-05-17T00:39:06.957+0000] {logging_mixin.py:190} INFO - [2026-05-17T00:39:06.956+0000] {dag.py:4180} INFO - Setting next_dagrun for consume_1_or_2_with_dataset_expressions to None, run_after=None
[2026-05-17T00:39:06.964+0000] {logging_mixin.py:190} INFO - [2026-05-17T00:39:06.962+0000] {dag.py:4180} INFO - Setting next_dagrun for consume_1_or_both_2_and_3_with_dataset_expressions to None, run_after=None
[2026-05-17T00:39:06.973+0000] {logging_mixin.py:190} INFO - [2026-05-17T00:39:06.973+0000] {dag.py:4180} INFO - Setting next_dagrun for dataset_consumes_1 to None, run_after=None
[2026-05-17T00:39:06.979+0000] {logging_mixin.py:190} INFO - [2026-05-17T00:39:06.979+0000] {dag.py:4180} INFO - Setting next_dagrun for dataset_consumes_1_and_2 to None, run_after=None
[2026-05-17T00:39:06.987+0000] {logging_mixin.py:190} INFO - [2026-05-17T00:39:06.986+0000] {dag.py:4180} INFO - Setting next_dagrun for dataset_consumes_1_never_scheduled to None, run_after=None
[2026-05-17T00:39:06.995+0000] {logging_mixin.py:190} INFO - [2026-05-17T00:39:06.994+0000] {dag.py:4180} INFO - Setting next_dagrun for dataset_consumes_unknown_never_scheduled to None, run_after=None
[2026-05-17T00:39:07.003+0000] {logging_mixin.py:190} INFO - [2026-05-17T00:39:07.002+0000] {dag.py:4180} INFO - Setting next_dagrun for dataset_produces_1 to 2026-05-16 00:00:00+00:00, run_after=2026-05-17 00:00:00+00:00
[2026-05-17T00:39:07.010+0000] {logging_mixin.py:190} INFO - [2026-05-17T00:39:07.008+0000] {dag.py:4180} INFO - Setting next_dagrun for dataset_produces_2 to None, run_after=None
[2026-05-17T00:39:07.174+0000] {processor.py:208} INFO - Processing /home/airflow/.local/lib/python3.12/site-packages/airflow/example_dags/example_datasets.py took 1.153 seconds
[2026-05-17T01:21:54.658+0000] {processor.py:186} INFO - Started process (PID=133) to work on /home/airflow/.local/lib/python3.12/site-packages/airflow/example_dags/example_datasets.py
[2026-05-17T01:21:54.661+0000] {processor.py:914} INFO - Processing file /home/airflow/.local/lib/python3.12/site-packages/airflow/example_dags/example_datasets.py for tasks to queue
[2026-05-17T01:21:54.676+0000] {logging_mixin.py:190} INFO - [2026-05-17T01:21:54.675+0000] {dagbag.py:588} INFO - Filling up the DagBag from /home/airflow/.local/lib/python3.12/site-packages/airflow/example_dags/example_datasets.py
[2026-05-17T01:21:59.774+0000] {processor.py:925} INFO - DAG(s) 'consume_1_and_2_with_dataset_expressions', 'dataset_consumes_1_never_scheduled', 'conditional_dataset_and_time_based_timetable', 'dataset_consumes_1_and_2', 'dataset_consumes_1', 'consume_1_or_2_with_dataset_expressions', 'consume_1_or_both_2_and_3_with_dataset_expressions', 'dataset_consumes_unknown_never_scheduled', 'dataset_produces_2', 'dataset_produces_1' retrieved from /home/airflow/.local/lib/python3.12/site-packages/airflow/example_dags/example_datasets.py
[2026-05-17T01:22:00.058+0000] {logging_mixin.py:190} INFO - [2026-05-17T01:22:00.057+0000] {dag.py:3239} INFO - Sync 10 DAGs
[2026-05-17T01:22:00.400+0000] {logging_mixin.py:190} INFO - [2026-05-17T01:22:00.399+0000] {dag.py:4180} INFO - Setting next_dagrun for conditional_dataset_and_time_based_timetable to 2026-05-13 01:00:00+00:00, run_after=2026-05-13 01:00:00+00:00
[2026-05-17T01:22:00.440+0000] {logging_mixin.py:190} INFO - [2026-05-17T01:22:00.440+0000] {dag.py:4180} INFO - Setting next_dagrun for consume_1_and_2_with_dataset_expressions to None, run_after=None
[2026-05-17T01:22:00.445+0000] {logging_mixin.py:190} INFO - [2026-05-17T01:22:00.444+0000] {dag.py:4180} INFO - Setting next_dagrun for consume_1_or_2_with_dataset_expressions to None, run_after=None
[2026-05-17T01:22:00.461+0000] {logging_mixin.py:190} INFO - [2026-05-17T01:22:00.461+0000] {dag.py:4180} INFO - Setting next_dagrun for consume_1_or_both_2_and_3_with_dataset_expressions to None, run_after=None
[2026-05-17T01:22:00.483+0000] {logging_mixin.py:190} INFO - [2026-05-17T01:22:00.482+0000] {dag.py:4180} INFO - Setting next_dagrun for dataset_consumes_1 to None, run_after=None
[2026-05-17T01:22:00.492+0000] {logging_mixin.py:190} INFO - [2026-05-17T01:22:00.492+0000] {dag.py:4180} INFO - Setting next_dagrun for dataset_consumes_1_and_2 to None, run_after=None
[2026-05-17T01:22:00.496+0000] {logging_mixin.py:190} INFO - [2026-05-17T01:22:00.495+0000] {dag.py:4180} INFO - Setting next_dagrun for dataset_consumes_1_never_scheduled to None, run_after=None
[2026-05-17T01:22:00.502+0000] {logging_mixin.py:190} INFO - [2026-05-17T01:22:00.502+0000] {dag.py:4180} INFO - Setting next_dagrun for dataset_consumes_unknown_never_scheduled to None, run_after=None
[2026-05-17T01:22:00.520+0000] {logging_mixin.py:190} INFO - [2026-05-17T01:22:00.520+0000] {dag.py:4180} INFO - Setting next_dagrun for dataset_produces_1 to 2026-05-16 00:00:00+00:00, run_after=2026-05-17 00:00:00+00:00
[2026-05-17T01:22:00.525+0000] {logging_mixin.py:190} INFO - [2026-05-17T01:22:00.524+0000] {dag.py:4180} INFO - Setting next_dagrun for dataset_produces_2 to None, run_after=None
[2026-05-17T01:22:01.756+0000] {processor.py:208} INFO - Processing /home/airflow/.local/lib/python3.12/site-packages/airflow/example_dags/example_datasets.py took 7.112 seconds
[2026-05-17T01:22:54.313+0000] {processor.py:186} INFO - Started process (PID=196) to work on /home/airflow/.local/lib/python3.12/site-packages/airflow/example_dags/example_datasets.py
[2026-05-17T01:22:54.408+0000] {processor.py:914} INFO - Processing file /home/airflow/.local/lib/python3.12/site-packages/airflow/example_dags/example_datasets.py for tasks to queue
[2026-05-17T01:22:54.411+0000] {logging_mixin.py:190} INFO - [2026-05-17T01:22:54.411+0000] {dagbag.py:588} INFO - Filling up the DagBag from /home/airflow/.local/lib/python3.12/site-packages/airflow/example_dags/example_datasets.py
[2026-05-17T01:22:54.786+0000] {processor.py:925} INFO - DAG(s) 'dataset_produces_2', 'consume_1_and_2_with_dataset_expressions', 'consume_1_or_both_2_and_3_with_dataset_expressions', 'dataset_consumes_1', 'dataset_consumes_1_and_2', 'dataset_consumes_1_never_scheduled', 'dataset_produces_1', 'consume_1_or_2_with_dataset_expressions', 'conditional_dataset_and_time_based_timetable', 'dataset_consumes_unknown_never_scheduled' retrieved from /home/airflow/.local/lib/python3.12/site-packages/airflow/example_dags/example_datasets.py
[2026-05-17T01:22:54.941+0000] {logging_mixin.py:190} INFO - [2026-05-17T01:22:54.941+0000] {dag.py:3239} INFO - Sync 10 DAGs
[2026-05-17T01:22:54.981+0000] {logging_mixin.py:190} INFO - [2026-05-17T01:22:54.980+0000] {dag.py:4180} INFO - Setting next_dagrun for conditional_dataset_and_time_based_timetable to 2026-05-13 01:00:00+00:00, run_after=2026-05-13 01:00:00+00:00
[2026-05-17T01:22:54.986+0000] {logging_mixin.py:190} INFO - [2026-05-17T01:22:54.986+0000] {dag.py:4180} INFO - Setting next_dagrun for consume_1_and_2_with_dataset_expressions to None, run_after=None
[2026-05-17T01:22:54.991+0000] {logging_mixin.py:190} INFO - [2026-05-17T01:22:54.990+0000] {dag.py:4180} INFO - Setting next_dagrun for consume_1_or_2_with_dataset_expressions to None, run_after=None
[2026-05-17T01:22:54.993+0000] {logging_mixin.py:190} INFO - [2026-05-17T01:22:54.993+0000] {dag.py:4180} INFO - Setting next_dagrun for consume_1_or_both_2_and_3_with_dataset_expressions to None, run_after=None
[2026-05-17T01:22:54.995+0000] {logging_mixin.py:190} INFO - [2026-05-17T01:22:54.995+0000] {dag.py:4180} INFO - Setting next_dagrun for dataset_consumes_1 to None, run_after=None
[2026-05-17T01:22:54.997+0000] {logging_mixin.py:190} INFO - [2026-05-17T01:22:54.997+0000] {dag.py:4180} INFO - Setting next_dagrun for dataset_consumes_1_and_2 to None, run_after=None
[2026-05-17T01:22:54.999+0000] {logging_mixin.py:190} INFO - [2026-05-17T01:22:54.999+0000] {dag.py:4180} INFO - Setting next_dagrun for dataset_consumes_1_never_scheduled to None, run_after=None
[2026-05-17T01:22:55.001+0000] {logging_mixin.py:190} INFO - [2026-05-17T01:22:55.001+0000] {dag.py:4180} INFO - Setting next_dagrun for dataset_consumes_unknown_never_scheduled to None, run_after=None
[2026-05-17T01:22:55.004+0000] {logging_mixin.py:190} INFO - [2026-05-17T01:22:55.004+0000] {dag.py:4180} INFO - Setting next_dagrun for dataset_produces_1 to 2026-05-16 00:00:00+00:00, run_after=2026-05-17 00:00:00+00:00
[2026-05-17T01:22:55.006+0000] {logging_mixin.py:190} INFO - [2026-05-17T01:22:55.006+0000] {dag.py:4180} INFO - Setting next_dagrun for dataset_produces_2 to None, run_after=None
[2026-05-17T01:22:55.058+0000] {processor.py:208} INFO - Processing /home/airflow/.local/lib/python3.12/site-packages/airflow/example_dags/example_datasets.py took 0.751 seconds
[2026-05-17T01:51:49.677+0000] {processor.py:186} INFO - Started process (PID=282) to work on /home/airflow/.local/lib/python3.12/site-packages/airflow/example_dags/example_datasets.py
[2026-05-17T01:51:49.678+0000] {processor.py:914} INFO - Processing file /home/airflow/.local/lib/python3.12/site-packages/airflow/example_dags/example_datasets.py for tasks to queue
[2026-05-17T01:51:49.681+0000] {logging_mixin.py:190} INFO - [2026-05-17T01:51:49.681+0000] {dagbag.py:588} INFO - Filling up the DagBag from /home/airflow/.local/lib/python3.12/site-packages/airflow/example_dags/example_datasets.py
[2026-05-17T01:51:49.923+0000] {processor.py:925} INFO - DAG(s) 'conditional_dataset_and_time_based_timetable', 'consume_1_or_both_2_and_3_with_dataset_expressions', 'consume_1_or_2_with_dataset_expressions', 'dataset_produces_2', 'dataset_produces_1', 'dataset_consumes_1_and_2', 'dataset_consumes_unknown_never_scheduled', 'dataset_consumes_1_never_scheduled', 'consume_1_and_2_with_dataset_expressions', 'dataset_consumes_1' retrieved from /home/airflow/.local/lib/python3.12/site-packages/airflow/example_dags/example_datasets.py
[2026-05-17T01:51:49.977+0000] {logging_mixin.py:190} INFO - [2026-05-17T01:51:49.977+0000] {dag.py:3239} INFO - Sync 10 DAGs
[2026-05-17T01:51:50.010+0000] {logging_mixin.py:190} INFO - [2026-05-17T01:51:50.010+0000] {dag.py:4180} INFO - Setting next_dagrun for conditional_dataset_and_time_based_timetable to 2026-05-13 01:00:00+00:00, run_after=2026-05-13 01:00:00+00:00
[2026-05-17T01:51:50.015+0000] {logging_mixin.py:190} INFO - [2026-05-17T01:51:50.015+0000] {dag.py:4180} INFO - Setting next_dagrun for consume_1_and_2_with_dataset_expressions to None, run_after=None
[2026-05-17T01:51:50.017+0000] {logging_mixin.py:190} INFO - [2026-05-17T01:51:50.017+0000] {dag.py:4180} INFO - Setting next_dagrun for consume_1_or_2_with_dataset_expressions to None, run_after=None
[2026-05-17T01:51:50.019+0000] {logging_mixin.py:190} INFO - [2026-05-17T01:51:50.018+0000] {dag.py:4180} INFO - Setting next_dagrun for consume_1_or_both_2_and_3_with_dataset_expressions to None, run_after=None
[2026-05-17T01:51:50.022+0000] {logging_mixin.py:190} INFO - [2026-05-17T01:51:50.022+0000] {dag.py:4180} INFO - Setting next_dagrun for dataset_consumes_1 to None, run_after=None
[2026-05-17T01:51:50.025+0000] {logging_mixin.py:190} INFO - [2026-05-17T01:51:50.025+0000] {dag.py:4180} INFO - Setting next_dagrun for dataset_consumes_1_and_2 to None, run_after=None
[2026-05-17T01:51:50.028+0000] {logging_mixin.py:190} INFO - [2026-05-17T01:51:50.027+0000] {dag.py:4180} INFO - Setting next_dagrun for dataset_consumes_1_never_scheduled to None, run_after=None
[2026-05-17T01:51:50.030+0000] {logging_mixin.py:190} INFO - [2026-05-17T01:51:50.030+0000] {dag.py:4180} INFO - Setting next_dagrun for dataset_consumes_unknown_never_scheduled to None, run_after=None
[2026-05-17T01:51:50.037+0000] {logging_mixin.py:190} INFO - [2026-05-17T01:51:50.037+0000] {dag.py:4180} INFO - Setting next_dagrun for dataset_produces_1 to 2026-05-16 00:00:00+00:00, run_after=2026-05-17 00:00:00+00:00
[2026-05-17T01:51:50.040+0000] {logging_mixin.py:190} INFO - [2026-05-17T01:51:50.039+0000] {dag.py:4180} INFO - Setting next_dagrun for dataset_produces_2 to None, run_after=None
[2026-05-17T01:51:50.103+0000] {processor.py:208} INFO - Processing /home/airflow/.local/lib/python3.12/site-packages/airflow/example_dags/example_datasets.py took 0.434 seconds
[2026-05-17T01:55:12.824+0000] {processor.py:186} INFO - Started process (PID=346) to work on /home/airflow/.local/lib/python3.12/site-packages/airflow/example_dags/example_datasets.py
[2026-05-17T01:55:12.826+0000] {processor.py:914} INFO - Processing file /home/airflow/.local/lib/python3.12/site-packages/airflow/example_dags/example_datasets.py for tasks to queue
[2026-05-17T01:55:12.829+0000] {logging_mixin.py:190} INFO - [2026-05-17T01:55:12.828+0000] {dagbag.py:588} INFO - Filling up the DagBag from /home/airflow/.local/lib/python3.12/site-packages/airflow/example_dags/example_datasets.py
[2026-05-17T01:55:13.158+0000] {processor.py:925} INFO - DAG(s) 'dataset_produces_1', 'dataset_produces_2', 'consume_1_or_both_2_and_3_with_dataset_expressions', 'dataset_consumes_unknown_never_scheduled', 'dataset_consumes_1', 'conditional_dataset_and_time_based_timetable', 'dataset_consumes_1_and_2', 'consume_1_or_2_with_dataset_expressions', 'consume_1_and_2_with_dataset_expressions', 'dataset_consumes_1_never_scheduled' retrieved from /home/airflow/.local/lib/python3.12/site-packages/airflow/example_dags/example_datasets.py
[2026-05-17T01:55:13.267+0000] {logging_mixin.py:190} INFO - [2026-05-17T01:55:13.267+0000] {dag.py:3239} INFO - Sync 10 DAGs
[2026-05-17T01:55:13.332+0000] {logging_mixin.py:190} INFO - [2026-05-17T01:55:13.331+0000] {dag.py:4180} INFO - Setting next_dagrun for conditional_dataset_and_time_based_timetable to 2026-05-13 01:00:00+00:00, run_after=2026-05-13 01:00:00+00:00
[2026-05-17T01:55:13.351+0000] {logging_mixin.py:190} INFO - [2026-05-17T01:55:13.349+0000] {dag.py:4180} INFO - Setting next_dagrun for consume_1_and_2_with_dataset_expressions to None, run_after=None
[2026-05-17T01:55:13.356+0000] {logging_mixin.py:190} INFO - [2026-05-17T01:55:13.356+0000] {dag.py:4180} INFO - Setting next_dagrun for consume_1_or_2_with_dataset_expressions to None, run_after=None
[2026-05-17T01:55:13.371+0000] {logging_mixin.py:190} INFO - [2026-05-17T01:55:13.369+0000] {dag.py:4180} INFO - Setting next_dagrun for consume_1_or_both_2_and_3_with_dataset_expressions to None, run_after=None
[2026-05-17T01:55:13.378+0000] {logging_mixin.py:190} INFO - [2026-05-17T01:55:13.378+0000] {dag.py:4180} INFO - Setting next_dagrun for dataset_consumes_1 to None, run_after=None
[2026-05-17T01:55:13.383+0000] {logging_mixin.py:190} INFO - [2026-05-17T01:55:13.382+0000] {dag.py:4180} INFO - Setting next_dagrun for dataset_consumes_1_and_2 to None, run_after=None
[2026-05-17T01:55:13.397+0000] {logging_mixin.py:190} INFO - [2026-05-17T01:55:13.396+0000] {dag.py:4180} INFO - Setting next_dagrun for dataset_consumes_1_never_scheduled to None, run_after=None
[2026-05-17T01:55:13.410+0000] {logging_mixin.py:190} INFO - [2026-05-17T01:55:13.404+0000] {dag.py:4180} INFO - Setting next_dagrun for dataset_consumes_unknown_never_scheduled to None, run_after=None
[2026-05-17T01:55:13.426+0000] {logging_mixin.py:190} INFO - [2026-05-17T01:55:13.426+0000] {dag.py:4180} INFO - Setting next_dagrun for dataset_produces_1 to 2026-05-16 00:00:00+00:00, run_after=2026-05-17 00:00:00+00:00
[2026-05-17T01:55:13.440+0000] {logging_mixin.py:190} INFO - [2026-05-17T01:55:13.440+0000] {dag.py:4180} INFO - Setting next_dagrun for dataset_produces_2 to None, run_after=None
[2026-05-17T01:55:13.583+0000] {processor.py:208} INFO - Processing /home/airflow/.local/lib/python3.12/site-packages/airflow/example_dags/example_datasets.py took 0.770 seconds
[2026-05-17T01:55:49.953+0000] {processor.py:186} INFO - Started process (PID=409) to work on /home/airflow/.local/lib/python3.12/site-packages/airflow/example_dags/example_datasets.py
[2026-05-17T01:55:49.955+0000] {processor.py:914} INFO - Processing file /home/airflow/.local/lib/python3.12/site-packages/airflow/example_dags/example_datasets.py for tasks to queue
[2026-05-17T01:55:49.957+0000] {logging_mixin.py:190} INFO - [2026-05-17T01:55:49.957+0000] {dagbag.py:588} INFO - Filling up the DagBag from /home/airflow/.local/lib/python3.12/site-packages/airflow/example_dags/example_datasets.py
[2026-05-17T01:55:50.351+0000] {processor.py:925} INFO - DAG(s) 'dataset_produces_1', 'consume_1_or_both_2_and_3_with_dataset_expressions', 'dataset_consumes_unknown_never_scheduled', 'conditional_dataset_and_time_based_timetable', 'dataset_consumes_1', 'dataset_produces_2', 'dataset_consumes_1_and_2', 'dataset_consumes_1_never_scheduled', 'consume_1_or_2_with_dataset_expressions', 'consume_1_and_2_with_dataset_expressions' retrieved from /home/airflow/.local/lib/python3.12/site-packages/airflow/example_dags/example_datasets.py
[2026-05-17T01:55:50.393+0000] {logging_mixin.py:190} INFO - [2026-05-17T01:55:50.392+0000] {dag.py:3239} INFO - Sync 10 DAGs
[2026-05-17T01:55:50.420+0000] {logging_mixin.py:190} INFO - [2026-05-17T01:55:50.419+0000] {dag.py:4180} INFO - Setting next_dagrun for conditional_dataset_and_time_based_timetable to 2026-05-13 01:00:00+00:00, run_after=2026-05-13 01:00:00+00:00
[2026-05-17T01:55:50.424+0000] {logging_mixin.py:190} INFO - [2026-05-17T01:55:50.423+0000] {dag.py:4180} INFO - Setting next_dagrun for consume_1_and_2_with_dataset_expressions to None, run_after=None
[2026-05-17T01:55:50.425+0000] {logging_mixin.py:190} INFO - [2026-05-17T01:55:50.425+0000] {dag.py:4180} INFO - Setting next_dagrun for consume_1_or_2_with_dataset_expressions to None, run_after=None
[2026-05-17T01:55:50.426+0000] {logging_mixin.py:190} INFO - [2026-05-17T01:55:50.426+0000] {dag.py:4180} INFO - Setting next_dagrun for consume_1_or_both_2_and_3_with_dataset_expressions to None, run_after=None
[2026-05-17T01:55:50.427+0000] {logging_mixin.py:190} INFO - [2026-05-17T01:55:50.427+0000] {dag.py:4180} INFO - Setting next_dagrun for dataset_consumes_1 to None, run_after=None
[2026-05-17T01:55:50.428+0000] {logging_mixin.py:190} INFO - [2026-05-17T01:55:50.428+0000] {dag.py:4180} INFO - Setting next_dagrun for dataset_consumes_1_and_2 to None, run_after=None
[2026-05-17T01:55:50.430+0000] {logging_mixin.py:190} INFO - [2026-05-17T01:55:50.429+0000] {dag.py:4180} INFO - Setting next_dagrun for dataset_consumes_1_never_scheduled to None, run_after=None
[2026-05-17T01:55:50.431+0000] {logging_mixin.py:190} INFO - [2026-05-17T01:55:50.431+0000] {dag.py:4180} INFO - Setting next_dagrun for dataset_consumes_unknown_never_scheduled to None, run_after=None
[2026-05-17T01:55:50.433+0000] {logging_mixin.py:190} INFO - [2026-05-17T01:55:50.433+0000] {dag.py:4180} INFO - Setting next_dagrun for dataset_produces_1 to 2026-05-16 00:00:00+00:00, run_after=2026-05-17 00:00:00+00:00
[2026-05-17T01:55:50.434+0000] {logging_mixin.py:190} INFO - [2026-05-17T01:55:50.434+0000] {dag.py:4180} INFO - Setting next_dagrun for dataset_produces_2 to None, run_after=None
[2026-05-17T01:55:50.840+0000] {processor.py:208} INFO - Processing /home/airflow/.local/lib/python3.12/site-packages/airflow/example_dags/example_datasets.py took 0.899 seconds
[2026-05-17T02:03:10.916+0000] {processor.py:186} INFO - Started process (PID=472) to work on /home/airflow/.local/lib/python3.12/site-packages/airflow/example_dags/example_datasets.py
[2026-05-17T02:03:10.918+0000] {processor.py:914} INFO - Processing file /home/airflow/.local/lib/python3.12/site-packages/airflow/example_dags/example_datasets.py for tasks to queue
[2026-05-17T02:03:10.921+0000] {logging_mixin.py:190} INFO - [2026-05-17T02:03:10.920+0000] {dagbag.py:588} INFO - Filling up the DagBag from /home/airflow/.local/lib/python3.12/site-packages/airflow/example_dags/example_datasets.py
[2026-05-17T02:03:11.320+0000] {processor.py:925} INFO - DAG(s) 'dataset_produces_2', 'conditional_dataset_and_time_based_timetable', 'consume_1_and_2_with_dataset_expressions', 'consume_1_or_2_with_dataset_expressions', 'dataset_consumes_1_never_scheduled', 'dataset_consumes_unknown_never_scheduled', 'dataset_produces_1', 'dataset_consumes_1', 'consume_1_or_both_2_and_3_with_dataset_expressions', 'dataset_consumes_1_and_2' retrieved from /home/airflow/.local/lib/python3.12/site-packages/airflow/example_dags/example_datasets.py
[2026-05-17T02:03:11.403+0000] {logging_mixin.py:190} INFO - [2026-05-17T02:03:11.403+0000] {dag.py:3239} INFO - Sync 10 DAGs
[2026-05-17T02:03:11.578+0000] {logging_mixin.py:190} INFO - [2026-05-17T02:03:11.578+0000] {dag.py:4180} INFO - Setting next_dagrun for conditional_dataset_and_time_based_timetable to 2026-05-13 01:00:00+00:00, run_after=2026-05-13 01:00:00+00:00
[2026-05-17T02:03:11.585+0000] {logging_mixin.py:190} INFO - [2026-05-17T02:03:11.585+0000] {dag.py:4180} INFO - Setting next_dagrun for consume_1_and_2_with_dataset_expressions to None, run_after=None
[2026-05-17T02:03:11.601+0000] {logging_mixin.py:190} INFO - [2026-05-17T02:03:11.601+0000] {dag.py:4180} INFO - Setting next_dagrun for consume_1_or_2_with_dataset_expressions to None, run_after=None
[2026-05-17T02:03:11.608+0000] {logging_mixin.py:190} INFO - [2026-05-17T02:03:11.608+0000] {dag.py:4180} INFO - Setting next_dagrun for consume_1_or_both_2_and_3_with_dataset_expressions to None, run_after=None
[2026-05-17T02:03:11.612+0000] {logging_mixin.py:190} INFO - [2026-05-17T02:03:11.611+0000] {dag.py:4180} INFO - Setting next_dagrun for dataset_consumes_1 to None, run_after=None
[2026-05-17T02:03:11.624+0000] {logging_mixin.py:190} INFO - [2026-05-17T02:03:11.619+0000] {dag.py:4180} INFO - Setting next_dagrun for dataset_consumes_1_and_2 to None, run_after=None
[2026-05-17T02:03:11.626+0000] {logging_mixin.py:190} INFO - [2026-05-17T02:03:11.626+0000] {dag.py:4180} INFO - Setting next_dagrun for dataset_consumes_1_never_scheduled to None, run_after=None
[2026-05-17T02:03:11.629+0000] {logging_mixin.py:190} INFO - [2026-05-17T02:03:11.629+0000] {dag.py:4180} INFO - Setting next_dagrun for dataset_consumes_unknown_never_scheduled to None, run_after=None
[2026-05-17T02:03:11.634+0000] {logging_mixin.py:190} INFO - [2026-05-17T02:03:11.633+0000] {dag.py:4180} INFO - Setting next_dagrun for dataset_produces_1 to 2026-05-16 00:00:00+00:00, run_after=2026-05-17 00:00:00+00:00
[2026-05-17T02:03:11.637+0000] {logging_mixin.py:190} INFO - [2026-05-17T02:03:11.636+0000] {dag.py:4180} INFO - Setting next_dagrun for dataset_produces_2 to None, run_after=None
[2026-05-17T02:03:11.774+0000] {processor.py:208} INFO - Processing /home/airflow/.local/lib/python3.12/site-packages/airflow/example_dags/example_datasets.py took 0.874 seconds
[2026-05-17T13:37:32.940+0000] {processor.py:186} INFO - Started process (PID=116) to work on /home/airflow/.local/lib/python3.12/site-packages/airflow/example_dags/example_datasets.py
[2026-05-17T13:37:32.943+0000] {processor.py:914} INFO - Processing file /home/airflow/.local/lib/python3.12/site-packages/airflow/example_dags/example_datasets.py for tasks to queue
[2026-05-17T13:37:32.948+0000] {logging_mixin.py:190} INFO - [2026-05-17T13:37:32.947+0000] {dagbag.py:588} INFO - Filling up the DagBag from /home/airflow/.local/lib/python3.12/site-packages/airflow/example_dags/example_datasets.py
[2026-05-17T13:37:33.239+0000] {processor.py:925} INFO - DAG(s) 'dataset_produces_1', 'conditional_dataset_and_time_based_timetable', 'dataset_consumes_1_and_2', 'dataset_produces_2', 'consume_1_or_both_2_and_3_with_dataset_expressions', 'dataset_consumes_1', 'dataset_consumes_1_never_scheduled', 'consume_1_and_2_with_dataset_expressions', 'dataset_consumes_unknown_never_scheduled', 'consume_1_or_2_with_dataset_expressions' retrieved from /home/airflow/.local/lib/python3.12/site-packages/airflow/example_dags/example_datasets.py
[2026-05-17T13:37:33.343+0000] {logging_mixin.py:190} INFO - [2026-05-17T13:37:33.343+0000] {dag.py:3239} INFO - Sync 10 DAGs
[2026-05-17T13:37:33.410+0000] {logging_mixin.py:190} INFO - [2026-05-17T13:37:33.410+0000] {dag.py:4180} INFO - Setting next_dagrun for conditional_dataset_and_time_based_timetable to 2026-05-13 01:00:00+00:00, run_after=2026-05-13 01:00:00+00:00
[2026-05-17T13:37:33.418+0000] {logging_mixin.py:190} INFO - [2026-05-17T13:37:33.418+0000] {dag.py:4180} INFO - Setting next_dagrun for consume_1_and_2_with_dataset_expressions to None, run_after=None
[2026-05-17T13:37:33.421+0000] {logging_mixin.py:190} INFO - [2026-05-17T13:37:33.421+0000] {dag.py:4180} INFO - Setting next_dagrun for consume_1_or_2_with_dataset_expressions to None, run_after=None
[2026-05-17T13:37:33.424+0000] {logging_mixin.py:190} INFO - [2026-05-17T13:37:33.423+0000] {dag.py:4180} INFO - Setting next_dagrun for consume_1_or_both_2_and_3_with_dataset_expressions to None, run_after=None
[2026-05-17T13:37:33.426+0000] {logging_mixin.py:190} INFO - [2026-05-17T13:37:33.426+0000] {dag.py:4180} INFO - Setting next_dagrun for dataset_consumes_1 to None, run_after=None
[2026-05-17T13:37:33.429+0000] {logging_mixin.py:190} INFO - [2026-05-17T13:37:33.429+0000] {dag.py:4180} INFO - Setting next_dagrun for dataset_consumes_1_and_2 to None, run_after=None
[2026-05-17T13:37:33.431+0000] {logging_mixin.py:190} INFO - [2026-05-17T13:37:33.431+0000] {dag.py:4180} INFO - Setting next_dagrun for dataset_consumes_1_never_scheduled to None, run_after=None
[2026-05-17T13:37:33.434+0000] {logging_mixin.py:190} INFO - [2026-05-17T13:37:33.433+0000] {dag.py:4180} INFO - Setting next_dagrun for dataset_consumes_unknown_never_scheduled to None, run_after=None
[2026-05-17T13:37:33.437+0000] {logging_mixin.py:190} INFO - [2026-05-17T13:37:33.437+0000] {dag.py:4180} INFO - Setting next_dagrun for dataset_produces_1 to 2026-05-16 00:00:00+00:00, run_after=2026-05-17 00:00:00+00:00
[2026-05-17T13:37:33.439+0000] {logging_mixin.py:190} INFO - [2026-05-17T13:37:33.439+0000] {dag.py:4180} INFO - Setting next_dagrun for dataset_produces_2 to None, run_after=None
[2026-05-17T13:37:33.504+0000] {processor.py:208} INFO - Processing /home/airflow/.local/lib/python3.12/site-packages/airflow/example_dags/example_datasets.py took 0.582 seconds
[2026-05-17T13:38:28.667+0000] {processor.py:186} INFO - Started process (PID=173) to work on /home/airflow/.local/lib/python3.12/site-packages/airflow/example_dags/example_datasets.py
[2026-05-17T13:38:28.668+0000] {processor.py:914} INFO - Processing file /home/airflow/.local/lib/python3.12/site-packages/airflow/example_dags/example_datasets.py for tasks to queue
[2026-05-17T13:38:28.670+0000] {logging_mixin.py:190} INFO - [2026-05-17T13:38:28.669+0000] {dagbag.py:588} INFO - Filling up the DagBag from /home/airflow/.local/lib/python3.12/site-packages/airflow/example_dags/example_datasets.py
[2026-05-17T13:38:28.863+0000] {processor.py:925} INFO - DAG(s) 'dataset_produces_1', 'dataset_consumes_1_and_2', 'dataset_consumes_1', 'dataset_produces_2', 'conditional_dataset_and_time_based_timetable', 'dataset_consumes_1_never_scheduled', 'dataset_consumes_unknown_never_scheduled', 'consume_1_or_2_with_dataset_expressions', 'consume_1_or_both_2_and_3_with_dataset_expressions', 'consume_1_and_2_with_dataset_expressions' retrieved from /home/airflow/.local/lib/python3.12/site-packages/airflow/example_dags/example_datasets.py
[2026-05-17T13:38:28.917+0000] {logging_mixin.py:190} INFO - [2026-05-17T13:38:28.917+0000] {dag.py:3239} INFO - Sync 10 DAGs
[2026-05-17T13:38:28.953+0000] {logging_mixin.py:190} INFO - [2026-05-17T13:38:28.953+0000] {dag.py:4180} INFO - Setting next_dagrun for conditional_dataset_and_time_based_timetable to 2026-05-13 01:00:00+00:00, run_after=2026-05-13 01:00:00+00:00
[2026-05-17T13:38:28.957+0000] {logging_mixin.py:190} INFO - [2026-05-17T13:38:28.957+0000] {dag.py:4180} INFO - Setting next_dagrun for consume_1_and_2_with_dataset_expressions to None, run_after=None
[2026-05-17T13:38:28.959+0000] {logging_mixin.py:190} INFO - [2026-05-17T13:38:28.958+0000] {dag.py:4180} INFO - Setting next_dagrun for consume_1_or_2_with_dataset_expressions to None, run_after=None
[2026-05-17T13:38:28.960+0000] {logging_mixin.py:190} INFO - [2026-05-17T13:38:28.960+0000] {dag.py:4180} INFO - Setting next_dagrun for consume_1_or_both_2_and_3_with_dataset_expressions to None, run_after=None
[2026-05-17T13:38:28.962+0000] {logging_mixin.py:190} INFO - [2026-05-17T13:38:28.962+0000] {dag.py:4180} INFO - Setting next_dagrun for dataset_consumes_1 to None, run_after=None
[2026-05-17T13:38:28.963+0000] {logging_mixin.py:190} INFO - [2026-05-17T13:38:28.963+0000] {dag.py:4180} INFO - Setting next_dagrun for dataset_consumes_1_and_2 to None, run_after=None
[2026-05-17T13:38:28.965+0000] {logging_mixin.py:190} INFO - [2026-05-17T13:38:28.965+0000] {dag.py:4180} INFO - Setting next_dagrun for dataset_consumes_1_never_scheduled to None, run_after=None
[2026-05-17T13:38:28.967+0000] {logging_mixin.py:190} INFO - [2026-05-17T13:38:28.966+0000] {dag.py:4180} INFO - Setting next_dagrun for dataset_consumes_unknown_never_scheduled to None, run_after=None
[2026-05-17T13:38:28.970+0000] {logging_mixin.py:190} INFO - [2026-05-17T13:38:28.970+0000] {dag.py:4180} INFO - Setting next_dagrun for dataset_produces_1 to 2026-05-16 00:00:00+00:00, run_after=2026-05-17 00:00:00+00:00
[2026-05-17T13:38:28.972+0000] {logging_mixin.py:190} INFO - [2026-05-17T13:38:28.972+0000] {dag.py:4180} INFO - Setting next_dagrun for dataset_produces_2 to None, run_after=None
[2026-05-17T13:38:29.011+0000] {processor.py:208} INFO - Processing /home/airflow/.local/lib/python3.12/site-packages/airflow/example_dags/example_datasets.py took 0.351 seconds
[2026-05-17T13:51:32.153+0000] {processor.py:186} INFO - Started process (PID=126) to work on /home/airflow/.local/lib/python3.12/site-packages/airflow/example_dags/example_datasets.py
[2026-05-17T13:51:32.158+0000] {processor.py:914} INFO - Processing file /home/airflow/.local/lib/python3.12/site-packages/airflow/example_dags/example_datasets.py for tasks to queue
[2026-05-17T13:51:32.174+0000] {logging_mixin.py:190} INFO - [2026-05-17T13:51:32.169+0000] {dagbag.py:588} INFO - Filling up the DagBag from /home/airflow/.local/lib/python3.12/site-packages/airflow/example_dags/example_datasets.py
[2026-05-17T13:51:33.679+0000] {processor.py:925} INFO - DAG(s) 'consume_1_or_both_2_and_3_with_dataset_expressions', 'dataset_consumes_unknown_never_scheduled', 'conditional_dataset_and_time_based_timetable', 'dataset_produces_2', 'consume_1_and_2_with_dataset_expressions', 'dataset_consumes_1_and_2', 'dataset_consumes_1', 'consume_1_or_2_with_dataset_expressions', 'dataset_produces_1', 'dataset_consumes_1_never_scheduled' retrieved from /home/airflow/.local/lib/python3.12/site-packages/airflow/example_dags/example_datasets.py
[2026-05-17T13:51:33.893+0000] {logging_mixin.py:190} INFO - [2026-05-17T13:51:33.892+0000] {dag.py:3239} INFO - Sync 10 DAGs
[2026-05-17T13:51:33.983+0000] {logging_mixin.py:190} INFO - [2026-05-17T13:51:33.982+0000] {dag.py:4180} INFO - Setting next_dagrun for conditional_dataset_and_time_based_timetable to 2026-05-13 01:00:00+00:00, run_after=2026-05-13 01:00:00+00:00
[2026-05-17T13:51:34.000+0000] {logging_mixin.py:190} INFO - [2026-05-17T13:51:34.000+0000] {dag.py:4180} INFO - Setting next_dagrun for consume_1_and_2_with_dataset_expressions to None, run_after=None
[2026-05-17T13:51:34.005+0000] {logging_mixin.py:190} INFO - [2026-05-17T13:51:34.005+0000] {dag.py:4180} INFO - Setting next_dagrun for consume_1_or_2_with_dataset_expressions to None, run_after=None
[2026-05-17T13:51:34.010+0000] {logging_mixin.py:190} INFO - [2026-05-17T13:51:34.009+0000] {dag.py:4180} INFO - Setting next_dagrun for consume_1_or_both_2_and_3_with_dataset_expressions to None, run_after=None
[2026-05-17T13:51:34.014+0000] {logging_mixin.py:190} INFO - [2026-05-17T13:51:34.013+0000] {dag.py:4180} INFO - Setting next_dagrun for dataset_consumes_1 to None, run_after=None
[2026-05-17T13:51:34.020+0000] {logging_mixin.py:190} INFO - [2026-05-17T13:51:34.020+0000] {dag.py:4180} INFO - Setting next_dagrun for dataset_consumes_1_and_2 to None, run_after=None
[2026-05-17T13:51:34.025+0000] {logging_mixin.py:190} INFO - [2026-05-17T13:51:34.024+0000] {dag.py:4180} INFO - Setting next_dagrun for dataset_consumes_1_never_scheduled to None, run_after=None
[2026-05-17T13:51:34.029+0000] {logging_mixin.py:190} INFO - [2026-05-17T13:51:34.029+0000] {dag.py:4180} INFO - Setting next_dagrun for dataset_consumes_unknown_never_scheduled to None, run_after=None
[2026-05-17T13:51:34.039+0000] {logging_mixin.py:190} INFO - [2026-05-17T13:51:34.038+0000] {dag.py:4180} INFO - Setting next_dagrun for dataset_produces_1 to 2026-05-16 00:00:00+00:00, run_after=2026-05-17 00:00:00+00:00
[2026-05-17T13:51:34.044+0000] {logging_mixin.py:190} INFO - [2026-05-17T13:51:34.043+0000] {dag.py:4180} INFO - Setting next_dagrun for dataset_produces_2 to None, run_after=None
[2026-05-17T13:51:34.182+0000] {processor.py:208} INFO - Processing /home/airflow/.local/lib/python3.12/site-packages/airflow/example_dags/example_datasets.py took 2.045 seconds
[2026-05-17T16:13:35.238+0000] {processor.py:186} INFO - Started process (PID=128) to work on /home/airflow/.local/lib/python3.12/site-packages/airflow/example_dags/example_datasets.py
[2026-05-17T16:13:35.302+0000] {processor.py:914} INFO - Processing file /home/airflow/.local/lib/python3.12/site-packages/airflow/example_dags/example_datasets.py for tasks to queue
[2026-05-17T16:13:35.305+0000] {logging_mixin.py:190} INFO - [2026-05-17T16:13:35.304+0000] {dagbag.py:588} INFO - Filling up the DagBag from /home/airflow/.local/lib/python3.12/site-packages/airflow/example_dags/example_datasets.py
[2026-05-17T16:13:36.596+0000] {processor.py:925} INFO - DAG(s) 'dataset_consumes_1_never_scheduled', 'dataset_produces_1', 'consume_1_or_both_2_and_3_with_dataset_expressions', 'consume_1_and_2_with_dataset_expressions', 'conditional_dataset_and_time_based_timetable', 'dataset_consumes_1_and_2', 'consume_1_or_2_with_dataset_expressions', 'dataset_consumes_unknown_never_scheduled', 'dataset_produces_2', 'dataset_consumes_1' retrieved from /home/airflow/.local/lib/python3.12/site-packages/airflow/example_dags/example_datasets.py
[2026-05-17T16:24:07.617+0000] {processor.py:186} INFO - Started process (PID=120) to work on /home/airflow/.local/lib/python3.12/site-packages/airflow/example_dags/example_datasets.py
[2026-05-17T16:24:07.625+0000] {processor.py:914} INFO - Processing file /home/airflow/.local/lib/python3.12/site-packages/airflow/example_dags/example_datasets.py for tasks to queue
[2026-05-17T16:24:07.633+0000] {logging_mixin.py:190} INFO - [2026-05-17T16:24:07.632+0000] {dagbag.py:588} INFO - Filling up the DagBag from /home/airflow/.local/lib/python3.12/site-packages/airflow/example_dags/example_datasets.py
[2026-05-17T16:24:08.480+0000] {processor.py:925} INFO - DAG(s) 'dataset_produces_2', 'dataset_consumes_1', 'consume_1_and_2_with_dataset_expressions', 'dataset_produces_1', 'dataset_consumes_unknown_never_scheduled', 'dataset_consumes_1_and_2', 'consume_1_or_both_2_and_3_with_dataset_expressions', 'dataset_consumes_1_never_scheduled', 'consume_1_or_2_with_dataset_expressions', 'conditional_dataset_and_time_based_timetable' retrieved from /home/airflow/.local/lib/python3.12/site-packages/airflow/example_dags/example_datasets.py
[2026-05-17T16:24:08.684+0000] {logging_mixin.py:190} INFO - [2026-05-17T16:24:08.683+0000] {dag.py:3239} INFO - Sync 10 DAGs
[2026-05-17T16:24:08.881+0000] {logging_mixin.py:190} INFO - [2026-05-17T16:24:08.881+0000] {dag.py:4180} INFO - Setting next_dagrun for conditional_dataset_and_time_based_timetable to 2026-05-13 01:00:00+00:00, run_after=2026-05-13 01:00:00+00:00
[2026-05-17T16:24:08.896+0000] {logging_mixin.py:190} INFO - [2026-05-17T16:24:08.895+0000] {dag.py:4180} INFO - Setting next_dagrun for consume_1_and_2_with_dataset_expressions to None, run_after=None
[2026-05-17T16:24:08.902+0000] {logging_mixin.py:190} INFO - [2026-05-17T16:24:08.902+0000] {dag.py:4180} INFO - Setting next_dagrun for consume_1_or_2_with_dataset_expressions to None, run_after=None
[2026-05-17T16:24:08.907+0000] {logging_mixin.py:190} INFO - [2026-05-17T16:24:08.907+0000] {dag.py:4180} INFO - Setting next_dagrun for consume_1_or_both_2_and_3_with_dataset_expressions to None, run_after=None
[2026-05-17T16:24:08.917+0000] {logging_mixin.py:190} INFO - [2026-05-17T16:24:08.916+0000] {dag.py:4180} INFO - Setting next_dagrun for dataset_consumes_1 to None, run_after=None
[2026-05-17T16:24:08.922+0000] {logging_mixin.py:190} INFO - [2026-05-17T16:24:08.921+0000] {dag.py:4180} INFO - Setting next_dagrun for dataset_consumes_1_and_2 to None, run_after=None
[2026-05-17T16:24:08.927+0000] {logging_mixin.py:190} INFO - [2026-05-17T16:24:08.925+0000] {dag.py:4180} INFO - Setting next_dagrun for dataset_consumes_1_never_scheduled to None, run_after=None
[2026-05-17T16:24:08.933+0000] {logging_mixin.py:190} INFO - [2026-05-17T16:24:08.932+0000] {dag.py:4180} INFO - Setting next_dagrun for dataset_consumes_unknown_never_scheduled to None, run_after=None
[2026-05-17T16:24:08.945+0000] {logging_mixin.py:190} INFO - [2026-05-17T16:24:08.944+0000] {dag.py:4180} INFO - Setting next_dagrun for dataset_produces_1 to 2026-05-16 00:00:00+00:00, run_after=2026-05-17 00:00:00+00:00
[2026-05-17T16:24:08.952+0000] {logging_mixin.py:190} INFO - [2026-05-17T16:24:08.949+0000] {dag.py:4180} INFO - Setting next_dagrun for dataset_produces_2 to None, run_after=None
[2026-05-17T16:24:09.144+0000] {processor.py:208} INFO - Processing /home/airflow/.local/lib/python3.12/site-packages/airflow/example_dags/example_datasets.py took 1.491 seconds
[2026-05-17T18:14:58.870+0000] {processor.py:186} INFO - Started process (PID=129) to work on /home/airflow/.local/lib/python3.12/site-packages/airflow/example_dags/example_datasets.py
[2026-05-17T18:14:58.886+0000] {processor.py:914} INFO - Processing file /home/airflow/.local/lib/python3.12/site-packages/airflow/example_dags/example_datasets.py for tasks to queue
[2026-05-17T18:14:58.898+0000] {logging_mixin.py:190} INFO - [2026-05-17T18:14:58.897+0000] {dagbag.py:588} INFO - Filling up the DagBag from /home/airflow/.local/lib/python3.12/site-packages/airflow/example_dags/example_datasets.py
[2026-05-17T18:15:00.226+0000] {processor.py:925} INFO - DAG(s) 'consume_1_or_2_with_dataset_expressions', 'dataset_consumes_1_and_2', 'dataset_produces_1', 'consume_1_and_2_with_dataset_expressions', 'dataset_consumes_1_never_scheduled', 'dataset_consumes_unknown_never_scheduled', 'conditional_dataset_and_time_based_timetable', 'consume_1_or_both_2_and_3_with_dataset_expressions', 'dataset_produces_2', 'dataset_consumes_1' retrieved from /home/airflow/.local/lib/python3.12/site-packages/airflow/example_dags/example_datasets.py
[2026-05-17T18:15:00.469+0000] {logging_mixin.py:190} INFO - [2026-05-17T18:15:00.469+0000] {dag.py:3239} INFO - Sync 10 DAGs
[2026-05-17T18:15:00.733+0000] {logging_mixin.py:190} INFO - [2026-05-17T18:15:00.732+0000] {dag.py:4180} INFO - Setting next_dagrun for conditional_dataset_and_time_based_timetable to 2026-05-13 01:00:00+00:00, run_after=2026-05-13 01:00:00+00:00
[2026-05-17T18:15:00.759+0000] {logging_mixin.py:190} INFO - [2026-05-17T18:15:00.758+0000] {dag.py:4180} INFO - Setting next_dagrun for consume_1_and_2_with_dataset_expressions to None, run_after=None
[2026-05-17T18:15:00.770+0000] {logging_mixin.py:190} INFO - [2026-05-17T18:15:00.769+0000] {dag.py:4180} INFO - Setting next_dagrun for consume_1_or_2_with_dataset_expressions to None, run_after=None
[2026-05-17T18:15:00.787+0000] {logging_mixin.py:190} INFO - [2026-05-17T18:15:00.786+0000] {dag.py:4180} INFO - Setting next_dagrun for consume_1_or_both_2_and_3_with_dataset_expressions to None, run_after=None
[2026-05-17T18:15:00.791+0000] {logging_mixin.py:190} INFO - [2026-05-17T18:15:00.791+0000] {dag.py:4180} INFO - Setting next_dagrun for dataset_consumes_1 to None, run_after=None
[2026-05-17T18:15:00.798+0000] {logging_mixin.py:190} INFO - [2026-05-17T18:15:00.797+0000] {dag.py:4180} INFO - Setting next_dagrun for dataset_consumes_1_and_2 to None, run_after=None
[2026-05-17T18:15:00.811+0000] {logging_mixin.py:190} INFO - [2026-05-17T18:15:00.810+0000] {dag.py:4180} INFO - Setting next_dagrun for dataset_consumes_1_never_scheduled to None, run_after=None
[2026-05-17T18:15:00.817+0000] {logging_mixin.py:190} INFO - [2026-05-17T18:15:00.816+0000] {dag.py:4180} INFO - Setting next_dagrun for dataset_consumes_unknown_never_scheduled to None, run_after=None
[2026-05-17T18:15:00.829+0000] {logging_mixin.py:190} INFO - [2026-05-17T18:15:00.829+0000] {dag.py:4180} INFO - Setting next_dagrun for dataset_produces_1 to 2026-05-16 00:00:00+00:00, run_after=2026-05-17 00:00:00+00:00
[2026-05-17T18:15:00.837+0000] {logging_mixin.py:190} INFO - [2026-05-17T18:15:00.837+0000] {dag.py:4180} INFO - Setting next_dagrun for dataset_produces_2 to None, run_after=None
[2026-05-17T18:15:01.068+0000] {processor.py:208} INFO - Processing /home/airflow/.local/lib/python3.12/site-packages/airflow/example_dags/example_datasets.py took 2.247 seconds
[2026-05-17T18:15:45.897+0000] {processor.py:186} INFO - Started process (PID=193) to work on /home/airflow/.local/lib/python3.12/site-packages/airflow/example_dags/example_datasets.py
[2026-05-17T18:15:45.900+0000] {processor.py:914} INFO - Processing file /home/airflow/.local/lib/python3.12/site-packages/airflow/example_dags/example_datasets.py for tasks to queue
[2026-05-17T18:15:45.909+0000] {logging_mixin.py:190} INFO - [2026-05-17T18:15:45.909+0000] {dagbag.py:588} INFO - Filling up the DagBag from /home/airflow/.local/lib/python3.12/site-packages/airflow/example_dags/example_datasets.py
[2026-05-17T18:15:46.442+0000] {processor.py:925} INFO - DAG(s) 'consume_1_or_2_with_dataset_expressions', 'dataset_consumes_unknown_never_scheduled', 'dataset_consumes_1_never_scheduled', 'consume_1_and_2_with_dataset_expressions', 'consume_1_or_both_2_and_3_with_dataset_expressions', 'dataset_consumes_1', 'dataset_produces_2', 'dataset_produces_1', 'conditional_dataset_and_time_based_timetable', 'dataset_consumes_1_and_2' retrieved from /home/airflow/.local/lib/python3.12/site-packages/airflow/example_dags/example_datasets.py
[2026-05-17T18:15:46.590+0000] {logging_mixin.py:190} INFO - [2026-05-17T18:15:46.589+0000] {dag.py:3239} INFO - Sync 10 DAGs
[2026-05-17T18:15:46.665+0000] {logging_mixin.py:190} INFO - [2026-05-17T18:15:46.665+0000] {dag.py:4180} INFO - Setting next_dagrun for conditional_dataset_and_time_based_timetable to 2026-05-13 01:00:00+00:00, run_after=2026-05-13 01:00:00+00:00
[2026-05-17T18:15:46.672+0000] {logging_mixin.py:190} INFO - [2026-05-17T18:15:46.671+0000] {dag.py:4180} INFO - Setting next_dagrun for consume_1_and_2_with_dataset_expressions to None, run_after=None
[2026-05-17T18:15:46.678+0000] {logging_mixin.py:190} INFO - [2026-05-17T18:15:46.677+0000] {dag.py:4180} INFO - Setting next_dagrun for consume_1_or_2_with_dataset_expressions to None, run_after=None
[2026-05-17T18:15:46.682+0000] {logging_mixin.py:190} INFO - [2026-05-17T18:15:46.681+0000] {dag.py:4180} INFO - Setting next_dagrun for consume_1_or_both_2_and_3_with_dataset_expressions to None, run_after=None
[2026-05-17T18:15:46.691+0000] {logging_mixin.py:190} INFO - [2026-05-17T18:15:46.690+0000] {dag.py:4180} INFO - Setting next_dagrun for dataset_consumes_1 to None, run_after=None
[2026-05-17T18:15:46.695+0000] {logging_mixin.py:190} INFO - [2026-05-17T18:15:46.695+0000] {dag.py:4180} INFO - Setting next_dagrun for dataset_consumes_1_and_2 to None, run_after=None
[2026-05-17T18:15:46.699+0000] {logging_mixin.py:190} INFO - [2026-05-17T18:15:46.699+0000] {dag.py:4180} INFO - Setting next_dagrun for dataset_consumes_1_never_scheduled to None, run_after=None
[2026-05-17T18:15:46.704+0000] {logging_mixin.py:190} INFO - [2026-05-17T18:15:46.704+0000] {dag.py:4180} INFO - Setting next_dagrun for dataset_consumes_unknown_never_scheduled to None, run_after=None
[2026-05-17T18:15:46.715+0000] {logging_mixin.py:190} INFO - [2026-05-17T18:15:46.714+0000] {dag.py:4180} INFO - Setting next_dagrun for dataset_produces_1 to 2026-05-16 00:00:00+00:00, run_after=2026-05-17 00:00:00+00:00
[2026-05-17T18:15:46.718+0000] {logging_mixin.py:190} INFO - [2026-05-17T18:15:46.717+0000] {dag.py:4180} INFO - Setting next_dagrun for dataset_produces_2 to None, run_after=None
[2026-05-17T18:15:46.868+0000] {processor.py:208} INFO - Processing /home/airflow/.local/lib/python3.12/site-packages/airflow/example_dags/example_datasets.py took 0.992 seconds
[2026-05-17T18:23:42.181+0000] {processor.py:186} INFO - Started process (PID=120) to work on /home/airflow/.local/lib/python3.12/site-packages/airflow/example_dags/example_datasets.py
[2026-05-17T18:23:42.184+0000] {processor.py:914} INFO - Processing file /home/airflow/.local/lib/python3.12/site-packages/airflow/example_dags/example_datasets.py for tasks to queue
[2026-05-17T18:23:42.189+0000] {logging_mixin.py:190} INFO - [2026-05-17T18:23:42.189+0000] {dagbag.py:588} INFO - Filling up the DagBag from /home/airflow/.local/lib/python3.12/site-packages/airflow/example_dags/example_datasets.py
[2026-05-17T18:23:42.913+0000] {processor.py:925} INFO - DAG(s) 'conditional_dataset_and_time_based_timetable', 'dataset_consumes_1_never_scheduled', 'dataset_produces_2', 'consume_1_or_2_with_dataset_expressions', 'dataset_consumes_1', 'dataset_produces_1', 'consume_1_or_both_2_and_3_with_dataset_expressions', 'dataset_consumes_unknown_never_scheduled', 'dataset_consumes_1_and_2', 'consume_1_and_2_with_dataset_expressions' retrieved from /home/airflow/.local/lib/python3.12/site-packages/airflow/example_dags/example_datasets.py
[2026-05-17T18:23:43.352+0000] {logging_mixin.py:190} INFO - [2026-05-17T18:23:43.350+0000] {dag.py:3239} INFO - Sync 10 DAGs
[2026-05-17T18:23:43.437+0000] {logging_mixin.py:190} INFO - [2026-05-17T18:23:43.436+0000] {dag.py:4180} INFO - Setting next_dagrun for conditional_dataset_and_time_based_timetable to 2026-05-13 01:00:00+00:00, run_after=2026-05-13 01:00:00+00:00
[2026-05-17T18:23:43.444+0000] {logging_mixin.py:190} INFO - [2026-05-17T18:23:43.444+0000] {dag.py:4180} INFO - Setting next_dagrun for consume_1_and_2_with_dataset_expressions to None, run_after=None
[2026-05-17T18:23:43.448+0000] {logging_mixin.py:190} INFO - [2026-05-17T18:23:43.447+0000] {dag.py:4180} INFO - Setting next_dagrun for consume_1_or_2_with_dataset_expressions to None, run_after=None
[2026-05-17T18:23:43.451+0000] {logging_mixin.py:190} INFO - [2026-05-17T18:23:43.451+0000] {dag.py:4180} INFO - Setting next_dagrun for consume_1_or_both_2_and_3_with_dataset_expressions to None, run_after=None
[2026-05-17T18:23:43.456+0000] {logging_mixin.py:190} INFO - [2026-05-17T18:23:43.456+0000] {dag.py:4180} INFO - Setting next_dagrun for dataset_consumes_1 to None, run_after=None
[2026-05-17T18:23:43.459+0000] {logging_mixin.py:190} INFO - [2026-05-17T18:23:43.458+0000] {dag.py:4180} INFO - Setting next_dagrun for dataset_consumes_1_and_2 to None, run_after=None
[2026-05-17T18:23:43.462+0000] {logging_mixin.py:190} INFO - [2026-05-17T18:23:43.462+0000] {dag.py:4180} INFO - Setting next_dagrun for dataset_consumes_1_never_scheduled to None, run_after=None
[2026-05-17T18:23:43.467+0000] {logging_mixin.py:190} INFO - [2026-05-17T18:23:43.466+0000] {dag.py:4180} INFO - Setting next_dagrun for dataset_consumes_unknown_never_scheduled to None, run_after=None
[2026-05-17T18:23:43.472+0000] {logging_mixin.py:190} INFO - [2026-05-17T18:23:43.471+0000] {dag.py:4180} INFO - Setting next_dagrun for dataset_produces_1 to 2026-05-16 00:00:00+00:00, run_after=2026-05-17 00:00:00+00:00
[2026-05-17T18:23:43.477+0000] {logging_mixin.py:190} INFO - [2026-05-17T18:23:43.477+0000] {dag.py:4180} INFO - Setting next_dagrun for dataset_produces_2 to None, run_after=None
[2026-05-17T18:23:43.577+0000] {processor.py:208} INFO - Processing /home/airflow/.local/lib/python3.12/site-packages/airflow/example_dags/example_datasets.py took 1.407 seconds
