[2026-05-17T00:38:19.125+0000] {processor.py:186} INFO - Started process (PID=93) to work on /home/airflow/.local/lib/python3.12/site-packages/airflow/example_dags/example_task_group_decorator.py
[2026-05-17T00:38:19.127+0000] {processor.py:914} INFO - Processing file /home/airflow/.local/lib/python3.12/site-packages/airflow/example_dags/example_task_group_decorator.py for tasks to queue
[2026-05-17T00:38:19.134+0000] {logging_mixin.py:190} INFO - [2026-05-17T00:38:19.134+0000] {dagbag.py:588} INFO - Filling up the DagBag from /home/airflow/.local/lib/python3.12/site-packages/airflow/example_dags/example_task_group_decorator.py
[2026-05-17T00:38:19.201+0000] {processor.py:925} INFO - DAG(s) 'example_task_group_decorator' retrieved from /home/airflow/.local/lib/python3.12/site-packages/airflow/example_dags/example_task_group_decorator.py
[2026-05-17T00:38:19.290+0000] {logging_mixin.py:190} INFO - [2026-05-17T00:38:19.289+0000] {dag.py:3239} INFO - Sync 1 DAGs
[2026-05-17T00:38:19.329+0000] {logging_mixin.py:190} INFO - [2026-05-17T00:38:19.327+0000] {dag.py:4180} INFO - Setting next_dagrun for example_task_group_decorator to None, run_after=None
[2026-05-17T00:38:19.381+0000] {processor.py:208} INFO - Processing /home/airflow/.local/lib/python3.12/site-packages/airflow/example_dags/example_task_group_decorator.py took 0.272 seconds
[2026-05-17T00:38:50.757+0000] {processor.py:186} INFO - Started process (PID=155) to work on /home/airflow/.local/lib/python3.12/site-packages/airflow/example_dags/example_task_group_decorator.py
[2026-05-17T00:38:50.759+0000] {processor.py:914} INFO - Processing file /home/airflow/.local/lib/python3.12/site-packages/airflow/example_dags/example_task_group_decorator.py for tasks to queue
[2026-05-17T00:38:50.766+0000] {logging_mixin.py:190} INFO - [2026-05-17T00:38:50.765+0000] {dagbag.py:588} INFO - Filling up the DagBag from /home/airflow/.local/lib/python3.12/site-packages/airflow/example_dags/example_task_group_decorator.py
[2026-05-17T00:38:50.842+0000] {processor.py:925} INFO - DAG(s) 'example_task_group_decorator' retrieved from /home/airflow/.local/lib/python3.12/site-packages/airflow/example_dags/example_task_group_decorator.py
[2026-05-17T00:38:51.693+0000] {logging_mixin.py:190} INFO - [2026-05-17T00:38:51.680+0000] {dag.py:3239} INFO - Sync 1 DAGs
[2026-05-17T00:38:51.742+0000] {logging_mixin.py:190} INFO - [2026-05-17T00:38:51.742+0000] {dag.py:4180} INFO - Setting next_dagrun for example_task_group_decorator to None, run_after=None
[2026-05-17T00:38:51.811+0000] {processor.py:208} INFO - Processing /home/airflow/.local/lib/python3.12/site-packages/airflow/example_dags/example_task_group_decorator.py took 1.072 seconds
[2026-05-17T01:21:41.325+0000] {processor.py:186} INFO - Started process (PID=103) to work on /home/airflow/.local/lib/python3.12/site-packages/airflow/example_dags/example_task_group_decorator.py
[2026-05-17T01:21:41.334+0000] {processor.py:914} INFO - Processing file /home/airflow/.local/lib/python3.12/site-packages/airflow/example_dags/example_task_group_decorator.py for tasks to queue
[2026-05-17T01:21:41.348+0000] {logging_mixin.py:190} INFO - [2026-05-17T01:21:41.348+0000] {dagbag.py:588} INFO - Filling up the DagBag from /home/airflow/.local/lib/python3.12/site-packages/airflow/example_dags/example_task_group_decorator.py
[2026-05-17T01:21:41.412+0000] {processor.py:925} INFO - DAG(s) 'example_task_group_decorator' retrieved from /home/airflow/.local/lib/python3.12/site-packages/airflow/example_dags/example_task_group_decorator.py
[2026-05-17T01:21:41.496+0000] {logging_mixin.py:190} INFO - [2026-05-17T01:21:41.495+0000] {dag.py:3239} INFO - Sync 1 DAGs
[2026-05-17T01:21:41.544+0000] {logging_mixin.py:190} INFO - [2026-05-17T01:21:41.543+0000] {dag.py:4180} INFO - Setting next_dagrun for example_task_group_decorator to None, run_after=None
[2026-05-17T01:21:41.610+0000] {processor.py:208} INFO - Processing /home/airflow/.local/lib/python3.12/site-packages/airflow/example_dags/example_task_group_decorator.py took 0.301 seconds
[2026-05-17T01:22:48.839+0000] {processor.py:186} INFO - Started process (PID=172) to work on /home/airflow/.local/lib/python3.12/site-packages/airflow/example_dags/example_task_group_decorator.py
[2026-05-17T01:22:48.841+0000] {processor.py:914} INFO - Processing file /home/airflow/.local/lib/python3.12/site-packages/airflow/example_dags/example_task_group_decorator.py for tasks to queue
[2026-05-17T01:22:48.846+0000] {logging_mixin.py:190} INFO - [2026-05-17T01:22:48.845+0000] {dagbag.py:588} INFO - Filling up the DagBag from /home/airflow/.local/lib/python3.12/site-packages/airflow/example_dags/example_task_group_decorator.py
[2026-05-17T01:22:48.890+0000] {processor.py:925} INFO - DAG(s) 'example_task_group_decorator' retrieved from /home/airflow/.local/lib/python3.12/site-packages/airflow/example_dags/example_task_group_decorator.py
[2026-05-17T01:22:48.941+0000] {logging_mixin.py:190} INFO - [2026-05-17T01:22:48.941+0000] {dag.py:3239} INFO - Sync 1 DAGs
[2026-05-17T01:22:48.975+0000] {logging_mixin.py:190} INFO - [2026-05-17T01:22:48.975+0000] {dag.py:4180} INFO - Setting next_dagrun for example_task_group_decorator to None, run_after=None
[2026-05-17T01:22:49.033+0000] {processor.py:208} INFO - Processing /home/airflow/.local/lib/python3.12/site-packages/airflow/example_dags/example_task_group_decorator.py took 0.205 seconds
[2026-05-17T01:51:47.012+0000] {processor.py:186} INFO - Started process (PID=258) to work on /home/airflow/.local/lib/python3.12/site-packages/airflow/example_dags/example_task_group_decorator.py
[2026-05-17T01:51:47.014+0000] {processor.py:914} INFO - Processing file /home/airflow/.local/lib/python3.12/site-packages/airflow/example_dags/example_task_group_decorator.py for tasks to queue
[2026-05-17T01:51:47.018+0000] {logging_mixin.py:190} INFO - [2026-05-17T01:51:47.017+0000] {dagbag.py:588} INFO - Filling up the DagBag from /home/airflow/.local/lib/python3.12/site-packages/airflow/example_dags/example_task_group_decorator.py
[2026-05-17T01:51:47.086+0000] {processor.py:925} INFO - DAG(s) 'example_task_group_decorator' retrieved from /home/airflow/.local/lib/python3.12/site-packages/airflow/example_dags/example_task_group_decorator.py
[2026-05-17T01:51:47.122+0000] {logging_mixin.py:190} INFO - [2026-05-17T01:51:47.122+0000] {dag.py:3239} INFO - Sync 1 DAGs
[2026-05-17T01:51:47.144+0000] {logging_mixin.py:190} INFO - [2026-05-17T01:51:47.144+0000] {dag.py:4180} INFO - Setting next_dagrun for example_task_group_decorator to None, run_after=None
[2026-05-17T01:51:47.169+0000] {processor.py:208} INFO - Processing /home/airflow/.local/lib/python3.12/site-packages/airflow/example_dags/example_task_group_decorator.py took 0.166 seconds
[2026-05-17T01:55:08.826+0000] {processor.py:186} INFO - Started process (PID=322) to work on /home/airflow/.local/lib/python3.12/site-packages/airflow/example_dags/example_task_group_decorator.py
[2026-05-17T01:55:08.828+0000] {processor.py:914} INFO - Processing file /home/airflow/.local/lib/python3.12/site-packages/airflow/example_dags/example_task_group_decorator.py for tasks to queue
[2026-05-17T01:55:08.831+0000] {logging_mixin.py:190} INFO - [2026-05-17T01:55:08.830+0000] {dagbag.py:588} INFO - Filling up the DagBag from /home/airflow/.local/lib/python3.12/site-packages/airflow/example_dags/example_task_group_decorator.py
[2026-05-17T01:55:08.867+0000] {processor.py:925} INFO - DAG(s) 'example_task_group_decorator' retrieved from /home/airflow/.local/lib/python3.12/site-packages/airflow/example_dags/example_task_group_decorator.py
[2026-05-17T01:55:08.935+0000] {logging_mixin.py:190} INFO - [2026-05-17T01:55:08.934+0000] {dag.py:3239} INFO - Sync 1 DAGs
[2026-05-17T01:55:08.977+0000] {logging_mixin.py:190} INFO - [2026-05-17T01:55:08.977+0000] {dag.py:4180} INFO - Setting next_dagrun for example_task_group_decorator to None, run_after=None
[2026-05-17T01:55:09.067+0000] {processor.py:208} INFO - Processing /home/airflow/.local/lib/python3.12/site-packages/airflow/example_dags/example_task_group_decorator.py took 0.252 seconds
[2026-05-17T01:55:42.642+0000] {processor.py:186} INFO - Started process (PID=385) to work on /home/airflow/.local/lib/python3.12/site-packages/airflow/example_dags/example_task_group_decorator.py
[2026-05-17T01:55:42.643+0000] {processor.py:914} INFO - Processing file /home/airflow/.local/lib/python3.12/site-packages/airflow/example_dags/example_task_group_decorator.py for tasks to queue
[2026-05-17T01:55:42.645+0000] {logging_mixin.py:190} INFO - [2026-05-17T01:55:42.645+0000] {dagbag.py:588} INFO - Filling up the DagBag from /home/airflow/.local/lib/python3.12/site-packages/airflow/example_dags/example_task_group_decorator.py
[2026-05-17T01:55:42.679+0000] {processor.py:925} INFO - DAG(s) 'example_task_group_decorator' retrieved from /home/airflow/.local/lib/python3.12/site-packages/airflow/example_dags/example_task_group_decorator.py
[2026-05-17T01:55:42.714+0000] {logging_mixin.py:190} INFO - [2026-05-17T01:55:42.714+0000] {dag.py:3239} INFO - Sync 1 DAGs
[2026-05-17T01:55:42.730+0000] {logging_mixin.py:190} INFO - [2026-05-17T01:55:42.730+0000] {dag.py:4180} INFO - Setting next_dagrun for example_task_group_decorator to None, run_after=None
[2026-05-17T01:55:42.846+0000] {processor.py:208} INFO - Processing /home/airflow/.local/lib/python3.12/site-packages/airflow/example_dags/example_task_group_decorator.py took 0.212 seconds
[2026-05-17T01:56:16.481+0000] {processor.py:186} INFO - Started process (PID=442) to work on /home/airflow/.local/lib/python3.12/site-packages/airflow/example_dags/example_task_group_decorator.py
[2026-05-17T01:56:16.483+0000] {processor.py:914} INFO - Processing file /home/airflow/.local/lib/python3.12/site-packages/airflow/example_dags/example_task_group_decorator.py for tasks to queue
[2026-05-17T01:56:16.485+0000] {logging_mixin.py:190} INFO - [2026-05-17T01:56:16.484+0000] {dagbag.py:588} INFO - Filling up the DagBag from /home/airflow/.local/lib/python3.12/site-packages/airflow/example_dags/example_task_group_decorator.py
[2026-05-17T01:56:16.591+0000] {processor.py:925} INFO - DAG(s) 'example_task_group_decorator' retrieved from /home/airflow/.local/lib/python3.12/site-packages/airflow/example_dags/example_task_group_decorator.py
[2026-05-17T01:56:16.630+0000] {logging_mixin.py:190} INFO - [2026-05-17T01:56:16.630+0000] {dag.py:3239} INFO - Sync 1 DAGs
[2026-05-17T01:56:16.648+0000] {logging_mixin.py:190} INFO - [2026-05-17T01:56:16.648+0000] {dag.py:4180} INFO - Setting next_dagrun for example_task_group_decorator to None, run_after=None
[2026-05-17T01:56:16.718+0000] {processor.py:208} INFO - Processing /home/airflow/.local/lib/python3.12/site-packages/airflow/example_dags/example_task_group_decorator.py took 0.248 seconds
[2026-05-17T13:16:23.852+0000] {processor.py:186} INFO - Started process (PID=101) to work on /home/airflow/.local/lib/python3.12/site-packages/airflow/example_dags/example_task_group_decorator.py
[2026-05-17T13:16:23.858+0000] {processor.py:914} INFO - Processing file /home/airflow/.local/lib/python3.12/site-packages/airflow/example_dags/example_task_group_decorator.py for tasks to queue
[2026-05-17T13:16:23.895+0000] {logging_mixin.py:190} INFO - [2026-05-17T13:16:23.893+0000] {dagbag.py:588} INFO - Filling up the DagBag from /home/airflow/.local/lib/python3.12/site-packages/airflow/example_dags/example_task_group_decorator.py
[2026-05-17T13:16:23.950+0000] {processor.py:925} INFO - DAG(s) 'example_task_group_decorator' retrieved from /home/airflow/.local/lib/python3.12/site-packages/airflow/example_dags/example_task_group_decorator.py
[2026-05-17T13:16:24.030+0000] {logging_mixin.py:190} INFO - [2026-05-17T13:16:24.030+0000] {dag.py:3239} INFO - Sync 1 DAGs
[2026-05-17T13:16:24.089+0000] {logging_mixin.py:190} INFO - [2026-05-17T13:16:24.088+0000] {dag.py:4180} INFO - Setting next_dagrun for example_task_group_decorator to None, run_after=None
[2026-05-17T13:16:24.137+0000] {processor.py:208} INFO - Processing /home/airflow/.local/lib/python3.12/site-packages/airflow/example_dags/example_task_group_decorator.py took 0.309 seconds
[2026-05-17T13:37:29.255+0000] {processor.py:186} INFO - Started process (PID=92) to work on /home/airflow/.local/lib/python3.12/site-packages/airflow/example_dags/example_task_group_decorator.py
[2026-05-17T13:37:29.258+0000] {processor.py:914} INFO - Processing file /home/airflow/.local/lib/python3.12/site-packages/airflow/example_dags/example_task_group_decorator.py for tasks to queue
[2026-05-17T13:37:29.263+0000] {logging_mixin.py:190} INFO - [2026-05-17T13:37:29.262+0000] {dagbag.py:588} INFO - Filling up the DagBag from /home/airflow/.local/lib/python3.12/site-packages/airflow/example_dags/example_task_group_decorator.py
[2026-05-17T13:37:29.295+0000] {processor.py:925} INFO - DAG(s) 'example_task_group_decorator' retrieved from /home/airflow/.local/lib/python3.12/site-packages/airflow/example_dags/example_task_group_decorator.py
[2026-05-17T13:37:29.339+0000] {logging_mixin.py:190} INFO - [2026-05-17T13:37:29.339+0000] {dag.py:3239} INFO - Sync 1 DAGs
[2026-05-17T13:37:29.363+0000] {logging_mixin.py:190} INFO - [2026-05-17T13:37:29.363+0000] {dag.py:4180} INFO - Setting next_dagrun for example_task_group_decorator to None, run_after=None
[2026-05-17T13:37:29.410+0000] {processor.py:208} INFO - Processing /home/airflow/.local/lib/python3.12/site-packages/airflow/example_dags/example_task_group_decorator.py took 0.166 seconds
[2026-05-17T13:38:26.600+0000] {processor.py:186} INFO - Started process (PID=149) to work on /home/airflow/.local/lib/python3.12/site-packages/airflow/example_dags/example_task_group_decorator.py
[2026-05-17T13:38:26.601+0000] {processor.py:914} INFO - Processing file /home/airflow/.local/lib/python3.12/site-packages/airflow/example_dags/example_task_group_decorator.py for tasks to queue
[2026-05-17T13:38:26.602+0000] {logging_mixin.py:190} INFO - [2026-05-17T13:38:26.602+0000] {dagbag.py:588} INFO - Filling up the DagBag from /home/airflow/.local/lib/python3.12/site-packages/airflow/example_dags/example_task_group_decorator.py
[2026-05-17T13:38:26.621+0000] {processor.py:925} INFO - DAG(s) 'example_task_group_decorator' retrieved from /home/airflow/.local/lib/python3.12/site-packages/airflow/example_dags/example_task_group_decorator.py
[2026-05-17T13:38:26.648+0000] {logging_mixin.py:190} INFO - [2026-05-17T13:38:26.648+0000] {dag.py:3239} INFO - Sync 1 DAGs
[2026-05-17T13:38:26.663+0000] {logging_mixin.py:190} INFO - [2026-05-17T13:38:26.663+0000] {dag.py:4180} INFO - Setting next_dagrun for example_task_group_decorator to None, run_after=None
[2026-05-17T13:38:26.684+0000] {processor.py:208} INFO - Processing /home/airflow/.local/lib/python3.12/site-packages/airflow/example_dags/example_task_group_decorator.py took 0.091 seconds
[2026-05-17T13:50:52.509+0000] {processor.py:186} INFO - Started process (PID=96) to work on /home/airflow/.local/lib/python3.12/site-packages/airflow/example_dags/example_task_group_decorator.py
[2026-05-17T13:50:52.518+0000] {processor.py:914} INFO - Processing file /home/airflow/.local/lib/python3.12/site-packages/airflow/example_dags/example_task_group_decorator.py for tasks to queue
[2026-05-17T13:50:52.541+0000] {logging_mixin.py:190} INFO - [2026-05-17T13:50:52.539+0000] {dagbag.py:588} INFO - Filling up the DagBag from /home/airflow/.local/lib/python3.12/site-packages/airflow/example_dags/example_task_group_decorator.py
[2026-05-17T13:50:52.649+0000] {processor.py:925} INFO - DAG(s) 'example_task_group_decorator' retrieved from /home/airflow/.local/lib/python3.12/site-packages/airflow/example_dags/example_task_group_decorator.py
[2026-05-17T13:50:52.766+0000] {logging_mixin.py:190} INFO - [2026-05-17T13:50:52.766+0000] {dag.py:3239} INFO - Sync 1 DAGs
[2026-05-17T13:50:52.839+0000] {logging_mixin.py:190} INFO - [2026-05-17T13:50:52.838+0000] {dag.py:4180} INFO - Setting next_dagrun for example_task_group_decorator to None, run_after=None
[2026-05-17T13:50:52.907+0000] {processor.py:208} INFO - Processing /home/airflow/.local/lib/python3.12/site-packages/airflow/example_dags/example_task_group_decorator.py took 0.442 seconds
[2026-05-17T16:12:59.962+0000] {processor.py:186} INFO - Started process (PID=104) to work on /home/airflow/.local/lib/python3.12/site-packages/airflow/example_dags/example_task_group_decorator.py
[2026-05-17T16:12:59.965+0000] {processor.py:914} INFO - Processing file /home/airflow/.local/lib/python3.12/site-packages/airflow/example_dags/example_task_group_decorator.py for tasks to queue
[2026-05-17T16:12:59.972+0000] {logging_mixin.py:190} INFO - [2026-05-17T16:12:59.972+0000] {dagbag.py:588} INFO - Filling up the DagBag from /home/airflow/.local/lib/python3.12/site-packages/airflow/example_dags/example_task_group_decorator.py
[2026-05-17T16:13:00.015+0000] {processor.py:925} INFO - DAG(s) 'example_task_group_decorator' retrieved from /home/airflow/.local/lib/python3.12/site-packages/airflow/example_dags/example_task_group_decorator.py
[2026-05-17T16:13:00.140+0000] {logging_mixin.py:190} INFO - [2026-05-17T16:13:00.140+0000] {dag.py:3239} INFO - Sync 1 DAGs
[2026-05-17T16:13:00.204+0000] {logging_mixin.py:190} INFO - [2026-05-17T16:13:00.203+0000] {dag.py:4180} INFO - Setting next_dagrun for example_task_group_decorator to None, run_after=None
[2026-05-17T16:13:00.253+0000] {processor.py:208} INFO - Processing /home/airflow/.local/lib/python3.12/site-packages/airflow/example_dags/example_task_group_decorator.py took 0.330 seconds
[2026-05-17T16:23:24.620+0000] {processor.py:186} INFO - Started process (PID=96) to work on /home/airflow/.local/lib/python3.12/site-packages/airflow/example_dags/example_task_group_decorator.py
[2026-05-17T16:23:24.626+0000] {processor.py:914} INFO - Processing file /home/airflow/.local/lib/python3.12/site-packages/airflow/example_dags/example_task_group_decorator.py for tasks to queue
[2026-05-17T16:23:24.637+0000] {logging_mixin.py:190} INFO - [2026-05-17T16:23:24.635+0000] {dagbag.py:588} INFO - Filling up the DagBag from /home/airflow/.local/lib/python3.12/site-packages/airflow/example_dags/example_task_group_decorator.py
[2026-05-17T16:23:24.699+0000] {processor.py:925} INFO - DAG(s) 'example_task_group_decorator' retrieved from /home/airflow/.local/lib/python3.12/site-packages/airflow/example_dags/example_task_group_decorator.py
[2026-05-17T16:23:24.825+0000] {logging_mixin.py:190} INFO - [2026-05-17T16:23:24.824+0000] {dag.py:3239} INFO - Sync 1 DAGs
[2026-05-17T16:23:24.897+0000] {logging_mixin.py:190} INFO - [2026-05-17T16:23:24.896+0000] {dag.py:4180} INFO - Setting next_dagrun for example_task_group_decorator to None, run_after=None
[2026-05-17T16:23:25.012+0000] {processor.py:208} INFO - Processing /home/airflow/.local/lib/python3.12/site-packages/airflow/example_dags/example_task_group_decorator.py took 0.418 seconds
[2026-05-17T16:24:19.941+0000] {processor.py:186} INFO - Started process (PID=153) to work on /home/airflow/.local/lib/python3.12/site-packages/airflow/example_dags/example_task_group_decorator.py
[2026-05-17T16:24:19.944+0000] {processor.py:914} INFO - Processing file /home/airflow/.local/lib/python3.12/site-packages/airflow/example_dags/example_task_group_decorator.py for tasks to queue
[2026-05-17T16:24:19.949+0000] {logging_mixin.py:190} INFO - [2026-05-17T16:24:19.948+0000] {dagbag.py:588} INFO - Filling up the DagBag from /home/airflow/.local/lib/python3.12/site-packages/airflow/example_dags/example_task_group_decorator.py
[2026-05-17T16:24:20.020+0000] {processor.py:925} INFO - DAG(s) 'example_task_group_decorator' retrieved from /home/airflow/.local/lib/python3.12/site-packages/airflow/example_dags/example_task_group_decorator.py
[2026-05-17T16:24:20.101+0000] {logging_mixin.py:190} INFO - [2026-05-17T16:24:20.100+0000] {dag.py:3239} INFO - Sync 1 DAGs
[2026-05-17T16:24:20.156+0000] {logging_mixin.py:190} INFO - [2026-05-17T16:24:20.155+0000] {dag.py:4180} INFO - Setting next_dagrun for example_task_group_decorator to None, run_after=None
[2026-05-17T16:24:20.221+0000] {processor.py:208} INFO - Processing /home/airflow/.local/lib/python3.12/site-packages/airflow/example_dags/example_task_group_decorator.py took 0.294 seconds
[2026-05-17T18:14:36.453+0000] {processor.py:186} INFO - Started process (PID=99) to work on /home/airflow/.local/lib/python3.12/site-packages/airflow/example_dags/example_task_group_decorator.py
[2026-05-17T18:14:36.461+0000] {processor.py:914} INFO - Processing file /home/airflow/.local/lib/python3.12/site-packages/airflow/example_dags/example_task_group_decorator.py for tasks to queue
[2026-05-17T18:14:36.485+0000] {logging_mixin.py:190} INFO - [2026-05-17T18:14:36.479+0000] {dagbag.py:588} INFO - Filling up the DagBag from /home/airflow/.local/lib/python3.12/site-packages/airflow/example_dags/example_task_group_decorator.py
[2026-05-17T18:14:36.555+0000] {processor.py:925} INFO - DAG(s) 'example_task_group_decorator' retrieved from /home/airflow/.local/lib/python3.12/site-packages/airflow/example_dags/example_task_group_decorator.py
[2026-05-17T18:14:36.710+0000] {logging_mixin.py:190} INFO - [2026-05-17T18:14:36.710+0000] {dag.py:3239} INFO - Sync 1 DAGs
[2026-05-17T18:14:37.047+0000] {logging_mixin.py:190} INFO - [2026-05-17T18:14:37.046+0000] {dag.py:4180} INFO - Setting next_dagrun for example_task_group_decorator to None, run_after=None
[2026-05-17T18:14:37.160+0000] {processor.py:208} INFO - Processing /home/airflow/.local/lib/python3.12/site-packages/airflow/example_dags/example_task_group_decorator.py took 0.734 seconds
[2026-05-17T18:15:38.032+0000] {processor.py:186} INFO - Started process (PID=169) to work on /home/airflow/.local/lib/python3.12/site-packages/airflow/example_dags/example_task_group_decorator.py
[2026-05-17T18:15:38.035+0000] {processor.py:914} INFO - Processing file /home/airflow/.local/lib/python3.12/site-packages/airflow/example_dags/example_task_group_decorator.py for tasks to queue
[2026-05-17T18:15:38.047+0000] {logging_mixin.py:190} INFO - [2026-05-17T18:15:38.046+0000] {dagbag.py:588} INFO - Filling up the DagBag from /home/airflow/.local/lib/python3.12/site-packages/airflow/example_dags/example_task_group_decorator.py
[2026-05-17T18:15:38.168+0000] {processor.py:925} INFO - DAG(s) 'example_task_group_decorator' retrieved from /home/airflow/.local/lib/python3.12/site-packages/airflow/example_dags/example_task_group_decorator.py
[2026-05-17T18:15:38.266+0000] {logging_mixin.py:190} INFO - [2026-05-17T18:15:38.264+0000] {dag.py:3239} INFO - Sync 1 DAGs
[2026-05-17T18:15:38.323+0000] {logging_mixin.py:190} INFO - [2026-05-17T18:15:38.322+0000] {dag.py:4180} INFO - Setting next_dagrun for example_task_group_decorator to None, run_after=None
[2026-05-17T18:15:38.370+0000] {processor.py:208} INFO - Processing /home/airflow/.local/lib/python3.12/site-packages/airflow/example_dags/example_task_group_decorator.py took 0.360 seconds
[2026-05-17T18:23:05.929+0000] {processor.py:186} INFO - Started process (PID=96) to work on /home/airflow/.local/lib/python3.12/site-packages/airflow/example_dags/example_task_group_decorator.py
[2026-05-17T18:23:05.933+0000] {processor.py:914} INFO - Processing file /home/airflow/.local/lib/python3.12/site-packages/airflow/example_dags/example_task_group_decorator.py for tasks to queue
[2026-05-17T18:23:05.943+0000] {logging_mixin.py:190} INFO - [2026-05-17T18:23:05.942+0000] {dagbag.py:588} INFO - Filling up the DagBag from /home/airflow/.local/lib/python3.12/site-packages/airflow/example_dags/example_task_group_decorator.py
[2026-05-17T18:23:05.988+0000] {processor.py:925} INFO - DAG(s) 'example_task_group_decorator' retrieved from /home/airflow/.local/lib/python3.12/site-packages/airflow/example_dags/example_task_group_decorator.py
[2026-05-17T18:23:06.061+0000] {logging_mixin.py:190} INFO - [2026-05-17T18:23:06.060+0000] {dag.py:3239} INFO - Sync 1 DAGs
[2026-05-17T18:23:06.101+0000] {logging_mixin.py:190} INFO - [2026-05-17T18:23:06.101+0000] {dag.py:4180} INFO - Setting next_dagrun for example_task_group_decorator to None, run_after=None
[2026-05-17T18:23:06.155+0000] {processor.py:208} INFO - Processing /home/airflow/.local/lib/python3.12/site-packages/airflow/example_dags/example_task_group_decorator.py took 0.240 seconds
