[2026-05-17T00:38:14.203+0000] {processor.py:186} INFO - Started process (PID=78) to work on /home/airflow/.local/lib/python3.12/site-packages/airflow/example_dags/example_branch_day_of_week_operator.py
[2026-05-17T00:38:14.206+0000] {processor.py:914} INFO - Processing file /home/airflow/.local/lib/python3.12/site-packages/airflow/example_dags/example_branch_day_of_week_operator.py for tasks to queue
[2026-05-17T00:38:14.211+0000] {logging_mixin.py:190} INFO - [2026-05-17T00:38:14.210+0000] {dagbag.py:588} INFO - Filling up the DagBag from /home/airflow/.local/lib/python3.12/site-packages/airflow/example_dags/example_branch_day_of_week_operator.py
[2026-05-17T00:38:14.239+0000] {processor.py:925} INFO - DAG(s) 'example_weekday_branch_operator' retrieved from /home/airflow/.local/lib/python3.12/site-packages/airflow/example_dags/example_branch_day_of_week_operator.py
[2026-05-17T00:38:14.323+0000] {logging_mixin.py:190} INFO - [2026-05-17T00:38:14.322+0000] {dag.py:3239} INFO - Sync 1 DAGs
[2026-05-17T00:38:14.381+0000] {logging_mixin.py:190} INFO - [2026-05-17T00:38:14.381+0000] {dag.py:4180} INFO - Setting next_dagrun for example_weekday_branch_operator to 2026-05-16 00:00:00+00:00, run_after=2026-05-17 00:00:00+00:00
[2026-05-17T00:38:14.427+0000] {processor.py:208} INFO - Processing /home/airflow/.local/lib/python3.12/site-packages/airflow/example_dags/example_branch_day_of_week_operator.py took 0.235 seconds
[2026-05-17T00:38:44.844+0000] {processor.py:186} INFO - Started process (PID=140) to work on /home/airflow/.local/lib/python3.12/site-packages/airflow/example_dags/example_branch_day_of_week_operator.py
[2026-05-17T00:38:44.847+0000] {processor.py:914} INFO - Processing file /home/airflow/.local/lib/python3.12/site-packages/airflow/example_dags/example_branch_day_of_week_operator.py for tasks to queue
[2026-05-17T00:38:44.855+0000] {logging_mixin.py:190} INFO - [2026-05-17T00:38:44.853+0000] {dagbag.py:588} INFO - Filling up the DagBag from /home/airflow/.local/lib/python3.12/site-packages/airflow/example_dags/example_branch_day_of_week_operator.py
[2026-05-17T00:38:44.886+0000] {processor.py:925} INFO - DAG(s) 'example_weekday_branch_operator' retrieved from /home/airflow/.local/lib/python3.12/site-packages/airflow/example_dags/example_branch_day_of_week_operator.py
[2026-05-17T00:38:44.940+0000] {logging_mixin.py:190} INFO - [2026-05-17T00:38:44.940+0000] {dag.py:3239} INFO - Sync 1 DAGs
[2026-05-17T00:38:45.004+0000] {logging_mixin.py:190} INFO - [2026-05-17T00:38:45.004+0000] {dag.py:4180} INFO - Setting next_dagrun for example_weekday_branch_operator to 2026-05-16 00:00:00+00:00, run_after=2026-05-17 00:00:00+00:00
[2026-05-17T00:38:45.053+0000] {processor.py:208} INFO - Processing /home/airflow/.local/lib/python3.12/site-packages/airflow/example_dags/example_branch_day_of_week_operator.py took 0.225 seconds
[2026-05-17T01:18:21.470+0000] {processor.py:186} INFO - Started process (PID=202) to work on /home/airflow/.local/lib/python3.12/site-packages/airflow/example_dags/example_branch_day_of_week_operator.py
[2026-05-17T01:18:21.480+0000] {processor.py:914} INFO - Processing file /home/airflow/.local/lib/python3.12/site-packages/airflow/example_dags/example_branch_day_of_week_operator.py for tasks to queue
[2026-05-17T01:18:21.494+0000] {logging_mixin.py:190} INFO - [2026-05-17T01:18:21.487+0000] {dagbag.py:588} INFO - Filling up the DagBag from /home/airflow/.local/lib/python3.12/site-packages/airflow/example_dags/example_branch_day_of_week_operator.py
[2026-05-17T01:18:21.636+0000] {processor.py:925} INFO - DAG(s) 'example_weekday_branch_operator' retrieved from /home/airflow/.local/lib/python3.12/site-packages/airflow/example_dags/example_branch_day_of_week_operator.py
[2026-05-17T01:18:22.122+0000] {logging_mixin.py:190} INFO - [2026-05-17T01:18:22.120+0000] {dag.py:3239} INFO - Sync 1 DAGs
[2026-05-17T01:18:22.239+0000] {logging_mixin.py:190} INFO - [2026-05-17T01:18:22.239+0000] {dag.py:4180} INFO - Setting next_dagrun for example_weekday_branch_operator to 2026-05-16 00:00:00+00:00, run_after=2026-05-17 00:00:00+00:00
[2026-05-17T01:18:22.313+0000] {processor.py:208} INFO - Processing /home/airflow/.local/lib/python3.12/site-packages/airflow/example_dags/example_branch_day_of_week_operator.py took 0.893 seconds
[2026-05-17T01:21:17.082+0000] {processor.py:186} INFO - Started process (PID=82) to work on /home/airflow/.local/lib/python3.12/site-packages/airflow/example_dags/example_branch_day_of_week_operator.py
[2026-05-17T01:21:17.101+0000] {processor.py:914} INFO - Processing file /home/airflow/.local/lib/python3.12/site-packages/airflow/example_dags/example_branch_day_of_week_operator.py for tasks to queue
[2026-05-17T01:21:17.146+0000] {logging_mixin.py:190} INFO - [2026-05-17T01:21:17.135+0000] {dagbag.py:588} INFO - Filling up the DagBag from /home/airflow/.local/lib/python3.12/site-packages/airflow/example_dags/example_branch_day_of_week_operator.py
[2026-05-17T01:21:17.309+0000] {processor.py:925} INFO - DAG(s) 'example_weekday_branch_operator' retrieved from /home/airflow/.local/lib/python3.12/site-packages/airflow/example_dags/example_branch_day_of_week_operator.py
[2026-05-17T01:21:17.648+0000] {logging_mixin.py:190} INFO - [2026-05-17T01:21:17.647+0000] {dag.py:3239} INFO - Sync 1 DAGs
[2026-05-17T01:21:17.901+0000] {logging_mixin.py:190} INFO - [2026-05-17T01:21:17.901+0000] {dag.py:4180} INFO - Setting next_dagrun for example_weekday_branch_operator to 2026-05-16 00:00:00+00:00, run_after=2026-05-17 00:00:00+00:00
[2026-05-17T01:21:19.197+0000] {processor.py:208} INFO - Processing /home/airflow/.local/lib/python3.12/site-packages/airflow/example_dags/example_branch_day_of_week_operator.py took 11.589 seconds
[2026-05-17T01:22:47.120+0000] {processor.py:186} INFO - Started process (PID=157) to work on /home/airflow/.local/lib/python3.12/site-packages/airflow/example_dags/example_branch_day_of_week_operator.py
[2026-05-17T01:22:47.124+0000] {processor.py:914} INFO - Processing file /home/airflow/.local/lib/python3.12/site-packages/airflow/example_dags/example_branch_day_of_week_operator.py for tasks to queue
[2026-05-17T01:22:47.129+0000] {logging_mixin.py:190} INFO - [2026-05-17T01:22:47.128+0000] {dagbag.py:588} INFO - Filling up the DagBag from /home/airflow/.local/lib/python3.12/site-packages/airflow/example_dags/example_branch_day_of_week_operator.py
[2026-05-17T01:22:47.149+0000] {processor.py:925} INFO - DAG(s) 'example_weekday_branch_operator' retrieved from /home/airflow/.local/lib/python3.12/site-packages/airflow/example_dags/example_branch_day_of_week_operator.py
[2026-05-17T01:22:47.200+0000] {logging_mixin.py:190} INFO - [2026-05-17T01:22:47.200+0000] {dag.py:3239} INFO - Sync 1 DAGs
[2026-05-17T01:22:47.237+0000] {logging_mixin.py:190} INFO - [2026-05-17T01:22:47.236+0000] {dag.py:4180} INFO - Setting next_dagrun for example_weekday_branch_operator to 2026-05-16 00:00:00+00:00, run_after=2026-05-17 00:00:00+00:00
[2026-05-17T01:22:47.281+0000] {processor.py:208} INFO - Processing /home/airflow/.local/lib/python3.12/site-packages/airflow/example_dags/example_branch_day_of_week_operator.py took 0.172 seconds
[2026-05-17T01:23:18.241+0000] {processor.py:186} INFO - Started process (PID=220) to work on /home/airflow/.local/lib/python3.12/site-packages/airflow/example_dags/example_branch_day_of_week_operator.py
[2026-05-17T01:23:18.243+0000] {processor.py:914} INFO - Processing file /home/airflow/.local/lib/python3.12/site-packages/airflow/example_dags/example_branch_day_of_week_operator.py for tasks to queue
[2026-05-17T01:23:18.248+0000] {logging_mixin.py:190} INFO - [2026-05-17T01:23:18.247+0000] {dagbag.py:588} INFO - Filling up the DagBag from /home/airflow/.local/lib/python3.12/site-packages/airflow/example_dags/example_branch_day_of_week_operator.py
[2026-05-17T01:23:18.272+0000] {processor.py:925} INFO - DAG(s) 'example_weekday_branch_operator' retrieved from /home/airflow/.local/lib/python3.12/site-packages/airflow/example_dags/example_branch_day_of_week_operator.py
[2026-05-17T01:23:18.321+0000] {logging_mixin.py:190} INFO - [2026-05-17T01:23:18.321+0000] {dag.py:3239} INFO - Sync 1 DAGs
[2026-05-17T01:23:18.374+0000] {logging_mixin.py:190} INFO - [2026-05-17T01:23:18.374+0000] {dag.py:4180} INFO - Setting next_dagrun for example_weekday_branch_operator to 2026-05-16 00:00:00+00:00, run_after=2026-05-17 00:00:00+00:00
[2026-05-17T01:23:18.421+0000] {processor.py:208} INFO - Processing /home/airflow/.local/lib/python3.12/site-packages/airflow/example_dags/example_branch_day_of_week_operator.py took 0.190 seconds
[2026-05-17T01:51:44.662+0000] {processor.py:186} INFO - Started process (PID=243) to work on /home/airflow/.local/lib/python3.12/site-packages/airflow/example_dags/example_branch_day_of_week_operator.py
[2026-05-17T01:51:44.681+0000] {processor.py:914} INFO - Processing file /home/airflow/.local/lib/python3.12/site-packages/airflow/example_dags/example_branch_day_of_week_operator.py for tasks to queue
[2026-05-17T01:51:44.685+0000] {logging_mixin.py:190} INFO - [2026-05-17T01:51:44.685+0000] {dagbag.py:588} INFO - Filling up the DagBag from /home/airflow/.local/lib/python3.12/site-packages/airflow/example_dags/example_branch_day_of_week_operator.py
[2026-05-17T01:51:44.748+0000] {processor.py:925} INFO - DAG(s) 'example_weekday_branch_operator' retrieved from /home/airflow/.local/lib/python3.12/site-packages/airflow/example_dags/example_branch_day_of_week_operator.py
[2026-05-17T01:51:44.789+0000] {logging_mixin.py:190} INFO - [2026-05-17T01:51:44.789+0000] {dag.py:3239} INFO - Sync 1 DAGs
[2026-05-17T01:51:44.863+0000] {logging_mixin.py:190} INFO - [2026-05-17T01:51:44.862+0000] {dag.py:4180} INFO - Setting next_dagrun for example_weekday_branch_operator to 2026-05-16 00:00:00+00:00, run_after=2026-05-17 00:00:00+00:00
[2026-05-17T01:51:44.909+0000] {processor.py:208} INFO - Processing /home/airflow/.local/lib/python3.12/site-packages/airflow/example_dags/example_branch_day_of_week_operator.py took 0.255 seconds
[2026-05-17T01:55:03.385+0000] {processor.py:186} INFO - Started process (PID=301) to work on /home/airflow/.local/lib/python3.12/site-packages/airflow/example_dags/example_branch_day_of_week_operator.py
[2026-05-17T01:55:03.388+0000] {processor.py:914} INFO - Processing file /home/airflow/.local/lib/python3.12/site-packages/airflow/example_dags/example_branch_day_of_week_operator.py for tasks to queue
[2026-05-17T01:55:03.390+0000] {logging_mixin.py:190} INFO - [2026-05-17T01:55:03.390+0000] {dagbag.py:588} INFO - Filling up the DagBag from /home/airflow/.local/lib/python3.12/site-packages/airflow/example_dags/example_branch_day_of_week_operator.py
[2026-05-17T01:55:03.444+0000] {processor.py:925} INFO - DAG(s) 'example_weekday_branch_operator' retrieved from /home/airflow/.local/lib/python3.12/site-packages/airflow/example_dags/example_branch_day_of_week_operator.py
[2026-05-17T01:55:03.517+0000] {logging_mixin.py:190} INFO - [2026-05-17T01:55:03.516+0000] {dag.py:3239} INFO - Sync 1 DAGs
[2026-05-17T01:55:03.571+0000] {logging_mixin.py:190} INFO - [2026-05-17T01:55:03.570+0000] {dag.py:4180} INFO - Setting next_dagrun for example_weekday_branch_operator to 2026-05-16 00:00:00+00:00, run_after=2026-05-17 00:00:00+00:00
[2026-05-17T01:55:03.598+0000] {processor.py:208} INFO - Processing /home/airflow/.local/lib/python3.12/site-packages/airflow/example_dags/example_branch_day_of_week_operator.py took 0.224 seconds
[2026-05-17T01:55:33.960+0000] {processor.py:186} INFO - Started process (PID=364) to work on /home/airflow/.local/lib/python3.12/site-packages/airflow/example_dags/example_branch_day_of_week_operator.py
[2026-05-17T01:55:33.961+0000] {processor.py:914} INFO - Processing file /home/airflow/.local/lib/python3.12/site-packages/airflow/example_dags/example_branch_day_of_week_operator.py for tasks to queue
[2026-05-17T01:55:33.963+0000] {logging_mixin.py:190} INFO - [2026-05-17T01:55:33.962+0000] {dagbag.py:588} INFO - Filling up the DagBag from /home/airflow/.local/lib/python3.12/site-packages/airflow/example_dags/example_branch_day_of_week_operator.py
[2026-05-17T01:55:34.061+0000] {processor.py:925} INFO - DAG(s) 'example_weekday_branch_operator' retrieved from /home/airflow/.local/lib/python3.12/site-packages/airflow/example_dags/example_branch_day_of_week_operator.py
[2026-05-17T01:55:34.085+0000] {logging_mixin.py:190} INFO - [2026-05-17T01:55:34.085+0000] {dag.py:3239} INFO - Sync 1 DAGs
[2026-05-17T01:55:34.151+0000] {logging_mixin.py:190} INFO - [2026-05-17T01:55:34.151+0000] {dag.py:4180} INFO - Setting next_dagrun for example_weekday_branch_operator to 2026-05-16 00:00:00+00:00, run_after=2026-05-17 00:00:00+00:00
[2026-05-17T01:55:34.270+0000] {processor.py:208} INFO - Processing /home/airflow/.local/lib/python3.12/site-packages/airflow/example_dags/example_branch_day_of_week_operator.py took 0.316 seconds
[2026-05-17T01:56:04.842+0000] {processor.py:186} INFO - Started process (PID=427) to work on /home/airflow/.local/lib/python3.12/site-packages/airflow/example_dags/example_branch_day_of_week_operator.py
[2026-05-17T01:56:04.845+0000] {processor.py:914} INFO - Processing file /home/airflow/.local/lib/python3.12/site-packages/airflow/example_dags/example_branch_day_of_week_operator.py for tasks to queue
[2026-05-17T01:56:04.848+0000] {logging_mixin.py:190} INFO - [2026-05-17T01:56:04.847+0000] {dagbag.py:588} INFO - Filling up the DagBag from /home/airflow/.local/lib/python3.12/site-packages/airflow/example_dags/example_branch_day_of_week_operator.py
[2026-05-17T01:56:04.889+0000] {processor.py:925} INFO - DAG(s) 'example_weekday_branch_operator' retrieved from /home/airflow/.local/lib/python3.12/site-packages/airflow/example_dags/example_branch_day_of_week_operator.py
[2026-05-17T01:56:04.929+0000] {logging_mixin.py:190} INFO - [2026-05-17T01:56:04.928+0000] {dag.py:3239} INFO - Sync 1 DAGs
[2026-05-17T01:56:04.980+0000] {logging_mixin.py:190} INFO - [2026-05-17T01:56:04.979+0000] {dag.py:4180} INFO - Setting next_dagrun for example_weekday_branch_operator to 2026-05-16 00:00:00+00:00, run_after=2026-05-17 00:00:00+00:00
[2026-05-17T01:56:05.076+0000] {processor.py:208} INFO - Processing /home/airflow/.local/lib/python3.12/site-packages/airflow/example_dags/example_branch_day_of_week_operator.py took 0.245 seconds
[2026-05-17T02:03:13.385+0000] {processor.py:186} INFO - Started process (PID=482) to work on /home/airflow/.local/lib/python3.12/site-packages/airflow/example_dags/example_branch_day_of_week_operator.py
[2026-05-17T02:03:13.386+0000] {processor.py:914} INFO - Processing file /home/airflow/.local/lib/python3.12/site-packages/airflow/example_dags/example_branch_day_of_week_operator.py for tasks to queue
[2026-05-17T02:03:13.388+0000] {logging_mixin.py:190} INFO - [2026-05-17T02:03:13.388+0000] {dagbag.py:588} INFO - Filling up the DagBag from /home/airflow/.local/lib/python3.12/site-packages/airflow/example_dags/example_branch_day_of_week_operator.py
[2026-05-17T02:03:13.422+0000] {processor.py:925} INFO - DAG(s) 'example_weekday_branch_operator' retrieved from /home/airflow/.local/lib/python3.12/site-packages/airflow/example_dags/example_branch_day_of_week_operator.py
[2026-05-17T02:03:13.480+0000] {logging_mixin.py:190} INFO - [2026-05-17T02:03:13.477+0000] {dag.py:3239} INFO - Sync 1 DAGs
[2026-05-17T02:03:13.526+0000] {logging_mixin.py:190} INFO - [2026-05-17T02:03:13.526+0000] {dag.py:4180} INFO - Setting next_dagrun for example_weekday_branch_operator to 2026-05-16 00:00:00+00:00, run_after=2026-05-17 00:00:00+00:00
[2026-05-17T02:03:13.613+0000] {processor.py:208} INFO - Processing /home/airflow/.local/lib/python3.12/site-packages/airflow/example_dags/example_branch_day_of_week_operator.py took 0.247 seconds
[2026-05-17T13:16:18.466+0000] {processor.py:186} INFO - Started process (PID=80) to work on /home/airflow/.local/lib/python3.12/site-packages/airflow/example_dags/example_branch_day_of_week_operator.py
[2026-05-17T13:16:18.469+0000] {processor.py:914} INFO - Processing file /home/airflow/.local/lib/python3.12/site-packages/airflow/example_dags/example_branch_day_of_week_operator.py for tasks to queue
[2026-05-17T13:16:18.531+0000] {logging_mixin.py:190} INFO - [2026-05-17T13:16:18.529+0000] {dagbag.py:588} INFO - Filling up the DagBag from /home/airflow/.local/lib/python3.12/site-packages/airflow/example_dags/example_branch_day_of_week_operator.py
[2026-05-17T13:16:18.596+0000] {processor.py:925} INFO - DAG(s) 'example_weekday_branch_operator' retrieved from /home/airflow/.local/lib/python3.12/site-packages/airflow/example_dags/example_branch_day_of_week_operator.py
[2026-05-17T13:16:18.846+0000] {logging_mixin.py:190} INFO - [2026-05-17T13:16:18.845+0000] {dag.py:3239} INFO - Sync 1 DAGs
[2026-05-17T13:16:19.035+0000] {logging_mixin.py:190} INFO - [2026-05-17T13:16:19.030+0000] {dag.py:4180} INFO - Setting next_dagrun for example_weekday_branch_operator to 2026-05-16 00:00:00+00:00, run_after=2026-05-17 00:00:00+00:00
[2026-05-17T13:16:19.186+0000] {processor.py:208} INFO - Processing /home/airflow/.local/lib/python3.12/site-packages/airflow/example_dags/example_branch_day_of_week_operator.py took 0.778 seconds
[2026-05-17T13:37:25.034+0000] {processor.py:186} INFO - Started process (PID=77) to work on /home/airflow/.local/lib/python3.12/site-packages/airflow/example_dags/example_branch_day_of_week_operator.py
[2026-05-17T13:37:25.036+0000] {processor.py:914} INFO - Processing file /home/airflow/.local/lib/python3.12/site-packages/airflow/example_dags/example_branch_day_of_week_operator.py for tasks to queue
[2026-05-17T13:37:25.041+0000] {logging_mixin.py:190} INFO - [2026-05-17T13:37:25.041+0000] {dagbag.py:588} INFO - Filling up the DagBag from /home/airflow/.local/lib/python3.12/site-packages/airflow/example_dags/example_branch_day_of_week_operator.py
[2026-05-17T13:37:25.064+0000] {processor.py:925} INFO - DAG(s) 'example_weekday_branch_operator' retrieved from /home/airflow/.local/lib/python3.12/site-packages/airflow/example_dags/example_branch_day_of_week_operator.py
[2026-05-17T13:37:25.115+0000] {logging_mixin.py:190} INFO - [2026-05-17T13:37:25.114+0000] {dag.py:3239} INFO - Sync 1 DAGs
[2026-05-17T13:37:25.185+0000] {logging_mixin.py:190} INFO - [2026-05-17T13:37:25.185+0000] {dag.py:4180} INFO - Setting next_dagrun for example_weekday_branch_operator to 2026-05-16 00:00:00+00:00, run_after=2026-05-17 00:00:00+00:00
[2026-05-17T13:37:25.252+0000] {processor.py:208} INFO - Processing /home/airflow/.local/lib/python3.12/site-packages/airflow/example_dags/example_branch_day_of_week_operator.py took 0.228 seconds
[2026-05-17T13:38:23.722+0000] {processor.py:186} INFO - Started process (PID=134) to work on /home/airflow/.local/lib/python3.12/site-packages/airflow/example_dags/example_branch_day_of_week_operator.py
[2026-05-17T13:38:24.062+0000] {processor.py:914} INFO - Processing file /home/airflow/.local/lib/python3.12/site-packages/airflow/example_dags/example_branch_day_of_week_operator.py for tasks to queue
[2026-05-17T13:38:24.064+0000] {logging_mixin.py:190} INFO - [2026-05-17T13:38:24.064+0000] {dagbag.py:588} INFO - Filling up the DagBag from /home/airflow/.local/lib/python3.12/site-packages/airflow/example_dags/example_branch_day_of_week_operator.py
[2026-05-17T13:38:24.654+0000] {processor.py:925} INFO - DAG(s) 'example_weekday_branch_operator' retrieved from /home/airflow/.local/lib/python3.12/site-packages/airflow/example_dags/example_branch_day_of_week_operator.py
[2026-05-17T13:38:24.715+0000] {logging_mixin.py:190} INFO - [2026-05-17T13:38:24.714+0000] {dag.py:3239} INFO - Sync 1 DAGs
[2026-05-17T13:38:24.902+0000] {logging_mixin.py:190} INFO - [2026-05-17T13:38:24.902+0000] {dag.py:4180} INFO - Setting next_dagrun for example_weekday_branch_operator to 2026-05-16 00:00:00+00:00, run_after=2026-05-17 00:00:00+00:00
[2026-05-17T13:38:24.958+0000] {processor.py:208} INFO - Processing /home/airflow/.local/lib/python3.12/site-packages/airflow/example_dags/example_branch_day_of_week_operator.py took 1.241 seconds
[2026-05-17T13:38:56.090+0000] {processor.py:186} INFO - Started process (PID=197) to work on /home/airflow/.local/lib/python3.12/site-packages/airflow/example_dags/example_branch_day_of_week_operator.py
[2026-05-17T13:38:56.104+0000] {processor.py:914} INFO - Processing file /home/airflow/.local/lib/python3.12/site-packages/airflow/example_dags/example_branch_day_of_week_operator.py for tasks to queue
[2026-05-17T13:38:56.116+0000] {logging_mixin.py:190} INFO - [2026-05-17T13:38:56.111+0000] {dagbag.py:588} INFO - Filling up the DagBag from /home/airflow/.local/lib/python3.12/site-packages/airflow/example_dags/example_branch_day_of_week_operator.py
[2026-05-17T13:38:56.382+0000] {processor.py:925} INFO - DAG(s) 'example_weekday_branch_operator' retrieved from /home/airflow/.local/lib/python3.12/site-packages/airflow/example_dags/example_branch_day_of_week_operator.py
[2026-05-17T13:50:42.168+0000] {processor.py:186} INFO - Started process (PID=75) to work on /home/airflow/.local/lib/python3.12/site-packages/airflow/example_dags/example_branch_day_of_week_operator.py
[2026-05-17T13:50:42.237+0000] {processor.py:914} INFO - Processing file /home/airflow/.local/lib/python3.12/site-packages/airflow/example_dags/example_branch_day_of_week_operator.py for tasks to queue
[2026-05-17T13:50:42.242+0000] {logging_mixin.py:190} INFO - [2026-05-17T13:50:42.242+0000] {dagbag.py:588} INFO - Filling up the DagBag from /home/airflow/.local/lib/python3.12/site-packages/airflow/example_dags/example_branch_day_of_week_operator.py
[2026-05-17T13:50:42.297+0000] {processor.py:925} INFO - DAG(s) 'example_weekday_branch_operator' retrieved from /home/airflow/.local/lib/python3.12/site-packages/airflow/example_dags/example_branch_day_of_week_operator.py
[2026-05-17T13:50:44.754+0000] {logging_mixin.py:190} INFO - [2026-05-17T13:50:44.753+0000] {dag.py:3239} INFO - Sync 1 DAGs
[2026-05-17T13:50:44.939+0000] {logging_mixin.py:190} INFO - [2026-05-17T13:50:44.937+0000] {dag.py:4180} INFO - Setting next_dagrun for example_weekday_branch_operator to 2026-05-16 00:00:00+00:00, run_after=2026-05-17 00:00:00+00:00
[2026-05-17T13:50:44.998+0000] {processor.py:208} INFO - Processing /home/airflow/.local/lib/python3.12/site-packages/airflow/example_dags/example_branch_day_of_week_operator.py took 2.846 seconds
[2026-05-17T16:12:55.183+0000] {processor.py:186} INFO - Started process (PID=89) to work on /home/airflow/.local/lib/python3.12/site-packages/airflow/example_dags/example_branch_day_of_week_operator.py
[2026-05-17T16:12:55.185+0000] {processor.py:914} INFO - Processing file /home/airflow/.local/lib/python3.12/site-packages/airflow/example_dags/example_branch_day_of_week_operator.py for tasks to queue
[2026-05-17T16:12:55.196+0000] {logging_mixin.py:190} INFO - [2026-05-17T16:12:55.195+0000] {dagbag.py:588} INFO - Filling up the DagBag from /home/airflow/.local/lib/python3.12/site-packages/airflow/example_dags/example_branch_day_of_week_operator.py
[2026-05-17T16:12:55.216+0000] {processor.py:925} INFO - DAG(s) 'example_weekday_branch_operator' retrieved from /home/airflow/.local/lib/python3.12/site-packages/airflow/example_dags/example_branch_day_of_week_operator.py
[2026-05-17T16:12:55.272+0000] {logging_mixin.py:190} INFO - [2026-05-17T16:12:55.272+0000] {dag.py:3239} INFO - Sync 1 DAGs
[2026-05-17T16:12:55.444+0000] {logging_mixin.py:190} INFO - [2026-05-17T16:12:55.444+0000] {dag.py:4180} INFO - Setting next_dagrun for example_weekday_branch_operator to 2026-05-16 00:00:00+00:00, run_after=2026-05-17 00:00:00+00:00
[2026-05-17T16:12:55.511+0000] {processor.py:208} INFO - Processing /home/airflow/.local/lib/python3.12/site-packages/airflow/example_dags/example_branch_day_of_week_operator.py took 0.338 seconds
[2026-05-17T16:23:18.070+0000] {processor.py:186} INFO - Started process (PID=81) to work on /home/airflow/.local/lib/python3.12/site-packages/airflow/example_dags/example_branch_day_of_week_operator.py
[2026-05-17T16:23:18.077+0000] {processor.py:914} INFO - Processing file /home/airflow/.local/lib/python3.12/site-packages/airflow/example_dags/example_branch_day_of_week_operator.py for tasks to queue
[2026-05-17T16:23:18.111+0000] {logging_mixin.py:190} INFO - [2026-05-17T16:23:18.100+0000] {dagbag.py:588} INFO - Filling up the DagBag from /home/airflow/.local/lib/python3.12/site-packages/airflow/example_dags/example_branch_day_of_week_operator.py
[2026-05-17T16:23:18.187+0000] {processor.py:925} INFO - DAG(s) 'example_weekday_branch_operator' retrieved from /home/airflow/.local/lib/python3.12/site-packages/airflow/example_dags/example_branch_day_of_week_operator.py
[2026-05-17T16:23:18.284+0000] {logging_mixin.py:190} INFO - [2026-05-17T16:23:18.283+0000] {dag.py:3239} INFO - Sync 1 DAGs
[2026-05-17T16:23:18.406+0000] {logging_mixin.py:190} INFO - [2026-05-17T16:23:18.405+0000] {dag.py:4180} INFO - Setting next_dagrun for example_weekday_branch_operator to 2026-05-16 00:00:00+00:00, run_after=2026-05-17 00:00:00+00:00
[2026-05-17T16:23:18.489+0000] {processor.py:208} INFO - Processing /home/airflow/.local/lib/python3.12/site-packages/airflow/example_dags/example_branch_day_of_week_operator.py took 0.445 seconds
[2026-05-17T16:24:15.146+0000] {processor.py:186} INFO - Started process (PID=138) to work on /home/airflow/.local/lib/python3.12/site-packages/airflow/example_dags/example_branch_day_of_week_operator.py
[2026-05-17T16:24:15.148+0000] {processor.py:914} INFO - Processing file /home/airflow/.local/lib/python3.12/site-packages/airflow/example_dags/example_branch_day_of_week_operator.py for tasks to queue
[2026-05-17T16:24:15.163+0000] {logging_mixin.py:190} INFO - [2026-05-17T16:24:15.162+0000] {dagbag.py:588} INFO - Filling up the DagBag from /home/airflow/.local/lib/python3.12/site-packages/airflow/example_dags/example_branch_day_of_week_operator.py
[2026-05-17T16:24:15.210+0000] {processor.py:925} INFO - DAG(s) 'example_weekday_branch_operator' retrieved from /home/airflow/.local/lib/python3.12/site-packages/airflow/example_dags/example_branch_day_of_week_operator.py
[2026-05-17T16:24:15.309+0000] {logging_mixin.py:190} INFO - [2026-05-17T16:24:15.308+0000] {dag.py:3239} INFO - Sync 1 DAGs
[2026-05-17T16:24:15.402+0000] {logging_mixin.py:190} INFO - [2026-05-17T16:24:15.399+0000] {dag.py:4180} INFO - Setting next_dagrun for example_weekday_branch_operator to 2026-05-16 00:00:00+00:00, run_after=2026-05-17 00:00:00+00:00
[2026-05-17T16:24:15.496+0000] {processor.py:208} INFO - Processing /home/airflow/.local/lib/python3.12/site-packages/airflow/example_dags/example_branch_day_of_week_operator.py took 0.369 seconds
[2026-05-17T18:14:23.858+0000] {processor.py:186} INFO - Started process (PID=84) to work on /home/airflow/.local/lib/python3.12/site-packages/airflow/example_dags/example_branch_day_of_week_operator.py
[2026-05-17T18:14:23.871+0000] {processor.py:914} INFO - Processing file /home/airflow/.local/lib/python3.12/site-packages/airflow/example_dags/example_branch_day_of_week_operator.py for tasks to queue
[2026-05-17T18:14:23.905+0000] {logging_mixin.py:190} INFO - [2026-05-17T18:14:23.900+0000] {dagbag.py:588} INFO - Filling up the DagBag from /home/airflow/.local/lib/python3.12/site-packages/airflow/example_dags/example_branch_day_of_week_operator.py
[2026-05-17T18:14:24.010+0000] {processor.py:925} INFO - DAG(s) 'example_weekday_branch_operator' retrieved from /home/airflow/.local/lib/python3.12/site-packages/airflow/example_dags/example_branch_day_of_week_operator.py
[2026-05-17T18:14:24.212+0000] {logging_mixin.py:190} INFO - [2026-05-17T18:14:24.211+0000] {dag.py:3239} INFO - Sync 1 DAGs
[2026-05-17T18:14:24.343+0000] {logging_mixin.py:190} INFO - [2026-05-17T18:14:24.342+0000] {dag.py:4180} INFO - Setting next_dagrun for example_weekday_branch_operator to 2026-05-16 00:00:00+00:00, run_after=2026-05-17 00:00:00+00:00
[2026-05-17T18:14:24.436+0000] {processor.py:208} INFO - Processing /home/airflow/.local/lib/python3.12/site-packages/airflow/example_dags/example_branch_day_of_week_operator.py took 0.626 seconds
[2026-05-17T18:15:30.691+0000] {processor.py:186} INFO - Started process (PID=147) to work on /home/airflow/.local/lib/python3.12/site-packages/airflow/example_dags/example_branch_day_of_week_operator.py
[2026-05-17T18:15:30.693+0000] {processor.py:914} INFO - Processing file /home/airflow/.local/lib/python3.12/site-packages/airflow/example_dags/example_branch_day_of_week_operator.py for tasks to queue
[2026-05-17T18:15:30.699+0000] {logging_mixin.py:190} INFO - [2026-05-17T18:15:30.698+0000] {dagbag.py:588} INFO - Filling up the DagBag from /home/airflow/.local/lib/python3.12/site-packages/airflow/example_dags/example_branch_day_of_week_operator.py
[2026-05-17T18:15:30.764+0000] {processor.py:925} INFO - DAG(s) 'example_weekday_branch_operator' retrieved from /home/airflow/.local/lib/python3.12/site-packages/airflow/example_dags/example_branch_day_of_week_operator.py
[2026-05-17T18:15:30.823+0000] {logging_mixin.py:190} INFO - [2026-05-17T18:15:30.823+0000] {dag.py:3239} INFO - Sync 1 DAGs
[2026-05-17T18:15:30.856+0000] {logging_mixin.py:190} INFO - [2026-05-17T18:15:30.855+0000] {dag.py:4180} INFO - Setting next_dagrun for example_weekday_branch_operator to 2026-05-16 00:00:00+00:00, run_after=2026-05-17 00:00:00+00:00
[2026-05-17T18:15:30.906+0000] {processor.py:208} INFO - Processing /home/airflow/.local/lib/python3.12/site-packages/airflow/example_dags/example_branch_day_of_week_operator.py took 0.231 seconds
[2026-05-17T18:23:00.780+0000] {processor.py:186} INFO - Started process (PID=81) to work on /home/airflow/.local/lib/python3.12/site-packages/airflow/example_dags/example_branch_day_of_week_operator.py
[2026-05-17T18:23:00.783+0000] {processor.py:914} INFO - Processing file /home/airflow/.local/lib/python3.12/site-packages/airflow/example_dags/example_branch_day_of_week_operator.py for tasks to queue
[2026-05-17T18:23:00.790+0000] {logging_mixin.py:190} INFO - [2026-05-17T18:23:00.790+0000] {dagbag.py:588} INFO - Filling up the DagBag from /home/airflow/.local/lib/python3.12/site-packages/airflow/example_dags/example_branch_day_of_week_operator.py
[2026-05-17T18:23:00.841+0000] {processor.py:925} INFO - DAG(s) 'example_weekday_branch_operator' retrieved from /home/airflow/.local/lib/python3.12/site-packages/airflow/example_dags/example_branch_day_of_week_operator.py
[2026-05-17T18:23:00.935+0000] {logging_mixin.py:190} INFO - [2026-05-17T18:23:00.934+0000] {dag.py:3239} INFO - Sync 1 DAGs
[2026-05-17T18:23:01.003+0000] {logging_mixin.py:190} INFO - [2026-05-17T18:23:01.002+0000] {dag.py:4180} INFO - Setting next_dagrun for example_weekday_branch_operator to 2026-05-16 00:00:00+00:00, run_after=2026-05-17 00:00:00+00:00
[2026-05-17T18:23:01.064+0000] {processor.py:208} INFO - Processing /home/airflow/.local/lib/python3.12/site-packages/airflow/example_dags/example_branch_day_of_week_operator.py took 0.295 seconds
