[2026-05-17T00:38:15.007+0000] {processor.py:186} INFO - Started process (PID=81) to work on /home/airflow/.local/lib/python3.12/site-packages/airflow/example_dags/example_external_task_marker_dag.py
[2026-05-17T00:38:15.021+0000] {processor.py:914} INFO - Processing file /home/airflow/.local/lib/python3.12/site-packages/airflow/example_dags/example_external_task_marker_dag.py for tasks to queue
[2026-05-17T00:38:15.073+0000] {logging_mixin.py:190} INFO - [2026-05-17T00:38:15.071+0000] {dagbag.py:588} INFO - Filling up the DagBag from /home/airflow/.local/lib/python3.12/site-packages/airflow/example_dags/example_external_task_marker_dag.py
[2026-05-17T00:38:15.105+0000] {processor.py:925} INFO - DAG(s) 'example_external_task_marker_parent', 'example_external_task_marker_child' retrieved from /home/airflow/.local/lib/python3.12/site-packages/airflow/example_dags/example_external_task_marker_dag.py
[2026-05-17T00:38:15.209+0000] {logging_mixin.py:190} INFO - [2026-05-17T00:38:15.208+0000] {dag.py:3239} INFO - Sync 2 DAGs
[2026-05-17T00:38:15.279+0000] {logging_mixin.py:190} INFO - [2026-05-17T00:38:15.279+0000] {dag.py:4180} INFO - Setting next_dagrun for example_external_task_marker_child to None, run_after=None
[2026-05-17T00:38:15.300+0000] {logging_mixin.py:190} INFO - [2026-05-17T00:38:15.299+0000] {dag.py:4180} INFO - Setting next_dagrun for example_external_task_marker_parent to None, run_after=None
[2026-05-17T00:38:15.370+0000] {processor.py:208} INFO - Processing /home/airflow/.local/lib/python3.12/site-packages/airflow/example_dags/example_external_task_marker_dag.py took 0.388 seconds
[2026-05-17T00:38:46.176+0000] {processor.py:186} INFO - Started process (PID=142) to work on /home/airflow/.local/lib/python3.12/site-packages/airflow/example_dags/example_external_task_marker_dag.py
[2026-05-17T00:38:46.178+0000] {processor.py:914} INFO - Processing file /home/airflow/.local/lib/python3.12/site-packages/airflow/example_dags/example_external_task_marker_dag.py for tasks to queue
[2026-05-17T00:38:46.185+0000] {logging_mixin.py:190} INFO - [2026-05-17T00:38:46.184+0000] {dagbag.py:588} INFO - Filling up the DagBag from /home/airflow/.local/lib/python3.12/site-packages/airflow/example_dags/example_external_task_marker_dag.py
[2026-05-17T00:38:46.213+0000] {processor.py:925} INFO - DAG(s) 'example_external_task_marker_child', 'example_external_task_marker_parent' retrieved from /home/airflow/.local/lib/python3.12/site-packages/airflow/example_dags/example_external_task_marker_dag.py
[2026-05-17T00:38:46.287+0000] {logging_mixin.py:190} INFO - [2026-05-17T00:38:46.287+0000] {dag.py:3239} INFO - Sync 2 DAGs
[2026-05-17T00:38:46.337+0000] {logging_mixin.py:190} INFO - [2026-05-17T00:38:46.336+0000] {dag.py:4180} INFO - Setting next_dagrun for example_external_task_marker_child to None, run_after=None
[2026-05-17T00:38:46.352+0000] {logging_mixin.py:190} INFO - [2026-05-17T00:38:46.352+0000] {dag.py:4180} INFO - Setting next_dagrun for example_external_task_marker_parent to None, run_after=None
[2026-05-17T00:38:46.420+0000] {processor.py:208} INFO - Processing /home/airflow/.local/lib/python3.12/site-packages/airflow/example_dags/example_external_task_marker_dag.py took 0.258 seconds
[2026-05-17T01:18:24.573+0000] {processor.py:186} INFO - Started process (PID=206) to work on /home/airflow/.local/lib/python3.12/site-packages/airflow/example_dags/example_external_task_marker_dag.py
[2026-05-17T01:18:24.574+0000] {processor.py:914} INFO - Processing file /home/airflow/.local/lib/python3.12/site-packages/airflow/example_dags/example_external_task_marker_dag.py for tasks to queue
[2026-05-17T01:18:24.577+0000] {logging_mixin.py:190} INFO - [2026-05-17T01:18:24.576+0000] {dagbag.py:588} INFO - Filling up the DagBag from /home/airflow/.local/lib/python3.12/site-packages/airflow/example_dags/example_external_task_marker_dag.py
[2026-05-17T01:18:24.600+0000] {processor.py:925} INFO - DAG(s) 'example_external_task_marker_parent', 'example_external_task_marker_child' retrieved from /home/airflow/.local/lib/python3.12/site-packages/airflow/example_dags/example_external_task_marker_dag.py
[2026-05-17T01:18:25.382+0000] {logging_mixin.py:190} INFO - [2026-05-17T01:18:25.382+0000] {dag.py:3239} INFO - Sync 2 DAGs
[2026-05-17T01:18:25.411+0000] {logging_mixin.py:190} INFO - [2026-05-17T01:18:25.410+0000] {dag.py:4180} INFO - Setting next_dagrun for example_external_task_marker_child to None, run_after=None
[2026-05-17T01:18:25.418+0000] {logging_mixin.py:190} INFO - [2026-05-17T01:18:25.418+0000] {dag.py:4180} INFO - Setting next_dagrun for example_external_task_marker_parent to None, run_after=None
[2026-05-17T01:18:25.458+0000] {processor.py:208} INFO - Processing /home/airflow/.local/lib/python3.12/site-packages/airflow/example_dags/example_external_task_marker_dag.py took 0.896 seconds
[2026-05-17T01:21:29.740+0000] {processor.py:186} INFO - Started process (PID=91) to work on /home/airflow/.local/lib/python3.12/site-packages/airflow/example_dags/example_external_task_marker_dag.py
[2026-05-17T01:21:29.782+0000] {processor.py:914} INFO - Processing file /home/airflow/.local/lib/python3.12/site-packages/airflow/example_dags/example_external_task_marker_dag.py for tasks to queue
[2026-05-17T01:21:29.911+0000] {logging_mixin.py:190} INFO - [2026-05-17T01:21:29.901+0000] {dagbag.py:588} INFO - Filling up the DagBag from /home/airflow/.local/lib/python3.12/site-packages/airflow/example_dags/example_external_task_marker_dag.py
[2026-05-17T01:21:30.190+0000] {processor.py:925} INFO - DAG(s) 'example_external_task_marker_child', 'example_external_task_marker_parent' retrieved from /home/airflow/.local/lib/python3.12/site-packages/airflow/example_dags/example_external_task_marker_dag.py
[2026-05-17T01:21:31.111+0000] {logging_mixin.py:190} INFO - [2026-05-17T01:21:31.110+0000] {dag.py:3239} INFO - Sync 2 DAGs
[2026-05-17T01:21:34.693+0000] {logging_mixin.py:190} INFO - [2026-05-17T01:21:34.693+0000] {dag.py:4180} INFO - Setting next_dagrun for example_external_task_marker_child to None, run_after=None
[2026-05-17T01:21:34.726+0000] {logging_mixin.py:190} INFO - [2026-05-17T01:21:34.726+0000] {dag.py:4180} INFO - Setting next_dagrun for example_external_task_marker_parent to None, run_after=None
[2026-05-17T01:21:35.088+0000] {processor.py:208} INFO - Processing /home/airflow/.local/lib/python3.12/site-packages/airflow/example_dags/example_external_task_marker_dag.py took 5.638 seconds
[2026-05-17T01:22:47.569+0000] {processor.py:186} INFO - Started process (PID=160) to work on /home/airflow/.local/lib/python3.12/site-packages/airflow/example_dags/example_external_task_marker_dag.py
[2026-05-17T01:22:47.574+0000] {processor.py:914} INFO - Processing file /home/airflow/.local/lib/python3.12/site-packages/airflow/example_dags/example_external_task_marker_dag.py for tasks to queue
[2026-05-17T01:22:47.577+0000] {logging_mixin.py:190} INFO - [2026-05-17T01:22:47.576+0000] {dagbag.py:588} INFO - Filling up the DagBag from /home/airflow/.local/lib/python3.12/site-packages/airflow/example_dags/example_external_task_marker_dag.py
[2026-05-17T01:22:47.591+0000] {processor.py:925} INFO - DAG(s) 'example_external_task_marker_child', 'example_external_task_marker_parent' retrieved from /home/airflow/.local/lib/python3.12/site-packages/airflow/example_dags/example_external_task_marker_dag.py
[2026-05-17T01:22:47.625+0000] {logging_mixin.py:190} INFO - [2026-05-17T01:22:47.625+0000] {dag.py:3239} INFO - Sync 2 DAGs
[2026-05-17T01:22:47.644+0000] {logging_mixin.py:190} INFO - [2026-05-17T01:22:47.644+0000] {dag.py:4180} INFO - Setting next_dagrun for example_external_task_marker_child to None, run_after=None
[2026-05-17T01:22:47.649+0000] {logging_mixin.py:190} INFO - [2026-05-17T01:22:47.648+0000] {dag.py:4180} INFO - Setting next_dagrun for example_external_task_marker_parent to None, run_after=None
[2026-05-17T01:22:47.708+0000] {processor.py:208} INFO - Processing /home/airflow/.local/lib/python3.12/site-packages/airflow/example_dags/example_external_task_marker_dag.py took 0.146 seconds
[2026-05-17T01:23:18.795+0000] {processor.py:186} INFO - Started process (PID=223) to work on /home/airflow/.local/lib/python3.12/site-packages/airflow/example_dags/example_external_task_marker_dag.py
[2026-05-17T01:23:18.797+0000] {processor.py:914} INFO - Processing file /home/airflow/.local/lib/python3.12/site-packages/airflow/example_dags/example_external_task_marker_dag.py for tasks to queue
[2026-05-17T01:23:18.802+0000] {logging_mixin.py:190} INFO - [2026-05-17T01:23:18.801+0000] {dagbag.py:588} INFO - Filling up the DagBag from /home/airflow/.local/lib/python3.12/site-packages/airflow/example_dags/example_external_task_marker_dag.py
[2026-05-17T01:23:18.819+0000] {processor.py:925} INFO - DAG(s) 'example_external_task_marker_child', 'example_external_task_marker_parent' retrieved from /home/airflow/.local/lib/python3.12/site-packages/airflow/example_dags/example_external_task_marker_dag.py
[2026-05-17T01:23:18.863+0000] {logging_mixin.py:190} INFO - [2026-05-17T01:23:18.863+0000] {dag.py:3239} INFO - Sync 2 DAGs
[2026-05-17T01:23:18.895+0000] {logging_mixin.py:190} INFO - [2026-05-17T01:23:18.894+0000] {dag.py:4180} INFO - Setting next_dagrun for example_external_task_marker_child to None, run_after=None
[2026-05-17T01:23:18.902+0000] {logging_mixin.py:190} INFO - [2026-05-17T01:23:18.902+0000] {dag.py:4180} INFO - Setting next_dagrun for example_external_task_marker_parent to None, run_after=None
[2026-05-17T01:23:18.948+0000] {processor.py:208} INFO - Processing /home/airflow/.local/lib/python3.12/site-packages/airflow/example_dags/example_external_task_marker_dag.py took 0.167 seconds
[2026-05-17T01:51:45.198+0000] {processor.py:186} INFO - Started process (PID=246) to work on /home/airflow/.local/lib/python3.12/site-packages/airflow/example_dags/example_external_task_marker_dag.py
[2026-05-17T01:51:45.200+0000] {processor.py:914} INFO - Processing file /home/airflow/.local/lib/python3.12/site-packages/airflow/example_dags/example_external_task_marker_dag.py for tasks to queue
[2026-05-17T01:51:45.204+0000] {logging_mixin.py:190} INFO - [2026-05-17T01:51:45.203+0000] {dagbag.py:588} INFO - Filling up the DagBag from /home/airflow/.local/lib/python3.12/site-packages/airflow/example_dags/example_external_task_marker_dag.py
[2026-05-17T01:51:45.219+0000] {processor.py:925} INFO - DAG(s) 'example_external_task_marker_child', 'example_external_task_marker_parent' retrieved from /home/airflow/.local/lib/python3.12/site-packages/airflow/example_dags/example_external_task_marker_dag.py
[2026-05-17T01:51:45.250+0000] {logging_mixin.py:190} INFO - [2026-05-17T01:51:45.250+0000] {dag.py:3239} INFO - Sync 2 DAGs
[2026-05-17T01:51:45.270+0000] {logging_mixin.py:190} INFO - [2026-05-17T01:51:45.270+0000] {dag.py:4180} INFO - Setting next_dagrun for example_external_task_marker_child to None, run_after=None
[2026-05-17T01:51:45.275+0000] {logging_mixin.py:190} INFO - [2026-05-17T01:51:45.274+0000] {dag.py:4180} INFO - Setting next_dagrun for example_external_task_marker_parent to None, run_after=None
[2026-05-17T01:51:45.296+0000] {processor.py:208} INFO - Processing /home/airflow/.local/lib/python3.12/site-packages/airflow/example_dags/example_external_task_marker_dag.py took 0.108 seconds
[2026-05-17T01:55:05.624+0000] {processor.py:186} INFO - Started process (PID=304) to work on /home/airflow/.local/lib/python3.12/site-packages/airflow/example_dags/example_external_task_marker_dag.py
[2026-05-17T01:55:05.626+0000] {processor.py:914} INFO - Processing file /home/airflow/.local/lib/python3.12/site-packages/airflow/example_dags/example_external_task_marker_dag.py for tasks to queue
[2026-05-17T01:55:05.627+0000] {logging_mixin.py:190} INFO - [2026-05-17T01:55:05.627+0000] {dagbag.py:588} INFO - Filling up the DagBag from /home/airflow/.local/lib/python3.12/site-packages/airflow/example_dags/example_external_task_marker_dag.py
[2026-05-17T01:55:05.923+0000] {processor.py:925} INFO - DAG(s) 'example_external_task_marker_child', 'example_external_task_marker_parent' retrieved from /home/airflow/.local/lib/python3.12/site-packages/airflow/example_dags/example_external_task_marker_dag.py
[2026-05-17T01:55:05.956+0000] {logging_mixin.py:190} INFO - [2026-05-17T01:55:05.955+0000] {dag.py:3239} INFO - Sync 2 DAGs
[2026-05-17T01:55:05.973+0000] {logging_mixin.py:190} INFO - [2026-05-17T01:55:05.973+0000] {dag.py:4180} INFO - Setting next_dagrun for example_external_task_marker_child to None, run_after=None
[2026-05-17T01:55:05.977+0000] {logging_mixin.py:190} INFO - [2026-05-17T01:55:05.977+0000] {dag.py:4180} INFO - Setting next_dagrun for example_external_task_marker_parent to None, run_after=None
[2026-05-17T01:55:06.300+0000] {processor.py:208} INFO - Processing /home/airflow/.local/lib/python3.12/site-packages/airflow/example_dags/example_external_task_marker_dag.py took 0.683 seconds
[2026-05-17T01:55:36.493+0000] {processor.py:186} INFO - Started process (PID=366) to work on /home/airflow/.local/lib/python3.12/site-packages/airflow/example_dags/example_external_task_marker_dag.py
[2026-05-17T01:55:36.494+0000] {processor.py:914} INFO - Processing file /home/airflow/.local/lib/python3.12/site-packages/airflow/example_dags/example_external_task_marker_dag.py for tasks to queue
[2026-05-17T01:55:36.497+0000] {logging_mixin.py:190} INFO - [2026-05-17T01:55:36.496+0000] {dagbag.py:588} INFO - Filling up the DagBag from /home/airflow/.local/lib/python3.12/site-packages/airflow/example_dags/example_external_task_marker_dag.py
[2026-05-17T01:55:36.566+0000] {processor.py:925} INFO - DAG(s) 'example_external_task_marker_child', 'example_external_task_marker_parent' retrieved from /home/airflow/.local/lib/python3.12/site-packages/airflow/example_dags/example_external_task_marker_dag.py
[2026-05-17T01:55:36.598+0000] {logging_mixin.py:190} INFO - [2026-05-17T01:55:36.598+0000] {dag.py:3239} INFO - Sync 2 DAGs
[2026-05-17T01:55:36.693+0000] {logging_mixin.py:190} INFO - [2026-05-17T01:55:36.692+0000] {dag.py:4180} INFO - Setting next_dagrun for example_external_task_marker_child to None, run_after=None
[2026-05-17T01:55:36.699+0000] {logging_mixin.py:190} INFO - [2026-05-17T01:55:36.698+0000] {dag.py:4180} INFO - Setting next_dagrun for example_external_task_marker_parent to None, run_after=None
[2026-05-17T01:55:36.724+0000] {processor.py:208} INFO - Processing /home/airflow/.local/lib/python3.12/site-packages/airflow/example_dags/example_external_task_marker_dag.py took 0.241 seconds
[2026-05-17T01:56:07.142+0000] {processor.py:186} INFO - Started process (PID=429) to work on /home/airflow/.local/lib/python3.12/site-packages/airflow/example_dags/example_external_task_marker_dag.py
[2026-05-17T01:56:07.147+0000] {processor.py:914} INFO - Processing file /home/airflow/.local/lib/python3.12/site-packages/airflow/example_dags/example_external_task_marker_dag.py for tasks to queue
[2026-05-17T01:56:07.152+0000] {logging_mixin.py:190} INFO - [2026-05-17T01:56:07.152+0000] {dagbag.py:588} INFO - Filling up the DagBag from /home/airflow/.local/lib/python3.12/site-packages/airflow/example_dags/example_external_task_marker_dag.py
[2026-05-17T01:56:07.166+0000] {processor.py:925} INFO - DAG(s) 'example_external_task_marker_child', 'example_external_task_marker_parent' retrieved from /home/airflow/.local/lib/python3.12/site-packages/airflow/example_dags/example_external_task_marker_dag.py
[2026-05-17T01:56:07.438+0000] {logging_mixin.py:190} INFO - [2026-05-17T01:56:07.438+0000] {dag.py:3239} INFO - Sync 2 DAGs
[2026-05-17T01:56:07.459+0000] {logging_mixin.py:190} INFO - [2026-05-17T01:56:07.459+0000] {dag.py:4180} INFO - Setting next_dagrun for example_external_task_marker_child to None, run_after=None
[2026-05-17T01:56:07.466+0000] {logging_mixin.py:190} INFO - [2026-05-17T01:56:07.466+0000] {dag.py:4180} INFO - Setting next_dagrun for example_external_task_marker_parent to None, run_after=None
[2026-05-17T01:56:07.494+0000] {processor.py:208} INFO - Processing /home/airflow/.local/lib/python3.12/site-packages/airflow/example_dags/example_external_task_marker_dag.py took 0.381 seconds
[2026-05-17T02:03:15.355+0000] {processor.py:186} INFO - Started process (PID=485) to work on /home/airflow/.local/lib/python3.12/site-packages/airflow/example_dags/example_external_task_marker_dag.py
[2026-05-17T02:03:15.356+0000] {processor.py:914} INFO - Processing file /home/airflow/.local/lib/python3.12/site-packages/airflow/example_dags/example_external_task_marker_dag.py for tasks to queue
[2026-05-17T02:03:15.357+0000] {logging_mixin.py:190} INFO - [2026-05-17T02:03:15.357+0000] {dagbag.py:588} INFO - Filling up the DagBag from /home/airflow/.local/lib/python3.12/site-packages/airflow/example_dags/example_external_task_marker_dag.py
[2026-05-17T02:03:15.733+0000] {processor.py:925} INFO - DAG(s) 'example_external_task_marker_parent', 'example_external_task_marker_child' retrieved from /home/airflow/.local/lib/python3.12/site-packages/airflow/example_dags/example_external_task_marker_dag.py
[2026-05-17T02:03:15.756+0000] {logging_mixin.py:190} INFO - [2026-05-17T02:03:15.755+0000] {dag.py:3239} INFO - Sync 2 DAGs
[2026-05-17T02:03:15.774+0000] {logging_mixin.py:190} INFO - [2026-05-17T02:03:15.774+0000] {dag.py:4180} INFO - Setting next_dagrun for example_external_task_marker_child to None, run_after=None
[2026-05-17T02:03:15.778+0000] {logging_mixin.py:190} INFO - [2026-05-17T02:03:15.778+0000] {dag.py:4180} INFO - Setting next_dagrun for example_external_task_marker_parent to None, run_after=None
[2026-05-17T02:03:15.812+0000] {processor.py:208} INFO - Processing /home/airflow/.local/lib/python3.12/site-packages/airflow/example_dags/example_external_task_marker_dag.py took 0.464 seconds
[2026-05-17T13:16:19.913+0000] {processor.py:186} INFO - Started process (PID=89) to work on /home/airflow/.local/lib/python3.12/site-packages/airflow/example_dags/example_external_task_marker_dag.py
[2026-05-17T13:16:19.918+0000] {processor.py:914} INFO - Processing file /home/airflow/.local/lib/python3.12/site-packages/airflow/example_dags/example_external_task_marker_dag.py for tasks to queue
[2026-05-17T13:16:19.934+0000] {logging_mixin.py:190} INFO - [2026-05-17T13:16:19.931+0000] {dagbag.py:588} INFO - Filling up the DagBag from /home/airflow/.local/lib/python3.12/site-packages/airflow/example_dags/example_external_task_marker_dag.py
[2026-05-17T13:16:20.022+0000] {processor.py:925} INFO - DAG(s) 'example_external_task_marker_child', 'example_external_task_marker_parent' retrieved from /home/airflow/.local/lib/python3.12/site-packages/airflow/example_dags/example_external_task_marker_dag.py
[2026-05-17T13:16:20.169+0000] {logging_mixin.py:190} INFO - [2026-05-17T13:16:20.169+0000] {dag.py:3239} INFO - Sync 2 DAGs
[2026-05-17T13:16:20.252+0000] {logging_mixin.py:190} INFO - [2026-05-17T13:16:20.251+0000] {dag.py:4180} INFO - Setting next_dagrun for example_external_task_marker_child to None, run_after=None
[2026-05-17T13:16:20.270+0000] {logging_mixin.py:190} INFO - [2026-05-17T13:16:20.269+0000] {dag.py:4180} INFO - Setting next_dagrun for example_external_task_marker_parent to None, run_after=None
[2026-05-17T13:16:20.335+0000] {processor.py:208} INFO - Processing /home/airflow/.local/lib/python3.12/site-packages/airflow/example_dags/example_external_task_marker_dag.py took 0.485 seconds
[2026-05-17T13:37:25.686+0000] {processor.py:186} INFO - Started process (PID=80) to work on /home/airflow/.local/lib/python3.12/site-packages/airflow/example_dags/example_external_task_marker_dag.py
[2026-05-17T13:37:25.689+0000] {processor.py:914} INFO - Processing file /home/airflow/.local/lib/python3.12/site-packages/airflow/example_dags/example_external_task_marker_dag.py for tasks to queue
[2026-05-17T13:37:25.708+0000] {logging_mixin.py:190} INFO - [2026-05-17T13:37:25.708+0000] {dagbag.py:588} INFO - Filling up the DagBag from /home/airflow/.local/lib/python3.12/site-packages/airflow/example_dags/example_external_task_marker_dag.py
[2026-05-17T13:37:25.753+0000] {processor.py:925} INFO - DAG(s) 'example_external_task_marker_parent', 'example_external_task_marker_child' retrieved from /home/airflow/.local/lib/python3.12/site-packages/airflow/example_dags/example_external_task_marker_dag.py
[2026-05-17T13:37:25.852+0000] {logging_mixin.py:190} INFO - [2026-05-17T13:37:25.850+0000] {dag.py:3239} INFO - Sync 2 DAGs
[2026-05-17T13:37:25.930+0000] {logging_mixin.py:190} INFO - [2026-05-17T13:37:25.929+0000] {dag.py:4180} INFO - Setting next_dagrun for example_external_task_marker_child to None, run_after=None
[2026-05-17T13:37:25.946+0000] {logging_mixin.py:190} INFO - [2026-05-17T13:37:25.946+0000] {dag.py:4180} INFO - Setting next_dagrun for example_external_task_marker_parent to None, run_after=None
[2026-05-17T13:37:26.187+0000] {processor.py:208} INFO - Processing /home/airflow/.local/lib/python3.12/site-packages/airflow/example_dags/example_external_task_marker_dag.py took 0.519 seconds
[2026-05-17T13:38:25.737+0000] {processor.py:186} INFO - Started process (PID=137) to work on /home/airflow/.local/lib/python3.12/site-packages/airflow/example_dags/example_external_task_marker_dag.py
[2026-05-17T13:38:25.739+0000] {processor.py:914} INFO - Processing file /home/airflow/.local/lib/python3.12/site-packages/airflow/example_dags/example_external_task_marker_dag.py for tasks to queue
[2026-05-17T13:38:25.740+0000] {logging_mixin.py:190} INFO - [2026-05-17T13:38:25.739+0000] {dagbag.py:588} INFO - Filling up the DagBag from /home/airflow/.local/lib/python3.12/site-packages/airflow/example_dags/example_external_task_marker_dag.py
[2026-05-17T13:38:25.749+0000] {processor.py:925} INFO - DAG(s) 'example_external_task_marker_parent', 'example_external_task_marker_child' retrieved from /home/airflow/.local/lib/python3.12/site-packages/airflow/example_dags/example_external_task_marker_dag.py
[2026-05-17T13:38:25.778+0000] {logging_mixin.py:190} INFO - [2026-05-17T13:38:25.778+0000] {dag.py:3239} INFO - Sync 2 DAGs
[2026-05-17T13:38:25.796+0000] {logging_mixin.py:190} INFO - [2026-05-17T13:38:25.795+0000] {dag.py:4180} INFO - Setting next_dagrun for example_external_task_marker_child to None, run_after=None
[2026-05-17T13:38:25.800+0000] {logging_mixin.py:190} INFO - [2026-05-17T13:38:25.799+0000] {dag.py:4180} INFO - Setting next_dagrun for example_external_task_marker_parent to None, run_after=None
[2026-05-17T13:38:25.816+0000] {processor.py:208} INFO - Processing /home/airflow/.local/lib/python3.12/site-packages/airflow/example_dags/example_external_task_marker_dag.py took 0.085 seconds
[2026-05-17T13:50:46.309+0000] {processor.py:186} INFO - Started process (PID=78) to work on /home/airflow/.local/lib/python3.12/site-packages/airflow/example_dags/example_external_task_marker_dag.py
[2026-05-17T13:50:46.346+0000] {processor.py:914} INFO - Processing file /home/airflow/.local/lib/python3.12/site-packages/airflow/example_dags/example_external_task_marker_dag.py for tasks to queue
[2026-05-17T13:50:46.349+0000] {logging_mixin.py:190} INFO - [2026-05-17T13:50:46.349+0000] {dagbag.py:588} INFO - Filling up the DagBag from /home/airflow/.local/lib/python3.12/site-packages/airflow/example_dags/example_external_task_marker_dag.py
[2026-05-17T13:50:46.360+0000] {processor.py:925} INFO - DAG(s) 'example_external_task_marker_child', 'example_external_task_marker_parent' retrieved from /home/airflow/.local/lib/python3.12/site-packages/airflow/example_dags/example_external_task_marker_dag.py
[2026-05-17T13:50:46.395+0000] {logging_mixin.py:190} INFO - [2026-05-17T13:50:46.394+0000] {dag.py:3239} INFO - Sync 2 DAGs
[2026-05-17T13:50:46.594+0000] {logging_mixin.py:190} INFO - [2026-05-17T13:50:46.594+0000] {dag.py:4180} INFO - Setting next_dagrun for example_external_task_marker_child to None, run_after=None
[2026-05-17T13:50:46.601+0000] {logging_mixin.py:190} INFO - [2026-05-17T13:50:46.601+0000] {dag.py:4180} INFO - Setting next_dagrun for example_external_task_marker_parent to None, run_after=None
[2026-05-17T13:50:46.722+0000] {processor.py:208} INFO - Processing /home/airflow/.local/lib/python3.12/site-packages/airflow/example_dags/example_external_task_marker_dag.py took 0.421 seconds
[2026-05-17T16:12:56.420+0000] {processor.py:186} INFO - Started process (PID=92) to work on /home/airflow/.local/lib/python3.12/site-packages/airflow/example_dags/example_external_task_marker_dag.py
[2026-05-17T16:12:56.423+0000] {processor.py:914} INFO - Processing file /home/airflow/.local/lib/python3.12/site-packages/airflow/example_dags/example_external_task_marker_dag.py for tasks to queue
[2026-05-17T16:12:56.429+0000] {logging_mixin.py:190} INFO - [2026-05-17T16:12:56.429+0000] {dagbag.py:588} INFO - Filling up the DagBag from /home/airflow/.local/lib/python3.12/site-packages/airflow/example_dags/example_external_task_marker_dag.py
[2026-05-17T16:12:56.447+0000] {processor.py:925} INFO - DAG(s) 'example_external_task_marker_child', 'example_external_task_marker_parent' retrieved from /home/airflow/.local/lib/python3.12/site-packages/airflow/example_dags/example_external_task_marker_dag.py
[2026-05-17T16:12:56.593+0000] {logging_mixin.py:190} INFO - [2026-05-17T16:12:56.593+0000] {dag.py:3239} INFO - Sync 2 DAGs
[2026-05-17T16:12:56.677+0000] {logging_mixin.py:190} INFO - [2026-05-17T16:12:56.677+0000] {dag.py:4180} INFO - Setting next_dagrun for example_external_task_marker_child to None, run_after=None
[2026-05-17T16:12:56.684+0000] {logging_mixin.py:190} INFO - [2026-05-17T16:12:56.683+0000] {dag.py:4180} INFO - Setting next_dagrun for example_external_task_marker_parent to None, run_after=None
[2026-05-17T16:12:56.730+0000] {processor.py:208} INFO - Processing /home/airflow/.local/lib/python3.12/site-packages/airflow/example_dags/example_external_task_marker_dag.py took 0.322 seconds
[2026-05-17T16:23:19.315+0000] {processor.py:186} INFO - Started process (PID=84) to work on /home/airflow/.local/lib/python3.12/site-packages/airflow/example_dags/example_external_task_marker_dag.py
[2026-05-17T16:23:19.319+0000] {processor.py:914} INFO - Processing file /home/airflow/.local/lib/python3.12/site-packages/airflow/example_dags/example_external_task_marker_dag.py for tasks to queue
[2026-05-17T16:23:19.327+0000] {logging_mixin.py:190} INFO - [2026-05-17T16:23:19.326+0000] {dagbag.py:588} INFO - Filling up the DagBag from /home/airflow/.local/lib/python3.12/site-packages/airflow/example_dags/example_external_task_marker_dag.py
[2026-05-17T16:23:19.359+0000] {processor.py:925} INFO - DAG(s) 'example_external_task_marker_child', 'example_external_task_marker_parent' retrieved from /home/airflow/.local/lib/python3.12/site-packages/airflow/example_dags/example_external_task_marker_dag.py
[2026-05-17T16:23:19.436+0000] {logging_mixin.py:190} INFO - [2026-05-17T16:23:19.435+0000] {dag.py:3239} INFO - Sync 2 DAGs
[2026-05-17T16:23:19.582+0000] {logging_mixin.py:190} INFO - [2026-05-17T16:23:19.582+0000] {dag.py:4180} INFO - Setting next_dagrun for example_external_task_marker_child to None, run_after=None
[2026-05-17T16:23:19.601+0000] {logging_mixin.py:190} INFO - [2026-05-17T16:23:19.600+0000] {dag.py:4180} INFO - Setting next_dagrun for example_external_task_marker_parent to None, run_after=None
[2026-05-17T16:23:19.679+0000] {processor.py:208} INFO - Processing /home/airflow/.local/lib/python3.12/site-packages/airflow/example_dags/example_external_task_marker_dag.py took 0.385 seconds
[2026-05-17T16:24:16.367+0000] {processor.py:186} INFO - Started process (PID=141) to work on /home/airflow/.local/lib/python3.12/site-packages/airflow/example_dags/example_external_task_marker_dag.py
[2026-05-17T16:24:16.369+0000] {processor.py:914} INFO - Processing file /home/airflow/.local/lib/python3.12/site-packages/airflow/example_dags/example_external_task_marker_dag.py for tasks to queue
[2026-05-17T16:24:16.381+0000] {logging_mixin.py:190} INFO - [2026-05-17T16:24:16.380+0000] {dagbag.py:588} INFO - Filling up the DagBag from /home/airflow/.local/lib/python3.12/site-packages/airflow/example_dags/example_external_task_marker_dag.py
[2026-05-17T16:24:16.427+0000] {processor.py:925} INFO - DAG(s) 'example_external_task_marker_child', 'example_external_task_marker_parent' retrieved from /home/airflow/.local/lib/python3.12/site-packages/airflow/example_dags/example_external_task_marker_dag.py
[2026-05-17T16:24:16.521+0000] {logging_mixin.py:190} INFO - [2026-05-17T16:24:16.520+0000] {dag.py:3239} INFO - Sync 2 DAGs
[2026-05-17T16:24:16.573+0000] {logging_mixin.py:190} INFO - [2026-05-17T16:24:16.573+0000] {dag.py:4180} INFO - Setting next_dagrun for example_external_task_marker_child to None, run_after=None
[2026-05-17T16:24:16.593+0000] {logging_mixin.py:190} INFO - [2026-05-17T16:24:16.592+0000] {dag.py:4180} INFO - Setting next_dagrun for example_external_task_marker_parent to None, run_after=None
[2026-05-17T16:24:16.710+0000] {processor.py:208} INFO - Processing /home/airflow/.local/lib/python3.12/site-packages/airflow/example_dags/example_external_task_marker_dag.py took 0.376 seconds
[2026-05-17T18:14:25.470+0000] {processor.py:186} INFO - Started process (PID=87) to work on /home/airflow/.local/lib/python3.12/site-packages/airflow/example_dags/example_external_task_marker_dag.py
[2026-05-17T18:14:25.476+0000] {processor.py:914} INFO - Processing file /home/airflow/.local/lib/python3.12/site-packages/airflow/example_dags/example_external_task_marker_dag.py for tasks to queue
[2026-05-17T18:14:25.502+0000] {logging_mixin.py:190} INFO - [2026-05-17T18:14:25.498+0000] {dagbag.py:588} INFO - Filling up the DagBag from /home/airflow/.local/lib/python3.12/site-packages/airflow/example_dags/example_external_task_marker_dag.py
[2026-05-17T18:14:25.712+0000] {processor.py:925} INFO - DAG(s) 'example_external_task_marker_parent', 'example_external_task_marker_child' retrieved from /home/airflow/.local/lib/python3.12/site-packages/airflow/example_dags/example_external_task_marker_dag.py
[2026-05-17T18:14:26.376+0000] {logging_mixin.py:190} INFO - [2026-05-17T18:14:26.375+0000] {dag.py:3239} INFO - Sync 2 DAGs
[2026-05-17T18:14:26.711+0000] {logging_mixin.py:190} INFO - [2026-05-17T18:14:26.703+0000] {dag.py:4180} INFO - Setting next_dagrun for example_external_task_marker_child to None, run_after=None
[2026-05-17T18:14:26.722+0000] {logging_mixin.py:190} INFO - [2026-05-17T18:14:26.722+0000] {dag.py:4180} INFO - Setting next_dagrun for example_external_task_marker_parent to None, run_after=None
[2026-05-17T18:14:26.888+0000] {processor.py:208} INFO - Processing /home/airflow/.local/lib/python3.12/site-packages/airflow/example_dags/example_external_task_marker_dag.py took 1.467 seconds
[2026-05-17T18:15:32.520+0000] {processor.py:186} INFO - Started process (PID=150) to work on /home/airflow/.local/lib/python3.12/site-packages/airflow/example_dags/example_external_task_marker_dag.py
[2026-05-17T18:15:32.538+0000] {processor.py:914} INFO - Processing file /home/airflow/.local/lib/python3.12/site-packages/airflow/example_dags/example_external_task_marker_dag.py for tasks to queue
[2026-05-17T18:15:32.545+0000] {logging_mixin.py:190} INFO - [2026-05-17T18:15:32.544+0000] {dagbag.py:588} INFO - Filling up the DagBag from /home/airflow/.local/lib/python3.12/site-packages/airflow/example_dags/example_external_task_marker_dag.py
[2026-05-17T18:15:32.599+0000] {processor.py:925} INFO - DAG(s) 'example_external_task_marker_parent', 'example_external_task_marker_child' retrieved from /home/airflow/.local/lib/python3.12/site-packages/airflow/example_dags/example_external_task_marker_dag.py
[2026-05-17T18:15:33.373+0000] {logging_mixin.py:190} INFO - [2026-05-17T18:15:33.373+0000] {dag.py:3239} INFO - Sync 2 DAGs
[2026-05-17T18:15:33.415+0000] {logging_mixin.py:190} INFO - [2026-05-17T18:15:33.414+0000] {dag.py:4180} INFO - Setting next_dagrun for example_external_task_marker_child to None, run_after=None
[2026-05-17T18:15:33.421+0000] {logging_mixin.py:190} INFO - [2026-05-17T18:15:33.421+0000] {dag.py:4180} INFO - Setting next_dagrun for example_external_task_marker_parent to None, run_after=None
[2026-05-17T18:15:33.596+0000] {processor.py:208} INFO - Processing /home/airflow/.local/lib/python3.12/site-packages/airflow/example_dags/example_external_task_marker_dag.py took 1.099 seconds
[2026-05-17T18:23:01.590+0000] {processor.py:186} INFO - Started process (PID=84) to work on /home/airflow/.local/lib/python3.12/site-packages/airflow/example_dags/example_external_task_marker_dag.py
[2026-05-17T18:23:01.596+0000] {processor.py:914} INFO - Processing file /home/airflow/.local/lib/python3.12/site-packages/airflow/example_dags/example_external_task_marker_dag.py for tasks to queue
[2026-05-17T18:23:01.617+0000] {logging_mixin.py:190} INFO - [2026-05-17T18:23:01.616+0000] {dagbag.py:588} INFO - Filling up the DagBag from /home/airflow/.local/lib/python3.12/site-packages/airflow/example_dags/example_external_task_marker_dag.py
[2026-05-17T18:23:01.652+0000] {processor.py:925} INFO - DAG(s) 'example_external_task_marker_parent', 'example_external_task_marker_child' retrieved from /home/airflow/.local/lib/python3.12/site-packages/airflow/example_dags/example_external_task_marker_dag.py
[2026-05-17T18:23:01.725+0000] {logging_mixin.py:190} INFO - [2026-05-17T18:23:01.724+0000] {dag.py:3239} INFO - Sync 2 DAGs
[2026-05-17T18:23:01.902+0000] {logging_mixin.py:190} INFO - [2026-05-17T18:23:01.902+0000] {dag.py:4180} INFO - Setting next_dagrun for example_external_task_marker_child to None, run_after=None
[2026-05-17T18:23:01.912+0000] {logging_mixin.py:190} INFO - [2026-05-17T18:23:01.911+0000] {dag.py:4180} INFO - Setting next_dagrun for example_external_task_marker_parent to None, run_after=None
[2026-05-17T18:23:01.964+0000] {processor.py:208} INFO - Processing /home/airflow/.local/lib/python3.12/site-packages/airflow/example_dags/example_external_task_marker_dag.py took 0.391 seconds
