[2026-05-17T00:38:18.199+0000] {processor.py:186} INFO - Started process (PID=90) to work on /home/airflow/.local/lib/python3.12/site-packages/airflow/example_dags/example_trigger_target_dag.py
[2026-05-17T00:38:18.202+0000] {processor.py:914} INFO - Processing file /home/airflow/.local/lib/python3.12/site-packages/airflow/example_dags/example_trigger_target_dag.py for tasks to queue
[2026-05-17T00:38:18.211+0000] {logging_mixin.py:190} INFO - [2026-05-17T00:38:18.207+0000] {dagbag.py:588} INFO - Filling up the DagBag from /home/airflow/.local/lib/python3.12/site-packages/airflow/example_dags/example_trigger_target_dag.py
[2026-05-17T00:38:18.240+0000] {processor.py:925} INFO - DAG(s) 'example_trigger_target_dag' retrieved from /home/airflow/.local/lib/python3.12/site-packages/airflow/example_dags/example_trigger_target_dag.py
[2026-05-17T00:38:18.316+0000] {logging_mixin.py:190} INFO - [2026-05-17T00:38:18.315+0000] {dag.py:3239} INFO - Sync 1 DAGs
[2026-05-17T00:38:18.369+0000] {logging_mixin.py:190} INFO - [2026-05-17T00:38:18.368+0000] {dag.py:4180} INFO - Setting next_dagrun for example_trigger_target_dag to None, run_after=None
[2026-05-17T00:38:18.429+0000] {processor.py:208} INFO - Processing /home/airflow/.local/lib/python3.12/site-packages/airflow/example_dags/example_trigger_target_dag.py took 0.248 seconds
[2026-05-17T00:38:50.158+0000] {processor.py:186} INFO - Started process (PID=152) to work on /home/airflow/.local/lib/python3.12/site-packages/airflow/example_dags/example_trigger_target_dag.py
[2026-05-17T00:38:50.162+0000] {processor.py:914} INFO - Processing file /home/airflow/.local/lib/python3.12/site-packages/airflow/example_dags/example_trigger_target_dag.py for tasks to queue
[2026-05-17T00:38:50.173+0000] {logging_mixin.py:190} INFO - [2026-05-17T00:38:50.171+0000] {dagbag.py:588} INFO - Filling up the DagBag from /home/airflow/.local/lib/python3.12/site-packages/airflow/example_dags/example_trigger_target_dag.py
[2026-05-17T00:38:50.205+0000] {processor.py:925} INFO - DAG(s) 'example_trigger_target_dag' retrieved from /home/airflow/.local/lib/python3.12/site-packages/airflow/example_dags/example_trigger_target_dag.py
[2026-05-17T00:38:50.264+0000] {logging_mixin.py:190} INFO - [2026-05-17T00:38:50.263+0000] {dag.py:3239} INFO - Sync 1 DAGs
[2026-05-17T00:38:50.318+0000] {logging_mixin.py:190} INFO - [2026-05-17T00:38:50.317+0000] {dag.py:4180} INFO - Setting next_dagrun for example_trigger_target_dag to None, run_after=None
[2026-05-17T00:38:50.382+0000] {processor.py:208} INFO - Processing /home/airflow/.local/lib/python3.12/site-packages/airflow/example_dags/example_trigger_target_dag.py took 0.240 seconds
[2026-05-17T01:21:39.589+0000] {processor.py:186} INFO - Started process (PID=100) to work on /home/airflow/.local/lib/python3.12/site-packages/airflow/example_dags/example_trigger_target_dag.py
[2026-05-17T01:21:39.598+0000] {processor.py:914} INFO - Processing file /home/airflow/.local/lib/python3.12/site-packages/airflow/example_dags/example_trigger_target_dag.py for tasks to queue
[2026-05-17T01:21:39.604+0000] {logging_mixin.py:190} INFO - [2026-05-17T01:21:39.603+0000] {dagbag.py:588} INFO - Filling up the DagBag from /home/airflow/.local/lib/python3.12/site-packages/airflow/example_dags/example_trigger_target_dag.py
[2026-05-17T01:21:39.649+0000] {processor.py:925} INFO - DAG(s) 'example_trigger_target_dag' retrieved from /home/airflow/.local/lib/python3.12/site-packages/airflow/example_dags/example_trigger_target_dag.py
[2026-05-17T01:21:39.766+0000] {logging_mixin.py:190} INFO - [2026-05-17T01:21:39.766+0000] {dag.py:3239} INFO - Sync 1 DAGs
[2026-05-17T01:21:39.808+0000] {logging_mixin.py:190} INFO - [2026-05-17T01:21:39.808+0000] {dag.py:4180} INFO - Setting next_dagrun for example_trigger_target_dag to None, run_after=None
[2026-05-17T01:21:39.906+0000] {processor.py:208} INFO - Processing /home/airflow/.local/lib/python3.12/site-packages/airflow/example_dags/example_trigger_target_dag.py took 0.350 seconds
[2026-05-17T01:22:48.579+0000] {processor.py:186} INFO - Started process (PID=169) to work on /home/airflow/.local/lib/python3.12/site-packages/airflow/example_dags/example_trigger_target_dag.py
[2026-05-17T01:22:48.583+0000] {processor.py:914} INFO - Processing file /home/airflow/.local/lib/python3.12/site-packages/airflow/example_dags/example_trigger_target_dag.py for tasks to queue
[2026-05-17T01:22:48.589+0000] {logging_mixin.py:190} INFO - [2026-05-17T01:22:48.587+0000] {dagbag.py:588} INFO - Filling up the DagBag from /home/airflow/.local/lib/python3.12/site-packages/airflow/example_dags/example_trigger_target_dag.py
[2026-05-17T01:22:48.605+0000] {processor.py:925} INFO - DAG(s) 'example_trigger_target_dag' retrieved from /home/airflow/.local/lib/python3.12/site-packages/airflow/example_dags/example_trigger_target_dag.py
[2026-05-17T01:22:48.633+0000] {logging_mixin.py:190} INFO - [2026-05-17T01:22:48.633+0000] {dag.py:3239} INFO - Sync 1 DAGs
[2026-05-17T01:22:48.659+0000] {logging_mixin.py:190} INFO - [2026-05-17T01:22:48.659+0000] {dag.py:4180} INFO - Setting next_dagrun for example_trigger_target_dag to None, run_after=None
[2026-05-17T01:22:48.697+0000] {processor.py:208} INFO - Processing /home/airflow/.local/lib/python3.12/site-packages/airflow/example_dags/example_trigger_target_dag.py took 0.127 seconds
[2026-05-17T01:51:46.702+0000] {processor.py:186} INFO - Started process (PID=255) to work on /home/airflow/.local/lib/python3.12/site-packages/airflow/example_dags/example_trigger_target_dag.py
[2026-05-17T01:51:46.706+0000] {processor.py:914} INFO - Processing file /home/airflow/.local/lib/python3.12/site-packages/airflow/example_dags/example_trigger_target_dag.py for tasks to queue
[2026-05-17T01:51:46.709+0000] {logging_mixin.py:190} INFO - [2026-05-17T01:51:46.709+0000] {dagbag.py:588} INFO - Filling up the DagBag from /home/airflow/.local/lib/python3.12/site-packages/airflow/example_dags/example_trigger_target_dag.py
[2026-05-17T01:51:46.721+0000] {processor.py:925} INFO - DAG(s) 'example_trigger_target_dag' retrieved from /home/airflow/.local/lib/python3.12/site-packages/airflow/example_dags/example_trigger_target_dag.py
[2026-05-17T01:51:46.757+0000] {logging_mixin.py:190} INFO - [2026-05-17T01:51:46.757+0000] {dag.py:3239} INFO - Sync 1 DAGs
[2026-05-17T01:51:46.775+0000] {logging_mixin.py:190} INFO - [2026-05-17T01:51:46.775+0000] {dag.py:4180} INFO - Setting next_dagrun for example_trigger_target_dag to None, run_after=None
[2026-05-17T01:51:46.806+0000] {processor.py:208} INFO - Processing /home/airflow/.local/lib/python3.12/site-packages/airflow/example_dags/example_trigger_target_dag.py took 0.112 seconds
[2026-05-17T01:55:08.377+0000] {processor.py:186} INFO - Started process (PID=319) to work on /home/airflow/.local/lib/python3.12/site-packages/airflow/example_dags/example_trigger_target_dag.py
[2026-05-17T01:55:08.380+0000] {processor.py:914} INFO - Processing file /home/airflow/.local/lib/python3.12/site-packages/airflow/example_dags/example_trigger_target_dag.py for tasks to queue
[2026-05-17T01:55:08.385+0000] {logging_mixin.py:190} INFO - [2026-05-17T01:55:08.384+0000] {dagbag.py:588} INFO - Filling up the DagBag from /home/airflow/.local/lib/python3.12/site-packages/airflow/example_dags/example_trigger_target_dag.py
[2026-05-17T01:55:08.414+0000] {processor.py:925} INFO - DAG(s) 'example_trigger_target_dag' retrieved from /home/airflow/.local/lib/python3.12/site-packages/airflow/example_dags/example_trigger_target_dag.py
[2026-05-17T01:55:08.466+0000] {logging_mixin.py:190} INFO - [2026-05-17T01:55:08.465+0000] {dag.py:3239} INFO - Sync 1 DAGs
[2026-05-17T01:55:08.510+0000] {logging_mixin.py:190} INFO - [2026-05-17T01:55:08.509+0000] {dag.py:4180} INFO - Setting next_dagrun for example_trigger_target_dag to None, run_after=None
[2026-05-17T01:55:08.551+0000] {processor.py:208} INFO - Processing /home/airflow/.local/lib/python3.12/site-packages/airflow/example_dags/example_trigger_target_dag.py took 0.185 seconds
[2026-05-17T01:55:41.834+0000] {processor.py:186} INFO - Started process (PID=382) to work on /home/airflow/.local/lib/python3.12/site-packages/airflow/example_dags/example_trigger_target_dag.py
[2026-05-17T01:55:41.835+0000] {processor.py:914} INFO - Processing file /home/airflow/.local/lib/python3.12/site-packages/airflow/example_dags/example_trigger_target_dag.py for tasks to queue
[2026-05-17T01:55:41.837+0000] {logging_mixin.py:190} INFO - [2026-05-17T01:55:41.837+0000] {dagbag.py:588} INFO - Filling up the DagBag from /home/airflow/.local/lib/python3.12/site-packages/airflow/example_dags/example_trigger_target_dag.py
[2026-05-17T01:55:41.850+0000] {processor.py:925} INFO - DAG(s) 'example_trigger_target_dag' retrieved from /home/airflow/.local/lib/python3.12/site-packages/airflow/example_dags/example_trigger_target_dag.py
[2026-05-17T01:55:41.888+0000] {logging_mixin.py:190} INFO - [2026-05-17T01:55:41.888+0000] {dag.py:3239} INFO - Sync 1 DAGs
[2026-05-17T01:55:41.908+0000] {logging_mixin.py:190} INFO - [2026-05-17T01:55:41.908+0000] {dag.py:4180} INFO - Setting next_dagrun for example_trigger_target_dag to None, run_after=None
[2026-05-17T01:55:42.234+0000] {processor.py:208} INFO - Processing /home/airflow/.local/lib/python3.12/site-packages/airflow/example_dags/example_trigger_target_dag.py took 0.408 seconds
[2026-05-17T01:56:15.937+0000] {processor.py:186} INFO - Started process (PID=439) to work on /home/airflow/.local/lib/python3.12/site-packages/airflow/example_dags/example_trigger_target_dag.py
[2026-05-17T01:56:15.941+0000] {processor.py:914} INFO - Processing file /home/airflow/.local/lib/python3.12/site-packages/airflow/example_dags/example_trigger_target_dag.py for tasks to queue
[2026-05-17T01:56:15.946+0000] {logging_mixin.py:190} INFO - [2026-05-17T01:56:15.945+0000] {dagbag.py:588} INFO - Filling up the DagBag from /home/airflow/.local/lib/python3.12/site-packages/airflow/example_dags/example_trigger_target_dag.py
[2026-05-17T01:56:15.966+0000] {processor.py:925} INFO - DAG(s) 'example_trigger_target_dag' retrieved from /home/airflow/.local/lib/python3.12/site-packages/airflow/example_dags/example_trigger_target_dag.py
[2026-05-17T01:56:15.999+0000] {logging_mixin.py:190} INFO - [2026-05-17T01:56:15.998+0000] {dag.py:3239} INFO - Sync 1 DAGs
[2026-05-17T01:56:16.016+0000] {logging_mixin.py:190} INFO - [2026-05-17T01:56:16.016+0000] {dag.py:4180} INFO - Setting next_dagrun for example_trigger_target_dag to None, run_after=None
[2026-05-17T01:56:16.074+0000] {processor.py:208} INFO - Processing /home/airflow/.local/lib/python3.12/site-packages/airflow/example_dags/example_trigger_target_dag.py took 0.152 seconds
[2026-05-17T02:03:16.698+0000] {processor.py:186} INFO - Started process (PID=494) to work on /home/airflow/.local/lib/python3.12/site-packages/airflow/example_dags/example_trigger_target_dag.py
[2026-05-17T02:03:16.699+0000] {processor.py:914} INFO - Processing file /home/airflow/.local/lib/python3.12/site-packages/airflow/example_dags/example_trigger_target_dag.py for tasks to queue
[2026-05-17T02:03:16.701+0000] {logging_mixin.py:190} INFO - [2026-05-17T02:03:16.700+0000] {dagbag.py:588} INFO - Filling up the DagBag from /home/airflow/.local/lib/python3.12/site-packages/airflow/example_dags/example_trigger_target_dag.py
[2026-05-17T13:16:22.883+0000] {processor.py:186} INFO - Started process (PID=98) to work on /home/airflow/.local/lib/python3.12/site-packages/airflow/example_dags/example_trigger_target_dag.py
[2026-05-17T13:16:22.889+0000] {processor.py:914} INFO - Processing file /home/airflow/.local/lib/python3.12/site-packages/airflow/example_dags/example_trigger_target_dag.py for tasks to queue
[2026-05-17T13:16:22.898+0000] {logging_mixin.py:190} INFO - [2026-05-17T13:16:22.897+0000] {dagbag.py:588} INFO - Filling up the DagBag from /home/airflow/.local/lib/python3.12/site-packages/airflow/example_dags/example_trigger_target_dag.py
[2026-05-17T13:16:22.958+0000] {processor.py:925} INFO - DAG(s) 'example_trigger_target_dag' retrieved from /home/airflow/.local/lib/python3.12/site-packages/airflow/example_dags/example_trigger_target_dag.py
[2026-05-17T13:16:23.020+0000] {logging_mixin.py:190} INFO - [2026-05-17T13:16:23.020+0000] {dag.py:3239} INFO - Sync 1 DAGs
[2026-05-17T13:16:23.068+0000] {logging_mixin.py:190} INFO - [2026-05-17T13:16:23.067+0000] {dag.py:4180} INFO - Setting next_dagrun for example_trigger_target_dag to None, run_after=None
[2026-05-17T13:16:23.109+0000] {processor.py:208} INFO - Processing /home/airflow/.local/lib/python3.12/site-packages/airflow/example_dags/example_trigger_target_dag.py took 0.274 seconds
[2026-05-17T13:37:28.858+0000] {processor.py:186} INFO - Started process (PID=89) to work on /home/airflow/.local/lib/python3.12/site-packages/airflow/example_dags/example_trigger_target_dag.py
[2026-05-17T13:37:28.860+0000] {processor.py:914} INFO - Processing file /home/airflow/.local/lib/python3.12/site-packages/airflow/example_dags/example_trigger_target_dag.py for tasks to queue
[2026-05-17T13:37:28.864+0000] {logging_mixin.py:190} INFO - [2026-05-17T13:37:28.863+0000] {dagbag.py:588} INFO - Filling up the DagBag from /home/airflow/.local/lib/python3.12/site-packages/airflow/example_dags/example_trigger_target_dag.py
[2026-05-17T13:37:28.877+0000] {processor.py:925} INFO - DAG(s) 'example_trigger_target_dag' retrieved from /home/airflow/.local/lib/python3.12/site-packages/airflow/example_dags/example_trigger_target_dag.py
[2026-05-17T13:37:28.932+0000] {logging_mixin.py:190} INFO - [2026-05-17T13:37:28.931+0000] {dag.py:3239} INFO - Sync 1 DAGs
[2026-05-17T13:37:28.959+0000] {logging_mixin.py:190} INFO - [2026-05-17T13:37:28.958+0000] {dag.py:4180} INFO - Setting next_dagrun for example_trigger_target_dag to None, run_after=None
[2026-05-17T13:37:28.994+0000] {processor.py:208} INFO - Processing /home/airflow/.local/lib/python3.12/site-packages/airflow/example_dags/example_trigger_target_dag.py took 0.144 seconds
[2026-05-17T13:38:26.437+0000] {processor.py:186} INFO - Started process (PID=146) to work on /home/airflow/.local/lib/python3.12/site-packages/airflow/example_dags/example_trigger_target_dag.py
[2026-05-17T13:38:26.438+0000] {processor.py:914} INFO - Processing file /home/airflow/.local/lib/python3.12/site-packages/airflow/example_dags/example_trigger_target_dag.py for tasks to queue
[2026-05-17T13:38:26.439+0000] {logging_mixin.py:190} INFO - [2026-05-17T13:38:26.439+0000] {dagbag.py:588} INFO - Filling up the DagBag from /home/airflow/.local/lib/python3.12/site-packages/airflow/example_dags/example_trigger_target_dag.py
[2026-05-17T13:38:26.448+0000] {processor.py:925} INFO - DAG(s) 'example_trigger_target_dag' retrieved from /home/airflow/.local/lib/python3.12/site-packages/airflow/example_dags/example_trigger_target_dag.py
[2026-05-17T13:38:26.469+0000] {logging_mixin.py:190} INFO - [2026-05-17T13:38:26.469+0000] {dag.py:3239} INFO - Sync 1 DAGs
[2026-05-17T13:38:26.485+0000] {logging_mixin.py:190} INFO - [2026-05-17T13:38:26.485+0000] {dag.py:4180} INFO - Setting next_dagrun for example_trigger_target_dag to None, run_after=None
[2026-05-17T13:38:26.508+0000] {processor.py:208} INFO - Processing /home/airflow/.local/lib/python3.12/site-packages/airflow/example_dags/example_trigger_target_dag.py took 0.076 seconds
[2026-05-17T13:50:50.531+0000] {processor.py:186} INFO - Started process (PID=93) to work on /home/airflow/.local/lib/python3.12/site-packages/airflow/example_dags/example_trigger_target_dag.py
[2026-05-17T13:50:50.536+0000] {processor.py:914} INFO - Processing file /home/airflow/.local/lib/python3.12/site-packages/airflow/example_dags/example_trigger_target_dag.py for tasks to queue
[2026-05-17T13:50:50.555+0000] {logging_mixin.py:190} INFO - [2026-05-17T13:50:50.553+0000] {dagbag.py:588} INFO - Filling up the DagBag from /home/airflow/.local/lib/python3.12/site-packages/airflow/example_dags/example_trigger_target_dag.py
[2026-05-17T13:50:50.616+0000] {processor.py:925} INFO - DAG(s) 'example_trigger_target_dag' retrieved from /home/airflow/.local/lib/python3.12/site-packages/airflow/example_dags/example_trigger_target_dag.py
[2026-05-17T13:50:50.752+0000] {logging_mixin.py:190} INFO - [2026-05-17T13:50:50.751+0000] {dag.py:3239} INFO - Sync 1 DAGs
[2026-05-17T13:50:50.847+0000] {logging_mixin.py:190} INFO - [2026-05-17T13:50:50.847+0000] {dag.py:4180} INFO - Setting next_dagrun for example_trigger_target_dag to None, run_after=None
[2026-05-17T13:50:50.959+0000] {processor.py:208} INFO - Processing /home/airflow/.local/lib/python3.12/site-packages/airflow/example_dags/example_trigger_target_dag.py took 0.484 seconds
[2026-05-17T16:12:58.992+0000] {processor.py:186} INFO - Started process (PID=101) to work on /home/airflow/.local/lib/python3.12/site-packages/airflow/example_dags/example_trigger_target_dag.py
[2026-05-17T16:12:58.997+0000] {processor.py:914} INFO - Processing file /home/airflow/.local/lib/python3.12/site-packages/airflow/example_dags/example_trigger_target_dag.py for tasks to queue
[2026-05-17T16:12:59.013+0000] {logging_mixin.py:190} INFO - [2026-05-17T16:12:59.011+0000] {dagbag.py:588} INFO - Filling up the DagBag from /home/airflow/.local/lib/python3.12/site-packages/airflow/example_dags/example_trigger_target_dag.py
[2026-05-17T16:12:59.087+0000] {processor.py:925} INFO - DAG(s) 'example_trigger_target_dag' retrieved from /home/airflow/.local/lib/python3.12/site-packages/airflow/example_dags/example_trigger_target_dag.py
[2026-05-17T16:12:59.218+0000] {logging_mixin.py:190} INFO - [2026-05-17T16:12:59.218+0000] {dag.py:3239} INFO - Sync 1 DAGs
[2026-05-17T16:12:59.297+0000] {logging_mixin.py:190} INFO - [2026-05-17T16:12:59.297+0000] {dag.py:4180} INFO - Setting next_dagrun for example_trigger_target_dag to None, run_after=None
[2026-05-17T16:12:59.351+0000] {processor.py:208} INFO - Processing /home/airflow/.local/lib/python3.12/site-packages/airflow/example_dags/example_trigger_target_dag.py took 0.406 seconds
[2026-05-17T16:23:23.393+0000] {processor.py:186} INFO - Started process (PID=93) to work on /home/airflow/.local/lib/python3.12/site-packages/airflow/example_dags/example_trigger_target_dag.py
[2026-05-17T16:23:23.396+0000] {processor.py:914} INFO - Processing file /home/airflow/.local/lib/python3.12/site-packages/airflow/example_dags/example_trigger_target_dag.py for tasks to queue
[2026-05-17T16:23:23.410+0000] {logging_mixin.py:190} INFO - [2026-05-17T16:23:23.409+0000] {dagbag.py:588} INFO - Filling up the DagBag from /home/airflow/.local/lib/python3.12/site-packages/airflow/example_dags/example_trigger_target_dag.py
[2026-05-17T16:23:23.437+0000] {processor.py:925} INFO - DAG(s) 'example_trigger_target_dag' retrieved from /home/airflow/.local/lib/python3.12/site-packages/airflow/example_dags/example_trigger_target_dag.py
[2026-05-17T16:23:23.531+0000] {logging_mixin.py:190} INFO - [2026-05-17T16:23:23.530+0000] {dag.py:3239} INFO - Sync 1 DAGs
[2026-05-17T16:23:23.618+0000] {logging_mixin.py:190} INFO - [2026-05-17T16:23:23.617+0000] {dag.py:4180} INFO - Setting next_dagrun for example_trigger_target_dag to None, run_after=None
[2026-05-17T16:23:23.688+0000] {processor.py:208} INFO - Processing /home/airflow/.local/lib/python3.12/site-packages/airflow/example_dags/example_trigger_target_dag.py took 0.310 seconds
[2026-05-17T16:24:19.375+0000] {processor.py:186} INFO - Started process (PID=150) to work on /home/airflow/.local/lib/python3.12/site-packages/airflow/example_dags/example_trigger_target_dag.py
[2026-05-17T16:24:19.378+0000] {processor.py:914} INFO - Processing file /home/airflow/.local/lib/python3.12/site-packages/airflow/example_dags/example_trigger_target_dag.py for tasks to queue
[2026-05-17T16:24:19.387+0000] {logging_mixin.py:190} INFO - [2026-05-17T16:24:19.385+0000] {dagbag.py:588} INFO - Filling up the DagBag from /home/airflow/.local/lib/python3.12/site-packages/airflow/example_dags/example_trigger_target_dag.py
[2026-05-17T16:24:19.425+0000] {processor.py:925} INFO - DAG(s) 'example_trigger_target_dag' retrieved from /home/airflow/.local/lib/python3.12/site-packages/airflow/example_dags/example_trigger_target_dag.py
[2026-05-17T16:24:19.487+0000] {logging_mixin.py:190} INFO - [2026-05-17T16:24:19.486+0000] {dag.py:3239} INFO - Sync 1 DAGs
[2026-05-17T16:24:19.548+0000] {logging_mixin.py:190} INFO - [2026-05-17T16:24:19.546+0000] {dag.py:4180} INFO - Setting next_dagrun for example_trigger_target_dag to None, run_after=None
[2026-05-17T16:24:19.624+0000] {processor.py:208} INFO - Processing /home/airflow/.local/lib/python3.12/site-packages/airflow/example_dags/example_trigger_target_dag.py took 0.263 seconds
[2026-05-17T18:14:33.491+0000] {processor.py:186} INFO - Started process (PID=96) to work on /home/airflow/.local/lib/python3.12/site-packages/airflow/example_dags/example_trigger_target_dag.py
[2026-05-17T18:14:33.530+0000] {processor.py:914} INFO - Processing file /home/airflow/.local/lib/python3.12/site-packages/airflow/example_dags/example_trigger_target_dag.py for tasks to queue
[2026-05-17T18:14:33.586+0000] {logging_mixin.py:190} INFO - [2026-05-17T18:14:33.585+0000] {dagbag.py:588} INFO - Filling up the DagBag from /home/airflow/.local/lib/python3.12/site-packages/airflow/example_dags/example_trigger_target_dag.py
[2026-05-17T18:14:33.741+0000] {processor.py:925} INFO - DAG(s) 'example_trigger_target_dag' retrieved from /home/airflow/.local/lib/python3.12/site-packages/airflow/example_dags/example_trigger_target_dag.py
[2026-05-17T18:14:33.871+0000] {logging_mixin.py:190} INFO - [2026-05-17T18:14:33.870+0000] {dag.py:3239} INFO - Sync 1 DAGs
[2026-05-17T18:14:34.125+0000] {logging_mixin.py:190} INFO - [2026-05-17T18:14:34.124+0000] {dag.py:4180} INFO - Setting next_dagrun for example_trigger_target_dag to None, run_after=None
[2026-05-17T18:14:34.393+0000] {processor.py:208} INFO - Processing /home/airflow/.local/lib/python3.12/site-packages/airflow/example_dags/example_trigger_target_dag.py took 1.084 seconds
[2026-05-17T18:15:37.333+0000] {processor.py:186} INFO - Started process (PID=166) to work on /home/airflow/.local/lib/python3.12/site-packages/airflow/example_dags/example_trigger_target_dag.py
[2026-05-17T18:15:37.336+0000] {processor.py:914} INFO - Processing file /home/airflow/.local/lib/python3.12/site-packages/airflow/example_dags/example_trigger_target_dag.py for tasks to queue
[2026-05-17T18:15:37.345+0000] {logging_mixin.py:190} INFO - [2026-05-17T18:15:37.344+0000] {dagbag.py:588} INFO - Filling up the DagBag from /home/airflow/.local/lib/python3.12/site-packages/airflow/example_dags/example_trigger_target_dag.py
[2026-05-17T18:15:37.367+0000] {processor.py:925} INFO - DAG(s) 'example_trigger_target_dag' retrieved from /home/airflow/.local/lib/python3.12/site-packages/airflow/example_dags/example_trigger_target_dag.py
[2026-05-17T18:15:37.424+0000] {logging_mixin.py:190} INFO - [2026-05-17T18:15:37.423+0000] {dag.py:3239} INFO - Sync 1 DAGs
[2026-05-17T18:15:37.468+0000] {logging_mixin.py:190} INFO - [2026-05-17T18:15:37.467+0000] {dag.py:4180} INFO - Setting next_dagrun for example_trigger_target_dag to None, run_after=None
[2026-05-17T18:15:37.541+0000] {processor.py:208} INFO - Processing /home/airflow/.local/lib/python3.12/site-packages/airflow/example_dags/example_trigger_target_dag.py took 0.223 seconds
[2026-05-17T18:23:05.244+0000] {processor.py:186} INFO - Started process (PID=93) to work on /home/airflow/.local/lib/python3.12/site-packages/airflow/example_dags/example_trigger_target_dag.py
[2026-05-17T18:23:05.249+0000] {processor.py:914} INFO - Processing file /home/airflow/.local/lib/python3.12/site-packages/airflow/example_dags/example_trigger_target_dag.py for tasks to queue
[2026-05-17T18:23:05.255+0000] {logging_mixin.py:190} INFO - [2026-05-17T18:23:05.254+0000] {dagbag.py:588} INFO - Filling up the DagBag from /home/airflow/.local/lib/python3.12/site-packages/airflow/example_dags/example_trigger_target_dag.py
[2026-05-17T18:23:05.277+0000] {processor.py:925} INFO - DAG(s) 'example_trigger_target_dag' retrieved from /home/airflow/.local/lib/python3.12/site-packages/airflow/example_dags/example_trigger_target_dag.py
[2026-05-17T18:23:05.325+0000] {logging_mixin.py:190} INFO - [2026-05-17T18:23:05.325+0000] {dag.py:3239} INFO - Sync 1 DAGs
[2026-05-17T18:23:05.365+0000] {logging_mixin.py:190} INFO - [2026-05-17T18:23:05.364+0000] {dag.py:4180} INFO - Setting next_dagrun for example_trigger_target_dag to None, run_after=None
[2026-05-17T18:23:05.412+0000] {processor.py:208} INFO - Processing /home/airflow/.local/lib/python3.12/site-packages/airflow/example_dags/example_trigger_target_dag.py took 0.189 seconds
