[2026-05-17T00:38:32.033+0000] {processor.py:186} INFO - Started process (PID=122) to work on /home/airflow/.local/lib/python3.12/site-packages/airflow/example_dags/example_kubernetes_executor.py
[2026-05-17T00:38:32.036+0000] {processor.py:914} INFO - Processing file /home/airflow/.local/lib/python3.12/site-packages/airflow/example_dags/example_kubernetes_executor.py for tasks to queue
[2026-05-17T00:38:32.041+0000] {logging_mixin.py:190} INFO - [2026-05-17T00:38:32.040+0000] {dagbag.py:588} INFO - Filling up the DagBag from /home/airflow/.local/lib/python3.12/site-packages/airflow/example_dags/example_kubernetes_executor.py
[2026-05-17T00:38:32.089+0000] {processor.py:925} INFO - DAG(s) 'example_kubernetes_executor' retrieved from /home/airflow/.local/lib/python3.12/site-packages/airflow/example_dags/example_kubernetes_executor.py
[2026-05-17T00:38:32.384+0000] {logging_mixin.py:190} INFO - [2026-05-17T00:38:32.382+0000] {override.py:1900} INFO - Created Permission View: can read on DAG:example_kubernetes_executor
[2026-05-17T00:38:32.432+0000] {logging_mixin.py:190} INFO - [2026-05-17T00:38:32.431+0000] {override.py:1900} INFO - Created Permission View: can edit on DAG:example_kubernetes_executor
[2026-05-17T00:38:32.456+0000] {logging_mixin.py:190} INFO - [2026-05-17T00:38:32.455+0000] {override.py:1900} INFO - Created Permission View: can delete on DAG:example_kubernetes_executor
[2026-05-17T00:38:32.471+0000] {logging_mixin.py:190} INFO - [2026-05-17T00:38:32.470+0000] {override.py:1900} INFO - Created Permission View: can read on DAG Run:example_kubernetes_executor
[2026-05-17T00:38:32.493+0000] {logging_mixin.py:190} INFO - [2026-05-17T00:38:32.492+0000] {override.py:1900} INFO - Created Permission View: can create on DAG Run:example_kubernetes_executor
[2026-05-17T00:38:32.521+0000] {logging_mixin.py:190} INFO - [2026-05-17T00:38:32.521+0000] {override.py:1900} INFO - Created Permission View: can delete on DAG Run:example_kubernetes_executor
[2026-05-17T00:38:32.540+0000] {logging_mixin.py:190} INFO - [2026-05-17T00:38:32.539+0000] {override.py:1900} INFO - Created Permission View: menu access on DAG Run:example_kubernetes_executor
[2026-05-17T00:38:32.542+0000] {logging_mixin.py:190} INFO - [2026-05-17T00:38:32.542+0000] {dag.py:3239} INFO - Sync 1 DAGs
[2026-05-17T00:38:32.567+0000] {logging_mixin.py:190} INFO - [2026-05-17T00:38:32.566+0000] {dag.py:3262} INFO - Creating ORM DAG for example_kubernetes_executor
[2026-05-17T00:38:32.568+0000] {logging_mixin.py:190} INFO - [2026-05-17T00:38:32.568+0000] {dag.py:4180} INFO - Setting next_dagrun for example_kubernetes_executor to None, run_after=None
[2026-05-17T00:38:32.606+0000] {processor.py:208} INFO - Processing /home/airflow/.local/lib/python3.12/site-packages/airflow/example_dags/example_kubernetes_executor.py took 0.585 seconds
[2026-05-17T00:39:03.464+0000] {processor.py:186} INFO - Started process (PID=184) to work on /home/airflow/.local/lib/python3.12/site-packages/airflow/example_dags/example_kubernetes_executor.py
[2026-05-17T00:39:03.467+0000] {processor.py:914} INFO - Processing file /home/airflow/.local/lib/python3.12/site-packages/airflow/example_dags/example_kubernetes_executor.py for tasks to queue
[2026-05-17T00:39:03.476+0000] {logging_mixin.py:190} INFO - [2026-05-17T00:39:03.475+0000] {dagbag.py:588} INFO - Filling up the DagBag from /home/airflow/.local/lib/python3.12/site-packages/airflow/example_dags/example_kubernetes_executor.py
[2026-05-17T00:39:03.533+0000] {processor.py:925} INFO - DAG(s) 'example_kubernetes_executor' retrieved from /home/airflow/.local/lib/python3.12/site-packages/airflow/example_dags/example_kubernetes_executor.py
[2026-05-17T00:39:03.681+0000] {logging_mixin.py:190} INFO - [2026-05-17T00:39:03.680+0000] {dag.py:3239} INFO - Sync 1 DAGs
[2026-05-17T00:39:03.732+0000] {logging_mixin.py:190} INFO - [2026-05-17T00:39:03.732+0000] {dag.py:4180} INFO - Setting next_dagrun for example_kubernetes_executor to None, run_after=None
[2026-05-17T00:39:03.795+0000] {processor.py:208} INFO - Processing /home/airflow/.local/lib/python3.12/site-packages/airflow/example_dags/example_kubernetes_executor.py took 0.348 seconds
[2026-05-17T01:21:53.727+0000] {processor.py:186} INFO - Started process (PID=132) to work on /home/airflow/.local/lib/python3.12/site-packages/airflow/example_dags/example_kubernetes_executor.py
[2026-05-17T01:21:53.732+0000] {processor.py:914} INFO - Processing file /home/airflow/.local/lib/python3.12/site-packages/airflow/example_dags/example_kubernetes_executor.py for tasks to queue
[2026-05-17T01:21:53.742+0000] {logging_mixin.py:190} INFO - [2026-05-17T01:21:53.741+0000] {dagbag.py:588} INFO - Filling up the DagBag from /home/airflow/.local/lib/python3.12/site-packages/airflow/example_dags/example_kubernetes_executor.py
[2026-05-17T01:21:54.161+0000] {processor.py:925} INFO - DAG(s) 'example_kubernetes_executor' retrieved from /home/airflow/.local/lib/python3.12/site-packages/airflow/example_dags/example_kubernetes_executor.py
[2026-05-17T01:21:54.636+0000] {logging_mixin.py:190} INFO - [2026-05-17T01:21:54.636+0000] {dag.py:3239} INFO - Sync 1 DAGs
[2026-05-17T01:21:54.664+0000] {logging_mixin.py:190} INFO - [2026-05-17T01:21:54.664+0000] {dag.py:4180} INFO - Setting next_dagrun for example_kubernetes_executor to None, run_after=None
[2026-05-17T01:21:54.726+0000] {processor.py:208} INFO - Processing /home/airflow/.local/lib/python3.12/site-packages/airflow/example_dags/example_kubernetes_executor.py took 1.107 seconds
[2026-05-17T01:22:54.191+0000] {processor.py:186} INFO - Started process (PID=195) to work on /home/airflow/.local/lib/python3.12/site-packages/airflow/example_dags/example_kubernetes_executor.py
[2026-05-17T01:22:54.245+0000] {processor.py:914} INFO - Processing file /home/airflow/.local/lib/python3.12/site-packages/airflow/example_dags/example_kubernetes_executor.py for tasks to queue
[2026-05-17T01:22:54.248+0000] {logging_mixin.py:190} INFO - [2026-05-17T01:22:54.247+0000] {dagbag.py:588} INFO - Filling up the DagBag from /home/airflow/.local/lib/python3.12/site-packages/airflow/example_dags/example_kubernetes_executor.py
[2026-05-17T01:22:54.938+0000] {processor.py:925} INFO - DAG(s) 'example_kubernetes_executor' retrieved from /home/airflow/.local/lib/python3.12/site-packages/airflow/example_dags/example_kubernetes_executor.py
[2026-05-17T01:22:55.001+0000] {logging_mixin.py:190} INFO - [2026-05-17T01:22:55.001+0000] {dag.py:3239} INFO - Sync 1 DAGs
[2026-05-17T01:22:55.022+0000] {logging_mixin.py:190} INFO - [2026-05-17T01:22:55.022+0000] {dag.py:4180} INFO - Setting next_dagrun for example_kubernetes_executor to None, run_after=None
[2026-05-17T01:22:55.052+0000] {processor.py:208} INFO - Processing /home/airflow/.local/lib/python3.12/site-packages/airflow/example_dags/example_kubernetes_executor.py took 0.867 seconds
[2026-05-17T01:51:49.599+0000] {processor.py:186} INFO - Started process (PID=281) to work on /home/airflow/.local/lib/python3.12/site-packages/airflow/example_dags/example_kubernetes_executor.py
[2026-05-17T01:51:49.612+0000] {processor.py:914} INFO - Processing file /home/airflow/.local/lib/python3.12/site-packages/airflow/example_dags/example_kubernetes_executor.py for tasks to queue
[2026-05-17T01:51:49.615+0000] {logging_mixin.py:190} INFO - [2026-05-17T01:51:49.615+0000] {dagbag.py:588} INFO - Filling up the DagBag from /home/airflow/.local/lib/python3.12/site-packages/airflow/example_dags/example_kubernetes_executor.py
[2026-05-17T01:51:49.656+0000] {processor.py:925} INFO - DAG(s) 'example_kubernetes_executor' retrieved from /home/airflow/.local/lib/python3.12/site-packages/airflow/example_dags/example_kubernetes_executor.py
[2026-05-17T01:51:49.790+0000] {logging_mixin.py:190} INFO - [2026-05-17T01:51:49.789+0000] {dag.py:3239} INFO - Sync 1 DAGs
[2026-05-17T01:51:49.813+0000] {logging_mixin.py:190} INFO - [2026-05-17T01:51:49.813+0000] {dag.py:4180} INFO - Setting next_dagrun for example_kubernetes_executor to None, run_after=None
[2026-05-17T01:51:49.840+0000] {processor.py:208} INFO - Processing /home/airflow/.local/lib/python3.12/site-packages/airflow/example_dags/example_kubernetes_executor.py took 0.250 seconds
[2026-05-17T01:55:12.707+0000] {processor.py:186} INFO - Started process (PID=345) to work on /home/airflow/.local/lib/python3.12/site-packages/airflow/example_dags/example_kubernetes_executor.py
[2026-05-17T01:55:12.710+0000] {processor.py:914} INFO - Processing file /home/airflow/.local/lib/python3.12/site-packages/airflow/example_dags/example_kubernetes_executor.py for tasks to queue
[2026-05-17T01:55:12.712+0000] {logging_mixin.py:190} INFO - [2026-05-17T01:55:12.712+0000] {dagbag.py:588} INFO - Filling up the DagBag from /home/airflow/.local/lib/python3.12/site-packages/airflow/example_dags/example_kubernetes_executor.py
[2026-05-17T01:55:12.747+0000] {processor.py:925} INFO - DAG(s) 'example_kubernetes_executor' retrieved from /home/airflow/.local/lib/python3.12/site-packages/airflow/example_dags/example_kubernetes_executor.py
[2026-05-17T01:55:12.828+0000] {logging_mixin.py:190} INFO - [2026-05-17T01:55:12.827+0000] {dag.py:3239} INFO - Sync 1 DAGs
[2026-05-17T01:55:12.855+0000] {logging_mixin.py:190} INFO - [2026-05-17T01:55:12.854+0000] {dag.py:4180} INFO - Setting next_dagrun for example_kubernetes_executor to None, run_after=None
[2026-05-17T01:55:12.914+0000] {processor.py:208} INFO - Processing /home/airflow/.local/lib/python3.12/site-packages/airflow/example_dags/example_kubernetes_executor.py took 0.216 seconds
[2026-05-17T01:55:49.439+0000] {processor.py:186} INFO - Started process (PID=408) to work on /home/airflow/.local/lib/python3.12/site-packages/airflow/example_dags/example_kubernetes_executor.py
[2026-05-17T01:55:49.441+0000] {processor.py:914} INFO - Processing file /home/airflow/.local/lib/python3.12/site-packages/airflow/example_dags/example_kubernetes_executor.py for tasks to queue
[2026-05-17T01:55:49.443+0000] {logging_mixin.py:190} INFO - [2026-05-17T01:55:49.443+0000] {dagbag.py:588} INFO - Filling up the DagBag from /home/airflow/.local/lib/python3.12/site-packages/airflow/example_dags/example_kubernetes_executor.py
[2026-05-17T01:55:49.486+0000] {processor.py:925} INFO - DAG(s) 'example_kubernetes_executor' retrieved from /home/airflow/.local/lib/python3.12/site-packages/airflow/example_dags/example_kubernetes_executor.py
[2026-05-17T01:55:49.590+0000] {logging_mixin.py:190} INFO - [2026-05-17T01:55:49.589+0000] {dag.py:3239} INFO - Sync 1 DAGs
[2026-05-17T01:55:49.620+0000] {logging_mixin.py:190} INFO - [2026-05-17T01:55:49.620+0000] {dag.py:4180} INFO - Setting next_dagrun for example_kubernetes_executor to None, run_after=None
[2026-05-17T01:55:49.670+0000] {processor.py:208} INFO - Processing /home/airflow/.local/lib/python3.12/site-packages/airflow/example_dags/example_kubernetes_executor.py took 0.244 seconds
[2026-05-17T02:03:10.701+0000] {processor.py:186} INFO - Started process (PID=471) to work on /home/airflow/.local/lib/python3.12/site-packages/airflow/example_dags/example_kubernetes_executor.py
[2026-05-17T02:03:10.704+0000] {processor.py:914} INFO - Processing file /home/airflow/.local/lib/python3.12/site-packages/airflow/example_dags/example_kubernetes_executor.py for tasks to queue
[2026-05-17T02:03:10.709+0000] {logging_mixin.py:190} INFO - [2026-05-17T02:03:10.708+0000] {dagbag.py:588} INFO - Filling up the DagBag from /home/airflow/.local/lib/python3.12/site-packages/airflow/example_dags/example_kubernetes_executor.py
[2026-05-17T02:03:10.641+0000] {processor.py:925} INFO - DAG(s) 'example_kubernetes_executor' retrieved from /home/airflow/.local/lib/python3.12/site-packages/airflow/example_dags/example_kubernetes_executor.py
[2026-05-17T02:03:10.754+0000] {logging_mixin.py:190} INFO - [2026-05-17T02:03:10.754+0000] {dag.py:3239} INFO - Sync 1 DAGs
[2026-05-17T02:03:10.798+0000] {logging_mixin.py:190} INFO - [2026-05-17T02:03:10.797+0000] {dag.py:4180} INFO - Setting next_dagrun for example_kubernetes_executor to None, run_after=None
[2026-05-17T02:03:10.849+0000] {processor.py:208} INFO - Processing /home/airflow/.local/lib/python3.12/site-packages/airflow/example_dags/example_kubernetes_executor.py took 0.263 seconds
[2026-05-17T13:37:32.835+0000] {processor.py:186} INFO - Started process (PID=115) to work on /home/airflow/.local/lib/python3.12/site-packages/airflow/example_dags/example_kubernetes_executor.py
[2026-05-17T13:37:32.837+0000] {processor.py:914} INFO - Processing file /home/airflow/.local/lib/python3.12/site-packages/airflow/example_dags/example_kubernetes_executor.py for tasks to queue
[2026-05-17T13:37:32.843+0000] {logging_mixin.py:190} INFO - [2026-05-17T13:37:32.843+0000] {dagbag.py:588} INFO - Filling up the DagBag from /home/airflow/.local/lib/python3.12/site-packages/airflow/example_dags/example_kubernetes_executor.py
[2026-05-17T13:37:32.879+0000] {processor.py:925} INFO - DAG(s) 'example_kubernetes_executor' retrieved from /home/airflow/.local/lib/python3.12/site-packages/airflow/example_dags/example_kubernetes_executor.py
[2026-05-17T13:37:32.958+0000] {logging_mixin.py:190} INFO - [2026-05-17T13:37:32.958+0000] {dag.py:3239} INFO - Sync 1 DAGs
[2026-05-17T13:37:32.997+0000] {logging_mixin.py:190} INFO - [2026-05-17T13:37:32.996+0000] {dag.py:4180} INFO - Setting next_dagrun for example_kubernetes_executor to None, run_after=None
[2026-05-17T13:37:33.042+0000] {processor.py:208} INFO - Processing /home/airflow/.local/lib/python3.12/site-packages/airflow/example_dags/example_kubernetes_executor.py took 0.219 seconds
[2026-05-17T13:38:28.626+0000] {processor.py:186} INFO - Started process (PID=172) to work on /home/airflow/.local/lib/python3.12/site-packages/airflow/example_dags/example_kubernetes_executor.py
[2026-05-17T13:38:28.627+0000] {processor.py:914} INFO - Processing file /home/airflow/.local/lib/python3.12/site-packages/airflow/example_dags/example_kubernetes_executor.py for tasks to queue
[2026-05-17T13:38:28.628+0000] {logging_mixin.py:190} INFO - [2026-05-17T13:38:28.628+0000] {dagbag.py:588} INFO - Filling up the DagBag from /home/airflow/.local/lib/python3.12/site-packages/airflow/example_dags/example_kubernetes_executor.py
[2026-05-17T13:38:28.647+0000] {processor.py:925} INFO - DAG(s) 'example_kubernetes_executor' retrieved from /home/airflow/.local/lib/python3.12/site-packages/airflow/example_dags/example_kubernetes_executor.py
[2026-05-17T13:38:28.689+0000] {logging_mixin.py:190} INFO - [2026-05-17T13:38:28.689+0000] {dag.py:3239} INFO - Sync 1 DAGs
[2026-05-17T13:38:28.708+0000] {logging_mixin.py:190} INFO - [2026-05-17T13:38:28.708+0000] {dag.py:4180} INFO - Setting next_dagrun for example_kubernetes_executor to None, run_after=None
[2026-05-17T13:38:28.729+0000] {processor.py:208} INFO - Processing /home/airflow/.local/lib/python3.12/site-packages/airflow/example_dags/example_kubernetes_executor.py took 0.109 seconds
[2026-05-17T13:51:31.034+0000] {processor.py:186} INFO - Started process (PID=119) to work on /home/airflow/.local/lib/python3.12/site-packages/airflow/example_dags/example_kubernetes_executor.py
[2026-05-17T13:51:31.039+0000] {processor.py:914} INFO - Processing file /home/airflow/.local/lib/python3.12/site-packages/airflow/example_dags/example_kubernetes_executor.py for tasks to queue
[2026-05-17T13:51:31.046+0000] {logging_mixin.py:190} INFO - [2026-05-17T13:51:31.046+0000] {dagbag.py:588} INFO - Filling up the DagBag from /home/airflow/.local/lib/python3.12/site-packages/airflow/example_dags/example_kubernetes_executor.py
[2026-05-17T13:51:31.423+0000] {processor.py:925} INFO - DAG(s) 'example_kubernetes_executor' retrieved from /home/airflow/.local/lib/python3.12/site-packages/airflow/example_dags/example_kubernetes_executor.py
[2026-05-17T13:51:31.892+0000] {logging_mixin.py:190} INFO - [2026-05-17T13:51:31.885+0000] {dag.py:3239} INFO - Sync 1 DAGs
[2026-05-17T13:51:31.937+0000] {logging_mixin.py:190} INFO - [2026-05-17T13:51:31.937+0000] {dag.py:4180} INFO - Setting next_dagrun for example_kubernetes_executor to None, run_after=None
[2026-05-17T13:51:32.026+0000] {processor.py:208} INFO - Processing /home/airflow/.local/lib/python3.12/site-packages/airflow/example_dags/example_kubernetes_executor.py took 1.005 seconds
[2026-05-17T16:13:33.895+0000] {processor.py:186} INFO - Started process (PID=127) to work on /home/airflow/.local/lib/python3.12/site-packages/airflow/example_dags/example_kubernetes_executor.py
[2026-05-17T16:13:33.899+0000] {processor.py:914} INFO - Processing file /home/airflow/.local/lib/python3.12/site-packages/airflow/example_dags/example_kubernetes_executor.py for tasks to queue
[2026-05-17T16:13:33.903+0000] {logging_mixin.py:190} INFO - [2026-05-17T16:13:33.902+0000] {dagbag.py:588} INFO - Filling up the DagBag from /home/airflow/.local/lib/python3.12/site-packages/airflow/example_dags/example_kubernetes_executor.py
[2026-05-17T16:13:34.311+0000] {processor.py:925} INFO - DAG(s) 'example_kubernetes_executor' retrieved from /home/airflow/.local/lib/python3.12/site-packages/airflow/example_dags/example_kubernetes_executor.py
[2026-05-17T16:13:34.616+0000] {logging_mixin.py:190} INFO - [2026-05-17T16:13:34.615+0000] {dag.py:3239} INFO - Sync 1 DAGs
[2026-05-17T16:13:34.657+0000] {logging_mixin.py:190} INFO - [2026-05-17T16:13:34.657+0000] {dag.py:4180} INFO - Setting next_dagrun for example_kubernetes_executor to None, run_after=None
[2026-05-17T16:13:34.726+0000] {processor.py:208} INFO - Processing /home/airflow/.local/lib/python3.12/site-packages/airflow/example_dags/example_kubernetes_executor.py took 0.851 seconds
[2026-05-17T16:24:06.841+0000] {processor.py:186} INFO - Started process (PID=119) to work on /home/airflow/.local/lib/python3.12/site-packages/airflow/example_dags/example_kubernetes_executor.py
[2026-05-17T16:24:06.843+0000] {processor.py:914} INFO - Processing file /home/airflow/.local/lib/python3.12/site-packages/airflow/example_dags/example_kubernetes_executor.py for tasks to queue
[2026-05-17T16:24:06.849+0000] {logging_mixin.py:190} INFO - [2026-05-17T16:24:06.849+0000] {dagbag.py:588} INFO - Filling up the DagBag from /home/airflow/.local/lib/python3.12/site-packages/airflow/example_dags/example_kubernetes_executor.py
[2026-05-17T16:24:07.058+0000] {processor.py:925} INFO - DAG(s) 'example_kubernetes_executor' retrieved from /home/airflow/.local/lib/python3.12/site-packages/airflow/example_dags/example_kubernetes_executor.py
[2026-05-17T16:24:07.294+0000] {logging_mixin.py:190} INFO - [2026-05-17T16:24:07.294+0000] {dag.py:3239} INFO - Sync 1 DAGs
[2026-05-17T16:24:07.350+0000] {logging_mixin.py:190} INFO - [2026-05-17T16:24:07.350+0000] {dag.py:4180} INFO - Setting next_dagrun for example_kubernetes_executor to None, run_after=None
[2026-05-17T16:24:07.474+0000] {processor.py:208} INFO - Processing /home/airflow/.local/lib/python3.12/site-packages/airflow/example_dags/example_kubernetes_executor.py took 0.644 seconds
[2026-05-17T18:14:57.972+0000] {processor.py:186} INFO - Started process (PID=128) to work on /home/airflow/.local/lib/python3.12/site-packages/airflow/example_dags/example_kubernetes_executor.py
[2026-05-17T18:14:57.975+0000] {processor.py:914} INFO - Processing file /home/airflow/.local/lib/python3.12/site-packages/airflow/example_dags/example_kubernetes_executor.py for tasks to queue
[2026-05-17T18:14:57.984+0000] {logging_mixin.py:190} INFO - [2026-05-17T18:14:57.983+0000] {dagbag.py:588} INFO - Filling up the DagBag from /home/airflow/.local/lib/python3.12/site-packages/airflow/example_dags/example_kubernetes_executor.py
[2026-05-17T18:14:58.034+0000] {processor.py:925} INFO - DAG(s) 'example_kubernetes_executor' retrieved from /home/airflow/.local/lib/python3.12/site-packages/airflow/example_dags/example_kubernetes_executor.py
[2026-05-17T18:14:58.462+0000] {logging_mixin.py:190} INFO - [2026-05-17T18:14:58.461+0000] {dag.py:3239} INFO - Sync 1 DAGs
[2026-05-17T18:14:58.582+0000] {logging_mixin.py:190} INFO - [2026-05-17T18:14:58.580+0000] {dag.py:4180} INFO - Setting next_dagrun for example_kubernetes_executor to None, run_after=None
[2026-05-17T18:14:58.661+0000] {processor.py:208} INFO - Processing /home/airflow/.local/lib/python3.12/site-packages/airflow/example_dags/example_kubernetes_executor.py took 0.709 seconds
[2026-05-17T18:15:45.718+0000] {processor.py:186} INFO - Started process (PID=192) to work on /home/airflow/.local/lib/python3.12/site-packages/airflow/example_dags/example_kubernetes_executor.py
[2026-05-17T18:15:45.723+0000] {processor.py:914} INFO - Processing file /home/airflow/.local/lib/python3.12/site-packages/airflow/example_dags/example_kubernetes_executor.py for tasks to queue
[2026-05-17T18:15:45.730+0000] {logging_mixin.py:190} INFO - [2026-05-17T18:15:45.729+0000] {dagbag.py:588} INFO - Filling up the DagBag from /home/airflow/.local/lib/python3.12/site-packages/airflow/example_dags/example_kubernetes_executor.py
[2026-05-17T18:15:46.061+0000] {processor.py:925} INFO - DAG(s) 'example_kubernetes_executor' retrieved from /home/airflow/.local/lib/python3.12/site-packages/airflow/example_dags/example_kubernetes_executor.py
[2026-05-17T18:15:46.335+0000] {logging_mixin.py:190} INFO - [2026-05-17T18:15:46.335+0000] {dag.py:3239} INFO - Sync 1 DAGs
[2026-05-17T18:15:46.388+0000] {logging_mixin.py:190} INFO - [2026-05-17T18:15:46.388+0000] {dag.py:4180} INFO - Setting next_dagrun for example_kubernetes_executor to None, run_after=None
[2026-05-17T18:15:46.463+0000] {processor.py:208} INFO - Processing /home/airflow/.local/lib/python3.12/site-packages/airflow/example_dags/example_kubernetes_executor.py took 0.760 seconds
[2026-05-17T18:23:16.342+0000] {processor.py:186} INFO - Started process (PID=119) to work on /home/airflow/.local/lib/python3.12/site-packages/airflow/example_dags/example_kubernetes_executor.py
[2026-05-17T18:23:17.460+0000] {processor.py:914} INFO - Processing file /home/airflow/.local/lib/python3.12/site-packages/airflow/example_dags/example_kubernetes_executor.py for tasks to queue
[2026-05-17T18:23:17.464+0000] {logging_mixin.py:190} INFO - [2026-05-17T18:23:17.463+0000] {dagbag.py:588} INFO - Filling up the DagBag from /home/airflow/.local/lib/python3.12/site-packages/airflow/example_dags/example_kubernetes_executor.py
[2026-05-17T18:23:41.194+0000] {processor.py:925} INFO - DAG(s) 'example_kubernetes_executor' retrieved from /home/airflow/.local/lib/python3.12/site-packages/airflow/example_dags/example_kubernetes_executor.py
[2026-05-17T18:23:41.989+0000] {logging_mixin.py:190} INFO - [2026-05-17T18:23:41.989+0000] {dag.py:3239} INFO - Sync 1 DAGs
[2026-05-17T18:23:42.019+0000] {logging_mixin.py:190} INFO - [2026-05-17T18:23:42.018+0000] {dag.py:4180} INFO - Setting next_dagrun for example_kubernetes_executor to None, run_after=None
[2026-05-17T18:23:42.061+0000] {processor.py:208} INFO - Processing /home/airflow/.local/lib/python3.12/site-packages/airflow/example_dags/example_kubernetes_executor.py took 26.930 seconds
