[2026-05-17T00:38:24.704+0000] {processor.py:186} INFO - Started process (PID=105) to work on /home/airflow/.local/lib/python3.12/site-packages/airflow/example_dags/example_branch_datetime_operator.py
[2026-05-17T00:38:24.709+0000] {processor.py:914} INFO - Processing file /home/airflow/.local/lib/python3.12/site-packages/airflow/example_dags/example_branch_datetime_operator.py for tasks to queue
[2026-05-17T00:38:24.730+0000] {logging_mixin.py:190} INFO - [2026-05-17T00:38:24.728+0000] {dagbag.py:588} INFO - Filling up the DagBag from /home/airflow/.local/lib/python3.12/site-packages/airflow/example_dags/example_branch_datetime_operator.py
[2026-05-17T00:38:24.770+0000] {processor.py:925} INFO - DAG(s) 'example_branch_datetime_operator', 'example_branch_datetime_operator_3', 'example_branch_datetime_operator_2' retrieved from /home/airflow/.local/lib/python3.12/site-packages/airflow/example_dags/example_branch_datetime_operator.py
[2026-05-17T00:38:25.546+0000] {logging_mixin.py:190} INFO - [2026-05-17T00:38:25.537+0000] {override.py:1900} INFO - Created Permission View: can read on DAG:example_branch_datetime_operator
[2026-05-17T00:38:25.578+0000] {logging_mixin.py:190} INFO - [2026-05-17T00:38:25.576+0000] {override.py:1900} INFO - Created Permission View: can edit on DAG:example_branch_datetime_operator
[2026-05-17T00:38:25.609+0000] {logging_mixin.py:190} INFO - [2026-05-17T00:38:25.608+0000] {override.py:1900} INFO - Created Permission View: can delete on DAG:example_branch_datetime_operator
[2026-05-17T00:38:25.627+0000] {logging_mixin.py:190} INFO - [2026-05-17T00:38:25.627+0000] {override.py:1900} INFO - Created Permission View: can read on DAG Run:example_branch_datetime_operator
[2026-05-17T00:38:25.646+0000] {logging_mixin.py:190} INFO - [2026-05-17T00:38:25.645+0000] {override.py:1900} INFO - Created Permission View: can create on DAG Run:example_branch_datetime_operator
[2026-05-17T00:38:25.665+0000] {logging_mixin.py:190} INFO - [2026-05-17T00:38:25.664+0000] {override.py:1900} INFO - Created Permission View: can delete on DAG Run:example_branch_datetime_operator
[2026-05-17T00:38:25.683+0000] {logging_mixin.py:190} INFO - [2026-05-17T00:38:25.682+0000] {override.py:1900} INFO - Created Permission View: menu access on DAG Run:example_branch_datetime_operator
[2026-05-17T00:38:25.741+0000] {logging_mixin.py:190} INFO - [2026-05-17T00:38:25.741+0000] {override.py:1900} INFO - Created Permission View: can read on DAG:example_branch_datetime_operator_3
[2026-05-17T00:38:25.763+0000] {logging_mixin.py:190} INFO - [2026-05-17T00:38:25.762+0000] {override.py:1900} INFO - Created Permission View: can edit on DAG:example_branch_datetime_operator_3
[2026-05-17T00:38:25.783+0000] {logging_mixin.py:190} INFO - [2026-05-17T00:38:25.783+0000] {override.py:1900} INFO - Created Permission View: can delete on DAG:example_branch_datetime_operator_3
[2026-05-17T00:38:25.825+0000] {logging_mixin.py:190} INFO - [2026-05-17T00:38:25.824+0000] {override.py:1900} INFO - Created Permission View: can read on DAG Run:example_branch_datetime_operator_3
[2026-05-17T00:38:25.858+0000] {logging_mixin.py:190} INFO - [2026-05-17T00:38:25.857+0000] {override.py:1900} INFO - Created Permission View: can create on DAG Run:example_branch_datetime_operator_3
[2026-05-17T00:38:25.893+0000] {logging_mixin.py:190} INFO - [2026-05-17T00:38:25.892+0000] {override.py:1900} INFO - Created Permission View: can delete on DAG Run:example_branch_datetime_operator_3
[2026-05-17T00:38:25.929+0000] {logging_mixin.py:190} INFO - [2026-05-17T00:38:25.928+0000] {override.py:1900} INFO - Created Permission View: menu access on DAG Run:example_branch_datetime_operator_3
[2026-05-17T00:38:26.000+0000] {logging_mixin.py:190} INFO - [2026-05-17T00:38:26.000+0000] {override.py:1900} INFO - Created Permission View: can read on DAG:example_branch_datetime_operator_2
[2026-05-17T00:38:26.024+0000] {logging_mixin.py:190} INFO - [2026-05-17T00:38:26.023+0000] {override.py:1900} INFO - Created Permission View: can edit on DAG:example_branch_datetime_operator_2
[2026-05-17T00:38:26.052+0000] {logging_mixin.py:190} INFO - [2026-05-17T00:38:26.051+0000] {override.py:1900} INFO - Created Permission View: can delete on DAG:example_branch_datetime_operator_2
[2026-05-17T00:38:26.079+0000] {logging_mixin.py:190} INFO - [2026-05-17T00:38:26.078+0000] {override.py:1900} INFO - Created Permission View: can read on DAG Run:example_branch_datetime_operator_2
[2026-05-17T00:38:26.100+0000] {logging_mixin.py:190} INFO - [2026-05-17T00:38:26.100+0000] {override.py:1900} INFO - Created Permission View: can create on DAG Run:example_branch_datetime_operator_2
[2026-05-17T00:38:26.121+0000] {logging_mixin.py:190} INFO - [2026-05-17T00:38:26.120+0000] {override.py:1900} INFO - Created Permission View: can delete on DAG Run:example_branch_datetime_operator_2
[2026-05-17T00:38:26.143+0000] {logging_mixin.py:190} INFO - [2026-05-17T00:38:26.142+0000] {override.py:1900} INFO - Created Permission View: menu access on DAG Run:example_branch_datetime_operator_2
[2026-05-17T00:38:26.144+0000] {logging_mixin.py:190} INFO - [2026-05-17T00:38:26.143+0000] {dag.py:3239} INFO - Sync 3 DAGs
[2026-05-17T00:38:26.181+0000] {logging_mixin.py:190} INFO - [2026-05-17T00:38:26.180+0000] {dag.py:3262} INFO - Creating ORM DAG for example_branch_datetime_operator_2
[2026-05-17T00:38:26.185+0000] {logging_mixin.py:190} INFO - [2026-05-17T00:38:26.184+0000] {dag.py:3262} INFO - Creating ORM DAG for example_branch_datetime_operator_3
[2026-05-17T00:38:26.187+0000] {logging_mixin.py:190} INFO - [2026-05-17T00:38:26.186+0000] {dag.py:3262} INFO - Creating ORM DAG for example_branch_datetime_operator
[2026-05-17T00:38:26.244+0000] {logging_mixin.py:190} INFO - [2026-05-17T00:38:26.243+0000] {dag.py:4180} INFO - Setting next_dagrun for example_branch_datetime_operator to 2026-05-16 00:00:00+00:00, run_after=2026-05-17 00:00:00+00:00
[2026-05-17T00:38:26.253+0000] {logging_mixin.py:190} INFO - [2026-05-17T00:38:26.252+0000] {dag.py:4180} INFO - Setting next_dagrun for example_branch_datetime_operator_2 to 2026-05-16 00:00:00+00:00, run_after=2026-05-17 00:00:00+00:00
[2026-05-17T00:38:26.258+0000] {logging_mixin.py:190} INFO - [2026-05-17T00:38:26.258+0000] {dag.py:4180} INFO - Setting next_dagrun for example_branch_datetime_operator_3 to 2026-05-16 00:00:00+00:00, run_after=2026-05-17 00:00:00+00:00
[2026-05-17T00:38:26.338+0000] {processor.py:208} INFO - Processing /home/airflow/.local/lib/python3.12/site-packages/airflow/example_dags/example_branch_datetime_operator.py took 1.652 seconds
[2026-05-17T00:38:56.542+0000] {processor.py:186} INFO - Started process (PID=167) to work on /home/airflow/.local/lib/python3.12/site-packages/airflow/example_dags/example_branch_datetime_operator.py
[2026-05-17T00:38:56.544+0000] {processor.py:914} INFO - Processing file /home/airflow/.local/lib/python3.12/site-packages/airflow/example_dags/example_branch_datetime_operator.py for tasks to queue
[2026-05-17T00:38:56.551+0000] {logging_mixin.py:190} INFO - [2026-05-17T00:38:56.549+0000] {dagbag.py:588} INFO - Filling up the DagBag from /home/airflow/.local/lib/python3.12/site-packages/airflow/example_dags/example_branch_datetime_operator.py
[2026-05-17T00:38:56.590+0000] {processor.py:925} INFO - DAG(s) 'example_branch_datetime_operator_2', 'example_branch_datetime_operator', 'example_branch_datetime_operator_3' retrieved from /home/airflow/.local/lib/python3.12/site-packages/airflow/example_dags/example_branch_datetime_operator.py
[2026-05-17T00:38:56.693+0000] {logging_mixin.py:190} INFO - [2026-05-17T00:38:56.692+0000] {dag.py:3239} INFO - Sync 3 DAGs
[2026-05-17T00:38:56.774+0000] {logging_mixin.py:190} INFO - [2026-05-17T00:38:56.774+0000] {dag.py:4180} INFO - Setting next_dagrun for example_branch_datetime_operator to 2026-05-16 00:00:00+00:00, run_after=2026-05-17 00:00:00+00:00
[2026-05-17T00:38:56.789+0000] {logging_mixin.py:190} INFO - [2026-05-17T00:38:56.789+0000] {dag.py:4180} INFO - Setting next_dagrun for example_branch_datetime_operator_2 to 2026-05-16 00:00:00+00:00, run_after=2026-05-17 00:00:00+00:00
[2026-05-17T00:38:56.796+0000] {logging_mixin.py:190} INFO - [2026-05-17T00:38:56.796+0000] {dag.py:4180} INFO - Setting next_dagrun for example_branch_datetime_operator_3 to 2026-05-16 00:00:00+00:00, run_after=2026-05-17 00:00:00+00:00
[2026-05-17T00:38:56.855+0000] {processor.py:208} INFO - Processing /home/airflow/.local/lib/python3.12/site-packages/airflow/example_dags/example_branch_datetime_operator.py took 0.329 seconds
[2026-05-17T01:21:44.600+0000] {processor.py:186} INFO - Started process (PID=115) to work on /home/airflow/.local/lib/python3.12/site-packages/airflow/example_dags/example_branch_datetime_operator.py
[2026-05-17T01:21:44.608+0000] {processor.py:914} INFO - Processing file /home/airflow/.local/lib/python3.12/site-packages/airflow/example_dags/example_branch_datetime_operator.py for tasks to queue
[2026-05-17T01:21:44.628+0000] {logging_mixin.py:190} INFO - [2026-05-17T01:21:44.627+0000] {dagbag.py:588} INFO - Filling up the DagBag from /home/airflow/.local/lib/python3.12/site-packages/airflow/example_dags/example_branch_datetime_operator.py
[2026-05-17T01:21:44.750+0000] {processor.py:925} INFO - DAG(s) 'example_branch_datetime_operator', 'example_branch_datetime_operator_2', 'example_branch_datetime_operator_3' retrieved from /home/airflow/.local/lib/python3.12/site-packages/airflow/example_dags/example_branch_datetime_operator.py
[2026-05-17T01:21:44.953+0000] {logging_mixin.py:190} INFO - [2026-05-17T01:21:44.953+0000] {dag.py:3239} INFO - Sync 3 DAGs
[2026-05-17T01:21:45.844+0000] {logging_mixin.py:190} INFO - [2026-05-17T01:21:45.843+0000] {dag.py:4180} INFO - Setting next_dagrun for example_branch_datetime_operator to 2026-05-16 00:00:00+00:00, run_after=2026-05-17 00:00:00+00:00
[2026-05-17T01:21:45.862+0000] {logging_mixin.py:190} INFO - [2026-05-17T01:21:45.857+0000] {dag.py:4180} INFO - Setting next_dagrun for example_branch_datetime_operator_2 to 2026-05-16 00:00:00+00:00, run_after=2026-05-17 00:00:00+00:00
[2026-05-17T01:21:45.874+0000] {logging_mixin.py:190} INFO - [2026-05-17T01:21:45.873+0000] {dag.py:4180} INFO - Setting next_dagrun for example_branch_datetime_operator_3 to 2026-05-16 00:00:00+00:00, run_after=2026-05-17 00:00:00+00:00
[2026-05-17T01:21:45.951+0000] {processor.py:208} INFO - Processing /home/airflow/.local/lib/python3.12/site-packages/airflow/example_dags/example_branch_datetime_operator.py took 1.391 seconds
[2026-05-17T01:22:50.394+0000] {processor.py:186} INFO - Started process (PID=184) to work on /home/airflow/.local/lib/python3.12/site-packages/airflow/example_dags/example_branch_datetime_operator.py
[2026-05-17T01:22:50.396+0000] {processor.py:914} INFO - Processing file /home/airflow/.local/lib/python3.12/site-packages/airflow/example_dags/example_branch_datetime_operator.py for tasks to queue
[2026-05-17T01:22:50.401+0000] {logging_mixin.py:190} INFO - [2026-05-17T01:22:50.400+0000] {dagbag.py:588} INFO - Filling up the DagBag from /home/airflow/.local/lib/python3.12/site-packages/airflow/example_dags/example_branch_datetime_operator.py
[2026-05-17T01:22:50.426+0000] {processor.py:925} INFO - DAG(s) 'example_branch_datetime_operator_3', 'example_branch_datetime_operator', 'example_branch_datetime_operator_2' retrieved from /home/airflow/.local/lib/python3.12/site-packages/airflow/example_dags/example_branch_datetime_operator.py
[2026-05-17T01:22:50.480+0000] {logging_mixin.py:190} INFO - [2026-05-17T01:22:50.479+0000] {dag.py:3239} INFO - Sync 3 DAGs
[2026-05-17T01:22:50.534+0000] {logging_mixin.py:190} INFO - [2026-05-17T01:22:50.534+0000] {dag.py:4180} INFO - Setting next_dagrun for example_branch_datetime_operator to 2026-05-16 00:00:00+00:00, run_after=2026-05-17 00:00:00+00:00
[2026-05-17T01:22:50.544+0000] {logging_mixin.py:190} INFO - [2026-05-17T01:22:50.544+0000] {dag.py:4180} INFO - Setting next_dagrun for example_branch_datetime_operator_2 to 2026-05-16 00:00:00+00:00, run_after=2026-05-17 00:00:00+00:00
[2026-05-17T01:22:50.549+0000] {logging_mixin.py:190} INFO - [2026-05-17T01:22:50.549+0000] {dag.py:4180} INFO - Setting next_dagrun for example_branch_datetime_operator_3 to 2026-05-16 00:00:00+00:00, run_after=2026-05-17 00:00:00+00:00
[2026-05-17T01:22:50.578+0000] {processor.py:208} INFO - Processing /home/airflow/.local/lib/python3.12/site-packages/airflow/example_dags/example_branch_datetime_operator.py took 0.194 seconds
[2026-05-17T01:51:48.085+0000] {processor.py:186} INFO - Started process (PID=270) to work on /home/airflow/.local/lib/python3.12/site-packages/airflow/example_dags/example_branch_datetime_operator.py
[2026-05-17T01:51:48.087+0000] {processor.py:914} INFO - Processing file /home/airflow/.local/lib/python3.12/site-packages/airflow/example_dags/example_branch_datetime_operator.py for tasks to queue
[2026-05-17T01:51:48.090+0000] {logging_mixin.py:190} INFO - [2026-05-17T01:51:48.090+0000] {dagbag.py:588} INFO - Filling up the DagBag from /home/airflow/.local/lib/python3.12/site-packages/airflow/example_dags/example_branch_datetime_operator.py
[2026-05-17T01:51:48.109+0000] {processor.py:925} INFO - DAG(s) 'example_branch_datetime_operator_3', 'example_branch_datetime_operator_2', 'example_branch_datetime_operator' retrieved from /home/airflow/.local/lib/python3.12/site-packages/airflow/example_dags/example_branch_datetime_operator.py
[2026-05-17T01:51:48.148+0000] {logging_mixin.py:190} INFO - [2026-05-17T01:51:48.148+0000] {dag.py:3239} INFO - Sync 3 DAGs
[2026-05-17T01:51:48.180+0000] {logging_mixin.py:190} INFO - [2026-05-17T01:51:48.179+0000] {dag.py:4180} INFO - Setting next_dagrun for example_branch_datetime_operator to 2026-05-16 00:00:00+00:00, run_after=2026-05-17 00:00:00+00:00
[2026-05-17T01:51:48.187+0000] {logging_mixin.py:190} INFO - [2026-05-17T01:51:48.186+0000] {dag.py:4180} INFO - Setting next_dagrun for example_branch_datetime_operator_2 to 2026-05-16 00:00:00+00:00, run_after=2026-05-17 00:00:00+00:00
[2026-05-17T01:51:48.190+0000] {logging_mixin.py:190} INFO - [2026-05-17T01:51:48.190+0000] {dag.py:4180} INFO - Setting next_dagrun for example_branch_datetime_operator_3 to 2026-05-16 00:00:00+00:00, run_after=2026-05-17 00:00:00+00:00
[2026-05-17T01:51:48.217+0000] {processor.py:208} INFO - Processing /home/airflow/.local/lib/python3.12/site-packages/airflow/example_dags/example_branch_datetime_operator.py took 0.141 seconds
[2026-05-17T01:55:10.406+0000] {processor.py:186} INFO - Started process (PID=334) to work on /home/airflow/.local/lib/python3.12/site-packages/airflow/example_dags/example_branch_datetime_operator.py
[2026-05-17T01:55:10.407+0000] {processor.py:914} INFO - Processing file /home/airflow/.local/lib/python3.12/site-packages/airflow/example_dags/example_branch_datetime_operator.py for tasks to queue
[2026-05-17T01:55:10.409+0000] {logging_mixin.py:190} INFO - [2026-05-17T01:55:10.409+0000] {dagbag.py:588} INFO - Filling up the DagBag from /home/airflow/.local/lib/python3.12/site-packages/airflow/example_dags/example_branch_datetime_operator.py
[2026-05-17T01:55:10.431+0000] {processor.py:925} INFO - DAG(s) 'example_branch_datetime_operator_3', 'example_branch_datetime_operator_2', 'example_branch_datetime_operator' retrieved from /home/airflow/.local/lib/python3.12/site-packages/airflow/example_dags/example_branch_datetime_operator.py
[2026-05-17T01:55:10.491+0000] {logging_mixin.py:190} INFO - [2026-05-17T01:55:10.490+0000] {dag.py:3239} INFO - Sync 3 DAGs
[2026-05-17T01:55:10.612+0000] {logging_mixin.py:190} INFO - [2026-05-17T01:55:10.612+0000] {dag.py:4180} INFO - Setting next_dagrun for example_branch_datetime_operator to 2026-05-16 00:00:00+00:00, run_after=2026-05-17 00:00:00+00:00
[2026-05-17T01:55:10.628+0000] {logging_mixin.py:190} INFO - [2026-05-17T01:55:10.627+0000] {dag.py:4180} INFO - Setting next_dagrun for example_branch_datetime_operator_2 to 2026-05-16 00:00:00+00:00, run_after=2026-05-17 00:00:00+00:00
[2026-05-17T01:55:10.636+0000] {logging_mixin.py:190} INFO - [2026-05-17T01:55:10.636+0000] {dag.py:4180} INFO - Setting next_dagrun for example_branch_datetime_operator_3 to 2026-05-16 00:00:00+00:00, run_after=2026-05-17 00:00:00+00:00
[2026-05-17T01:55:10.677+0000] {processor.py:208} INFO - Processing /home/airflow/.local/lib/python3.12/site-packages/airflow/example_dags/example_branch_datetime_operator.py took 0.281 seconds
[2026-05-17T01:55:46.195+0000] {processor.py:186} INFO - Started process (PID=397) to work on /home/airflow/.local/lib/python3.12/site-packages/airflow/example_dags/example_branch_datetime_operator.py
[2026-05-17T01:55:46.196+0000] {processor.py:914} INFO - Processing file /home/airflow/.local/lib/python3.12/site-packages/airflow/example_dags/example_branch_datetime_operator.py for tasks to queue
[2026-05-17T01:55:46.198+0000] {logging_mixin.py:190} INFO - [2026-05-17T01:55:46.198+0000] {dagbag.py:588} INFO - Filling up the DagBag from /home/airflow/.local/lib/python3.12/site-packages/airflow/example_dags/example_branch_datetime_operator.py
[2026-05-17T01:55:46.355+0000] {processor.py:925} INFO - DAG(s) 'example_branch_datetime_operator_3', 'example_branch_datetime_operator_2', 'example_branch_datetime_operator' retrieved from /home/airflow/.local/lib/python3.12/site-packages/airflow/example_dags/example_branch_datetime_operator.py
[2026-05-17T01:55:46.393+0000] {logging_mixin.py:190} INFO - [2026-05-17T01:55:46.393+0000] {dag.py:3239} INFO - Sync 3 DAGs
[2026-05-17T01:55:46.426+0000] {logging_mixin.py:190} INFO - [2026-05-17T01:55:46.425+0000] {dag.py:4180} INFO - Setting next_dagrun for example_branch_datetime_operator to 2026-05-16 00:00:00+00:00, run_after=2026-05-17 00:00:00+00:00
[2026-05-17T01:55:46.436+0000] {logging_mixin.py:190} INFO - [2026-05-17T01:55:46.436+0000] {dag.py:4180} INFO - Setting next_dagrun for example_branch_datetime_operator_2 to 2026-05-16 00:00:00+00:00, run_after=2026-05-17 00:00:00+00:00
[2026-05-17T01:55:46.441+0000] {logging_mixin.py:190} INFO - [2026-05-17T01:55:46.441+0000] {dag.py:4180} INFO - Setting next_dagrun for example_branch_datetime_operator_3 to 2026-05-16 00:00:00+00:00, run_after=2026-05-17 00:00:00+00:00
[2026-05-17T01:55:46.504+0000] {processor.py:208} INFO - Processing /home/airflow/.local/lib/python3.12/site-packages/airflow/example_dags/example_branch_datetime_operator.py took 0.325 seconds
[2026-05-17T01:56:19.882+0000] {processor.py:186} INFO - Started process (PID=460) to work on /home/airflow/.local/lib/python3.12/site-packages/airflow/example_dags/example_branch_datetime_operator.py
[2026-05-17T01:56:19.886+0000] {processor.py:914} INFO - Processing file /home/airflow/.local/lib/python3.12/site-packages/airflow/example_dags/example_branch_datetime_operator.py for tasks to queue
[2026-05-17T01:56:19.889+0000] {logging_mixin.py:190} INFO - [2026-05-17T01:56:19.888+0000] {dagbag.py:588} INFO - Filling up the DagBag from /home/airflow/.local/lib/python3.12/site-packages/airflow/example_dags/example_branch_datetime_operator.py
[2026-05-17T01:56:19.955+0000] {processor.py:925} INFO - DAG(s) 'example_branch_datetime_operator_2', 'example_branch_datetime_operator_3', 'example_branch_datetime_operator' retrieved from /home/airflow/.local/lib/python3.12/site-packages/airflow/example_dags/example_branch_datetime_operator.py
[2026-05-17T01:56:20.077+0000] {logging_mixin.py:190} INFO - [2026-05-17T01:56:20.077+0000] {dag.py:3239} INFO - Sync 3 DAGs
[2026-05-17T01:56:20.209+0000] {logging_mixin.py:190} INFO - [2026-05-17T01:56:20.209+0000] {dag.py:4180} INFO - Setting next_dagrun for example_branch_datetime_operator to 2026-05-16 00:00:00+00:00, run_after=2026-05-17 00:00:00+00:00
[2026-05-17T01:56:20.217+0000] {logging_mixin.py:190} INFO - [2026-05-17T01:56:20.217+0000] {dag.py:4180} INFO - Setting next_dagrun for example_branch_datetime_operator_2 to 2026-05-16 00:00:00+00:00, run_after=2026-05-17 00:00:00+00:00
[2026-05-17T01:56:20.222+0000] {logging_mixin.py:190} INFO - [2026-05-17T01:56:20.221+0000] {dag.py:4180} INFO - Setting next_dagrun for example_branch_datetime_operator_3 to 2026-05-16 00:00:00+00:00, run_after=2026-05-17 00:00:00+00:00
[2026-05-17T01:56:20.329+0000] {processor.py:208} INFO - Processing /home/airflow/.local/lib/python3.12/site-packages/airflow/example_dags/example_branch_datetime_operator.py took 0.548 seconds
[2026-05-17T13:16:26.832+0000] {processor.py:186} INFO - Started process (PID=113) to work on /home/airflow/.local/lib/python3.12/site-packages/airflow/example_dags/example_branch_datetime_operator.py
[2026-05-17T13:16:26.835+0000] {processor.py:914} INFO - Processing file /home/airflow/.local/lib/python3.12/site-packages/airflow/example_dags/example_branch_datetime_operator.py for tasks to queue
[2026-05-17T13:16:26.845+0000] {logging_mixin.py:190} INFO - [2026-05-17T13:16:26.844+0000] {dagbag.py:588} INFO - Filling up the DagBag from /home/airflow/.local/lib/python3.12/site-packages/airflow/example_dags/example_branch_datetime_operator.py
[2026-05-17T13:16:26.940+0000] {processor.py:925} INFO - DAG(s) 'example_branch_datetime_operator', 'example_branch_datetime_operator_2', 'example_branch_datetime_operator_3' retrieved from /home/airflow/.local/lib/python3.12/site-packages/airflow/example_dags/example_branch_datetime_operator.py
[2026-05-17T13:16:27.012+0000] {logging_mixin.py:190} INFO - [2026-05-17T13:16:27.012+0000] {dag.py:3239} INFO - Sync 3 DAGs
[2026-05-17T13:16:27.190+0000] {logging_mixin.py:190} INFO - [2026-05-17T13:16:27.189+0000] {dag.py:4180} INFO - Setting next_dagrun for example_branch_datetime_operator to 2026-05-16 00:00:00+00:00, run_after=2026-05-17 00:00:00+00:00
[2026-05-17T13:16:27.211+0000] {logging_mixin.py:190} INFO - [2026-05-17T13:16:27.210+0000] {dag.py:4180} INFO - Setting next_dagrun for example_branch_datetime_operator_2 to 2026-05-16 00:00:00+00:00, run_after=2026-05-17 00:00:00+00:00
[2026-05-17T13:16:27.219+0000] {logging_mixin.py:190} INFO - [2026-05-17T13:16:27.218+0000] {dag.py:4180} INFO - Setting next_dagrun for example_branch_datetime_operator_3 to 2026-05-16 00:00:00+00:00, run_after=2026-05-17 00:00:00+00:00
[2026-05-17T13:16:27.281+0000] {processor.py:208} INFO - Processing /home/airflow/.local/lib/python3.12/site-packages/airflow/example_dags/example_branch_datetime_operator.py took 0.476 seconds
[2026-05-17T13:37:31.153+0000] {processor.py:186} INFO - Started process (PID=104) to work on /home/airflow/.local/lib/python3.12/site-packages/airflow/example_dags/example_branch_datetime_operator.py
[2026-05-17T13:37:31.156+0000] {processor.py:914} INFO - Processing file /home/airflow/.local/lib/python3.12/site-packages/airflow/example_dags/example_branch_datetime_operator.py for tasks to queue
[2026-05-17T13:37:31.160+0000] {logging_mixin.py:190} INFO - [2026-05-17T13:37:31.159+0000] {dagbag.py:588} INFO - Filling up the DagBag from /home/airflow/.local/lib/python3.12/site-packages/airflow/example_dags/example_branch_datetime_operator.py
[2026-05-17T13:37:31.180+0000] {processor.py:925} INFO - DAG(s) 'example_branch_datetime_operator_3', 'example_branch_datetime_operator', 'example_branch_datetime_operator_2' retrieved from /home/airflow/.local/lib/python3.12/site-packages/airflow/example_dags/example_branch_datetime_operator.py
[2026-05-17T13:37:31.229+0000] {logging_mixin.py:190} INFO - [2026-05-17T13:37:31.229+0000] {dag.py:3239} INFO - Sync 3 DAGs
[2026-05-17T13:37:31.274+0000] {logging_mixin.py:190} INFO - [2026-05-17T13:37:31.274+0000] {dag.py:4180} INFO - Setting next_dagrun for example_branch_datetime_operator to 2026-05-16 00:00:00+00:00, run_after=2026-05-17 00:00:00+00:00
[2026-05-17T13:37:31.281+0000] {logging_mixin.py:190} INFO - [2026-05-17T13:37:31.281+0000] {dag.py:4180} INFO - Setting next_dagrun for example_branch_datetime_operator_2 to 2026-05-16 00:00:00+00:00, run_after=2026-05-17 00:00:00+00:00
[2026-05-17T13:37:31.287+0000] {logging_mixin.py:190} INFO - [2026-05-17T13:37:31.287+0000] {dag.py:4180} INFO - Setting next_dagrun for example_branch_datetime_operator_3 to 2026-05-16 00:00:00+00:00, run_after=2026-05-17 00:00:00+00:00
[2026-05-17T13:37:31.313+0000] {processor.py:208} INFO - Processing /home/airflow/.local/lib/python3.12/site-packages/airflow/example_dags/example_branch_datetime_operator.py took 0.170 seconds
[2026-05-17T13:38:27.504+0000] {processor.py:186} INFO - Started process (PID=161) to work on /home/airflow/.local/lib/python3.12/site-packages/airflow/example_dags/example_branch_datetime_operator.py
[2026-05-17T13:38:27.505+0000] {processor.py:914} INFO - Processing file /home/airflow/.local/lib/python3.12/site-packages/airflow/example_dags/example_branch_datetime_operator.py for tasks to queue
[2026-05-17T13:38:27.506+0000] {logging_mixin.py:190} INFO - [2026-05-17T13:38:27.506+0000] {dagbag.py:588} INFO - Filling up the DagBag from /home/airflow/.local/lib/python3.12/site-packages/airflow/example_dags/example_branch_datetime_operator.py
[2026-05-17T13:38:27.521+0000] {processor.py:925} INFO - DAG(s) 'example_branch_datetime_operator_2', 'example_branch_datetime_operator', 'example_branch_datetime_operator_3' retrieved from /home/airflow/.local/lib/python3.12/site-packages/airflow/example_dags/example_branch_datetime_operator.py
[2026-05-17T13:38:27.567+0000] {logging_mixin.py:190} INFO - [2026-05-17T13:38:27.566+0000] {dag.py:3239} INFO - Sync 3 DAGs
[2026-05-17T13:38:27.601+0000] {logging_mixin.py:190} INFO - [2026-05-17T13:38:27.600+0000] {dag.py:4180} INFO - Setting next_dagrun for example_branch_datetime_operator to 2026-05-16 00:00:00+00:00, run_after=2026-05-17 00:00:00+00:00
[2026-05-17T13:38:27.606+0000] {logging_mixin.py:190} INFO - [2026-05-17T13:38:27.606+0000] {dag.py:4180} INFO - Setting next_dagrun for example_branch_datetime_operator_2 to 2026-05-16 00:00:00+00:00, run_after=2026-05-17 00:00:00+00:00
[2026-05-17T13:38:27.609+0000] {logging_mixin.py:190} INFO - [2026-05-17T13:38:27.608+0000] {dag.py:4180} INFO - Setting next_dagrun for example_branch_datetime_operator_3 to 2026-05-16 00:00:00+00:00, run_after=2026-05-17 00:00:00+00:00
[2026-05-17T13:38:27.631+0000] {processor.py:208} INFO - Processing /home/airflow/.local/lib/python3.12/site-packages/airflow/example_dags/example_branch_datetime_operator.py took 0.135 seconds
[2026-05-17T13:50:56.659+0000] {processor.py:186} INFO - Started process (PID=108) to work on /home/airflow/.local/lib/python3.12/site-packages/airflow/example_dags/example_branch_datetime_operator.py
[2026-05-17T13:50:56.665+0000] {processor.py:914} INFO - Processing file /home/airflow/.local/lib/python3.12/site-packages/airflow/example_dags/example_branch_datetime_operator.py for tasks to queue
[2026-05-17T13:50:56.682+0000] {logging_mixin.py:190} INFO - [2026-05-17T13:50:56.681+0000] {dagbag.py:588} INFO - Filling up the DagBag from /home/airflow/.local/lib/python3.12/site-packages/airflow/example_dags/example_branch_datetime_operator.py
[2026-05-17T13:50:56.731+0000] {processor.py:925} INFO - DAG(s) 'example_branch_datetime_operator_3', 'example_branch_datetime_operator', 'example_branch_datetime_operator_2' retrieved from /home/airflow/.local/lib/python3.12/site-packages/airflow/example_dags/example_branch_datetime_operator.py
[2026-05-17T13:50:56.907+0000] {logging_mixin.py:190} INFO - [2026-05-17T13:50:56.906+0000] {dag.py:3239} INFO - Sync 3 DAGs
[2026-05-17T13:50:57.069+0000] {logging_mixin.py:190} INFO - [2026-05-17T13:50:57.068+0000] {dag.py:4180} INFO - Setting next_dagrun for example_branch_datetime_operator to 2026-05-16 00:00:00+00:00, run_after=2026-05-17 00:00:00+00:00
[2026-05-17T13:50:57.085+0000] {logging_mixin.py:190} INFO - [2026-05-17T13:50:57.085+0000] {dag.py:4180} INFO - Setting next_dagrun for example_branch_datetime_operator_2 to 2026-05-16 00:00:00+00:00, run_after=2026-05-17 00:00:00+00:00
[2026-05-17T13:50:57.103+0000] {logging_mixin.py:190} INFO - [2026-05-17T13:50:57.102+0000] {dag.py:4180} INFO - Setting next_dagrun for example_branch_datetime_operator_3 to 2026-05-16 00:00:00+00:00, run_after=2026-05-17 00:00:00+00:00
[2026-05-17T13:50:57.167+0000] {processor.py:208} INFO - Processing /home/airflow/.local/lib/python3.12/site-packages/airflow/example_dags/example_branch_datetime_operator.py took 0.532 seconds
[2026-05-17T16:13:03.060+0000] {processor.py:186} INFO - Started process (PID=116) to work on /home/airflow/.local/lib/python3.12/site-packages/airflow/example_dags/example_branch_datetime_operator.py
[2026-05-17T16:13:03.063+0000] {processor.py:914} INFO - Processing file /home/airflow/.local/lib/python3.12/site-packages/airflow/example_dags/example_branch_datetime_operator.py for tasks to queue
[2026-05-17T16:13:03.073+0000] {logging_mixin.py:190} INFO - [2026-05-17T16:13:03.073+0000] {dagbag.py:588} INFO - Filling up the DagBag from /home/airflow/.local/lib/python3.12/site-packages/airflow/example_dags/example_branch_datetime_operator.py
[2026-05-17T16:13:03.114+0000] {processor.py:925} INFO - DAG(s) 'example_branch_datetime_operator_2', 'example_branch_datetime_operator', 'example_branch_datetime_operator_3' retrieved from /home/airflow/.local/lib/python3.12/site-packages/airflow/example_dags/example_branch_datetime_operator.py
[2026-05-17T16:13:03.288+0000] {logging_mixin.py:190} INFO - [2026-05-17T16:13:03.287+0000] {dag.py:3239} INFO - Sync 3 DAGs
[2026-05-17T16:13:03.522+0000] {logging_mixin.py:190} INFO - [2026-05-17T16:13:03.521+0000] {dag.py:4180} INFO - Setting next_dagrun for example_branch_datetime_operator to 2026-05-16 00:00:00+00:00, run_after=2026-05-17 00:00:00+00:00
[2026-05-17T16:13:03.538+0000] {logging_mixin.py:190} INFO - [2026-05-17T16:13:03.537+0000] {dag.py:4180} INFO - Setting next_dagrun for example_branch_datetime_operator_2 to 2026-05-16 00:00:00+00:00, run_after=2026-05-17 00:00:00+00:00
[2026-05-17T16:13:03.544+0000] {logging_mixin.py:190} INFO - [2026-05-17T16:13:03.544+0000] {dag.py:4180} INFO - Setting next_dagrun for example_branch_datetime_operator_3 to 2026-05-16 00:00:00+00:00, run_after=2026-05-17 00:00:00+00:00
[2026-05-17T16:13:03.674+0000] {processor.py:208} INFO - Processing /home/airflow/.local/lib/python3.12/site-packages/airflow/example_dags/example_branch_datetime_operator.py took 0.650 seconds
[2026-05-17T16:23:31.216+0000] {processor.py:186} INFO - Started process (PID=108) to work on /home/airflow/.local/lib/python3.12/site-packages/airflow/example_dags/example_branch_datetime_operator.py
[2026-05-17T16:23:31.218+0000] {processor.py:914} INFO - Processing file /home/airflow/.local/lib/python3.12/site-packages/airflow/example_dags/example_branch_datetime_operator.py for tasks to queue
[2026-05-17T16:23:31.229+0000] {logging_mixin.py:190} INFO - [2026-05-17T16:23:31.227+0000] {dagbag.py:588} INFO - Filling up the DagBag from /home/airflow/.local/lib/python3.12/site-packages/airflow/example_dags/example_branch_datetime_operator.py
[2026-05-17T16:23:31.309+0000] {processor.py:925} INFO - DAG(s) 'example_branch_datetime_operator', 'example_branch_datetime_operator_3', 'example_branch_datetime_operator_2' retrieved from /home/airflow/.local/lib/python3.12/site-packages/airflow/example_dags/example_branch_datetime_operator.py
[2026-05-17T16:23:31.376+0000] {logging_mixin.py:190} INFO - [2026-05-17T16:23:31.376+0000] {dag.py:3239} INFO - Sync 3 DAGs
[2026-05-17T16:23:31.526+0000] {logging_mixin.py:190} INFO - [2026-05-17T16:23:31.524+0000] {dag.py:4180} INFO - Setting next_dagrun for example_branch_datetime_operator to 2026-05-16 00:00:00+00:00, run_after=2026-05-17 00:00:00+00:00
[2026-05-17T16:23:31.543+0000] {logging_mixin.py:190} INFO - [2026-05-17T16:23:31.543+0000] {dag.py:4180} INFO - Setting next_dagrun for example_branch_datetime_operator_2 to 2026-05-16 00:00:00+00:00, run_after=2026-05-17 00:00:00+00:00
[2026-05-17T16:23:31.555+0000] {logging_mixin.py:190} INFO - [2026-05-17T16:23:31.555+0000] {dag.py:4180} INFO - Setting next_dagrun for example_branch_datetime_operator_3 to 2026-05-16 00:00:00+00:00, run_after=2026-05-17 00:00:00+00:00
[2026-05-17T16:23:31.618+0000] {processor.py:208} INFO - Processing /home/airflow/.local/lib/python3.12/site-packages/airflow/example_dags/example_branch_datetime_operator.py took 0.414 seconds
[2026-05-17T16:24:22.578+0000] {processor.py:186} INFO - Started process (PID=165) to work on /home/airflow/.local/lib/python3.12/site-packages/airflow/example_dags/example_branch_datetime_operator.py
[2026-05-17T16:24:22.581+0000] {processor.py:914} INFO - Processing file /home/airflow/.local/lib/python3.12/site-packages/airflow/example_dags/example_branch_datetime_operator.py for tasks to queue
[2026-05-17T16:24:22.584+0000] {logging_mixin.py:190} INFO - [2026-05-17T16:24:22.583+0000] {dagbag.py:588} INFO - Filling up the DagBag from /home/airflow/.local/lib/python3.12/site-packages/airflow/example_dags/example_branch_datetime_operator.py
[2026-05-17T16:24:22.632+0000] {processor.py:925} INFO - DAG(s) 'example_branch_datetime_operator', 'example_branch_datetime_operator_2', 'example_branch_datetime_operator_3' retrieved from /home/airflow/.local/lib/python3.12/site-packages/airflow/example_dags/example_branch_datetime_operator.py
[2026-05-17T16:24:22.705+0000] {logging_mixin.py:190} INFO - [2026-05-17T16:24:22.704+0000] {dag.py:3239} INFO - Sync 3 DAGs
[2026-05-17T16:24:22.789+0000] {logging_mixin.py:190} INFO - [2026-05-17T16:24:22.789+0000] {dag.py:4180} INFO - Setting next_dagrun for example_branch_datetime_operator to 2026-05-16 00:00:00+00:00, run_after=2026-05-17 00:00:00+00:00
[2026-05-17T16:24:22.804+0000] {logging_mixin.py:190} INFO - [2026-05-17T16:24:22.803+0000] {dag.py:4180} INFO - Setting next_dagrun for example_branch_datetime_operator_2 to 2026-05-16 00:00:00+00:00, run_after=2026-05-17 00:00:00+00:00
[2026-05-17T16:24:22.811+0000] {logging_mixin.py:190} INFO - [2026-05-17T16:24:22.811+0000] {dag.py:4180} INFO - Setting next_dagrun for example_branch_datetime_operator_3 to 2026-05-16 00:00:00+00:00, run_after=2026-05-17 00:00:00+00:00
[2026-05-17T16:24:22.866+0000] {processor.py:208} INFO - Processing /home/airflow/.local/lib/python3.12/site-packages/airflow/example_dags/example_branch_datetime_operator.py took 0.310 seconds
[2026-05-17T18:14:44.383+0000] {processor.py:186} INFO - Started process (PID=111) to work on /home/airflow/.local/lib/python3.12/site-packages/airflow/example_dags/example_branch_datetime_operator.py
[2026-05-17T18:14:44.397+0000] {processor.py:914} INFO - Processing file /home/airflow/.local/lib/python3.12/site-packages/airflow/example_dags/example_branch_datetime_operator.py for tasks to queue
[2026-05-17T18:14:44.548+0000] {logging_mixin.py:190} INFO - [2026-05-17T18:14:44.548+0000] {dagbag.py:588} INFO - Filling up the DagBag from /home/airflow/.local/lib/python3.12/site-packages/airflow/example_dags/example_branch_datetime_operator.py
[2026-05-17T18:14:44.616+0000] {processor.py:925} INFO - DAG(s) 'example_branch_datetime_operator_3', 'example_branch_datetime_operator', 'example_branch_datetime_operator_2' retrieved from /home/airflow/.local/lib/python3.12/site-packages/airflow/example_dags/example_branch_datetime_operator.py
[2026-05-17T18:14:44.736+0000] {logging_mixin.py:190} INFO - [2026-05-17T18:14:44.735+0000] {dag.py:3239} INFO - Sync 3 DAGs
[2026-05-17T18:14:44.999+0000] {logging_mixin.py:190} INFO - [2026-05-17T18:14:44.999+0000] {dag.py:4180} INFO - Setting next_dagrun for example_branch_datetime_operator to 2026-05-16 00:00:00+00:00, run_after=2026-05-17 00:00:00+00:00
[2026-05-17T18:14:45.052+0000] {logging_mixin.py:190} INFO - [2026-05-17T18:14:45.047+0000] {dag.py:4180} INFO - Setting next_dagrun for example_branch_datetime_operator_2 to 2026-05-16 00:00:00+00:00, run_after=2026-05-17 00:00:00+00:00
[2026-05-17T18:14:45.066+0000] {logging_mixin.py:190} INFO - [2026-05-17T18:14:45.065+0000] {dag.py:4180} INFO - Setting next_dagrun for example_branch_datetime_operator_3 to 2026-05-16 00:00:00+00:00, run_after=2026-05-17 00:00:00+00:00
[2026-05-17T18:14:45.134+0000] {processor.py:208} INFO - Processing /home/airflow/.local/lib/python3.12/site-packages/airflow/example_dags/example_branch_datetime_operator.py took 0.789 seconds
[2026-05-17T18:15:40.655+0000] {processor.py:186} INFO - Started process (PID=181) to work on /home/airflow/.local/lib/python3.12/site-packages/airflow/example_dags/example_branch_datetime_operator.py
[2026-05-17T18:15:40.662+0000] {processor.py:914} INFO - Processing file /home/airflow/.local/lib/python3.12/site-packages/airflow/example_dags/example_branch_datetime_operator.py for tasks to queue
[2026-05-17T18:15:40.671+0000] {logging_mixin.py:190} INFO - [2026-05-17T18:15:40.670+0000] {dagbag.py:588} INFO - Filling up the DagBag from /home/airflow/.local/lib/python3.12/site-packages/airflow/example_dags/example_branch_datetime_operator.py
[2026-05-17T18:15:40.723+0000] {processor.py:925} INFO - DAG(s) 'example_branch_datetime_operator', 'example_branch_datetime_operator_3', 'example_branch_datetime_operator_2' retrieved from /home/airflow/.local/lib/python3.12/site-packages/airflow/example_dags/example_branch_datetime_operator.py
[2026-05-17T18:15:40.818+0000] {logging_mixin.py:190} INFO - [2026-05-17T18:15:40.817+0000] {dag.py:3239} INFO - Sync 3 DAGs
[2026-05-17T18:15:40.909+0000] {logging_mixin.py:190} INFO - [2026-05-17T18:15:40.908+0000] {dag.py:4180} INFO - Setting next_dagrun for example_branch_datetime_operator to 2026-05-16 00:00:00+00:00, run_after=2026-05-17 00:00:00+00:00
[2026-05-17T18:15:40.930+0000] {logging_mixin.py:190} INFO - [2026-05-17T18:15:40.930+0000] {dag.py:4180} INFO - Setting next_dagrun for example_branch_datetime_operator_2 to 2026-05-16 00:00:00+00:00, run_after=2026-05-17 00:00:00+00:00
[2026-05-17T18:15:40.941+0000] {logging_mixin.py:190} INFO - [2026-05-17T18:15:40.940+0000] {dag.py:4180} INFO - Setting next_dagrun for example_branch_datetime_operator_3 to 2026-05-16 00:00:00+00:00, run_after=2026-05-17 00:00:00+00:00
[2026-05-17T18:15:40.979+0000] {processor.py:208} INFO - Processing /home/airflow/.local/lib/python3.12/site-packages/airflow/example_dags/example_branch_datetime_operator.py took 0.342 seconds
[2026-05-17T18:23:08.381+0000] {processor.py:186} INFO - Started process (PID=108) to work on /home/airflow/.local/lib/python3.12/site-packages/airflow/example_dags/example_branch_datetime_operator.py
[2026-05-17T18:23:08.384+0000] {processor.py:914} INFO - Processing file /home/airflow/.local/lib/python3.12/site-packages/airflow/example_dags/example_branch_datetime_operator.py for tasks to queue
[2026-05-17T18:23:08.398+0000] {logging_mixin.py:190} INFO - [2026-05-17T18:23:08.398+0000] {dagbag.py:588} INFO - Filling up the DagBag from /home/airflow/.local/lib/python3.12/site-packages/airflow/example_dags/example_branch_datetime_operator.py
[2026-05-17T18:23:08.431+0000] {processor.py:925} INFO - DAG(s) 'example_branch_datetime_operator_2', 'example_branch_datetime_operator_3', 'example_branch_datetime_operator' retrieved from /home/airflow/.local/lib/python3.12/site-packages/airflow/example_dags/example_branch_datetime_operator.py
[2026-05-17T18:23:08.516+0000] {logging_mixin.py:190} INFO - [2026-05-17T18:23:08.516+0000] {dag.py:3239} INFO - Sync 3 DAGs
[2026-05-17T18:23:08.706+0000] {logging_mixin.py:190} INFO - [2026-05-17T18:23:08.705+0000] {dag.py:4180} INFO - Setting next_dagrun for example_branch_datetime_operator to 2026-05-16 00:00:00+00:00, run_after=2026-05-17 00:00:00+00:00
[2026-05-17T18:23:08.716+0000] {logging_mixin.py:190} INFO - [2026-05-17T18:23:08.715+0000] {dag.py:4180} INFO - Setting next_dagrun for example_branch_datetime_operator_2 to 2026-05-16 00:00:00+00:00, run_after=2026-05-17 00:00:00+00:00
[2026-05-17T18:23:08.727+0000] {logging_mixin.py:190} INFO - [2026-05-17T18:23:08.727+0000] {dag.py:4180} INFO - Setting next_dagrun for example_branch_datetime_operator_3 to 2026-05-16 00:00:00+00:00, run_after=2026-05-17 00:00:00+00:00
[2026-05-17T18:23:08.813+0000] {processor.py:208} INFO - Processing /home/airflow/.local/lib/python3.12/site-packages/airflow/example_dags/example_branch_datetime_operator.py took 0.453 seconds
