[2026-05-17T00:38:35.796+0000] {processor.py:186} INFO - Started process (PID=129) to work on /home/airflow/.local/lib/python3.12/site-packages/airflow/example_dags/example_outlet_event_extra.py
[2026-05-17T00:38:35.800+0000] {processor.py:914} INFO - Processing file /home/airflow/.local/lib/python3.12/site-packages/airflow/example_dags/example_outlet_event_extra.py for tasks to queue
[2026-05-17T00:38:35.807+0000] {logging_mixin.py:190} INFO - [2026-05-17T00:38:35.806+0000] {dagbag.py:588} INFO - Filling up the DagBag from /home/airflow/.local/lib/python3.12/site-packages/airflow/example_dags/example_outlet_event_extra.py
[2026-05-17T00:38:37.209+0000] {processor.py:925} INFO - DAG(s) 'dataset_with_extra_from_classic_operator', 'dataset_with_extra_by_context', 'dataset_with_extra_by_yield' retrieved from /home/airflow/.local/lib/python3.12/site-packages/airflow/example_dags/example_outlet_event_extra.py
[2026-05-17T00:38:37.523+0000] {logging_mixin.py:190} INFO - [2026-05-17T00:38:37.521+0000] {override.py:1900} INFO - Created Permission View: can read on DAG:dataset_with_extra_from_classic_operator
[2026-05-17T00:38:37.549+0000] {logging_mixin.py:190} INFO - [2026-05-17T00:38:37.548+0000] {override.py:1900} INFO - Created Permission View: can edit on DAG:dataset_with_extra_from_classic_operator
[2026-05-17T00:38:37.567+0000] {logging_mixin.py:190} INFO - [2026-05-17T00:38:37.567+0000] {override.py:1900} INFO - Created Permission View: can delete on DAG:dataset_with_extra_from_classic_operator
[2026-05-17T00:38:37.586+0000] {logging_mixin.py:190} INFO - [2026-05-17T00:38:37.586+0000] {override.py:1900} INFO - Created Permission View: can read on DAG Run:dataset_with_extra_from_classic_operator
[2026-05-17T00:38:37.606+0000] {logging_mixin.py:190} INFO - [2026-05-17T00:38:37.605+0000] {override.py:1900} INFO - Created Permission View: can create on DAG Run:dataset_with_extra_from_classic_operator
[2026-05-17T00:38:37.640+0000] {logging_mixin.py:190} INFO - [2026-05-17T00:38:37.639+0000] {override.py:1900} INFO - Created Permission View: can delete on DAG Run:dataset_with_extra_from_classic_operator
[2026-05-17T00:38:37.676+0000] {logging_mixin.py:190} INFO - [2026-05-17T00:38:37.675+0000] {override.py:1900} INFO - Created Permission View: menu access on DAG Run:dataset_with_extra_from_classic_operator
[2026-05-17T00:38:37.749+0000] {logging_mixin.py:190} INFO - [2026-05-17T00:38:37.748+0000] {override.py:1900} INFO - Created Permission View: can read on DAG:dataset_with_extra_by_context
[2026-05-17T00:38:37.771+0000] {logging_mixin.py:190} INFO - [2026-05-17T00:38:37.770+0000] {override.py:1900} INFO - Created Permission View: can edit on DAG:dataset_with_extra_by_context
[2026-05-17T00:38:37.799+0000] {logging_mixin.py:190} INFO - [2026-05-17T00:38:37.798+0000] {override.py:1900} INFO - Created Permission View: can delete on DAG:dataset_with_extra_by_context
[2026-05-17T00:38:37.824+0000] {logging_mixin.py:190} INFO - [2026-05-17T00:38:37.823+0000] {override.py:1900} INFO - Created Permission View: can read on DAG Run:dataset_with_extra_by_context
[2026-05-17T00:38:37.845+0000] {logging_mixin.py:190} INFO - [2026-05-17T00:38:37.844+0000] {override.py:1900} INFO - Created Permission View: can create on DAG Run:dataset_with_extra_by_context
[2026-05-17T00:38:37.862+0000] {logging_mixin.py:190} INFO - [2026-05-17T00:38:37.861+0000] {override.py:1900} INFO - Created Permission View: can delete on DAG Run:dataset_with_extra_by_context
[2026-05-17T00:38:37.879+0000] {logging_mixin.py:190} INFO - [2026-05-17T00:38:37.878+0000] {override.py:1900} INFO - Created Permission View: menu access on DAG Run:dataset_with_extra_by_context
[2026-05-17T00:38:37.927+0000] {logging_mixin.py:190} INFO - [2026-05-17T00:38:37.926+0000] {override.py:1900} INFO - Created Permission View: can read on DAG:dataset_with_extra_by_yield
[2026-05-17T00:38:37.962+0000] {logging_mixin.py:190} INFO - [2026-05-17T00:38:37.961+0000] {override.py:1900} INFO - Created Permission View: can edit on DAG:dataset_with_extra_by_yield
[2026-05-17T00:38:37.987+0000] {logging_mixin.py:190} INFO - [2026-05-17T00:38:37.987+0000] {override.py:1900} INFO - Created Permission View: can delete on DAG:dataset_with_extra_by_yield
[2026-05-17T00:38:38.008+0000] {logging_mixin.py:190} INFO - [2026-05-17T00:38:38.007+0000] {override.py:1900} INFO - Created Permission View: can read on DAG Run:dataset_with_extra_by_yield
[2026-05-17T00:38:38.030+0000] {logging_mixin.py:190} INFO - [2026-05-17T00:38:38.029+0000] {override.py:1900} INFO - Created Permission View: can create on DAG Run:dataset_with_extra_by_yield
[2026-05-17T00:38:38.061+0000] {logging_mixin.py:190} INFO - [2026-05-17T00:38:38.060+0000] {override.py:1900} INFO - Created Permission View: can delete on DAG Run:dataset_with_extra_by_yield
[2026-05-17T00:38:38.083+0000] {logging_mixin.py:190} INFO - [2026-05-17T00:38:38.083+0000] {override.py:1900} INFO - Created Permission View: menu access on DAG Run:dataset_with_extra_by_yield
[2026-05-17T00:38:38.087+0000] {logging_mixin.py:190} INFO - [2026-05-17T00:38:38.087+0000] {dag.py:3239} INFO - Sync 3 DAGs
[2026-05-17T00:38:38.135+0000] {logging_mixin.py:190} INFO - [2026-05-17T00:38:38.134+0000] {dag.py:3262} INFO - Creating ORM DAG for dataset_with_extra_by_yield
[2026-05-17T00:38:38.137+0000] {logging_mixin.py:190} INFO - [2026-05-17T00:38:38.136+0000] {dag.py:3262} INFO - Creating ORM DAG for dataset_with_extra_from_classic_operator
[2026-05-17T00:38:38.138+0000] {logging_mixin.py:190} INFO - [2026-05-17T00:38:38.137+0000] {dag.py:3262} INFO - Creating ORM DAG for dataset_with_extra_by_context
[2026-05-17T00:38:38.166+0000] {logging_mixin.py:190} INFO - [2026-05-17T00:38:38.166+0000] {dag.py:4180} INFO - Setting next_dagrun for dataset_with_extra_by_context to 2026-05-16 00:00:00+00:00, run_after=2026-05-17 00:00:00+00:00
[2026-05-17T00:38:38.170+0000] {logging_mixin.py:190} INFO - [2026-05-17T00:38:38.170+0000] {dag.py:4180} INFO - Setting next_dagrun for dataset_with_extra_by_yield to 2026-05-16 00:00:00+00:00, run_after=2026-05-17 00:00:00+00:00
[2026-05-17T00:38:38.174+0000] {logging_mixin.py:190} INFO - [2026-05-17T00:38:38.173+0000] {dag.py:4180} INFO - Setting next_dagrun for dataset_with_extra_from_classic_operator to 2026-05-16 00:00:00+00:00, run_after=2026-05-17 00:00:00+00:00
[2026-05-17T00:38:38.269+0000] {processor.py:208} INFO - Processing /home/airflow/.local/lib/python3.12/site-packages/airflow/example_dags/example_outlet_event_extra.py took 2.487 seconds
[2026-05-17T00:39:08.892+0000] {processor.py:186} INFO - Started process (PID=192) to work on /home/airflow/.local/lib/python3.12/site-packages/airflow/example_dags/example_outlet_event_extra.py
[2026-05-17T00:39:08.896+0000] {processor.py:914} INFO - Processing file /home/airflow/.local/lib/python3.12/site-packages/airflow/example_dags/example_outlet_event_extra.py for tasks to queue
[2026-05-17T00:39:08.904+0000] {logging_mixin.py:190} INFO - [2026-05-17T00:39:08.903+0000] {dagbag.py:588} INFO - Filling up the DagBag from /home/airflow/.local/lib/python3.12/site-packages/airflow/example_dags/example_outlet_event_extra.py
[2026-05-17T00:39:09.418+0000] {processor.py:925} INFO - DAG(s) 'dataset_with_extra_by_context', 'dataset_with_extra_by_yield', 'dataset_with_extra_from_classic_operator' retrieved from /home/airflow/.local/lib/python3.12/site-packages/airflow/example_dags/example_outlet_event_extra.py
[2026-05-17T00:39:09.510+0000] {logging_mixin.py:190} INFO - [2026-05-17T00:39:09.505+0000] {dag.py:3239} INFO - Sync 3 DAGs
[2026-05-17T00:39:09.615+0000] {logging_mixin.py:190} INFO - [2026-05-17T00:39:09.614+0000] {dag.py:4180} INFO - Setting next_dagrun for dataset_with_extra_by_context to 2026-05-16 00:00:00+00:00, run_after=2026-05-17 00:00:00+00:00
[2026-05-17T00:39:09.637+0000] {logging_mixin.py:190} INFO - [2026-05-17T00:39:09.636+0000] {dag.py:4180} INFO - Setting next_dagrun for dataset_with_extra_by_yield to 2026-05-16 00:00:00+00:00, run_after=2026-05-17 00:00:00+00:00
[2026-05-17T00:39:09.651+0000] {logging_mixin.py:190} INFO - [2026-05-17T00:39:09.650+0000] {dag.py:4180} INFO - Setting next_dagrun for dataset_with_extra_from_classic_operator to 2026-05-16 00:00:00+00:00, run_after=2026-05-17 00:00:00+00:00
[2026-05-17T00:39:09.776+0000] {processor.py:208} INFO - Processing /home/airflow/.local/lib/python3.12/site-packages/airflow/example_dags/example_outlet_event_extra.py took 0.908 seconds
[2026-05-17T01:22:08.539+0000] {processor.py:186} INFO - Started process (PID=139) to work on /home/airflow/.local/lib/python3.12/site-packages/airflow/example_dags/example_outlet_event_extra.py
[2026-05-17T01:22:08.544+0000] {processor.py:914} INFO - Processing file /home/airflow/.local/lib/python3.12/site-packages/airflow/example_dags/example_outlet_event_extra.py for tasks to queue
[2026-05-17T01:22:09.334+0000] {logging_mixin.py:190} INFO - [2026-05-17T01:22:08.555+0000] {dagbag.py:588} INFO - Filling up the DagBag from /home/airflow/.local/lib/python3.12/site-packages/airflow/example_dags/example_outlet_event_extra.py
[2026-05-17T01:22:45.505+0000] {processor.py:925} INFO - DAG(s) 'dataset_with_extra_from_classic_operator', 'dataset_with_extra_by_yield', 'dataset_with_extra_by_context' retrieved from /home/airflow/.local/lib/python3.12/site-packages/airflow/example_dags/example_outlet_event_extra.py
[2026-05-17T01:22:45.573+0000] {logging_mixin.py:190} INFO - [2026-05-17T01:22:45.572+0000] {dag.py:3239} INFO - Sync 3 DAGs
[2026-05-17T01:22:45.625+0000] {logging_mixin.py:190} INFO - [2026-05-17T01:22:45.625+0000] {dag.py:4180} INFO - Setting next_dagrun for dataset_with_extra_by_context to 2026-05-16 00:00:00+00:00, run_after=2026-05-17 00:00:00+00:00
[2026-05-17T01:22:45.634+0000] {logging_mixin.py:190} INFO - [2026-05-17T01:22:45.633+0000] {dag.py:4180} INFO - Setting next_dagrun for dataset_with_extra_by_yield to 2026-05-16 00:00:00+00:00, run_after=2026-05-17 00:00:00+00:00
[2026-05-17T01:22:45.640+0000] {logging_mixin.py:190} INFO - [2026-05-17T01:22:45.640+0000] {dag.py:4180} INFO - Setting next_dagrun for dataset_with_extra_from_classic_operator to 2026-05-16 00:00:00+00:00, run_after=2026-05-17 00:00:00+00:00
[2026-05-17T01:22:45.697+0000] {processor.py:208} INFO - Processing /home/airflow/.local/lib/python3.12/site-packages/airflow/example_dags/example_outlet_event_extra.py took 37.348 seconds
[2026-05-17T01:23:15.883+0000] {processor.py:186} INFO - Started process (PID=202) to work on /home/airflow/.local/lib/python3.12/site-packages/airflow/example_dags/example_outlet_event_extra.py
[2026-05-17T01:23:15.885+0000] {processor.py:914} INFO - Processing file /home/airflow/.local/lib/python3.12/site-packages/airflow/example_dags/example_outlet_event_extra.py for tasks to queue
[2026-05-17T01:23:15.894+0000] {logging_mixin.py:190} INFO - [2026-05-17T01:23:15.890+0000] {dagbag.py:588} INFO - Filling up the DagBag from /home/airflow/.local/lib/python3.12/site-packages/airflow/example_dags/example_outlet_event_extra.py
[2026-05-17T01:23:17.180+0000] {processor.py:925} INFO - DAG(s) 'dataset_with_extra_from_classic_operator', 'dataset_with_extra_by_context', 'dataset_with_extra_by_yield' retrieved from /home/airflow/.local/lib/python3.12/site-packages/airflow/example_dags/example_outlet_event_extra.py
[2026-05-17T01:23:17.234+0000] {logging_mixin.py:190} INFO - [2026-05-17T01:23:17.234+0000] {dag.py:3239} INFO - Sync 3 DAGs
[2026-05-17T01:23:17.286+0000] {logging_mixin.py:190} INFO - [2026-05-17T01:23:17.286+0000] {dag.py:4180} INFO - Setting next_dagrun for dataset_with_extra_by_context to 2026-05-16 00:00:00+00:00, run_after=2026-05-17 00:00:00+00:00
[2026-05-17T01:23:17.301+0000] {logging_mixin.py:190} INFO - [2026-05-17T01:23:17.300+0000] {dag.py:4180} INFO - Setting next_dagrun for dataset_with_extra_by_yield to 2026-05-16 00:00:00+00:00, run_after=2026-05-17 00:00:00+00:00
[2026-05-17T01:23:17.306+0000] {logging_mixin.py:190} INFO - [2026-05-17T01:23:17.305+0000] {dag.py:4180} INFO - Setting next_dagrun for dataset_with_extra_from_classic_operator to 2026-05-16 00:00:00+00:00, run_after=2026-05-17 00:00:00+00:00
[2026-05-17T01:23:17.344+0000] {processor.py:208} INFO - Processing /home/airflow/.local/lib/python3.12/site-packages/airflow/example_dags/example_outlet_event_extra.py took 1.490 seconds
[2026-05-17T01:51:50.386+0000] {processor.py:186} INFO - Started process (PID=288) to work on /home/airflow/.local/lib/python3.12/site-packages/airflow/example_dags/example_outlet_event_extra.py
[2026-05-17T01:51:50.419+0000] {processor.py:914} INFO - Processing file /home/airflow/.local/lib/python3.12/site-packages/airflow/example_dags/example_outlet_event_extra.py for tasks to queue
[2026-05-17T01:51:50.422+0000] {logging_mixin.py:190} INFO - [2026-05-17T01:51:50.421+0000] {dagbag.py:588} INFO - Filling up the DagBag from /home/airflow/.local/lib/python3.12/site-packages/airflow/example_dags/example_outlet_event_extra.py
[2026-05-17T01:51:50.645+0000] {processor.py:925} INFO - DAG(s) 'dataset_with_extra_from_classic_operator', 'dataset_with_extra_by_context', 'dataset_with_extra_by_yield' retrieved from /home/airflow/.local/lib/python3.12/site-packages/airflow/example_dags/example_outlet_event_extra.py
[2026-05-17T01:51:50.688+0000] {logging_mixin.py:190} INFO - [2026-05-17T01:51:50.688+0000] {dag.py:3239} INFO - Sync 3 DAGs
[2026-05-17T01:51:50.733+0000] {logging_mixin.py:190} INFO - [2026-05-17T01:51:50.732+0000] {dag.py:4180} INFO - Setting next_dagrun for dataset_with_extra_by_context to 2026-05-16 00:00:00+00:00, run_after=2026-05-17 00:00:00+00:00
[2026-05-17T01:51:50.740+0000] {logging_mixin.py:190} INFO - [2026-05-17T01:51:50.739+0000] {dag.py:4180} INFO - Setting next_dagrun for dataset_with_extra_by_yield to 2026-05-16 00:00:00+00:00, run_after=2026-05-17 00:00:00+00:00
[2026-05-17T01:51:50.744+0000] {logging_mixin.py:190} INFO - [2026-05-17T01:51:50.743+0000] {dag.py:4180} INFO - Setting next_dagrun for dataset_with_extra_from_classic_operator to 2026-05-16 00:00:00+00:00, run_after=2026-05-17 00:00:00+00:00
[2026-05-17T01:51:50.784+0000] {processor.py:208} INFO - Processing /home/airflow/.local/lib/python3.12/site-packages/airflow/example_dags/example_outlet_event_extra.py took 0.407 seconds
[2026-05-17T01:55:14.768+0000] {processor.py:186} INFO - Started process (PID=352) to work on /home/airflow/.local/lib/python3.12/site-packages/airflow/example_dags/example_outlet_event_extra.py
[2026-05-17T01:55:14.769+0000] {processor.py:914} INFO - Processing file /home/airflow/.local/lib/python3.12/site-packages/airflow/example_dags/example_outlet_event_extra.py for tasks to queue
[2026-05-17T01:55:14.771+0000] {logging_mixin.py:190} INFO - [2026-05-17T01:55:14.771+0000] {dagbag.py:588} INFO - Filling up the DagBag from /home/airflow/.local/lib/python3.12/site-packages/airflow/example_dags/example_outlet_event_extra.py
[2026-05-17T01:55:15.063+0000] {processor.py:925} INFO - DAG(s) 'dataset_with_extra_by_context', 'dataset_with_extra_by_yield', 'dataset_with_extra_from_classic_operator' retrieved from /home/airflow/.local/lib/python3.12/site-packages/airflow/example_dags/example_outlet_event_extra.py
[2026-05-17T01:55:15.268+0000] {logging_mixin.py:190} INFO - [2026-05-17T01:55:15.268+0000] {dag.py:3239} INFO - Sync 3 DAGs
[2026-05-17T01:55:15.334+0000] {logging_mixin.py:190} INFO - [2026-05-17T01:55:15.333+0000] {dag.py:4180} INFO - Setting next_dagrun for dataset_with_extra_by_context to 2026-05-16 00:00:00+00:00, run_after=2026-05-17 00:00:00+00:00
[2026-05-17T01:55:15.347+0000] {logging_mixin.py:190} INFO - [2026-05-17T01:55:15.346+0000] {dag.py:4180} INFO - Setting next_dagrun for dataset_with_extra_by_yield to 2026-05-16 00:00:00+00:00, run_after=2026-05-17 00:00:00+00:00
[2026-05-17T01:55:15.352+0000] {logging_mixin.py:190} INFO - [2026-05-17T01:55:15.352+0000] {dag.py:4180} INFO - Setting next_dagrun for dataset_with_extra_from_classic_operator to 2026-05-16 00:00:00+00:00, run_after=2026-05-17 00:00:00+00:00
[2026-05-17T01:55:15.458+0000] {processor.py:208} INFO - Processing /home/airflow/.local/lib/python3.12/site-packages/airflow/example_dags/example_outlet_event_extra.py took 0.702 seconds
[2026-05-17T01:55:52.075+0000] {processor.py:186} INFO - Started process (PID=415) to work on /home/airflow/.local/lib/python3.12/site-packages/airflow/example_dags/example_outlet_event_extra.py
[2026-05-17T01:55:52.077+0000] {processor.py:914} INFO - Processing file /home/airflow/.local/lib/python3.12/site-packages/airflow/example_dags/example_outlet_event_extra.py for tasks to queue
[2026-05-17T01:55:52.081+0000] {logging_mixin.py:190} INFO - [2026-05-17T01:55:52.080+0000] {dagbag.py:588} INFO - Filling up the DagBag from /home/airflow/.local/lib/python3.12/site-packages/airflow/example_dags/example_outlet_event_extra.py
[2026-05-17T01:55:52.437+0000] {processor.py:925} INFO - DAG(s) 'dataset_with_extra_by_yield', 'dataset_with_extra_from_classic_operator', 'dataset_with_extra_by_context' retrieved from /home/airflow/.local/lib/python3.12/site-packages/airflow/example_dags/example_outlet_event_extra.py
[2026-05-17T01:55:52.476+0000] {logging_mixin.py:190} INFO - [2026-05-17T01:55:52.476+0000] {dag.py:3239} INFO - Sync 3 DAGs
[2026-05-17T01:55:52.520+0000] {logging_mixin.py:190} INFO - [2026-05-17T01:55:52.519+0000] {dag.py:4180} INFO - Setting next_dagrun for dataset_with_extra_by_context to 2026-05-16 00:00:00+00:00, run_after=2026-05-17 00:00:00+00:00
[2026-05-17T01:55:52.526+0000] {logging_mixin.py:190} INFO - [2026-05-17T01:55:52.526+0000] {dag.py:4180} INFO - Setting next_dagrun for dataset_with_extra_by_yield to 2026-05-16 00:00:00+00:00, run_after=2026-05-17 00:00:00+00:00
[2026-05-17T01:55:52.530+0000] {logging_mixin.py:190} INFO - [2026-05-17T01:55:52.530+0000] {dag.py:4180} INFO - Setting next_dagrun for dataset_with_extra_from_classic_operator to 2026-05-16 00:00:00+00:00, run_after=2026-05-17 00:00:00+00:00
[2026-05-17T01:55:52.725+0000] {processor.py:208} INFO - Processing /home/airflow/.local/lib/python3.12/site-packages/airflow/example_dags/example_outlet_event_extra.py took 0.667 seconds
[2026-05-17T13:37:33.812+0000] {processor.py:186} INFO - Started process (PID=122) to work on /home/airflow/.local/lib/python3.12/site-packages/airflow/example_dags/example_outlet_event_extra.py
[2026-05-17T13:37:33.816+0000] {processor.py:914} INFO - Processing file /home/airflow/.local/lib/python3.12/site-packages/airflow/example_dags/example_outlet_event_extra.py for tasks to queue
[2026-05-17T13:37:33.827+0000] {logging_mixin.py:190} INFO - [2026-05-17T13:37:33.826+0000] {dagbag.py:588} INFO - Filling up the DagBag from /home/airflow/.local/lib/python3.12/site-packages/airflow/example_dags/example_outlet_event_extra.py
[2026-05-17T13:37:34.093+0000] {processor.py:925} INFO - DAG(s) 'dataset_with_extra_by_yield', 'dataset_with_extra_by_context', 'dataset_with_extra_from_classic_operator' retrieved from /home/airflow/.local/lib/python3.12/site-packages/airflow/example_dags/example_outlet_event_extra.py
[2026-05-17T13:37:34.130+0000] {logging_mixin.py:190} INFO - [2026-05-17T13:37:34.130+0000] {dag.py:3239} INFO - Sync 3 DAGs
[2026-05-17T13:37:34.173+0000] {logging_mixin.py:190} INFO - [2026-05-17T13:37:34.173+0000] {dag.py:4180} INFO - Setting next_dagrun for dataset_with_extra_by_context to 2026-05-16 00:00:00+00:00, run_after=2026-05-17 00:00:00+00:00
[2026-05-17T13:37:34.181+0000] {logging_mixin.py:190} INFO - [2026-05-17T13:37:34.181+0000] {dag.py:4180} INFO - Setting next_dagrun for dataset_with_extra_by_yield to 2026-05-16 00:00:00+00:00, run_after=2026-05-17 00:00:00+00:00
[2026-05-17T13:37:34.186+0000] {logging_mixin.py:190} INFO - [2026-05-17T13:37:34.185+0000] {dag.py:4180} INFO - Setting next_dagrun for dataset_with_extra_from_classic_operator to 2026-05-16 00:00:00+00:00, run_after=2026-05-17 00:00:00+00:00
[2026-05-17T13:37:34.361+0000] {processor.py:208} INFO - Processing /home/airflow/.local/lib/python3.12/site-packages/airflow/example_dags/example_outlet_event_extra.py took 0.562 seconds
[2026-05-17T13:38:29.314+0000] {processor.py:186} INFO - Started process (PID=179) to work on /home/airflow/.local/lib/python3.12/site-packages/airflow/example_dags/example_outlet_event_extra.py
[2026-05-17T13:38:29.315+0000] {processor.py:914} INFO - Processing file /home/airflow/.local/lib/python3.12/site-packages/airflow/example_dags/example_outlet_event_extra.py for tasks to queue
[2026-05-17T13:38:29.316+0000] {logging_mixin.py:190} INFO - [2026-05-17T13:38:29.316+0000] {dagbag.py:588} INFO - Filling up the DagBag from /home/airflow/.local/lib/python3.12/site-packages/airflow/example_dags/example_outlet_event_extra.py
[2026-05-17T13:38:29.460+0000] {processor.py:925} INFO - DAG(s) 'dataset_with_extra_by_context', 'dataset_with_extra_by_yield', 'dataset_with_extra_from_classic_operator' retrieved from /home/airflow/.local/lib/python3.12/site-packages/airflow/example_dags/example_outlet_event_extra.py
[2026-05-17T13:38:29.487+0000] {logging_mixin.py:190} INFO - [2026-05-17T13:38:29.486+0000] {dag.py:3239} INFO - Sync 3 DAGs
[2026-05-17T13:38:29.518+0000] {logging_mixin.py:190} INFO - [2026-05-17T13:38:29.517+0000] {dag.py:4180} INFO - Setting next_dagrun for dataset_with_extra_by_context to 2026-05-16 00:00:00+00:00, run_after=2026-05-17 00:00:00+00:00
[2026-05-17T13:38:29.523+0000] {logging_mixin.py:190} INFO - [2026-05-17T13:38:29.523+0000] {dag.py:4180} INFO - Setting next_dagrun for dataset_with_extra_by_yield to 2026-05-16 00:00:00+00:00, run_after=2026-05-17 00:00:00+00:00
[2026-05-17T13:38:29.527+0000] {logging_mixin.py:190} INFO - [2026-05-17T13:38:29.527+0000] {dag.py:4180} INFO - Setting next_dagrun for dataset_with_extra_from_classic_operator to 2026-05-16 00:00:00+00:00, run_after=2026-05-17 00:00:00+00:00
[2026-05-17T13:38:29.550+0000] {processor.py:208} INFO - Processing /home/airflow/.local/lib/python3.12/site-packages/airflow/example_dags/example_outlet_event_extra.py took 0.246 seconds
[2026-05-17T13:51:34.342+0000] {processor.py:186} INFO - Started process (PID=132) to work on /home/airflow/.local/lib/python3.12/site-packages/airflow/example_dags/example_outlet_event_extra.py
[2026-05-17T13:51:34.347+0000] {processor.py:914} INFO - Processing file /home/airflow/.local/lib/python3.12/site-packages/airflow/example_dags/example_outlet_event_extra.py for tasks to queue
[2026-05-17T13:51:34.354+0000] {logging_mixin.py:190} INFO - [2026-05-17T13:51:34.353+0000] {dagbag.py:588} INFO - Filling up the DagBag from /home/airflow/.local/lib/python3.12/site-packages/airflow/example_dags/example_outlet_event_extra.py
[2026-05-17T13:53:00.586+0000] {logging_mixin.py:190} INFO - [2026-05-17T13:52:11.220+0000] {timeout.py:68} ERROR - Process timed out, PID: 132
[2026-05-17T13:53:29.214+0000] {logging_mixin.py:190} INFO - [2026-05-17T13:53:02.556+0000] {dagbag.py:387} ERROR - Failed to import: /home/airflow/.local/lib/python3.12/site-packages/airflow/example_dags/example_outlet_event_extra.py
Traceback (most recent call last):
  File "/home/airflow/.local/lib/python3.12/site-packages/airflow/models/dagbag.py", line 383, in parse
    loader.exec_module(new_module)
  File "<frozen importlib._bootstrap_external>", line 995, in exec_module
  File "<frozen importlib._bootstrap>", line 488, in _call_with_frames_removed
  File "/home/airflow/.local/lib/python3.12/site-packages/airflow/example_dags/example_outlet_event_extra.py", line 34, in <module>
    ds = Dataset("s3://output/1.txt")
         ^^^^^^^^^^^^^^^^^^^^^^^^^^^^
  File "<attrs generated init airflow.datasets.Dataset>", line 3, in __init__
    _setattr('uri', __attr_converter_uri(uri))
                    ^^^^^^^^^^^^^^^^^^^^^^^^^
  File "/home/airflow/.local/lib/python3.12/site-packages/airflow/datasets/__init__.py", line 108, in _sanitize_uri
    if (normalizer := _get_uri_normalizer(normalized_scheme)) is not None:
                      ^^^^^^^^^^^^^^^^^^^^^^^^^^^^^^^^^^^^^^
  File "/home/airflow/.local/lib/python3.12/site-packages/airflow/datasets/__init__.py", line 58, in _get_uri_normalizer
    return ProvidersManager().dataset_uri_handlers.get(scheme)
           ^^^^^^^^^^^^^^^^^^^^^^^^^^^^^^^^^^^^^^^
  File "/home/airflow/.local/lib/python3.12/site-packages/airflow/providers_manager.py", line 1334, in dataset_uri_handlers
    self.initialize_providers_dataset_uri_resources()
  File "/home/airflow/.local/lib/python3.12/site-packages/airflow/providers_manager.py", line 384, in wrapped_function
    func(*args, **kwargs)
  File "/home/airflow/.local/lib/python3.12/site-packages/airflow/providers_manager.py", line 532, in initialize_providers_dataset_uri_resources
    self._discover_dataset_uri_resources()
  File "/home/airflow/.local/lib/python3.12/site-packages/airflow/providers_manager.py", line 915, in _discover_dataset_uri_resources
    _safe_register_resource(
  File "/home/airflow/.local/lib/python3.12/site-packages/airflow/providers_manager.py", line 903, in _safe_register_resource
    _correctness_check(provider_package_name, resource_path, provider)
  File "/home/airflow/.local/lib/python3.12/site-packages/airflow/providers_manager.py", line 327, in _correctness_check
    imported_class = import_string(class_name)
                     ^^^^^^^^^^^^^^^^^^^^^^^^^
  File "/home/airflow/.local/lib/python3.12/site-packages/airflow/utils/module_loading.py", line 39, in import_string
    module = import_module(module_path)
             ^^^^^^^^^^^^^^^^^^^^^^^^^^
  File "/usr/local/lib/python3.12/importlib/__init__.py", line 90, in import_module
    return _bootstrap._gcd_import(name[level:], package, level)
           ^^^^^^^^^^^^^^^^^^^^^^^^^^^^^^^^^^^^^^^^^^^^^^^^^^^^
  File "<frozen importlib._bootstrap>", line 1387, in _gcd_import
  File "<frozen importlib._bootstrap>", line 1360, in _find_and_load
  File "<frozen importlib._bootstrap>", line 1331, in _find_and_load_unlocked
  File "<frozen importlib._bootstrap>", line 935, in _load_unlocked
  File "<frozen importlib._bootstrap_external>", line 995, in exec_module
  File "<frozen importlib._bootstrap>", line 488, in _call_with_frames_removed
  File "/home/airflow/.local/lib/python3.12/site-packages/airflow/providers/amazon/aws/datasets/s3.py", line 22, in <module>
    from airflow.providers.amazon.aws.hooks.s3 import S3Hook
  File "/home/airflow/.local/lib/python3.12/site-packages/airflow/providers/amazon/aws/hooks/s3.py", line 60, in <module>
    from airflow.providers.amazon.aws.hooks.base_aws import AwsBaseHook
  File "/home/airflow/.local/lib/python3.12/site-packages/airflow/providers/amazon/aws/hooks/base_aws.py", line 57, in <module>
    from airflow.providers.amazon.aws.utils.connection_wrapper import AwsConnectionWrapper
  File "<frozen importlib._bootstrap>", line 1360, in _find_and_load
  File "<frozen importlib._bootstrap>", line 1322, in _find_and_load_unlocked
  File "<frozen importlib._bootstrap>", line 1262, in _find_spec
  File "<frozen importlib._bootstrap_external>", line 1528, in find_spec
  File "<frozen importlib._bootstrap_external>", line 1502, in _get_spec
  File "<frozen importlib._bootstrap_external>", line 1605, in find_spec
  File "<frozen importlib._bootstrap_external>", line 1648, in _fill_cache
  File "/home/airflow/.local/lib/python3.12/site-packages/airflow/utils/timeout.py", line 69, in handle_timeout
    raise AirflowTaskTimeout(self.error_message)
airflow.exceptions.AirflowTaskTimeout: DagBag import timeout for /home/airflow/.local/lib/python3.12/site-packages/airflow/example_dags/example_outlet_event_extra.py after 30.0s.
Please take a look at these docs to improve your DAG import time:
* https://airflow.apache.org/docs/apache-airflow/2.10.2/best-practices.html#top-level-python-code
* https://airflow.apache.org/docs/apache-airflow/2.10.2/best-practices.html#reducing-dag-complexity, PID: 132
[2026-05-17T16:24:09.681+0000] {processor.py:186} INFO - Started process (PID=126) to work on /home/airflow/.local/lib/python3.12/site-packages/airflow/example_dags/example_outlet_event_extra.py
[2026-05-17T16:24:09.689+0000] {processor.py:914} INFO - Processing file /home/airflow/.local/lib/python3.12/site-packages/airflow/example_dags/example_outlet_event_extra.py for tasks to queue
[2026-05-17T16:24:09.697+0000] {logging_mixin.py:190} INFO - [2026-05-17T16:24:09.696+0000] {dagbag.py:588} INFO - Filling up the DagBag from /home/airflow/.local/lib/python3.12/site-packages/airflow/example_dags/example_outlet_event_extra.py
[2026-05-17T16:24:11.381+0000] {processor.py:925} INFO - DAG(s) 'dataset_with_extra_by_context', 'dataset_with_extra_from_classic_operator', 'dataset_with_extra_by_yield' retrieved from /home/airflow/.local/lib/python3.12/site-packages/airflow/example_dags/example_outlet_event_extra.py
[2026-05-17T16:24:12.344+0000] {logging_mixin.py:190} INFO - [2026-05-17T16:24:12.343+0000] {dag.py:3239} INFO - Sync 3 DAGs
[2026-05-17T16:24:12.541+0000] {logging_mixin.py:190} INFO - [2026-05-17T16:24:12.540+0000] {dag.py:4180} INFO - Setting next_dagrun for dataset_with_extra_by_context to 2026-05-16 00:00:00+00:00, run_after=2026-05-17 00:00:00+00:00
[2026-05-17T16:24:12.559+0000] {logging_mixin.py:190} INFO - [2026-05-17T16:24:12.558+0000] {dag.py:4180} INFO - Setting next_dagrun for dataset_with_extra_by_yield to 2026-05-16 00:00:00+00:00, run_after=2026-05-17 00:00:00+00:00
[2026-05-17T16:24:12.567+0000] {logging_mixin.py:190} INFO - [2026-05-17T16:24:12.566+0000] {dag.py:4180} INFO - Setting next_dagrun for dataset_with_extra_from_classic_operator to 2026-05-16 00:00:00+00:00, run_after=2026-05-17 00:00:00+00:00
[2026-05-17T16:24:12.672+0000] {processor.py:208} INFO - Processing /home/airflow/.local/lib/python3.12/site-packages/airflow/example_dags/example_outlet_event_extra.py took 3.008 seconds
[2026-05-17T18:15:03.726+0000] {processor.py:186} INFO - Started process (PID=135) to work on /home/airflow/.local/lib/python3.12/site-packages/airflow/example_dags/example_outlet_event_extra.py
[2026-05-17T18:15:03.731+0000] {processor.py:914} INFO - Processing file /home/airflow/.local/lib/python3.12/site-packages/airflow/example_dags/example_outlet_event_extra.py for tasks to queue
[2026-05-17T18:15:03.755+0000] {logging_mixin.py:190} INFO - [2026-05-17T18:15:03.742+0000] {dagbag.py:588} INFO - Filling up the DagBag from /home/airflow/.local/lib/python3.12/site-packages/airflow/example_dags/example_outlet_event_extra.py
[2026-05-17T18:15:05.847+0000] {processor.py:925} INFO - DAG(s) 'dataset_with_extra_by_yield', 'dataset_with_extra_by_context', 'dataset_with_extra_from_classic_operator' retrieved from /home/airflow/.local/lib/python3.12/site-packages/airflow/example_dags/example_outlet_event_extra.py
[2026-05-17T18:15:09.066+0000] {logging_mixin.py:190} INFO - [2026-05-17T18:15:09.066+0000] {dag.py:3239} INFO - Sync 3 DAGs
[2026-05-17T18:15:09.469+0000] {logging_mixin.py:190} INFO - [2026-05-17T18:15:09.468+0000] {dag.py:4180} INFO - Setting next_dagrun for dataset_with_extra_by_context to 2026-05-16 00:00:00+00:00, run_after=2026-05-17 00:00:00+00:00
[2026-05-17T18:15:09.483+0000] {logging_mixin.py:190} INFO - [2026-05-17T18:15:09.483+0000] {dag.py:4180} INFO - Setting next_dagrun for dataset_with_extra_by_yield to 2026-05-16 00:00:00+00:00, run_after=2026-05-17 00:00:00+00:00
[2026-05-17T18:15:09.490+0000] {logging_mixin.py:190} INFO - [2026-05-17T18:15:09.489+0000] {dag.py:4180} INFO - Setting next_dagrun for dataset_with_extra_from_classic_operator to 2026-05-16 00:00:00+00:00, run_after=2026-05-17 00:00:00+00:00
[2026-05-17T18:15:17.765+0000] {processor.py:208} INFO - Processing /home/airflow/.local/lib/python3.12/site-packages/airflow/example_dags/example_outlet_event_extra.py took 14.078 seconds
[2026-05-17T18:15:49.082+0000] {processor.py:186} INFO - Started process (PID=200) to work on /home/airflow/.local/lib/python3.12/site-packages/airflow/example_dags/example_outlet_event_extra.py
[2026-05-17T18:15:49.100+0000] {processor.py:914} INFO - Processing file /home/airflow/.local/lib/python3.12/site-packages/airflow/example_dags/example_outlet_event_extra.py for tasks to queue
[2026-05-17T18:15:49.111+0000] {logging_mixin.py:190} INFO - [2026-05-17T18:15:49.105+0000] {dagbag.py:588} INFO - Filling up the DagBag from /home/airflow/.local/lib/python3.12/site-packages/airflow/example_dags/example_outlet_event_extra.py
[2026-05-17T18:15:50.990+0000] {processor.py:925} INFO - DAG(s) 'dataset_with_extra_from_classic_operator', 'dataset_with_extra_by_yield', 'dataset_with_extra_by_context' retrieved from /home/airflow/.local/lib/python3.12/site-packages/airflow/example_dags/example_outlet_event_extra.py
[2026-05-17T18:15:51.127+0000] {logging_mixin.py:190} INFO - [2026-05-17T18:15:51.126+0000] {dag.py:3239} INFO - Sync 3 DAGs
[2026-05-17T18:15:51.253+0000] {logging_mixin.py:190} INFO - [2026-05-17T18:15:51.253+0000] {dag.py:4180} INFO - Setting next_dagrun for dataset_with_extra_by_context to 2026-05-16 00:00:00+00:00, run_after=2026-05-17 00:00:00+00:00
[2026-05-17T18:15:51.278+0000] {logging_mixin.py:190} INFO - [2026-05-17T18:15:51.277+0000] {dag.py:4180} INFO - Setting next_dagrun for dataset_with_extra_by_yield to 2026-05-16 00:00:00+00:00, run_after=2026-05-17 00:00:00+00:00
[2026-05-17T18:15:51.290+0000] {logging_mixin.py:190} INFO - [2026-05-17T18:15:51.289+0000] {dag.py:4180} INFO - Setting next_dagrun for dataset_with_extra_from_classic_operator to 2026-05-16 00:00:00+00:00, run_after=2026-05-17 00:00:00+00:00
[2026-05-17T18:15:51.415+0000] {processor.py:208} INFO - Processing /home/airflow/.local/lib/python3.12/site-packages/airflow/example_dags/example_outlet_event_extra.py took 2.349 seconds
[2026-05-17T18:23:44.199+0000] {processor.py:186} INFO - Started process (PID=132) to work on /home/airflow/.local/lib/python3.12/site-packages/airflow/example_dags/example_outlet_event_extra.py
[2026-05-17T18:23:44.202+0000] {processor.py:914} INFO - Processing file /home/airflow/.local/lib/python3.12/site-packages/airflow/example_dags/example_outlet_event_extra.py for tasks to queue
[2026-05-17T18:23:44.216+0000] {logging_mixin.py:190} INFO - [2026-05-17T18:23:44.216+0000] {dagbag.py:588} INFO - Filling up the DagBag from /home/airflow/.local/lib/python3.12/site-packages/airflow/example_dags/example_outlet_event_extra.py
[2026-05-17T18:23:45.406+0000] {processor.py:925} INFO - DAG(s) 'dataset_with_extra_by_yield', 'dataset_with_extra_from_classic_operator', 'dataset_with_extra_by_context' retrieved from /home/airflow/.local/lib/python3.12/site-packages/airflow/example_dags/example_outlet_event_extra.py
[2026-05-17T18:23:45.497+0000] {logging_mixin.py:190} INFO - [2026-05-17T18:23:45.497+0000] {dag.py:3239} INFO - Sync 3 DAGs
[2026-05-17T18:23:45.584+0000] {logging_mixin.py:190} INFO - [2026-05-17T18:23:45.583+0000] {dag.py:4180} INFO - Setting next_dagrun for dataset_with_extra_by_context to 2026-05-16 00:00:00+00:00, run_after=2026-05-17 00:00:00+00:00
[2026-05-17T18:23:45.599+0000] {logging_mixin.py:190} INFO - [2026-05-17T18:23:45.597+0000] {dag.py:4180} INFO - Setting next_dagrun for dataset_with_extra_by_yield to 2026-05-16 00:00:00+00:00, run_after=2026-05-17 00:00:00+00:00
[2026-05-17T18:23:45.604+0000] {logging_mixin.py:190} INFO - [2026-05-17T18:23:45.604+0000] {dag.py:4180} INFO - Setting next_dagrun for dataset_with_extra_from_classic_operator to 2026-05-16 00:00:00+00:00, run_after=2026-05-17 00:00:00+00:00
[2026-05-17T18:23:45.659+0000] {processor.py:208} INFO - Processing /home/airflow/.local/lib/python3.12/site-packages/airflow/example_dags/example_outlet_event_extra.py took 1.475 seconds
