[2026-05-17T00:38:20.346+0000] {processor.py:186} INFO - Started process (PID=97) to work on /home/airflow/.local/lib/python3.12/site-packages/airflow/example_dags/example_trigger_controller_dag.py
[2026-05-17T00:38:20.359+0000] {processor.py:914} INFO - Processing file /home/airflow/.local/lib/python3.12/site-packages/airflow/example_dags/example_trigger_controller_dag.py for tasks to queue
[2026-05-17T00:38:20.368+0000] {logging_mixin.py:190} INFO - [2026-05-17T00:38:20.367+0000] {dagbag.py:588} INFO - Filling up the DagBag from /home/airflow/.local/lib/python3.12/site-packages/airflow/example_dags/example_trigger_controller_dag.py
[2026-05-17T00:38:20.400+0000] {processor.py:925} INFO - DAG(s) 'example_trigger_controller_dag' retrieved from /home/airflow/.local/lib/python3.12/site-packages/airflow/example_dags/example_trigger_controller_dag.py
[2026-05-17T00:38:21.291+0000] {logging_mixin.py:190} INFO - [2026-05-17T00:38:21.289+0000] {override.py:1900} INFO - Created Permission View: can read on DAG:example_trigger_controller_dag
[2026-05-17T00:38:21.336+0000] {logging_mixin.py:190} INFO - [2026-05-17T00:38:21.336+0000] {override.py:1900} INFO - Created Permission View: can edit on DAG:example_trigger_controller_dag
[2026-05-17T00:38:21.383+0000] {logging_mixin.py:190} INFO - [2026-05-17T00:38:21.382+0000] {override.py:1900} INFO - Created Permission View: can delete on DAG:example_trigger_controller_dag
[2026-05-17T00:38:21.418+0000] {logging_mixin.py:190} INFO - [2026-05-17T00:38:21.417+0000] {override.py:1900} INFO - Created Permission View: can read on DAG Run:example_trigger_controller_dag
[2026-05-17T00:38:21.463+0000] {logging_mixin.py:190} INFO - [2026-05-17T00:38:21.462+0000] {override.py:1900} INFO - Created Permission View: can create on DAG Run:example_trigger_controller_dag
[2026-05-17T00:38:21.486+0000] {logging_mixin.py:190} INFO - [2026-05-17T00:38:21.485+0000] {override.py:1900} INFO - Created Permission View: can delete on DAG Run:example_trigger_controller_dag
[2026-05-17T00:38:21.507+0000] {logging_mixin.py:190} INFO - [2026-05-17T00:38:21.506+0000] {override.py:1900} INFO - Created Permission View: menu access on DAG Run:example_trigger_controller_dag
[2026-05-17T00:38:21.508+0000] {logging_mixin.py:190} INFO - [2026-05-17T00:38:21.508+0000] {dag.py:3239} INFO - Sync 1 DAGs
[2026-05-17T00:38:21.542+0000] {logging_mixin.py:190} INFO - [2026-05-17T00:38:21.541+0000] {dag.py:3262} INFO - Creating ORM DAG for example_trigger_controller_dag
[2026-05-17T00:38:21.580+0000] {logging_mixin.py:190} INFO - [2026-05-17T00:38:21.579+0000] {dag.py:4180} INFO - Setting next_dagrun for example_trigger_controller_dag to 2021-01-01 00:00:00+00:00, run_after=2021-01-01 00:00:00+00:00
[2026-05-17T00:38:21.665+0000] {processor.py:208} INFO - Processing /home/airflow/.local/lib/python3.12/site-packages/airflow/example_dags/example_trigger_controller_dag.py took 1.348 seconds
[2026-05-17T00:38:53.899+0000] {processor.py:186} INFO - Started process (PID=159) to work on /home/airflow/.local/lib/python3.12/site-packages/airflow/example_dags/example_trigger_controller_dag.py
[2026-05-17T00:38:53.902+0000] {processor.py:914} INFO - Processing file /home/airflow/.local/lib/python3.12/site-packages/airflow/example_dags/example_trigger_controller_dag.py for tasks to queue
[2026-05-17T00:38:53.911+0000] {logging_mixin.py:190} INFO - [2026-05-17T00:38:53.910+0000] {dagbag.py:588} INFO - Filling up the DagBag from /home/airflow/.local/lib/python3.12/site-packages/airflow/example_dags/example_trigger_controller_dag.py
[2026-05-17T00:38:53.937+0000] {processor.py:925} INFO - DAG(s) 'example_trigger_controller_dag' retrieved from /home/airflow/.local/lib/python3.12/site-packages/airflow/example_dags/example_trigger_controller_dag.py
[2026-05-17T00:38:54.003+0000] {logging_mixin.py:190} INFO - [2026-05-17T00:38:54.002+0000] {dag.py:3239} INFO - Sync 1 DAGs
[2026-05-17T00:38:54.075+0000] {logging_mixin.py:190} INFO - [2026-05-17T00:38:54.074+0000] {dag.py:4180} INFO - Setting next_dagrun for example_trigger_controller_dag to 2021-01-01 00:00:00+00:00, run_after=2021-01-01 00:00:00+00:00
[2026-05-17T00:38:54.137+0000] {processor.py:208} INFO - Processing /home/airflow/.local/lib/python3.12/site-packages/airflow/example_dags/example_trigger_controller_dag.py took 0.251 seconds
[2026-05-17T01:21:42.058+0000] {processor.py:186} INFO - Started process (PID=107) to work on /home/airflow/.local/lib/python3.12/site-packages/airflow/example_dags/example_trigger_controller_dag.py
[2026-05-17T01:21:42.062+0000] {processor.py:914} INFO - Processing file /home/airflow/.local/lib/python3.12/site-packages/airflow/example_dags/example_trigger_controller_dag.py for tasks to queue
[2026-05-17T01:21:42.067+0000] {logging_mixin.py:190} INFO - [2026-05-17T01:21:42.066+0000] {dagbag.py:588} INFO - Filling up the DagBag from /home/airflow/.local/lib/python3.12/site-packages/airflow/example_dags/example_trigger_controller_dag.py
[2026-05-17T01:21:42.085+0000] {processor.py:925} INFO - DAG(s) 'example_trigger_controller_dag' retrieved from /home/airflow/.local/lib/python3.12/site-packages/airflow/example_dags/example_trigger_controller_dag.py
[2026-05-17T01:21:42.127+0000] {logging_mixin.py:190} INFO - [2026-05-17T01:21:42.126+0000] {dag.py:3239} INFO - Sync 1 DAGs
[2026-05-17T01:21:42.208+0000] {logging_mixin.py:190} INFO - [2026-05-17T01:21:42.206+0000] {dag.py:4180} INFO - Setting next_dagrun for example_trigger_controller_dag to 2021-01-01 00:00:00+00:00, run_after=2021-01-01 00:00:00+00:00
[2026-05-17T01:21:42.268+0000] {processor.py:208} INFO - Processing /home/airflow/.local/lib/python3.12/site-packages/airflow/example_dags/example_trigger_controller_dag.py took 0.221 seconds
[2026-05-17T01:22:49.443+0000] {processor.py:186} INFO - Started process (PID=176) to work on /home/airflow/.local/lib/python3.12/site-packages/airflow/example_dags/example_trigger_controller_dag.py
[2026-05-17T01:22:49.445+0000] {processor.py:914} INFO - Processing file /home/airflow/.local/lib/python3.12/site-packages/airflow/example_dags/example_trigger_controller_dag.py for tasks to queue
[2026-05-17T01:22:49.451+0000] {logging_mixin.py:190} INFO - [2026-05-17T01:22:49.449+0000] {dagbag.py:588} INFO - Filling up the DagBag from /home/airflow/.local/lib/python3.12/site-packages/airflow/example_dags/example_trigger_controller_dag.py
[2026-05-17T01:22:49.472+0000] {processor.py:925} INFO - DAG(s) 'example_trigger_controller_dag' retrieved from /home/airflow/.local/lib/python3.12/site-packages/airflow/example_dags/example_trigger_controller_dag.py
[2026-05-17T01:22:49.525+0000] {logging_mixin.py:190} INFO - [2026-05-17T01:22:49.525+0000] {dag.py:3239} INFO - Sync 1 DAGs
[2026-05-17T01:22:49.576+0000] {logging_mixin.py:190} INFO - [2026-05-17T01:22:49.575+0000] {dag.py:4180} INFO - Setting next_dagrun for example_trigger_controller_dag to 2021-01-01 00:00:00+00:00, run_after=2021-01-01 00:00:00+00:00
[2026-05-17T01:22:49.640+0000] {processor.py:208} INFO - Processing /home/airflow/.local/lib/python3.12/site-packages/airflow/example_dags/example_trigger_controller_dag.py took 0.208 seconds
[2026-05-17T01:51:47.405+0000] {processor.py:186} INFO - Started process (PID=262) to work on /home/airflow/.local/lib/python3.12/site-packages/airflow/example_dags/example_trigger_controller_dag.py
[2026-05-17T01:51:47.407+0000] {processor.py:914} INFO - Processing file /home/airflow/.local/lib/python3.12/site-packages/airflow/example_dags/example_trigger_controller_dag.py for tasks to queue
[2026-05-17T01:51:47.410+0000] {logging_mixin.py:190} INFO - [2026-05-17T01:51:47.409+0000] {dagbag.py:588} INFO - Filling up the DagBag from /home/airflow/.local/lib/python3.12/site-packages/airflow/example_dags/example_trigger_controller_dag.py
[2026-05-17T01:51:47.419+0000] {processor.py:925} INFO - DAG(s) 'example_trigger_controller_dag' retrieved from /home/airflow/.local/lib/python3.12/site-packages/airflow/example_dags/example_trigger_controller_dag.py
[2026-05-17T01:51:47.441+0000] {logging_mixin.py:190} INFO - [2026-05-17T01:51:47.441+0000] {dag.py:3239} INFO - Sync 1 DAGs
[2026-05-17T01:51:47.467+0000] {logging_mixin.py:190} INFO - [2026-05-17T01:51:47.466+0000] {dag.py:4180} INFO - Setting next_dagrun for example_trigger_controller_dag to 2021-01-01 00:00:00+00:00, run_after=2021-01-01 00:00:00+00:00
[2026-05-17T01:51:47.487+0000] {processor.py:208} INFO - Processing /home/airflow/.local/lib/python3.12/site-packages/airflow/example_dags/example_trigger_controller_dag.py took 0.089 seconds
[2026-05-17T01:55:09.595+0000] {processor.py:186} INFO - Started process (PID=326) to work on /home/airflow/.local/lib/python3.12/site-packages/airflow/example_dags/example_trigger_controller_dag.py
[2026-05-17T01:55:09.600+0000] {processor.py:914} INFO - Processing file /home/airflow/.local/lib/python3.12/site-packages/airflow/example_dags/example_trigger_controller_dag.py for tasks to queue
[2026-05-17T01:55:09.604+0000] {logging_mixin.py:190} INFO - [2026-05-17T01:55:09.603+0000] {dagbag.py:588} INFO - Filling up the DagBag from /home/airflow/.local/lib/python3.12/site-packages/airflow/example_dags/example_trigger_controller_dag.py
[2026-05-17T01:55:09.618+0000] {processor.py:925} INFO - DAG(s) 'example_trigger_controller_dag' retrieved from /home/airflow/.local/lib/python3.12/site-packages/airflow/example_dags/example_trigger_controller_dag.py
[2026-05-17T01:55:09.652+0000] {logging_mixin.py:190} INFO - [2026-05-17T01:55:09.652+0000] {dag.py:3239} INFO - Sync 1 DAGs
[2026-05-17T01:55:09.689+0000] {logging_mixin.py:190} INFO - [2026-05-17T01:55:09.689+0000] {dag.py:4180} INFO - Setting next_dagrun for example_trigger_controller_dag to 2021-01-01 00:00:00+00:00, run_after=2021-01-01 00:00:00+00:00
[2026-05-17T01:55:09.722+0000] {processor.py:208} INFO - Processing /home/airflow/.local/lib/python3.12/site-packages/airflow/example_dags/example_trigger_controller_dag.py took 0.137 seconds
[2026-05-17T01:55:43.989+0000] {processor.py:186} INFO - Started process (PID=389) to work on /home/airflow/.local/lib/python3.12/site-packages/airflow/example_dags/example_trigger_controller_dag.py
[2026-05-17T01:55:43.991+0000] {processor.py:914} INFO - Processing file /home/airflow/.local/lib/python3.12/site-packages/airflow/example_dags/example_trigger_controller_dag.py for tasks to queue
[2026-05-17T01:55:43.993+0000] {logging_mixin.py:190} INFO - [2026-05-17T01:55:43.992+0000] {dagbag.py:588} INFO - Filling up the DagBag from /home/airflow/.local/lib/python3.12/site-packages/airflow/example_dags/example_trigger_controller_dag.py
[2026-05-17T01:55:44.127+0000] {processor.py:925} INFO - DAG(s) 'example_trigger_controller_dag' retrieved from /home/airflow/.local/lib/python3.12/site-packages/airflow/example_dags/example_trigger_controller_dag.py
[2026-05-17T01:55:44.150+0000] {logging_mixin.py:190} INFO - [2026-05-17T01:55:44.150+0000] {dag.py:3239} INFO - Sync 1 DAGs
[2026-05-17T01:55:44.175+0000] {logging_mixin.py:190} INFO - [2026-05-17T01:55:44.174+0000] {dag.py:4180} INFO - Setting next_dagrun for example_trigger_controller_dag to 2021-01-01 00:00:00+00:00, run_after=2021-01-01 00:00:00+00:00
[2026-05-17T01:55:44.307+0000] {processor.py:208} INFO - Processing /home/airflow/.local/lib/python3.12/site-packages/airflow/example_dags/example_trigger_controller_dag.py took 0.329 seconds
[2026-05-17T01:56:17.471+0000] {processor.py:186} INFO - Started process (PID=446) to work on /home/airflow/.local/lib/python3.12/site-packages/airflow/example_dags/example_trigger_controller_dag.py
[2026-05-17T01:56:17.475+0000] {processor.py:914} INFO - Processing file /home/airflow/.local/lib/python3.12/site-packages/airflow/example_dags/example_trigger_controller_dag.py for tasks to queue
[2026-05-17T01:56:17.478+0000] {logging_mixin.py:190} INFO - [2026-05-17T01:56:17.477+0000] {dagbag.py:588} INFO - Filling up the DagBag from /home/airflow/.local/lib/python3.12/site-packages/airflow/example_dags/example_trigger_controller_dag.py
[2026-05-17T01:56:17.496+0000] {processor.py:925} INFO - DAG(s) 'example_trigger_controller_dag' retrieved from /home/airflow/.local/lib/python3.12/site-packages/airflow/example_dags/example_trigger_controller_dag.py
[2026-05-17T01:56:17.543+0000] {logging_mixin.py:190} INFO - [2026-05-17T01:56:17.543+0000] {dag.py:3239} INFO - Sync 1 DAGs
[2026-05-17T01:56:17.581+0000] {logging_mixin.py:190} INFO - [2026-05-17T01:56:17.579+0000] {dag.py:4180} INFO - Setting next_dagrun for example_trigger_controller_dag to 2021-01-01 00:00:00+00:00, run_after=2021-01-01 00:00:00+00:00
[2026-05-17T01:56:17.661+0000] {processor.py:208} INFO - Processing /home/airflow/.local/lib/python3.12/site-packages/airflow/example_dags/example_trigger_controller_dag.py took 0.202 seconds
[2026-05-17T13:16:25.114+0000] {processor.py:186} INFO - Started process (PID=105) to work on /home/airflow/.local/lib/python3.12/site-packages/airflow/example_dags/example_trigger_controller_dag.py
[2026-05-17T13:16:25.122+0000] {processor.py:914} INFO - Processing file /home/airflow/.local/lib/python3.12/site-packages/airflow/example_dags/example_trigger_controller_dag.py for tasks to queue
[2026-05-17T13:16:25.131+0000] {logging_mixin.py:190} INFO - [2026-05-17T13:16:25.130+0000] {dagbag.py:588} INFO - Filling up the DagBag from /home/airflow/.local/lib/python3.12/site-packages/airflow/example_dags/example_trigger_controller_dag.py
[2026-05-17T13:16:25.145+0000] {processor.py:925} INFO - DAG(s) 'example_trigger_controller_dag' retrieved from /home/airflow/.local/lib/python3.12/site-packages/airflow/example_dags/example_trigger_controller_dag.py
[2026-05-17T13:16:25.193+0000] {logging_mixin.py:190} INFO - [2026-05-17T13:16:25.193+0000] {dag.py:3239} INFO - Sync 1 DAGs
[2026-05-17T13:16:25.246+0000] {logging_mixin.py:190} INFO - [2026-05-17T13:16:25.245+0000] {dag.py:4180} INFO - Setting next_dagrun for example_trigger_controller_dag to 2021-01-01 00:00:00+00:00, run_after=2021-01-01 00:00:00+00:00
[2026-05-17T13:16:25.296+0000] {processor.py:208} INFO - Processing /home/airflow/.local/lib/python3.12/site-packages/airflow/example_dags/example_trigger_controller_dag.py took 0.199 seconds
[2026-05-17T13:37:29.727+0000] {processor.py:186} INFO - Started process (PID=96) to work on /home/airflow/.local/lib/python3.12/site-packages/airflow/example_dags/example_trigger_controller_dag.py
[2026-05-17T13:37:29.729+0000] {processor.py:914} INFO - Processing file /home/airflow/.local/lib/python3.12/site-packages/airflow/example_dags/example_trigger_controller_dag.py for tasks to queue
[2026-05-17T13:37:29.733+0000] {logging_mixin.py:190} INFO - [2026-05-17T13:37:29.732+0000] {dagbag.py:588} INFO - Filling up the DagBag from /home/airflow/.local/lib/python3.12/site-packages/airflow/example_dags/example_trigger_controller_dag.py
[2026-05-17T13:37:29.744+0000] {processor.py:925} INFO - DAG(s) 'example_trigger_controller_dag' retrieved from /home/airflow/.local/lib/python3.12/site-packages/airflow/example_dags/example_trigger_controller_dag.py
[2026-05-17T13:37:29.789+0000] {logging_mixin.py:190} INFO - [2026-05-17T13:37:29.789+0000] {dag.py:3239} INFO - Sync 1 DAGs
[2026-05-17T13:37:29.834+0000] {logging_mixin.py:190} INFO - [2026-05-17T13:37:29.833+0000] {dag.py:4180} INFO - Setting next_dagrun for example_trigger_controller_dag to 2021-01-01 00:00:00+00:00, run_after=2021-01-01 00:00:00+00:00
[2026-05-17T13:37:29.881+0000] {processor.py:208} INFO - Processing /home/airflow/.local/lib/python3.12/site-packages/airflow/example_dags/example_trigger_controller_dag.py took 0.164 seconds
[2026-05-17T13:38:26.839+0000] {processor.py:186} INFO - Started process (PID=153) to work on /home/airflow/.local/lib/python3.12/site-packages/airflow/example_dags/example_trigger_controller_dag.py
[2026-05-17T13:38:26.840+0000] {processor.py:914} INFO - Processing file /home/airflow/.local/lib/python3.12/site-packages/airflow/example_dags/example_trigger_controller_dag.py for tasks to queue
[2026-05-17T13:38:26.841+0000] {logging_mixin.py:190} INFO - [2026-05-17T13:38:26.841+0000] {dagbag.py:588} INFO - Filling up the DagBag from /home/airflow/.local/lib/python3.12/site-packages/airflow/example_dags/example_trigger_controller_dag.py
[2026-05-17T13:38:26.849+0000] {processor.py:925} INFO - DAG(s) 'example_trigger_controller_dag' retrieved from /home/airflow/.local/lib/python3.12/site-packages/airflow/example_dags/example_trigger_controller_dag.py
[2026-05-17T13:38:26.869+0000] {logging_mixin.py:190} INFO - [2026-05-17T13:38:26.868+0000] {dag.py:3239} INFO - Sync 1 DAGs
[2026-05-17T13:38:26.899+0000] {logging_mixin.py:190} INFO - [2026-05-17T13:38:26.898+0000] {dag.py:4180} INFO - Setting next_dagrun for example_trigger_controller_dag to 2021-01-01 00:00:00+00:00, run_after=2021-01-01 00:00:00+00:00
[2026-05-17T13:38:26.922+0000] {processor.py:208} INFO - Processing /home/airflow/.local/lib/python3.12/site-packages/airflow/example_dags/example_trigger_controller_dag.py took 0.089 seconds
[2026-05-17T13:50:54.006+0000] {processor.py:186} INFO - Started process (PID=100) to work on /home/airflow/.local/lib/python3.12/site-packages/airflow/example_dags/example_trigger_controller_dag.py
[2026-05-17T13:50:54.011+0000] {processor.py:914} INFO - Processing file /home/airflow/.local/lib/python3.12/site-packages/airflow/example_dags/example_trigger_controller_dag.py for tasks to queue
[2026-05-17T13:50:54.021+0000] {logging_mixin.py:190} INFO - [2026-05-17T13:50:54.020+0000] {dagbag.py:588} INFO - Filling up the DagBag from /home/airflow/.local/lib/python3.12/site-packages/airflow/example_dags/example_trigger_controller_dag.py
[2026-05-17T13:50:54.055+0000] {processor.py:925} INFO - DAG(s) 'example_trigger_controller_dag' retrieved from /home/airflow/.local/lib/python3.12/site-packages/airflow/example_dags/example_trigger_controller_dag.py
[2026-05-17T13:50:54.110+0000] {logging_mixin.py:190} INFO - [2026-05-17T13:50:54.109+0000] {dag.py:3239} INFO - Sync 1 DAGs
[2026-05-17T13:50:54.292+0000] {logging_mixin.py:190} INFO - [2026-05-17T13:50:54.291+0000] {dag.py:4180} INFO - Setting next_dagrun for example_trigger_controller_dag to 2021-01-01 00:00:00+00:00, run_after=2021-01-01 00:00:00+00:00
[2026-05-17T13:50:54.404+0000] {processor.py:208} INFO - Processing /home/airflow/.local/lib/python3.12/site-packages/airflow/example_dags/example_trigger_controller_dag.py took 0.424 seconds
[2026-05-17T16:13:00.935+0000] {processor.py:186} INFO - Started process (PID=108) to work on /home/airflow/.local/lib/python3.12/site-packages/airflow/example_dags/example_trigger_controller_dag.py
[2026-05-17T16:13:00.937+0000] {processor.py:914} INFO - Processing file /home/airflow/.local/lib/python3.12/site-packages/airflow/example_dags/example_trigger_controller_dag.py for tasks to queue
[2026-05-17T16:13:00.942+0000] {logging_mixin.py:190} INFO - [2026-05-17T16:13:00.941+0000] {dagbag.py:588} INFO - Filling up the DagBag from /home/airflow/.local/lib/python3.12/site-packages/airflow/example_dags/example_trigger_controller_dag.py
[2026-05-17T16:13:00.982+0000] {processor.py:925} INFO - DAG(s) 'example_trigger_controller_dag' retrieved from /home/airflow/.local/lib/python3.12/site-packages/airflow/example_dags/example_trigger_controller_dag.py
[2026-05-17T16:13:01.054+0000] {logging_mixin.py:190} INFO - [2026-05-17T16:13:01.053+0000] {dag.py:3239} INFO - Sync 1 DAGs
[2026-05-17T16:13:01.143+0000] {logging_mixin.py:190} INFO - [2026-05-17T16:13:01.143+0000] {dag.py:4180} INFO - Setting next_dagrun for example_trigger_controller_dag to 2021-01-01 00:00:00+00:00, run_after=2021-01-01 00:00:00+00:00
[2026-05-17T16:13:01.186+0000] {processor.py:208} INFO - Processing /home/airflow/.local/lib/python3.12/site-packages/airflow/example_dags/example_trigger_controller_dag.py took 0.291 seconds
[2026-05-17T16:23:26.841+0000] {processor.py:186} INFO - Started process (PID=100) to work on /home/airflow/.local/lib/python3.12/site-packages/airflow/example_dags/example_trigger_controller_dag.py
[2026-05-17T16:23:26.855+0000] {processor.py:914} INFO - Processing file /home/airflow/.local/lib/python3.12/site-packages/airflow/example_dags/example_trigger_controller_dag.py for tasks to queue
[2026-05-17T16:23:26.887+0000] {logging_mixin.py:190} INFO - [2026-05-17T16:23:26.873+0000] {dagbag.py:588} INFO - Filling up the DagBag from /home/airflow/.local/lib/python3.12/site-packages/airflow/example_dags/example_trigger_controller_dag.py
[2026-05-17T16:23:26.967+0000] {processor.py:925} INFO - DAG(s) 'example_trigger_controller_dag' retrieved from /home/airflow/.local/lib/python3.12/site-packages/airflow/example_dags/example_trigger_controller_dag.py
[2026-05-17T16:23:27.119+0000] {logging_mixin.py:190} INFO - [2026-05-17T16:23:27.119+0000] {dag.py:3239} INFO - Sync 1 DAGs
[2026-05-17T16:23:27.343+0000] {logging_mixin.py:190} INFO - [2026-05-17T16:23:27.343+0000] {dag.py:4180} INFO - Setting next_dagrun for example_trigger_controller_dag to 2021-01-01 00:00:00+00:00, run_after=2021-01-01 00:00:00+00:00
[2026-05-17T16:23:27.472+0000] {processor.py:208} INFO - Processing /home/airflow/.local/lib/python3.12/site-packages/airflow/example_dags/example_trigger_controller_dag.py took 0.673 seconds
[2026-05-17T16:24:20.802+0000] {processor.py:186} INFO - Started process (PID=157) to work on /home/airflow/.local/lib/python3.12/site-packages/airflow/example_dags/example_trigger_controller_dag.py
[2026-05-17T16:24:20.807+0000] {processor.py:914} INFO - Processing file /home/airflow/.local/lib/python3.12/site-packages/airflow/example_dags/example_trigger_controller_dag.py for tasks to queue
[2026-05-17T16:24:20.818+0000] {logging_mixin.py:190} INFO - [2026-05-17T16:24:20.817+0000] {dagbag.py:588} INFO - Filling up the DagBag from /home/airflow/.local/lib/python3.12/site-packages/airflow/example_dags/example_trigger_controller_dag.py
[2026-05-17T16:24:20.900+0000] {processor.py:925} INFO - DAG(s) 'example_trigger_controller_dag' retrieved from /home/airflow/.local/lib/python3.12/site-packages/airflow/example_dags/example_trigger_controller_dag.py
[2026-05-17T16:24:20.974+0000] {logging_mixin.py:190} INFO - [2026-05-17T16:24:20.973+0000] {dag.py:3239} INFO - Sync 1 DAGs
[2026-05-17T16:24:21.098+0000] {logging_mixin.py:190} INFO - [2026-05-17T16:24:21.097+0000] {dag.py:4180} INFO - Setting next_dagrun for example_trigger_controller_dag to 2021-01-01 00:00:00+00:00, run_after=2021-01-01 00:00:00+00:00
[2026-05-17T16:24:21.187+0000] {processor.py:208} INFO - Processing /home/airflow/.local/lib/python3.12/site-packages/airflow/example_dags/example_trigger_controller_dag.py took 0.408 seconds
[2026-05-17T18:14:40.739+0000] {processor.py:186} INFO - Started process (PID=103) to work on /home/airflow/.local/lib/python3.12/site-packages/airflow/example_dags/example_trigger_controller_dag.py
[2026-05-17T18:14:40.743+0000] {processor.py:914} INFO - Processing file /home/airflow/.local/lib/python3.12/site-packages/airflow/example_dags/example_trigger_controller_dag.py for tasks to queue
[2026-05-17T18:14:40.764+0000] {logging_mixin.py:190} INFO - [2026-05-17T18:14:40.763+0000] {dagbag.py:588} INFO - Filling up the DagBag from /home/airflow/.local/lib/python3.12/site-packages/airflow/example_dags/example_trigger_controller_dag.py
[2026-05-17T18:14:40.793+0000] {processor.py:925} INFO - DAG(s) 'example_trigger_controller_dag' retrieved from /home/airflow/.local/lib/python3.12/site-packages/airflow/example_dags/example_trigger_controller_dag.py
[2026-05-17T18:14:40.890+0000] {logging_mixin.py:190} INFO - [2026-05-17T18:14:40.888+0000] {dag.py:3239} INFO - Sync 1 DAGs
[2026-05-17T18:14:41.056+0000] {logging_mixin.py:190} INFO - [2026-05-17T18:14:41.053+0000] {dag.py:4180} INFO - Setting next_dagrun for example_trigger_controller_dag to 2021-01-01 00:00:00+00:00, run_after=2021-01-01 00:00:00+00:00
[2026-05-17T18:14:41.299+0000] {processor.py:208} INFO - Processing /home/airflow/.local/lib/python3.12/site-packages/airflow/example_dags/example_trigger_controller_dag.py took 0.583 seconds
[2026-05-17T18:15:39.128+0000] {processor.py:186} INFO - Started process (PID=173) to work on /home/airflow/.local/lib/python3.12/site-packages/airflow/example_dags/example_trigger_controller_dag.py
[2026-05-17T18:15:39.132+0000] {processor.py:914} INFO - Processing file /home/airflow/.local/lib/python3.12/site-packages/airflow/example_dags/example_trigger_controller_dag.py for tasks to queue
[2026-05-17T18:15:39.138+0000] {logging_mixin.py:190} INFO - [2026-05-17T18:15:39.137+0000] {dagbag.py:588} INFO - Filling up the DagBag from /home/airflow/.local/lib/python3.12/site-packages/airflow/example_dags/example_trigger_controller_dag.py
[2026-05-17T18:15:39.165+0000] {processor.py:925} INFO - DAG(s) 'example_trigger_controller_dag' retrieved from /home/airflow/.local/lib/python3.12/site-packages/airflow/example_dags/example_trigger_controller_dag.py
[2026-05-17T18:15:39.261+0000] {logging_mixin.py:190} INFO - [2026-05-17T18:15:39.260+0000] {dag.py:3239} INFO - Sync 1 DAGs
[2026-05-17T18:15:39.338+0000] {logging_mixin.py:190} INFO - [2026-05-17T18:15:39.338+0000] {dag.py:4180} INFO - Setting next_dagrun for example_trigger_controller_dag to 2021-01-01 00:00:00+00:00, run_after=2021-01-01 00:00:00+00:00
[2026-05-17T18:15:39.405+0000] {processor.py:208} INFO - Processing /home/airflow/.local/lib/python3.12/site-packages/airflow/example_dags/example_trigger_controller_dag.py took 0.289 seconds
[2026-05-17T18:23:06.605+0000] {processor.py:186} INFO - Started process (PID=100) to work on /home/airflow/.local/lib/python3.12/site-packages/airflow/example_dags/example_trigger_controller_dag.py
[2026-05-17T18:23:06.608+0000] {processor.py:914} INFO - Processing file /home/airflow/.local/lib/python3.12/site-packages/airflow/example_dags/example_trigger_controller_dag.py for tasks to queue
[2026-05-17T18:23:06.614+0000] {logging_mixin.py:190} INFO - [2026-05-17T18:23:06.613+0000] {dagbag.py:588} INFO - Filling up the DagBag from /home/airflow/.local/lib/python3.12/site-packages/airflow/example_dags/example_trigger_controller_dag.py
[2026-05-17T18:23:06.630+0000] {processor.py:925} INFO - DAG(s) 'example_trigger_controller_dag' retrieved from /home/airflow/.local/lib/python3.12/site-packages/airflow/example_dags/example_trigger_controller_dag.py
[2026-05-17T18:23:06.672+0000] {logging_mixin.py:190} INFO - [2026-05-17T18:23:06.672+0000] {dag.py:3239} INFO - Sync 1 DAGs
[2026-05-17T18:23:06.724+0000] {logging_mixin.py:190} INFO - [2026-05-17T18:23:06.724+0000] {dag.py:4180} INFO - Setting next_dagrun for example_trigger_controller_dag to 2021-01-01 00:00:00+00:00, run_after=2021-01-01 00:00:00+00:00
[2026-05-17T18:23:06.775+0000] {processor.py:208} INFO - Processing /home/airflow/.local/lib/python3.12/site-packages/airflow/example_dags/example_trigger_controller_dag.py took 0.181 seconds
