[2026-05-17T00:38:30.834+0000] {processor.py:186} INFO - Started process (PID=119) to work on /home/airflow/.local/lib/python3.12/site-packages/airflow/example_dags/example_short_circuit_operator.py
[2026-05-17T00:38:30.836+0000] {processor.py:914} INFO - Processing file /home/airflow/.local/lib/python3.12/site-packages/airflow/example_dags/example_short_circuit_operator.py for tasks to queue
[2026-05-17T00:38:30.842+0000] {logging_mixin.py:190} INFO - [2026-05-17T00:38:30.841+0000] {dagbag.py:588} INFO - Filling up the DagBag from /home/airflow/.local/lib/python3.12/site-packages/airflow/example_dags/example_short_circuit_operator.py
[2026-05-17T00:38:30.864+0000] {processor.py:925} INFO - DAG(s) 'example_short_circuit_operator' retrieved from /home/airflow/.local/lib/python3.12/site-packages/airflow/example_dags/example_short_circuit_operator.py
[2026-05-17T00:38:31.157+0000] {logging_mixin.py:190} INFO - [2026-05-17T00:38:31.155+0000] {override.py:1900} INFO - Created Permission View: can read on DAG:example_short_circuit_operator
[2026-05-17T00:38:31.185+0000] {logging_mixin.py:190} INFO - [2026-05-17T00:38:31.184+0000] {override.py:1900} INFO - Created Permission View: can edit on DAG:example_short_circuit_operator
[2026-05-17T00:38:31.213+0000] {logging_mixin.py:190} INFO - [2026-05-17T00:38:31.212+0000] {override.py:1900} INFO - Created Permission View: can delete on DAG:example_short_circuit_operator
[2026-05-17T00:38:31.238+0000] {logging_mixin.py:190} INFO - [2026-05-17T00:38:31.238+0000] {override.py:1900} INFO - Created Permission View: can read on DAG Run:example_short_circuit_operator
[2026-05-17T00:38:31.255+0000] {logging_mixin.py:190} INFO - [2026-05-17T00:38:31.254+0000] {override.py:1900} INFO - Created Permission View: can create on DAG Run:example_short_circuit_operator
[2026-05-17T00:38:31.281+0000] {logging_mixin.py:190} INFO - [2026-05-17T00:38:31.280+0000] {override.py:1900} INFO - Created Permission View: can delete on DAG Run:example_short_circuit_operator
[2026-05-17T00:38:31.299+0000] {logging_mixin.py:190} INFO - [2026-05-17T00:38:31.298+0000] {override.py:1900} INFO - Created Permission View: menu access on DAG Run:example_short_circuit_operator
[2026-05-17T00:38:31.300+0000] {logging_mixin.py:190} INFO - [2026-05-17T00:38:31.300+0000] {dag.py:3239} INFO - Sync 1 DAGs
[2026-05-17T00:38:31.337+0000] {logging_mixin.py:190} INFO - [2026-05-17T00:38:31.337+0000] {dag.py:3262} INFO - Creating ORM DAG for example_short_circuit_operator
[2026-05-17T00:38:31.339+0000] {logging_mixin.py:190} INFO - [2026-05-17T00:38:31.339+0000] {dag.py:4180} INFO - Setting next_dagrun for example_short_circuit_operator to None, run_after=None
[2026-05-17T00:38:31.383+0000] {processor.py:208} INFO - Processing /home/airflow/.local/lib/python3.12/site-packages/airflow/example_dags/example_short_circuit_operator.py took 0.566 seconds
[2026-05-17T00:39:01.978+0000] {processor.py:186} INFO - Started process (PID=181) to work on /home/airflow/.local/lib/python3.12/site-packages/airflow/example_dags/example_short_circuit_operator.py
[2026-05-17T00:39:01.981+0000] {processor.py:914} INFO - Processing file /home/airflow/.local/lib/python3.12/site-packages/airflow/example_dags/example_short_circuit_operator.py for tasks to queue
[2026-05-17T00:39:01.990+0000] {logging_mixin.py:190} INFO - [2026-05-17T00:39:01.987+0000] {dagbag.py:588} INFO - Filling up the DagBag from /home/airflow/.local/lib/python3.12/site-packages/airflow/example_dags/example_short_circuit_operator.py
[2026-05-17T00:39:02.018+0000] {processor.py:925} INFO - DAG(s) 'example_short_circuit_operator' retrieved from /home/airflow/.local/lib/python3.12/site-packages/airflow/example_dags/example_short_circuit_operator.py
[2026-05-17T00:39:02.094+0000] {logging_mixin.py:190} INFO - [2026-05-17T00:39:02.093+0000] {dag.py:3239} INFO - Sync 1 DAGs
[2026-05-17T00:39:02.165+0000] {logging_mixin.py:190} INFO - [2026-05-17T00:39:02.164+0000] {dag.py:4180} INFO - Setting next_dagrun for example_short_circuit_operator to None, run_after=None
[2026-05-17T00:39:02.235+0000] {processor.py:208} INFO - Processing /home/airflow/.local/lib/python3.12/site-packages/airflow/example_dags/example_short_circuit_operator.py took 0.271 seconds
[2026-05-17T01:21:52.573+0000] {processor.py:186} INFO - Started process (PID=129) to work on /home/airflow/.local/lib/python3.12/site-packages/airflow/example_dags/example_short_circuit_operator.py
[2026-05-17T01:21:52.578+0000] {processor.py:914} INFO - Processing file /home/airflow/.local/lib/python3.12/site-packages/airflow/example_dags/example_short_circuit_operator.py for tasks to queue
[2026-05-17T01:21:52.583+0000] {logging_mixin.py:190} INFO - [2026-05-17T01:21:52.582+0000] {dagbag.py:588} INFO - Filling up the DagBag from /home/airflow/.local/lib/python3.12/site-packages/airflow/example_dags/example_short_circuit_operator.py
[2026-05-17T01:21:52.633+0000] {processor.py:925} INFO - DAG(s) 'example_short_circuit_operator' retrieved from /home/airflow/.local/lib/python3.12/site-packages/airflow/example_dags/example_short_circuit_operator.py
[2026-05-17T01:21:52.682+0000] {logging_mixin.py:190} INFO - [2026-05-17T01:21:52.682+0000] {dag.py:3239} INFO - Sync 1 DAGs
[2026-05-17T01:21:52.704+0000] {logging_mixin.py:190} INFO - [2026-05-17T01:21:52.703+0000] {dag.py:4180} INFO - Setting next_dagrun for example_short_circuit_operator to None, run_after=None
[2026-05-17T01:21:52.969+0000] {processor.py:208} INFO - Processing /home/airflow/.local/lib/python3.12/site-packages/airflow/example_dags/example_short_circuit_operator.py took 0.407 seconds
[2026-05-17T01:22:53.288+0000] {processor.py:186} INFO - Started process (PID=192) to work on /home/airflow/.local/lib/python3.12/site-packages/airflow/example_dags/example_short_circuit_operator.py
[2026-05-17T01:22:53.290+0000] {processor.py:914} INFO - Processing file /home/airflow/.local/lib/python3.12/site-packages/airflow/example_dags/example_short_circuit_operator.py for tasks to queue
[2026-05-17T01:22:53.294+0000] {logging_mixin.py:190} INFO - [2026-05-17T01:22:53.294+0000] {dagbag.py:588} INFO - Filling up the DagBag from /home/airflow/.local/lib/python3.12/site-packages/airflow/example_dags/example_short_circuit_operator.py
[2026-05-17T01:22:53.310+0000] {processor.py:925} INFO - DAG(s) 'example_short_circuit_operator' retrieved from /home/airflow/.local/lib/python3.12/site-packages/airflow/example_dags/example_short_circuit_operator.py
[2026-05-17T01:22:53.366+0000] {logging_mixin.py:190} INFO - [2026-05-17T01:22:53.366+0000] {dag.py:3239} INFO - Sync 1 DAGs
[2026-05-17T01:22:53.408+0000] {logging_mixin.py:190} INFO - [2026-05-17T01:22:53.408+0000] {dag.py:4180} INFO - Setting next_dagrun for example_short_circuit_operator to None, run_after=None
[2026-05-17T01:22:53.455+0000] {processor.py:208} INFO - Processing /home/airflow/.local/lib/python3.12/site-packages/airflow/example_dags/example_short_circuit_operator.py took 0.178 seconds
[2026-05-17T01:51:49.201+0000] {processor.py:186} INFO - Started process (PID=278) to work on /home/airflow/.local/lib/python3.12/site-packages/airflow/example_dags/example_short_circuit_operator.py
[2026-05-17T01:51:49.203+0000] {processor.py:914} INFO - Processing file /home/airflow/.local/lib/python3.12/site-packages/airflow/example_dags/example_short_circuit_operator.py for tasks to queue
[2026-05-17T01:51:49.206+0000] {logging_mixin.py:190} INFO - [2026-05-17T01:51:49.205+0000] {dagbag.py:588} INFO - Filling up the DagBag from /home/airflow/.local/lib/python3.12/site-packages/airflow/example_dags/example_short_circuit_operator.py
[2026-05-17T01:51:49.215+0000] {processor.py:925} INFO - DAG(s) 'example_short_circuit_operator' retrieved from /home/airflow/.local/lib/python3.12/site-packages/airflow/example_dags/example_short_circuit_operator.py
[2026-05-17T01:51:49.242+0000] {logging_mixin.py:190} INFO - [2026-05-17T01:51:49.241+0000] {dag.py:3239} INFO - Sync 1 DAGs
[2026-05-17T01:51:49.256+0000] {logging_mixin.py:190} INFO - [2026-05-17T01:51:49.256+0000] {dag.py:4180} INFO - Setting next_dagrun for example_short_circuit_operator to None, run_after=None
[2026-05-17T01:51:49.279+0000] {processor.py:208} INFO - Processing /home/airflow/.local/lib/python3.12/site-packages/airflow/example_dags/example_short_circuit_operator.py took 0.084 seconds
[2026-05-17T01:55:12.264+0000] {processor.py:186} INFO - Started process (PID=342) to work on /home/airflow/.local/lib/python3.12/site-packages/airflow/example_dags/example_short_circuit_operator.py
[2026-05-17T01:55:12.266+0000] {processor.py:914} INFO - Processing file /home/airflow/.local/lib/python3.12/site-packages/airflow/example_dags/example_short_circuit_operator.py for tasks to queue
[2026-05-17T01:55:12.268+0000] {logging_mixin.py:190} INFO - [2026-05-17T01:55:12.267+0000] {dagbag.py:588} INFO - Filling up the DagBag from /home/airflow/.local/lib/python3.12/site-packages/airflow/example_dags/example_short_circuit_operator.py
[2026-05-17T01:55:12.307+0000] {processor.py:925} INFO - DAG(s) 'example_short_circuit_operator' retrieved from /home/airflow/.local/lib/python3.12/site-packages/airflow/example_dags/example_short_circuit_operator.py
[2026-05-17T01:55:12.353+0000] {logging_mixin.py:190} INFO - [2026-05-17T01:55:12.352+0000] {dag.py:3239} INFO - Sync 1 DAGs
[2026-05-17T01:55:12.380+0000] {logging_mixin.py:190} INFO - [2026-05-17T01:55:12.380+0000] {dag.py:4180} INFO - Setting next_dagrun for example_short_circuit_operator to None, run_after=None
[2026-05-17T01:55:12.425+0000] {processor.py:208} INFO - Processing /home/airflow/.local/lib/python3.12/site-packages/airflow/example_dags/example_short_circuit_operator.py took 0.172 seconds
[2026-05-17T01:55:48.309+0000] {processor.py:186} INFO - Started process (PID=405) to work on /home/airflow/.local/lib/python3.12/site-packages/airflow/example_dags/example_short_circuit_operator.py
[2026-05-17T01:55:48.312+0000] {processor.py:914} INFO - Processing file /home/airflow/.local/lib/python3.12/site-packages/airflow/example_dags/example_short_circuit_operator.py for tasks to queue
[2026-05-17T01:55:48.315+0000] {logging_mixin.py:190} INFO - [2026-05-17T01:55:48.314+0000] {dagbag.py:588} INFO - Filling up the DagBag from /home/airflow/.local/lib/python3.12/site-packages/airflow/example_dags/example_short_circuit_operator.py
[2026-05-17T01:55:48.356+0000] {processor.py:925} INFO - DAG(s) 'example_short_circuit_operator' retrieved from /home/airflow/.local/lib/python3.12/site-packages/airflow/example_dags/example_short_circuit_operator.py
[2026-05-17T01:55:48.411+0000] {logging_mixin.py:190} INFO - [2026-05-17T01:55:48.410+0000] {dag.py:3239} INFO - Sync 1 DAGs
[2026-05-17T01:55:48.439+0000] {logging_mixin.py:190} INFO - [2026-05-17T01:55:48.438+0000] {dag.py:4180} INFO - Setting next_dagrun for example_short_circuit_operator to None, run_after=None
[2026-05-17T01:55:48.595+0000] {processor.py:208} INFO - Processing /home/airflow/.local/lib/python3.12/site-packages/airflow/example_dags/example_short_circuit_operator.py took 0.299 seconds
[2026-05-17T02:03:09.933+0000] {processor.py:186} INFO - Started process (PID=468) to work on /home/airflow/.local/lib/python3.12/site-packages/airflow/example_dags/example_short_circuit_operator.py
[2026-05-17T02:03:09.936+0000] {processor.py:914} INFO - Processing file /home/airflow/.local/lib/python3.12/site-packages/airflow/example_dags/example_short_circuit_operator.py for tasks to queue
[2026-05-17T02:03:09.938+0000] {logging_mixin.py:190} INFO - [2026-05-17T02:03:09.938+0000] {dagbag.py:588} INFO - Filling up the DagBag from /home/airflow/.local/lib/python3.12/site-packages/airflow/example_dags/example_short_circuit_operator.py
[2026-05-17T02:03:10.031+0000] {processor.py:925} INFO - DAG(s) 'example_short_circuit_operator' retrieved from /home/airflow/.local/lib/python3.12/site-packages/airflow/example_dags/example_short_circuit_operator.py
[2026-05-17T02:03:10.335+0000] {logging_mixin.py:190} INFO - [2026-05-17T02:03:10.335+0000] {dag.py:3239} INFO - Sync 1 DAGs
[2026-05-17T02:03:10.361+0000] {logging_mixin.py:190} INFO - [2026-05-17T02:03:10.361+0000] {dag.py:4180} INFO - Setting next_dagrun for example_short_circuit_operator to None, run_after=None
[2026-05-17T02:03:10.386+0000] {processor.py:208} INFO - Processing /home/airflow/.local/lib/python3.12/site-packages/airflow/example_dags/example_short_circuit_operator.py took 0.573 seconds
[2026-05-17T13:16:34.773+0000] {processor.py:186} INFO - Started process (PID=121) to work on /home/airflow/.local/lib/python3.12/site-packages/airflow/example_dags/example_short_circuit_operator.py
[2026-05-17T13:16:34.777+0000] {processor.py:914} INFO - Processing file /home/airflow/.local/lib/python3.12/site-packages/airflow/example_dags/example_short_circuit_operator.py for tasks to queue
[2026-05-17T13:16:34.786+0000] {logging_mixin.py:190} INFO - [2026-05-17T13:16:34.785+0000] {dagbag.py:588} INFO - Filling up the DagBag from /home/airflow/.local/lib/python3.12/site-packages/airflow/example_dags/example_short_circuit_operator.py
[2026-05-17T13:16:34.839+0000] {processor.py:925} INFO - DAG(s) 'example_short_circuit_operator' retrieved from /home/airflow/.local/lib/python3.12/site-packages/airflow/example_dags/example_short_circuit_operator.py
[2026-05-17T13:16:35.209+0000] {logging_mixin.py:190} INFO - [2026-05-17T13:16:35.209+0000] {dag.py:3239} INFO - Sync 1 DAGs
[2026-05-17T13:16:35.278+0000] {logging_mixin.py:190} INFO - [2026-05-17T13:16:35.278+0000] {dag.py:4180} INFO - Setting next_dagrun for example_short_circuit_operator to None, run_after=None
[2026-05-17T13:16:35.366+0000] {processor.py:208} INFO - Processing /home/airflow/.local/lib/python3.12/site-packages/airflow/example_dags/example_short_circuit_operator.py took 0.611 seconds
[2026-05-17T13:37:32.146+0000] {processor.py:186} INFO - Started process (PID=112) to work on /home/airflow/.local/lib/python3.12/site-packages/airflow/example_dags/example_short_circuit_operator.py
[2026-05-17T13:37:32.198+0000] {processor.py:914} INFO - Processing file /home/airflow/.local/lib/python3.12/site-packages/airflow/example_dags/example_short_circuit_operator.py for tasks to queue
[2026-05-17T13:37:32.201+0000] {logging_mixin.py:190} INFO - [2026-05-17T13:37:32.200+0000] {dagbag.py:588} INFO - Filling up the DagBag from /home/airflow/.local/lib/python3.12/site-packages/airflow/example_dags/example_short_circuit_operator.py
[2026-05-17T13:37:32.213+0000] {processor.py:925} INFO - DAG(s) 'example_short_circuit_operator' retrieved from /home/airflow/.local/lib/python3.12/site-packages/airflow/example_dags/example_short_circuit_operator.py
[2026-05-17T13:37:32.243+0000] {logging_mixin.py:190} INFO - [2026-05-17T13:37:32.242+0000] {dag.py:3239} INFO - Sync 1 DAGs
[2026-05-17T13:37:32.269+0000] {logging_mixin.py:190} INFO - [2026-05-17T13:37:32.269+0000] {dag.py:4180} INFO - Setting next_dagrun for example_short_circuit_operator to None, run_after=None
[2026-05-17T13:37:32.302+0000] {processor.py:208} INFO - Processing /home/airflow/.local/lib/python3.12/site-packages/airflow/example_dags/example_short_circuit_operator.py took 0.165 seconds
[2026-05-17T13:38:28.382+0000] {processor.py:186} INFO - Started process (PID=169) to work on /home/airflow/.local/lib/python3.12/site-packages/airflow/example_dags/example_short_circuit_operator.py
[2026-05-17T13:38:28.383+0000] {processor.py:914} INFO - Processing file /home/airflow/.local/lib/python3.12/site-packages/airflow/example_dags/example_short_circuit_operator.py for tasks to queue
[2026-05-17T13:38:28.385+0000] {logging_mixin.py:190} INFO - [2026-05-17T13:38:28.384+0000] {dagbag.py:588} INFO - Filling up the DagBag from /home/airflow/.local/lib/python3.12/site-packages/airflow/example_dags/example_short_circuit_operator.py
[2026-05-17T13:38:28.395+0000] {processor.py:925} INFO - DAG(s) 'example_short_circuit_operator' retrieved from /home/airflow/.local/lib/python3.12/site-packages/airflow/example_dags/example_short_circuit_operator.py
[2026-05-17T13:38:28.425+0000] {logging_mixin.py:190} INFO - [2026-05-17T13:38:28.425+0000] {dag.py:3239} INFO - Sync 1 DAGs
[2026-05-17T13:38:28.443+0000] {logging_mixin.py:190} INFO - [2026-05-17T13:38:28.443+0000] {dag.py:4180} INFO - Setting next_dagrun for example_short_circuit_operator to None, run_after=None
[2026-05-17T13:38:28.463+0000] {processor.py:208} INFO - Processing /home/airflow/.local/lib/python3.12/site-packages/airflow/example_dags/example_short_circuit_operator.py took 0.087 seconds
[2026-05-17T13:51:30.294+0000] {processor.py:186} INFO - Started process (PID=116) to work on /home/airflow/.local/lib/python3.12/site-packages/airflow/example_dags/example_short_circuit_operator.py
[2026-05-17T13:51:30.297+0000] {processor.py:914} INFO - Processing file /home/airflow/.local/lib/python3.12/site-packages/airflow/example_dags/example_short_circuit_operator.py for tasks to queue
[2026-05-17T13:51:30.307+0000] {logging_mixin.py:190} INFO - [2026-05-17T13:51:30.305+0000] {dagbag.py:588} INFO - Filling up the DagBag from /home/airflow/.local/lib/python3.12/site-packages/airflow/example_dags/example_short_circuit_operator.py
[2026-05-17T13:51:30.351+0000] {processor.py:925} INFO - DAG(s) 'example_short_circuit_operator' retrieved from /home/airflow/.local/lib/python3.12/site-packages/airflow/example_dags/example_short_circuit_operator.py
[2026-05-17T13:51:30.488+0000] {logging_mixin.py:190} INFO - [2026-05-17T13:51:30.487+0000] {dag.py:3239} INFO - Sync 1 DAGs
[2026-05-17T13:51:30.591+0000] {logging_mixin.py:190} INFO - [2026-05-17T13:51:30.591+0000] {dag.py:4180} INFO - Setting next_dagrun for example_short_circuit_operator to None, run_after=None
[2026-05-17T13:51:30.675+0000] {processor.py:208} INFO - Processing /home/airflow/.local/lib/python3.12/site-packages/airflow/example_dags/example_short_circuit_operator.py took 0.401 seconds
[2026-05-17T16:13:29.554+0000] {processor.py:186} INFO - Started process (PID=124) to work on /home/airflow/.local/lib/python3.12/site-packages/airflow/example_dags/example_short_circuit_operator.py
[2026-05-17T16:13:29.557+0000] {processor.py:914} INFO - Processing file /home/airflow/.local/lib/python3.12/site-packages/airflow/example_dags/example_short_circuit_operator.py for tasks to queue
[2026-05-17T16:13:29.564+0000] {logging_mixin.py:190} INFO - [2026-05-17T16:13:29.563+0000] {dagbag.py:588} INFO - Filling up the DagBag from /home/airflow/.local/lib/python3.12/site-packages/airflow/example_dags/example_short_circuit_operator.py
[2026-05-17T16:13:29.588+0000] {processor.py:925} INFO - DAG(s) 'example_short_circuit_operator' retrieved from /home/airflow/.local/lib/python3.12/site-packages/airflow/example_dags/example_short_circuit_operator.py
[2026-05-17T16:13:29.673+0000] {logging_mixin.py:190} INFO - [2026-05-17T16:13:29.672+0000] {dag.py:3239} INFO - Sync 1 DAGs
[2026-05-17T16:13:29.742+0000] {logging_mixin.py:190} INFO - [2026-05-17T16:13:29.742+0000] {dag.py:4180} INFO - Setting next_dagrun for example_short_circuit_operator to None, run_after=None
[2026-05-17T16:13:29.827+0000] {processor.py:208} INFO - Processing /home/airflow/.local/lib/python3.12/site-packages/airflow/example_dags/example_short_circuit_operator.py took 0.297 seconds
[2026-05-17T16:24:06.204+0000] {processor.py:186} INFO - Started process (PID=116) to work on /home/airflow/.local/lib/python3.12/site-packages/airflow/example_dags/example_short_circuit_operator.py
[2026-05-17T16:24:06.210+0000] {processor.py:914} INFO - Processing file /home/airflow/.local/lib/python3.12/site-packages/airflow/example_dags/example_short_circuit_operator.py for tasks to queue
[2026-05-17T16:24:06.220+0000] {logging_mixin.py:190} INFO - [2026-05-17T16:24:06.220+0000] {dagbag.py:588} INFO - Filling up the DagBag from /home/airflow/.local/lib/python3.12/site-packages/airflow/example_dags/example_short_circuit_operator.py
[2026-05-17T16:24:06.259+0000] {processor.py:925} INFO - DAG(s) 'example_short_circuit_operator' retrieved from /home/airflow/.local/lib/python3.12/site-packages/airflow/example_dags/example_short_circuit_operator.py
[2026-05-17T16:24:06.323+0000] {logging_mixin.py:190} INFO - [2026-05-17T16:24:06.323+0000] {dag.py:3239} INFO - Sync 1 DAGs
[2026-05-17T16:24:06.369+0000] {logging_mixin.py:190} INFO - [2026-05-17T16:24:06.369+0000] {dag.py:4180} INFO - Setting next_dagrun for example_short_circuit_operator to None, run_after=None
[2026-05-17T16:24:06.424+0000] {processor.py:208} INFO - Processing /home/airflow/.local/lib/python3.12/site-packages/airflow/example_dags/example_short_circuit_operator.py took 0.233 seconds
[2026-05-17T16:31:27.514+0000] {processor.py:186} INFO - Started process (PID=173) to work on /home/airflow/.local/lib/python3.12/site-packages/airflow/example_dags/example_short_circuit_operator.py
[2026-05-17T16:31:27.517+0000] {processor.py:914} INFO - Processing file /home/airflow/.local/lib/python3.12/site-packages/airflow/example_dags/example_short_circuit_operator.py for tasks to queue
[2026-05-17T16:31:27.519+0000] {logging_mixin.py:190} INFO - [2026-05-17T16:31:27.519+0000] {dagbag.py:588} INFO - Filling up the DagBag from /home/airflow/.local/lib/python3.12/site-packages/airflow/example_dags/example_short_circuit_operator.py
[2026-05-17T16:31:27.534+0000] {processor.py:925} INFO - DAG(s) 'example_short_circuit_operator' retrieved from /home/airflow/.local/lib/python3.12/site-packages/airflow/example_dags/example_short_circuit_operator.py
[2026-05-17T16:31:27.700+0000] {logging_mixin.py:190} INFO - [2026-05-17T16:31:27.700+0000] {dag.py:3239} INFO - Sync 1 DAGs
[2026-05-17T16:31:27.896+0000] {logging_mixin.py:190} INFO - [2026-05-17T16:31:27.896+0000] {dag.py:4180} INFO - Setting next_dagrun for example_short_circuit_operator to None, run_after=None
[2026-05-17T16:31:27.989+0000] {processor.py:208} INFO - Processing /home/airflow/.local/lib/python3.12/site-packages/airflow/example_dags/example_short_circuit_operator.py took 0.485 seconds
[2026-05-17T18:14:55.006+0000] {processor.py:186} INFO - Started process (PID=125) to work on /home/airflow/.local/lib/python3.12/site-packages/airflow/example_dags/example_short_circuit_operator.py
[2026-05-17T18:14:55.014+0000] {processor.py:914} INFO - Processing file /home/airflow/.local/lib/python3.12/site-packages/airflow/example_dags/example_short_circuit_operator.py for tasks to queue
[2026-05-17T18:14:55.026+0000] {logging_mixin.py:190} INFO - [2026-05-17T18:14:55.025+0000] {dagbag.py:588} INFO - Filling up the DagBag from /home/airflow/.local/lib/python3.12/site-packages/airflow/example_dags/example_short_circuit_operator.py
[2026-05-17T18:14:55.164+0000] {processor.py:925} INFO - DAG(s) 'example_short_circuit_operator' retrieved from /home/airflow/.local/lib/python3.12/site-packages/airflow/example_dags/example_short_circuit_operator.py
[2026-05-17T18:14:55.637+0000] {logging_mixin.py:190} INFO - [2026-05-17T18:14:55.637+0000] {dag.py:3239} INFO - Sync 1 DAGs
[2026-05-17T18:14:56.201+0000] {logging_mixin.py:190} INFO - [2026-05-17T18:14:56.199+0000] {dag.py:4180} INFO - Setting next_dagrun for example_short_circuit_operator to None, run_after=None
[2026-05-17T18:14:56.515+0000] {processor.py:208} INFO - Processing /home/airflow/.local/lib/python3.12/site-packages/airflow/example_dags/example_short_circuit_operator.py took 1.533 seconds
[2026-05-17T18:15:44.570+0000] {processor.py:186} INFO - Started process (PID=189) to work on /home/airflow/.local/lib/python3.12/site-packages/airflow/example_dags/example_short_circuit_operator.py
[2026-05-17T18:15:44.575+0000] {processor.py:914} INFO - Processing file /home/airflow/.local/lib/python3.12/site-packages/airflow/example_dags/example_short_circuit_operator.py for tasks to queue
[2026-05-17T18:15:44.582+0000] {logging_mixin.py:190} INFO - [2026-05-17T18:15:44.581+0000] {dagbag.py:588} INFO - Filling up the DagBag from /home/airflow/.local/lib/python3.12/site-packages/airflow/example_dags/example_short_circuit_operator.py
[2026-05-17T18:15:44.617+0000] {processor.py:925} INFO - DAG(s) 'example_short_circuit_operator' retrieved from /home/airflow/.local/lib/python3.12/site-packages/airflow/example_dags/example_short_circuit_operator.py
[2026-05-17T18:15:44.691+0000] {logging_mixin.py:190} INFO - [2026-05-17T18:15:44.691+0000] {dag.py:3239} INFO - Sync 1 DAGs
[2026-05-17T18:15:44.755+0000] {logging_mixin.py:190} INFO - [2026-05-17T18:15:44.754+0000] {dag.py:4180} INFO - Setting next_dagrun for example_short_circuit_operator to None, run_after=None
[2026-05-17T18:15:44.857+0000] {processor.py:208} INFO - Processing /home/airflow/.local/lib/python3.12/site-packages/airflow/example_dags/example_short_circuit_operator.py took 0.332 seconds
[2026-05-17T18:23:11.758+0000] {processor.py:186} INFO - Started process (PID=116) to work on /home/airflow/.local/lib/python3.12/site-packages/airflow/example_dags/example_short_circuit_operator.py
[2026-05-17T18:23:11.762+0000] {processor.py:914} INFO - Processing file /home/airflow/.local/lib/python3.12/site-packages/airflow/example_dags/example_short_circuit_operator.py for tasks to queue
[2026-05-17T18:23:11.793+0000] {logging_mixin.py:190} INFO - [2026-05-17T18:23:11.789+0000] {dagbag.py:588} INFO - Filling up the DagBag from /home/airflow/.local/lib/python3.12/site-packages/airflow/example_dags/example_short_circuit_operator.py
[2026-05-17T18:23:11.936+0000] {processor.py:925} INFO - DAG(s) 'example_short_circuit_operator' retrieved from /home/airflow/.local/lib/python3.12/site-packages/airflow/example_dags/example_short_circuit_operator.py
[2026-05-17T18:23:12.018+0000] {logging_mixin.py:190} INFO - [2026-05-17T18:23:12.018+0000] {dag.py:3239} INFO - Sync 1 DAGs
[2026-05-17T18:23:12.054+0000] {logging_mixin.py:190} INFO - [2026-05-17T18:23:12.053+0000] {dag.py:4180} INFO - Setting next_dagrun for example_short_circuit_operator to None, run_after=None
[2026-05-17T18:23:12.141+0000] {processor.py:208} INFO - Processing /home/airflow/.local/lib/python3.12/site-packages/airflow/example_dags/example_short_circuit_operator.py took 0.398 seconds
