[2026-05-17T00:38:21.793+0000] {processor.py:186} INFO - Started process (PID=99) to work on /home/airflow/.local/lib/python3.12/site-packages/airflow/example_dags/tutorial_dag.py
[2026-05-17T00:38:21.796+0000] {processor.py:914} INFO - Processing file /home/airflow/.local/lib/python3.12/site-packages/airflow/example_dags/tutorial_dag.py for tasks to queue
[2026-05-17T00:38:21.806+0000] {logging_mixin.py:190} INFO - [2026-05-17T00:38:21.806+0000] {dagbag.py:588} INFO - Filling up the DagBag from /home/airflow/.local/lib/python3.12/site-packages/airflow/example_dags/tutorial_dag.py
[2026-05-17T00:38:21.834+0000] {processor.py:925} INFO - DAG(s) 'tutorial_dag' retrieved from /home/airflow/.local/lib/python3.12/site-packages/airflow/example_dags/tutorial_dag.py
[2026-05-17T00:38:22.185+0000] {logging_mixin.py:190} INFO - [2026-05-17T00:38:22.181+0000] {override.py:1900} INFO - Created Permission View: can read on DAG:tutorial_dag
[2026-05-17T00:38:22.221+0000] {logging_mixin.py:190} INFO - [2026-05-17T00:38:22.220+0000] {override.py:1900} INFO - Created Permission View: can edit on DAG:tutorial_dag
[2026-05-17T00:38:22.243+0000] {logging_mixin.py:190} INFO - [2026-05-17T00:38:22.242+0000] {override.py:1900} INFO - Created Permission View: can delete on DAG:tutorial_dag
[2026-05-17T00:38:22.268+0000] {logging_mixin.py:190} INFO - [2026-05-17T00:38:22.267+0000] {override.py:1900} INFO - Created Permission View: can read on DAG Run:tutorial_dag
[2026-05-17T00:38:22.285+0000] {logging_mixin.py:190} INFO - [2026-05-17T00:38:22.284+0000] {override.py:1900} INFO - Created Permission View: can create on DAG Run:tutorial_dag
[2026-05-17T00:38:22.319+0000] {logging_mixin.py:190} INFO - [2026-05-17T00:38:22.317+0000] {override.py:1900} INFO - Created Permission View: can delete on DAG Run:tutorial_dag
[2026-05-17T00:38:22.347+0000] {logging_mixin.py:190} INFO - [2026-05-17T00:38:22.346+0000] {override.py:1900} INFO - Created Permission View: menu access on DAG Run:tutorial_dag
[2026-05-17T00:38:22.348+0000] {logging_mixin.py:190} INFO - [2026-05-17T00:38:22.348+0000] {dag.py:3239} INFO - Sync 1 DAGs
[2026-05-17T00:38:22.411+0000] {logging_mixin.py:190} INFO - [2026-05-17T00:38:22.411+0000] {dag.py:3262} INFO - Creating ORM DAG for tutorial_dag
[2026-05-17T00:38:22.414+0000] {logging_mixin.py:190} INFO - [2026-05-17T00:38:22.414+0000] {dag.py:4180} INFO - Setting next_dagrun for tutorial_dag to None, run_after=None
[2026-05-17T00:38:22.488+0000] {processor.py:208} INFO - Processing /home/airflow/.local/lib/python3.12/site-packages/airflow/example_dags/tutorial_dag.py took 0.712 seconds
[2026-05-17T00:38:54.271+0000] {processor.py:186} INFO - Started process (PID=161) to work on /home/airflow/.local/lib/python3.12/site-packages/airflow/example_dags/tutorial_dag.py
[2026-05-17T00:38:54.274+0000] {processor.py:914} INFO - Processing file /home/airflow/.local/lib/python3.12/site-packages/airflow/example_dags/tutorial_dag.py for tasks to queue
[2026-05-17T00:38:54.280+0000] {logging_mixin.py:190} INFO - [2026-05-17T00:38:54.279+0000] {dagbag.py:588} INFO - Filling up the DagBag from /home/airflow/.local/lib/python3.12/site-packages/airflow/example_dags/tutorial_dag.py
[2026-05-17T00:38:54.312+0000] {processor.py:925} INFO - DAG(s) 'tutorial_dag' retrieved from /home/airflow/.local/lib/python3.12/site-packages/airflow/example_dags/tutorial_dag.py
[2026-05-17T00:38:54.407+0000] {logging_mixin.py:190} INFO - [2026-05-17T00:38:54.407+0000] {dag.py:3239} INFO - Sync 1 DAGs
[2026-05-17T00:38:54.446+0000] {logging_mixin.py:190} INFO - [2026-05-17T00:38:54.446+0000] {dag.py:4180} INFO - Setting next_dagrun for tutorial_dag to None, run_after=None
[2026-05-17T00:38:54.503+0000] {processor.py:208} INFO - Processing /home/airflow/.local/lib/python3.12/site-packages/airflow/example_dags/tutorial_dag.py took 0.259 seconds
[2026-05-17T01:21:42.523+0000] {processor.py:186} INFO - Started process (PID=109) to work on /home/airflow/.local/lib/python3.12/site-packages/airflow/example_dags/tutorial_dag.py
[2026-05-17T01:21:42.526+0000] {processor.py:914} INFO - Processing file /home/airflow/.local/lib/python3.12/site-packages/airflow/example_dags/tutorial_dag.py for tasks to queue
[2026-05-17T01:21:42.532+0000] {logging_mixin.py:190} INFO - [2026-05-17T01:21:42.531+0000] {dagbag.py:588} INFO - Filling up the DagBag from /home/airflow/.local/lib/python3.12/site-packages/airflow/example_dags/tutorial_dag.py
[2026-05-17T01:21:42.549+0000] {processor.py:925} INFO - DAG(s) 'tutorial_dag' retrieved from /home/airflow/.local/lib/python3.12/site-packages/airflow/example_dags/tutorial_dag.py
[2026-05-17T01:21:42.624+0000] {logging_mixin.py:190} INFO - [2026-05-17T01:21:42.624+0000] {dag.py:3239} INFO - Sync 1 DAGs
[2026-05-17T01:21:42.651+0000] {logging_mixin.py:190} INFO - [2026-05-17T01:21:42.651+0000] {dag.py:4180} INFO - Setting next_dagrun for tutorial_dag to None, run_after=None
[2026-05-17T01:21:42.690+0000] {processor.py:208} INFO - Processing /home/airflow/.local/lib/python3.12/site-packages/airflow/example_dags/tutorial_dag.py took 0.200 seconds
[2026-05-17T01:22:49.714+0000] {processor.py:186} INFO - Started process (PID=178) to work on /home/airflow/.local/lib/python3.12/site-packages/airflow/example_dags/tutorial_dag.py
[2026-05-17T01:22:49.717+0000] {processor.py:914} INFO - Processing file /home/airflow/.local/lib/python3.12/site-packages/airflow/example_dags/tutorial_dag.py for tasks to queue
[2026-05-17T01:22:49.722+0000] {logging_mixin.py:190} INFO - [2026-05-17T01:22:49.722+0000] {dagbag.py:588} INFO - Filling up the DagBag from /home/airflow/.local/lib/python3.12/site-packages/airflow/example_dags/tutorial_dag.py
[2026-05-17T01:22:49.739+0000] {processor.py:925} INFO - DAG(s) 'tutorial_dag' retrieved from /home/airflow/.local/lib/python3.12/site-packages/airflow/example_dags/tutorial_dag.py
[2026-05-17T01:22:49.783+0000] {logging_mixin.py:190} INFO - [2026-05-17T01:22:49.782+0000] {dag.py:3239} INFO - Sync 1 DAGs
[2026-05-17T01:22:49.807+0000] {logging_mixin.py:190} INFO - [2026-05-17T01:22:49.807+0000] {dag.py:4180} INFO - Setting next_dagrun for tutorial_dag to None, run_after=None
[2026-05-17T01:22:49.850+0000] {processor.py:208} INFO - Processing /home/airflow/.local/lib/python3.12/site-packages/airflow/example_dags/tutorial_dag.py took 0.148 seconds
[2026-05-17T01:51:47.553+0000] {processor.py:186} INFO - Started process (PID=264) to work on /home/airflow/.local/lib/python3.12/site-packages/airflow/example_dags/tutorial_dag.py
[2026-05-17T01:51:47.555+0000] {processor.py:914} INFO - Processing file /home/airflow/.local/lib/python3.12/site-packages/airflow/example_dags/tutorial_dag.py for tasks to queue
[2026-05-17T01:51:47.558+0000] {logging_mixin.py:190} INFO - [2026-05-17T01:51:47.557+0000] {dagbag.py:588} INFO - Filling up the DagBag from /home/airflow/.local/lib/python3.12/site-packages/airflow/example_dags/tutorial_dag.py
[2026-05-17T01:51:47.567+0000] {processor.py:925} INFO - DAG(s) 'tutorial_dag' retrieved from /home/airflow/.local/lib/python3.12/site-packages/airflow/example_dags/tutorial_dag.py
[2026-05-17T01:51:47.591+0000] {logging_mixin.py:190} INFO - [2026-05-17T01:51:47.591+0000] {dag.py:3239} INFO - Sync 1 DAGs
[2026-05-17T01:51:47.612+0000] {logging_mixin.py:190} INFO - [2026-05-17T01:51:47.612+0000] {dag.py:4180} INFO - Setting next_dagrun for tutorial_dag to None, run_after=None
[2026-05-17T01:51:47.640+0000] {processor.py:208} INFO - Processing /home/airflow/.local/lib/python3.12/site-packages/airflow/example_dags/tutorial_dag.py took 0.095 seconds
[2026-05-17T01:55:09.787+0000] {processor.py:186} INFO - Started process (PID=328) to work on /home/airflow/.local/lib/python3.12/site-packages/airflow/example_dags/tutorial_dag.py
[2026-05-17T01:55:09.788+0000] {processor.py:914} INFO - Processing file /home/airflow/.local/lib/python3.12/site-packages/airflow/example_dags/tutorial_dag.py for tasks to queue
[2026-05-17T01:55:09.791+0000] {logging_mixin.py:190} INFO - [2026-05-17T01:55:09.790+0000] {dagbag.py:588} INFO - Filling up the DagBag from /home/airflow/.local/lib/python3.12/site-packages/airflow/example_dags/tutorial_dag.py
[2026-05-17T01:55:09.805+0000] {processor.py:925} INFO - DAG(s) 'tutorial_dag' retrieved from /home/airflow/.local/lib/python3.12/site-packages/airflow/example_dags/tutorial_dag.py
[2026-05-17T01:55:09.839+0000] {logging_mixin.py:190} INFO - [2026-05-17T01:55:09.839+0000] {dag.py:3239} INFO - Sync 1 DAGs
[2026-05-17T01:55:09.866+0000] {logging_mixin.py:190} INFO - [2026-05-17T01:55:09.865+0000] {dag.py:4180} INFO - Setting next_dagrun for tutorial_dag to None, run_after=None
[2026-05-17T01:55:09.893+0000] {processor.py:208} INFO - Processing /home/airflow/.local/lib/python3.12/site-packages/airflow/example_dags/tutorial_dag.py took 0.118 seconds
[2026-05-17T01:55:44.542+0000] {processor.py:186} INFO - Started process (PID=391) to work on /home/airflow/.local/lib/python3.12/site-packages/airflow/example_dags/tutorial_dag.py
[2026-05-17T01:55:44.543+0000] {processor.py:914} INFO - Processing file /home/airflow/.local/lib/python3.12/site-packages/airflow/example_dags/tutorial_dag.py for tasks to queue
[2026-05-17T01:55:44.545+0000] {logging_mixin.py:190} INFO - [2026-05-17T01:55:44.544+0000] {dagbag.py:588} INFO - Filling up the DagBag from /home/airflow/.local/lib/python3.12/site-packages/airflow/example_dags/tutorial_dag.py
[2026-05-17T01:55:44.556+0000] {processor.py:925} INFO - DAG(s) 'tutorial_dag' retrieved from /home/airflow/.local/lib/python3.12/site-packages/airflow/example_dags/tutorial_dag.py
[2026-05-17T01:55:44.579+0000] {logging_mixin.py:190} INFO - [2026-05-17T01:55:44.578+0000] {dag.py:3239} INFO - Sync 1 DAGs
[2026-05-17T01:55:44.597+0000] {logging_mixin.py:190} INFO - [2026-05-17T01:55:44.596+0000] {dag.py:4180} INFO - Setting next_dagrun for tutorial_dag to None, run_after=None
[2026-05-17T01:55:44.637+0000] {processor.py:208} INFO - Processing /home/airflow/.local/lib/python3.12/site-packages/airflow/example_dags/tutorial_dag.py took 0.102 seconds
[2026-05-17T01:56:17.816+0000] {processor.py:186} INFO - Started process (PID=448) to work on /home/airflow/.local/lib/python3.12/site-packages/airflow/example_dags/tutorial_dag.py
[2026-05-17T01:56:17.818+0000] {processor.py:914} INFO - Processing file /home/airflow/.local/lib/python3.12/site-packages/airflow/example_dags/tutorial_dag.py for tasks to queue
[2026-05-17T01:56:17.819+0000] {logging_mixin.py:190} INFO - [2026-05-17T01:56:17.819+0000] {dagbag.py:588} INFO - Filling up the DagBag from /home/airflow/.local/lib/python3.12/site-packages/airflow/example_dags/tutorial_dag.py
[2026-05-17T01:56:17.910+0000] {processor.py:925} INFO - DAG(s) 'tutorial_dag' retrieved from /home/airflow/.local/lib/python3.12/site-packages/airflow/example_dags/tutorial_dag.py
[2026-05-17T01:56:17.938+0000] {logging_mixin.py:190} INFO - [2026-05-17T01:56:17.937+0000] {dag.py:3239} INFO - Sync 1 DAGs
[2026-05-17T01:56:17.955+0000] {logging_mixin.py:190} INFO - [2026-05-17T01:56:17.955+0000] {dag.py:4180} INFO - Setting next_dagrun for tutorial_dag to None, run_after=None
[2026-05-17T01:56:18.153+0000] {processor.py:208} INFO - Processing /home/airflow/.local/lib/python3.12/site-packages/airflow/example_dags/tutorial_dag.py took 0.347 seconds
[2026-05-17T13:16:25.396+0000] {processor.py:186} INFO - Started process (PID=107) to work on /home/airflow/.local/lib/python3.12/site-packages/airflow/example_dags/tutorial_dag.py
[2026-05-17T13:16:25.402+0000] {processor.py:914} INFO - Processing file /home/airflow/.local/lib/python3.12/site-packages/airflow/example_dags/tutorial_dag.py for tasks to queue
[2026-05-17T13:16:25.422+0000] {logging_mixin.py:190} INFO - [2026-05-17T13:16:25.421+0000] {dagbag.py:588} INFO - Filling up the DagBag from /home/airflow/.local/lib/python3.12/site-packages/airflow/example_dags/tutorial_dag.py
[2026-05-17T13:16:25.467+0000] {processor.py:925} INFO - DAG(s) 'tutorial_dag' retrieved from /home/airflow/.local/lib/python3.12/site-packages/airflow/example_dags/tutorial_dag.py
[2026-05-17T13:16:25.585+0000] {logging_mixin.py:190} INFO - [2026-05-17T13:16:25.585+0000] {dag.py:3239} INFO - Sync 1 DAGs
[2026-05-17T13:16:25.646+0000] {logging_mixin.py:190} INFO - [2026-05-17T13:16:25.646+0000] {dag.py:4180} INFO - Setting next_dagrun for tutorial_dag to None, run_after=None
[2026-05-17T13:16:25.695+0000] {processor.py:208} INFO - Processing /home/airflow/.local/lib/python3.12/site-packages/airflow/example_dags/tutorial_dag.py took 0.338 seconds
[2026-05-17T13:37:29.946+0000] {processor.py:186} INFO - Started process (PID=98) to work on /home/airflow/.local/lib/python3.12/site-packages/airflow/example_dags/tutorial_dag.py
[2026-05-17T13:37:30.043+0000] {processor.py:914} INFO - Processing file /home/airflow/.local/lib/python3.12/site-packages/airflow/example_dags/tutorial_dag.py for tasks to queue
[2026-05-17T13:37:30.047+0000] {logging_mixin.py:190} INFO - [2026-05-17T13:37:30.046+0000] {dagbag.py:588} INFO - Filling up the DagBag from /home/airflow/.local/lib/python3.12/site-packages/airflow/example_dags/tutorial_dag.py
[2026-05-17T13:37:30.061+0000] {processor.py:925} INFO - DAG(s) 'tutorial_dag' retrieved from /home/airflow/.local/lib/python3.12/site-packages/airflow/example_dags/tutorial_dag.py
[2026-05-17T13:37:30.107+0000] {logging_mixin.py:190} INFO - [2026-05-17T13:37:30.106+0000] {dag.py:3239} INFO - Sync 1 DAGs
[2026-05-17T13:37:30.130+0000] {logging_mixin.py:190} INFO - [2026-05-17T13:37:30.130+0000] {dag.py:4180} INFO - Setting next_dagrun for tutorial_dag to None, run_after=None
[2026-05-17T13:37:30.268+0000] {processor.py:208} INFO - Processing /home/airflow/.local/lib/python3.12/site-packages/airflow/example_dags/tutorial_dag.py took 0.332 seconds
[2026-05-17T13:38:26.961+0000] {processor.py:186} INFO - Started process (PID=155) to work on /home/airflow/.local/lib/python3.12/site-packages/airflow/example_dags/tutorial_dag.py
[2026-05-17T13:38:26.962+0000] {processor.py:914} INFO - Processing file /home/airflow/.local/lib/python3.12/site-packages/airflow/example_dags/tutorial_dag.py for tasks to queue
[2026-05-17T13:38:26.964+0000] {logging_mixin.py:190} INFO - [2026-05-17T13:38:26.963+0000] {dagbag.py:588} INFO - Filling up the DagBag from /home/airflow/.local/lib/python3.12/site-packages/airflow/example_dags/tutorial_dag.py
[2026-05-17T13:38:26.974+0000] {processor.py:925} INFO - DAG(s) 'tutorial_dag' retrieved from /home/airflow/.local/lib/python3.12/site-packages/airflow/example_dags/tutorial_dag.py
[2026-05-17T13:38:26.999+0000] {logging_mixin.py:190} INFO - [2026-05-17T13:38:26.998+0000] {dag.py:3239} INFO - Sync 1 DAGs
[2026-05-17T13:38:27.024+0000] {logging_mixin.py:190} INFO - [2026-05-17T13:38:27.023+0000] {dag.py:4180} INFO - Setting next_dagrun for tutorial_dag to None, run_after=None
[2026-05-17T13:38:27.055+0000] {processor.py:208} INFO - Processing /home/airflow/.local/lib/python3.12/site-packages/airflow/example_dags/tutorial_dag.py took 0.101 seconds
[2026-05-17T13:50:54.568+0000] {processor.py:186} INFO - Started process (PID=102) to work on /home/airflow/.local/lib/python3.12/site-packages/airflow/example_dags/tutorial_dag.py
[2026-05-17T13:50:54.576+0000] {processor.py:914} INFO - Processing file /home/airflow/.local/lib/python3.12/site-packages/airflow/example_dags/tutorial_dag.py for tasks to queue
[2026-05-17T13:50:54.590+0000] {logging_mixin.py:190} INFO - [2026-05-17T13:50:54.589+0000] {dagbag.py:588} INFO - Filling up the DagBag from /home/airflow/.local/lib/python3.12/site-packages/airflow/example_dags/tutorial_dag.py
[2026-05-17T13:50:54.627+0000] {processor.py:925} INFO - DAG(s) 'tutorial_dag' retrieved from /home/airflow/.local/lib/python3.12/site-packages/airflow/example_dags/tutorial_dag.py
[2026-05-17T13:50:54.721+0000] {logging_mixin.py:190} INFO - [2026-05-17T13:50:54.720+0000] {dag.py:3239} INFO - Sync 1 DAGs
[2026-05-17T13:50:54.837+0000] {logging_mixin.py:190} INFO - [2026-05-17T13:50:54.837+0000] {dag.py:4180} INFO - Setting next_dagrun for tutorial_dag to None, run_after=None
[2026-05-17T13:50:54.914+0000] {processor.py:208} INFO - Processing /home/airflow/.local/lib/python3.12/site-packages/airflow/example_dags/tutorial_dag.py took 0.364 seconds
[2026-05-17T16:13:01.266+0000] {processor.py:186} INFO - Started process (PID=110) to work on /home/airflow/.local/lib/python3.12/site-packages/airflow/example_dags/tutorial_dag.py
[2026-05-17T16:13:01.271+0000] {processor.py:914} INFO - Processing file /home/airflow/.local/lib/python3.12/site-packages/airflow/example_dags/tutorial_dag.py for tasks to queue
[2026-05-17T16:13:01.281+0000] {logging_mixin.py:190} INFO - [2026-05-17T16:13:01.280+0000] {dagbag.py:588} INFO - Filling up the DagBag from /home/airflow/.local/lib/python3.12/site-packages/airflow/example_dags/tutorial_dag.py
[2026-05-17T16:13:01.300+0000] {processor.py:925} INFO - DAG(s) 'tutorial_dag' retrieved from /home/airflow/.local/lib/python3.12/site-packages/airflow/example_dags/tutorial_dag.py
[2026-05-17T16:13:01.374+0000] {logging_mixin.py:190} INFO - [2026-05-17T16:13:01.374+0000] {dag.py:3239} INFO - Sync 1 DAGs
[2026-05-17T16:13:01.416+0000] {logging_mixin.py:190} INFO - [2026-05-17T16:13:01.416+0000] {dag.py:4180} INFO - Setting next_dagrun for tutorial_dag to None, run_after=None
[2026-05-17T16:13:01.470+0000] {processor.py:208} INFO - Processing /home/airflow/.local/lib/python3.12/site-packages/airflow/example_dags/tutorial_dag.py took 0.230 seconds
[2026-05-17T16:23:27.582+0000] {processor.py:186} INFO - Started process (PID=102) to work on /home/airflow/.local/lib/python3.12/site-packages/airflow/example_dags/tutorial_dag.py
[2026-05-17T16:23:27.588+0000] {processor.py:914} INFO - Processing file /home/airflow/.local/lib/python3.12/site-packages/airflow/example_dags/tutorial_dag.py for tasks to queue
[2026-05-17T16:23:27.596+0000] {logging_mixin.py:190} INFO - [2026-05-17T16:23:27.595+0000] {dagbag.py:588} INFO - Filling up the DagBag from /home/airflow/.local/lib/python3.12/site-packages/airflow/example_dags/tutorial_dag.py
[2026-05-17T16:23:27.634+0000] {processor.py:925} INFO - DAG(s) 'tutorial_dag' retrieved from /home/airflow/.local/lib/python3.12/site-packages/airflow/example_dags/tutorial_dag.py
[2026-05-17T16:23:27.590+0000] {logging_mixin.py:190} INFO - [2026-05-17T16:23:27.701+0000] {dag.py:3239} INFO - Sync 1 DAGs
[2026-05-17T16:23:27.647+0000] {logging_mixin.py:190} INFO - [2026-05-17T16:23:27.646+0000] {dag.py:4180} INFO - Setting next_dagrun for tutorial_dag to None, run_after=None
[2026-05-17T16:23:28.256+0000] {processor.py:208} INFO - Processing /home/airflow/.local/lib/python3.12/site-packages/airflow/example_dags/tutorial_dag.py took 0.304 seconds
[2026-05-17T16:24:21.336+0000] {processor.py:186} INFO - Started process (PID=159) to work on /home/airflow/.local/lib/python3.12/site-packages/airflow/example_dags/tutorial_dag.py
[2026-05-17T16:24:21.339+0000] {processor.py:914} INFO - Processing file /home/airflow/.local/lib/python3.12/site-packages/airflow/example_dags/tutorial_dag.py for tasks to queue
[2026-05-17T16:24:21.340+0000] {logging_mixin.py:190} INFO - [2026-05-17T16:24:21.340+0000] {dagbag.py:588} INFO - Filling up the DagBag from /home/airflow/.local/lib/python3.12/site-packages/airflow/example_dags/tutorial_dag.py
[2026-05-17T16:24:21.372+0000] {processor.py:925} INFO - DAG(s) 'tutorial_dag' retrieved from /home/airflow/.local/lib/python3.12/site-packages/airflow/example_dags/tutorial_dag.py
[2026-05-17T16:24:21.522+0000] {logging_mixin.py:190} INFO - [2026-05-17T16:24:21.521+0000] {dag.py:3239} INFO - Sync 1 DAGs
[2026-05-17T16:24:21.607+0000] {logging_mixin.py:190} INFO - [2026-05-17T16:24:21.605+0000] {dag.py:4180} INFO - Setting next_dagrun for tutorial_dag to None, run_after=None
[2026-05-17T16:24:21.706+0000] {processor.py:208} INFO - Processing /home/airflow/.local/lib/python3.12/site-packages/airflow/example_dags/tutorial_dag.py took 0.381 seconds
[2026-05-17T18:14:41.642+0000] {processor.py:186} INFO - Started process (PID=105) to work on /home/airflow/.local/lib/python3.12/site-packages/airflow/example_dags/tutorial_dag.py
[2026-05-17T18:14:41.646+0000] {processor.py:914} INFO - Processing file /home/airflow/.local/lib/python3.12/site-packages/airflow/example_dags/tutorial_dag.py for tasks to queue
[2026-05-17T18:14:41.660+0000] {logging_mixin.py:190} INFO - [2026-05-17T18:14:41.658+0000] {dagbag.py:588} INFO - Filling up the DagBag from /home/airflow/.local/lib/python3.12/site-packages/airflow/example_dags/tutorial_dag.py
[2026-05-17T18:14:41.689+0000] {processor.py:925} INFO - DAG(s) 'tutorial_dag' retrieved from /home/airflow/.local/lib/python3.12/site-packages/airflow/example_dags/tutorial_dag.py
[2026-05-17T18:14:41.769+0000] {logging_mixin.py:190} INFO - [2026-05-17T18:14:41.768+0000] {dag.py:3239} INFO - Sync 1 DAGs
[2026-05-17T18:14:41.927+0000] {logging_mixin.py:190} INFO - [2026-05-17T18:14:41.925+0000] {dag.py:4180} INFO - Setting next_dagrun for tutorial_dag to None, run_after=None
[2026-05-17T18:14:42.103+0000] {processor.py:208} INFO - Processing /home/airflow/.local/lib/python3.12/site-packages/airflow/example_dags/tutorial_dag.py took 0.489 seconds
[2026-05-17T18:15:39.510+0000] {processor.py:186} INFO - Started process (PID=175) to work on /home/airflow/.local/lib/python3.12/site-packages/airflow/example_dags/tutorial_dag.py
[2026-05-17T18:15:39.514+0000] {processor.py:914} INFO - Processing file /home/airflow/.local/lib/python3.12/site-packages/airflow/example_dags/tutorial_dag.py for tasks to queue
[2026-05-17T18:15:39.542+0000] {logging_mixin.py:190} INFO - [2026-05-17T18:15:39.540+0000] {dagbag.py:588} INFO - Filling up the DagBag from /home/airflow/.local/lib/python3.12/site-packages/airflow/example_dags/tutorial_dag.py
[2026-05-17T18:15:39.563+0000] {processor.py:925} INFO - DAG(s) 'tutorial_dag' retrieved from /home/airflow/.local/lib/python3.12/site-packages/airflow/example_dags/tutorial_dag.py
[2026-05-17T18:15:39.619+0000] {logging_mixin.py:190} INFO - [2026-05-17T18:15:39.617+0000] {dag.py:3239} INFO - Sync 1 DAGs
[2026-05-17T18:15:39.676+0000] {logging_mixin.py:190} INFO - [2026-05-17T18:15:39.676+0000] {dag.py:4180} INFO - Setting next_dagrun for tutorial_dag to None, run_after=None
[2026-05-17T18:15:39.755+0000] {processor.py:208} INFO - Processing /home/airflow/.local/lib/python3.12/site-packages/airflow/example_dags/tutorial_dag.py took 0.265 seconds
[2026-05-17T18:23:06.875+0000] {processor.py:186} INFO - Started process (PID=102) to work on /home/airflow/.local/lib/python3.12/site-packages/airflow/example_dags/tutorial_dag.py
[2026-05-17T18:23:06.877+0000] {processor.py:914} INFO - Processing file /home/airflow/.local/lib/python3.12/site-packages/airflow/example_dags/tutorial_dag.py for tasks to queue
[2026-05-17T18:23:06.886+0000] {logging_mixin.py:190} INFO - [2026-05-17T18:23:06.886+0000] {dagbag.py:588} INFO - Filling up the DagBag from /home/airflow/.local/lib/python3.12/site-packages/airflow/example_dags/tutorial_dag.py
[2026-05-17T18:23:06.905+0000] {processor.py:925} INFO - DAG(s) 'tutorial_dag' retrieved from /home/airflow/.local/lib/python3.12/site-packages/airflow/example_dags/tutorial_dag.py
[2026-05-17T18:23:06.966+0000] {logging_mixin.py:190} INFO - [2026-05-17T18:23:06.966+0000] {dag.py:3239} INFO - Sync 1 DAGs
[2026-05-17T18:23:07.002+0000] {logging_mixin.py:190} INFO - [2026-05-17T18:23:07.002+0000] {dag.py:4180} INFO - Setting next_dagrun for tutorial_dag to None, run_after=None
[2026-05-17T18:23:07.054+0000] {processor.py:208} INFO - Processing /home/airflow/.local/lib/python3.12/site-packages/airflow/example_dags/tutorial_dag.py took 0.189 seconds
